<?xml version="1.0" encoding="UTF-8"?>
<testsuite name="se.magnus.microservices.composite.insurancecompany.InsuranceCompanyCompositeServiceApplicationTests" tests="4" skipped="0" failures="0" errors="0" timestamp="2022-06-23T15:42:09" hostname="DESKTOP-HJGV6OB" time="0.643">
  <properties/>
  <testcase name="getInsuranceCompanyNotFound" classname="se.magnus.microservices.composite.insurancecompany.InsuranceCompanyCompositeServiceApplicationTests" time="0.577"/>
  <testcase name="contextLoads" classname="se.magnus.microservices.composite.insurancecompany.InsuranceCompanyCompositeServiceApplicationTests" time="0.006"/>
  <testcase name="getInsuranceCompanyById" classname="se.magnus.microservices.composite.insurancecompany.InsuranceCompanyCompositeServiceApplicationTests" time="0.04"/>
  <testcase name="getInsuranceCompanyInvalidInput" classname="se.magnus.microservices.composite.insurancecompany.InsuranceCompanyCompositeServiceApplicationTests" time="0.016"/>
  <system-out><![CDATA[17:42:00.382 [Test worker] DEBUG org.springframework.test.annotation.ProfileValueUtils - Retrieved @ProfileValueSourceConfiguration [null] for test class [se.magnus.microservices.composite.insurancecompany.InsuranceCompanyCompositeServiceApplicationTests]
17:42:00.398 [Test worker] DEBUG org.springframework.test.annotation.ProfileValueUtils - Retrieved ProfileValueSource type [class org.springframework.test.annotation.SystemProfileValueSource] for class [se.magnus.microservices.composite.insurancecompany.InsuranceCompanyCompositeServiceApplicationTests]
17:42:00.398 [Test worker] DEBUG org.springframework.test.annotation.ProfileValueUtils - Retrieved @ProfileValueSourceConfiguration [null] for test class [se.magnus.microservices.composite.insurancecompany.InsuranceCompanyCompositeServiceApplicationTests]
17:42:00.398 [Test worker] DEBUG org.springframework.test.annotation.ProfileValueUtils - Retrieved ProfileValueSource type [class org.springframework.test.annotation.SystemProfileValueSource] for class [se.magnus.microservices.composite.insurancecompany.InsuranceCompanyCompositeServiceApplicationTests]
17:42:00.398 [Test worker] DEBUG org.springframework.test.context.support.AbstractDirtiesContextTestExecutionListener - Before test class: context [DefaultTestContext@6a0a30da testClass = InsuranceCompanyCompositeServiceApplicationTests, testInstance = [null], testMethod = [null], testException = [null], mergedContextConfiguration = [ReactiveWebMergedContextConfiguration@64615723 testClass = InsuranceCompanyCompositeServiceApplicationTests, locations = '{}', classes = '{class se.magnus.microservices.composite.insurancecompany.InsuranceCompanyCompositeServiceApplication}', contextInitializerClasses = '[]', activeProfiles = '{}', propertySourceLocations = '{}', propertySourceProperties = '{org.springframework.boot.test.context.SpringBootTestContextBootstrapper=true, server.port=0}', contextCustomizers = set[org.springframework.boot.test.autoconfigure.properties.PropertyMappingContextCustomizer@0, org.springframework.boot.test.autoconfigure.web.servlet.WebDriverContextCustomizerFactory$Customizer@7fcf14c, org.springframework.boot.test.context.filter.ExcludeFilterContextCustomizer@54c0a96, org.springframework.boot.test.json.DuplicateJsonObjectContextCustomizerFactory$DuplicateJsonObjectContextCustomizer@6af665e1, org.springframework.boot.test.mock.mockito.MockitoContextCustomizer@a82ef603, org.springframework.boot.test.web.client.TestRestTemplateContextCustomizer@36d4a7, org.springframework.boot.test.web.reactive.server.WebTestClientContextCustomizer@4825841d, org.springframework.boot.test.context.SpringBootTestArgs@1], contextLoader = 'org.springframework.boot.test.context.SpringBootContextLoader', parent = [null]], attributes = map['org.springframework.test.context.web.ServletTestExecutionListener.activateListener' -> false]], class annotated with @DirtiesContext [false] with mode [null].
17:42:00.398 [Test worker] DEBUG org.springframework.test.annotation.ProfileValueUtils - Retrieved @ProfileValueSourceConfiguration [null] for test class [se.magnus.microservices.composite.insurancecompany.InsuranceCompanyCompositeServiceApplicationTests]
17:42:00.398 [Test worker] DEBUG org.springframework.test.annotation.ProfileValueUtils - Retrieved ProfileValueSource type [class org.springframework.test.annotation.SystemProfileValueSource] for class [se.magnus.microservices.composite.insurancecompany.InsuranceCompanyCompositeServiceApplicationTests]
17:42:00.425 [Test worker] DEBUG org.springframework.test.context.support.TestPropertySourceUtils - Adding inlined properties to environment: {spring.jmx.enabled=false, org.springframework.boot.test.context.SpringBootTestContextBootstrapper=true, server.port=0}

  .   ____          _            __ _ _
 /\\ / ___'_ __ _ _(_)_ __  __ _ \ \ \ \
( ( )\___ | '_ | '_| | '_ \/ _` | \ \ \ \
 \\/  ___)| |_)| | | | | || (_| |  ) ) ) )
  '  |____| .__|_| |_|_| |_\__, | / / / /
 =========|_|==============|___/=/_/_/_/
 :: Spring Boot ::        (v2.3.2.RELEASE)

2022-06-23 17:42:00.937  INFO 3168 --- [    Test worker] eCompanyCompositeServiceApplicationTests : Starting InsuranceCompanyCompositeServiceApplicationTests on DESKTOP-HJGV6OB with PID 3168 (started by user in C:\Users\user\git\InsuranceCompanyMicroservices_DIS\DIS_projekat\microservices\insurance-company-composite-service)
2022-06-23 17:42:00.937 DEBUG 3168 --- [    Test worker] eCompanyCompositeServiceApplicationTests : Running with Spring Boot v2.3.2.RELEASE, Spring v5.2.8.RELEASE
2022-06-23 17:42:00.952  INFO 3168 --- [    Test worker] eCompanyCompositeServiceApplicationTests : No active profile set, falling back to default profiles: default
2022-06-23 17:42:03.554  INFO 3168 --- [    Test worker] faultConfiguringBeanFactoryPostProcessor : No bean named 'errorChannel' has been explicitly defined. Therefore, a default PublishSubscribeChannel will be created.
2022-06-23 17:42:03.554  INFO 3168 --- [    Test worker] faultConfiguringBeanFactoryPostProcessor : No bean named 'taskScheduler' has been explicitly defined. Therefore, a default ThreadPoolTaskScheduler will be created.
2022-06-23 17:42:03.570  INFO 3168 --- [    Test worker] faultConfiguringBeanFactoryPostProcessor : No bean named 'integrationHeaderChannelRegistry' has been explicitly defined. Therefore, a default DefaultHeaderChannelRegistry will be created.
2022-06-23 17:42:03.712  INFO 3168 --- [    Test worker] trationDelegate$BeanPostProcessorChecker : Bean 'integrationChannelResolver' of type [org.springframework.integration.support.channel.BeanFactoryChannelResolver] is not eligible for getting processed by all BeanPostProcessors (for example: not eligible for auto-proxying)
2022-06-23 17:42:03.712  INFO 3168 --- [    Test worker] trationDelegate$BeanPostProcessorChecker : Bean 'integrationDisposableAutoCreatedBeans' of type [org.springframework.integration.config.annotation.Disposables] is not eligible for getting processed by all BeanPostProcessors (for example: not eligible for auto-proxying)
2022-06-23 17:42:03.760  INFO 3168 --- [    Test worker] trationDelegate$BeanPostProcessorChecker : Bean 'org.springframework.integration.config.IntegrationManagementConfiguration' of type [org.springframework.integration.config.IntegrationManagementConfiguration] is not eligible for getting processed by all BeanPostProcessors (for example: not eligible for auto-proxying)
2022-06-23 17:42:06.175  INFO 3168 --- [    Test worker] o.s.s.c.ThreadPoolTaskScheduler          : Initializing ExecutorService 'taskScheduler'
2022-06-23 17:42:06.446  INFO 3168 --- [    Test worker] o.s.b.a.e.web.EndpointLinksResolver      : Exposing 16 endpoint(s) beneath base path '/actuator'
2022-06-23 17:42:07.674  INFO 3168 --- [    Test worker] onConfiguration$FunctionBindingRegistrar : Functional binding is disabled due to the presense of @EnableBinding annotation in your configuration
2022-06-23 17:42:08.544  INFO 3168 --- [    Test worker] o.s.i.endpoint.EventDrivenConsumer       : Adding {logging-channel-adapter:_org.springframework.integration.errorLogger} as a subscriber to the 'errorChannel' channel
2022-06-23 17:42:08.544  INFO 3168 --- [    Test worker] o.s.i.channel.PublishSubscribeChannel    : Channel 'application.errorChannel' has 1 subscriber(s).
2022-06-23 17:42:08.544  INFO 3168 --- [    Test worker] o.s.i.endpoint.EventDrivenConsumer       : started bean '_org.springframework.integration.errorLogger'
2022-06-23 17:42:08.640  INFO 3168 --- [    Test worker] o.s.c.s.m.DirectWithAttributesChannel    : Channel 'application.output-employees' has 1 subscriber(s).
2022-06-23 17:42:08.640  INFO 3168 --- [    Test worker] o.s.c.s.m.DirectWithAttributesChannel    : Channel 'application.output-transactions' has 1 subscriber(s).
2022-06-23 17:42:08.640  INFO 3168 --- [    Test worker] o.s.c.s.m.DirectWithAttributesChannel    : Channel 'application.output-insurance-offers' has 1 subscriber(s).
2022-06-23 17:42:08.640  INFO 3168 --- [    Test worker] o.s.c.s.m.DirectWithAttributesChannel    : Channel 'application.output-insurance-companies' has 1 subscriber(s).
2022-06-23 17:42:09.277  INFO 3168 --- [    Test worker] o.s.b.web.embedded.netty.NettyWebServer  : Netty started on port(s): 64671
2022-06-23 17:42:09.691  INFO 3168 --- [    Test worker] eCompanyCompositeServiceApplicationTests : Started InsuranceCompanyCompositeServiceApplicationTests in 9.256 seconds (JVM running for 11.038)
2022-06-23 17:42:10.192 DEBUG 3168 --- [ctor-http-nio-3] s.m.u.h.GlobalControllerExceptionHandler : Returning HTTP status: 404 NOT_FOUND for path: /insurance-company-composite/13, message: NOT FOUND: 13
2022-06-23 17:42:10.382  INFO 3168 --- [ctor-http-nio-3] reactor.Mono.PeekTerminal.1              : | onSubscribe([Fuseable] MonoPeekTerminal.MonoTerminalPeekSubscriber)
2022-06-23 17:42:10.382  INFO 3168 --- [ctor-http-nio-3] reactor.Mono.PeekTerminal.1              : | request(unbounded)
2022-06-23 17:42:10.382  INFO 3168 --- [ctor-http-nio-3] reactor.Mono.PeekTerminal.1              : | onNext(se.magnus.api.composite.insuranceCompany.InsuranceCompanyAggregate@6993c6f8)
2022-06-23 17:42:10.382  INFO 3168 --- [ctor-http-nio-3] reactor.Mono.PeekTerminal.1              : | onComplete()
2022-06-23 17:42:10.413 DEBUG 3168 --- [ctor-http-nio-3] s.m.u.h.GlobalControllerExceptionHandler : Returning HTTP status: 422 UNPROCESSABLE_ENTITY for path: /insurance-company-composite/-1, message: INVALID: -1
]]></system-out>
  <system-err><![CDATA[]]></system-err>
</testsuite>
