<?xml version="1.0" encoding="UTF-8"?>
<testsuite name="se.magnus.microservices.composite.insurancecompany.InsuranceCompanyCompositeServiceApplicationTests" tests="1" skipped="0" failures="0" errors="0" timestamp="2022-05-09T22:06:12" hostname="DESKTOP-HJGV6OB" time="0.445">
  <properties/>
  <testcase name="contextLoads()" classname="se.magnus.microservices.composite.insurancecompany.InsuranceCompanyCompositeServiceApplicationTests" time="0.445"/>
  <system-out><![CDATA[00:06:08.333 [Test worker] DEBUG org.springframework.test.context.BootstrapUtils - Instantiating CacheAwareContextLoaderDelegate from class [org.springframework.test.context.cache.DefaultCacheAwareContextLoaderDelegate]
00:06:08.350 [Test worker] DEBUG org.springframework.test.context.BootstrapUtils - Instantiating BootstrapContext using constructor [public org.springframework.test.context.support.DefaultBootstrapContext(java.lang.Class,org.springframework.test.context.CacheAwareContextLoaderDelegate)]
00:06:08.379 [Test worker] DEBUG org.springframework.test.context.BootstrapUtils - Instantiating TestContextBootstrapper for test class [se.magnus.microservices.composite.insurancecompany.InsuranceCompanyCompositeServiceApplicationTests] from class [org.springframework.boot.test.context.SpringBootTestContextBootstrapper]
00:06:08.393 [Test worker] INFO org.springframework.boot.test.context.SpringBootTestContextBootstrapper - Neither @ContextConfiguration nor @ContextHierarchy found for test class [se.magnus.microservices.composite.insurancecompany.InsuranceCompanyCompositeServiceApplicationTests], using SpringBootContextLoader
00:06:08.398 [Test worker] DEBUG org.springframework.test.context.support.AbstractContextLoader - Did not detect default resource location for test class [se.magnus.microservices.composite.insurancecompany.InsuranceCompanyCompositeServiceApplicationTests]: class path resource [se/magnus/microservices/composite/insurancecompany/InsuranceCompanyCompositeServiceApplicationTests-context.xml] does not exist
00:06:08.398 [Test worker] DEBUG org.springframework.test.context.support.AbstractContextLoader - Did not detect default resource location for test class [se.magnus.microservices.composite.insurancecompany.InsuranceCompanyCompositeServiceApplicationTests]: class path resource [se/magnus/microservices/composite/insurancecompany/InsuranceCompanyCompositeServiceApplicationTestsContext.groovy] does not exist
00:06:08.399 [Test worker] INFO org.springframework.test.context.support.AbstractContextLoader - Could not detect default resource locations for test class [se.magnus.microservices.composite.insurancecompany.InsuranceCompanyCompositeServiceApplicationTests]: no resource found for suffixes {-context.xml, Context.groovy}.
00:06:08.400 [Test worker] INFO org.springframework.test.context.support.AnnotationConfigContextLoaderUtils - Could not detect default configuration classes for test class [se.magnus.microservices.composite.insurancecompany.InsuranceCompanyCompositeServiceApplicationTests]: InsuranceCompanyCompositeServiceApplicationTests does not declare any static, non-private, non-final, nested classes annotated with @Configuration.
00:06:08.445 [Test worker] DEBUG org.springframework.test.context.support.ActiveProfilesUtils - Could not find an 'annotation declaring class' for annotation type [org.springframework.test.context.ActiveProfiles] and class [se.magnus.microservices.composite.insurancecompany.InsuranceCompanyCompositeServiceApplicationTests]
00:06:08.527 [Test worker] DEBUG org.springframework.context.annotation.ClassPathScanningCandidateComponentProvider - Identified candidate component class: file [C:\Users\user\git\InsuranceCompanyMicroservices_DIS\DIS_projekat\microservices\insurance-company-composite-service\build\classes\java\main\se\magnus\microservices\composite\insurancecompany\InsuranceCompanyCompositeServiceApplication.class]
00:06:08.529 [Test worker] INFO org.springframework.boot.test.context.SpringBootTestContextBootstrapper - Found @SpringBootConfiguration se.magnus.microservices.composite.insurancecompany.InsuranceCompanyCompositeServiceApplication for test class se.magnus.microservices.composite.insurancecompany.InsuranceCompanyCompositeServiceApplicationTests
00:06:08.635 [Test worker] DEBUG org.springframework.boot.test.context.SpringBootTestContextBootstrapper - @TestExecutionListeners is not present for class [se.magnus.microservices.composite.insurancecompany.InsuranceCompanyCompositeServiceApplicationTests]: using defaults.
00:06:08.636 [Test worker] INFO org.springframework.boot.test.context.SpringBootTestContextBootstrapper - Loaded default TestExecutionListener class names from location [META-INF/spring.factories]: [org.springframework.boot.test.autoconfigure.restdocs.RestDocsTestExecutionListener, org.springframework.boot.test.autoconfigure.web.client.MockRestServiceServerResetTestExecutionListener, org.springframework.boot.test.autoconfigure.web.servlet.MockMvcPrintOnlyOnFailureTestExecutionListener, org.springframework.boot.test.autoconfigure.web.servlet.WebDriverTestExecutionListener, org.springframework.boot.test.autoconfigure.webservices.client.MockWebServiceServerTestExecutionListener, org.springframework.boot.test.mock.mockito.MockitoTestExecutionListener, org.springframework.boot.test.mock.mockito.ResetMocksTestExecutionListener, org.springframework.test.context.web.ServletTestExecutionListener, org.springframework.test.context.support.DirtiesContextBeforeModesTestExecutionListener, org.springframework.test.context.support.DependencyInjectionTestExecutionListener, org.springframework.test.context.support.DirtiesContextTestExecutionListener, org.springframework.test.context.transaction.TransactionalTestExecutionListener, org.springframework.test.context.jdbc.SqlScriptsTestExecutionListener, org.springframework.test.context.event.EventPublishingTestExecutionListener]
00:06:08.649 [Test worker] DEBUG org.springframework.boot.test.context.SpringBootTestContextBootstrapper - Skipping candidate TestExecutionListener [org.springframework.test.context.web.ServletTestExecutionListener] due to a missing dependency. Specify custom listener classes or make the default listener classes and their required dependencies available. Offending class: [javax/servlet/ServletContext]
00:06:08.652 [Test worker] DEBUG org.springframework.boot.test.context.SpringBootTestContextBootstrapper - Skipping candidate TestExecutionListener [org.springframework.test.context.transaction.TransactionalTestExecutionListener] due to a missing dependency. Specify custom listener classes or make the default listener classes and their required dependencies available. Offending class: [org/springframework/transaction/interceptor/TransactionAttributeSource]
00:06:08.654 [Test worker] DEBUG org.springframework.boot.test.context.SpringBootTestContextBootstrapper - Skipping candidate TestExecutionListener [org.springframework.test.context.jdbc.SqlScriptsTestExecutionListener] due to a missing dependency. Specify custom listener classes or make the default listener classes and their required dependencies available. Offending class: [org/springframework/transaction/interceptor/TransactionAttribute]
00:06:08.654 [Test worker] INFO org.springframework.boot.test.context.SpringBootTestContextBootstrapper - Using TestExecutionListeners: [org.springframework.test.context.support.DirtiesContextBeforeModesTestExecutionListener@8857718, org.springframework.boot.test.mock.mockito.MockitoTestExecutionListener@5ba65d49, org.springframework.boot.test.autoconfigure.SpringBootDependencyInjectionTestExecutionListener@569d547, org.springframework.test.context.support.DirtiesContextTestExecutionListener@5c55e6d3, org.springframework.test.context.event.EventPublishingTestExecutionListener@7fcb67f6, org.springframework.boot.test.autoconfigure.restdocs.RestDocsTestExecutionListener@16ee2153, org.springframework.boot.test.autoconfigure.web.client.MockRestServiceServerResetTestExecutionListener@5d661d24, org.springframework.boot.test.autoconfigure.web.servlet.MockMvcPrintOnlyOnFailureTestExecutionListener@2ef61b25, org.springframework.boot.test.autoconfigure.web.servlet.WebDriverTestExecutionListener@aa63dda, org.springframework.boot.test.autoconfigure.webservices.client.MockWebServiceServerTestExecutionListener@6da57164, org.springframework.boot.test.mock.mockito.ResetMocksTestExecutionListener@c7cec9]
00:06:08.658 [Test worker] DEBUG org.springframework.test.context.support.AbstractDirtiesContextTestExecutionListener - Before test class: context [DefaultTestContext@6e80430 testClass = InsuranceCompanyCompositeServiceApplicationTests, testInstance = [null], testMethod = [null], testException = [null], mergedContextConfiguration = [ReactiveWebMergedContextConfiguration@cf94200 testClass = InsuranceCompanyCompositeServiceApplicationTests, locations = '{}', classes = '{class se.magnus.microservices.composite.insurancecompany.InsuranceCompanyCompositeServiceApplication}', contextInitializerClasses = '[]', activeProfiles = '{}', propertySourceLocations = '{}', propertySourceProperties = '{org.springframework.boot.test.context.SpringBootTestContextBootstrapper=true}', contextCustomizers = set[org.springframework.boot.test.autoconfigure.properties.PropertyMappingContextCustomizer@0, org.springframework.boot.test.autoconfigure.web.servlet.WebDriverContextCustomizerFactory$Customizer@25f65172, org.springframework.boot.test.context.filter.ExcludeFilterContextCustomizer@66ce5fdf, org.springframework.boot.test.json.DuplicateJsonObjectContextCustomizerFactory$DuplicateJsonObjectContextCustomizer@45a12ff0, org.springframework.boot.test.mock.mockito.MockitoContextCustomizer@0, org.springframework.boot.test.web.client.TestRestTemplateContextCustomizer@532244b3, org.springframework.boot.test.web.reactive.server.WebTestClientContextCustomizer@51bdc99f, org.springframework.boot.test.context.SpringBootTestArgs@1], contextLoader = 'org.springframework.boot.test.context.SpringBootContextLoader', parent = [null]], attributes = map[[empty]]], class annotated with @DirtiesContext [false] with mode [null].
00:06:08.670 [Test worker] DEBUG org.springframework.test.context.support.DependencyInjectionTestExecutionListener - Performing dependency injection for test context [[DefaultTestContext@6e80430 testClass = InsuranceCompanyCompositeServiceApplicationTests, testInstance = se.magnus.microservices.composite.insurancecompany.InsuranceCompanyCompositeServiceApplicationTests@2179d4c3, testMethod = [null], testException = [null], mergedContextConfiguration = [ReactiveWebMergedContextConfiguration@cf94200 testClass = InsuranceCompanyCompositeServiceApplicationTests, locations = '{}', classes = '{class se.magnus.microservices.composite.insurancecompany.InsuranceCompanyCompositeServiceApplication}', contextInitializerClasses = '[]', activeProfiles = '{}', propertySourceLocations = '{}', propertySourceProperties = '{org.springframework.boot.test.context.SpringBootTestContextBootstrapper=true}', contextCustomizers = set[org.springframework.boot.test.autoconfigure.properties.PropertyMappingContextCustomizer@0, org.springframework.boot.test.autoconfigure.web.servlet.WebDriverContextCustomizerFactory$Customizer@25f65172, org.springframework.boot.test.context.filter.ExcludeFilterContextCustomizer@66ce5fdf, org.springframework.boot.test.json.DuplicateJsonObjectContextCustomizerFactory$DuplicateJsonObjectContextCustomizer@45a12ff0, org.springframework.boot.test.mock.mockito.MockitoContextCustomizer@0, org.springframework.boot.test.web.client.TestRestTemplateContextCustomizer@532244b3, org.springframework.boot.test.web.reactive.server.WebTestClientContextCustomizer@51bdc99f, org.springframework.boot.test.context.SpringBootTestArgs@1], contextLoader = 'org.springframework.boot.test.context.SpringBootContextLoader', parent = [null]], attributes = map[[empty]]]].
00:06:08.693 [Test worker] DEBUG org.springframework.test.context.support.TestPropertySourceUtils - Adding inlined properties to environment: {spring.jmx.enabled=false, org.springframework.boot.test.context.SpringBootTestContextBootstrapper=true}

  .   ____          _            __ _ _
 /\\ / ___'_ __ _ _(_)_ __  __ _ \ \ \ \
( ( )\___ | '_ | '_| | '_ \/ _` | \ \ \ \
 \\/  ___)| |_)| | | | | || (_| |  ) ) ) )
  '  |____| .__|_| |_|_| |_\__, | / / / /
 =========|_|==============|___/=/_/_/_/
 :: Spring Boot ::        (v2.3.0.RELEASE)

2022-05-10 00:06:09.127  INFO 4844 --- [    Test worker] eCompanyCompositeServiceApplicationTests : Starting InsuranceCompanyCompositeServiceApplicationTests on DESKTOP-HJGV6OB with PID 4844 (started by user in C:\Users\user\git\InsuranceCompanyMicroservices_DIS\DIS_projekat\microservices\insurance-company-composite-service)
2022-05-10 00:06:09.128 DEBUG 4844 --- [    Test worker] eCompanyCompositeServiceApplicationTests : Running with Spring Boot v2.3.0.RELEASE, Spring v5.2.6.RELEASE
2022-05-10 00:06:09.129  INFO 4844 --- [    Test worker] eCompanyCompositeServiceApplicationTests : No active profile set, falling back to default profiles: default
2022-05-10 00:06:11.370  INFO 4844 --- [    Test worker] o.s.b.a.e.web.EndpointLinksResolver      : Exposing 2 endpoint(s) beneath base path '/actuator'
2022-05-10 00:06:12.031  INFO 4844 --- [    Test worker] eCompanyCompositeServiceApplicationTests : Started InsuranceCompanyCompositeServiceApplicationTests in 3.328 seconds (JVM running for 4.662)
]]></system-out>
  <system-err><![CDATA[]]></system-err>
</testsuite>
