<?xml version="1.0" encoding="UTF-8"?>
<testsuite name="se.magnus.microservices.composite.insurancecompany.MessagingTests" tests="3" skipped="0" failures="0" errors="0" timestamp="2022-07-05T23:37:51" hostname="DESKTOP-HJGV6OB" time="0.198">
  <properties/>
  <testcase name="deleteCompositeInsuranceCompany" classname="se.magnus.microservices.composite.insurancecompany.MessagingTests" time="0.064"/>
  <testcase name="createCompositeInsuranceCompany1" classname="se.magnus.microservices.composite.insurancecompany.MessagingTests" time="0.081"/>
  <testcase name="createCompositeInsuranceCompany2" classname="se.magnus.microservices.composite.insurancecompany.MessagingTests" time="0.052"/>
  <system-out><![CDATA[2022-07-06 01:37:43.562  INFO 3724 --- [    Test worker] .b.t.c.SpringBootTestContextBootstrapper : Neither @ContextConfiguration nor @ContextHierarchy found for test class [se.magnus.microservices.composite.insurancecompany.MessagingTests], using SpringBootContextLoader
2022-07-06 01:37:43.566  INFO 3724 --- [    Test worker] o.s.t.c.support.AbstractContextLoader    : Could not detect default resource locations for test class [se.magnus.microservices.composite.insurancecompany.MessagingTests]: no resource found for suffixes {-context.xml, Context.groovy}.
2022-07-06 01:37:43.572  INFO 3724 --- [    Test worker] .b.t.c.SpringBootTestContextBootstrapper : Loaded default TestExecutionListener class names from location [META-INF/spring.factories]: [org.springframework.boot.test.autoconfigure.restdocs.RestDocsTestExecutionListener, org.springframework.boot.test.autoconfigure.web.client.MockRestServiceServerResetTestExecutionListener, org.springframework.boot.test.autoconfigure.web.servlet.MockMvcPrintOnlyOnFailureTestExecutionListener, org.springframework.boot.test.autoconfigure.web.servlet.WebDriverTestExecutionListener, org.springframework.boot.test.autoconfigure.webservices.client.MockWebServiceServerTestExecutionListener, org.springframework.boot.test.mock.mockito.MockitoTestExecutionListener, org.springframework.boot.test.mock.mockito.ResetMocksTestExecutionListener, org.springframework.test.context.web.ServletTestExecutionListener, org.springframework.test.context.support.DirtiesContextBeforeModesTestExecutionListener, org.springframework.test.context.support.DependencyInjectionTestExecutionListener, org.springframework.test.context.support.DirtiesContextTestExecutionListener, org.springframework.test.context.transaction.TransactionalTestExecutionListener, org.springframework.test.context.jdbc.SqlScriptsTestExecutionListener, org.springframework.test.context.event.EventPublishingTestExecutionListener]
2022-07-06 01:37:43.572  INFO 3724 --- [    Test worker] .b.t.c.SpringBootTestContextBootstrapper : Using TestExecutionListeners: [org.springframework.test.context.support.DirtiesContextBeforeModesTestExecutionListener@f10f554, org.springframework.boot.test.mock.mockito.MockitoTestExecutionListener@23f7e8e0, org.springframework.boot.test.autoconfigure.SpringBootDependencyInjectionTestExecutionListener@2b170cbe, org.springframework.test.context.support.DirtiesContextTestExecutionListener@31239470, org.springframework.test.context.transaction.TransactionalTestExecutionListener@39117d55, org.springframework.test.context.jdbc.SqlScriptsTestExecutionListener@25bd327f, org.springframework.test.context.event.EventPublishingTestExecutionListener@36dca88a, org.springframework.boot.test.autoconfigure.restdocs.RestDocsTestExecutionListener@1b712a35, org.springframework.boot.test.autoconfigure.web.client.MockRestServiceServerResetTestExecutionListener@29b817db, org.springframework.boot.test.autoconfigure.web.servlet.MockMvcPrintOnlyOnFailureTestExecutionListener@65dae659, org.springframework.boot.test.autoconfigure.web.servlet.WebDriverTestExecutionListener@36119a90, org.springframework.boot.test.autoconfigure.webservices.client.MockWebServiceServerTestExecutionListener@24232ee5, org.springframework.boot.test.mock.mockito.ResetMocksTestExecutionListener@4d4cf375]

  .   ____          _            __ _ _
 /\\ / ___'_ __ _ _(_)_ __  __ _ \ \ \ \
( ( )\___ | '_ | '_| | '_ \/ _` | \ \ \ \
 \\/  ___)| |_)| | | | | || (_| |  ) ) ) )
  '  |____| .__|_| |_|_| |_\__, | / / / /
 =========|_|==============|___/=/_/_/_/
 :: Spring Boot ::        (v2.3.2.RELEASE)

2022-07-06 01:37:44.754  INFO 3724 --- [    Test worker] s.m.m.c.insurancecompany.MessagingTests  : No active profile set, falling back to default profiles: default
2022-07-06 01:37:45.687  INFO 3724 --- [    Test worker] o.s.cloud.context.scope.GenericScope     : BeanFactory id=0bda363a-c962-3587-9456-24771eb39b9d
2022-07-06 01:37:45.697  INFO 3724 --- [    Test worker] faultConfiguringBeanFactoryPostProcessor : No bean named 'errorChannel' has been explicitly defined. Therefore, a default PublishSubscribeChannel will be created.
2022-07-06 01:37:45.697  INFO 3724 --- [    Test worker] faultConfiguringBeanFactoryPostProcessor : No bean named 'taskScheduler' has been explicitly defined. Therefore, a default ThreadPoolTaskScheduler will be created.
2022-07-06 01:37:45.703  INFO 3724 --- [    Test worker] faultConfiguringBeanFactoryPostProcessor : No bean named 'integrationHeaderChannelRegistry' has been explicitly defined. Therefore, a default DefaultHeaderChannelRegistry will be created.
2022-07-06 01:37:45.824  INFO 3724 --- [    Test worker] trationDelegate$BeanPostProcessorChecker : Bean 'integrationChannelResolver' of type [org.springframework.integration.support.channel.BeanFactoryChannelResolver] is not eligible for getting processed by all BeanPostProcessors (for example: not eligible for auto-proxying)
2022-07-06 01:37:45.845  INFO 3724 --- [    Test worker] trationDelegate$BeanPostProcessorChecker : Bean 'integrationDisposableAutoCreatedBeans' of type [org.springframework.integration.config.annotation.Disposables] is not eligible for getting processed by all BeanPostProcessors (for example: not eligible for auto-proxying)
2022-07-06 01:37:45.873  INFO 3724 --- [    Test worker] trationDelegate$BeanPostProcessorChecker : Bean 'org.springframework.integration.config.IntegrationManagementConfiguration' of type [org.springframework.integration.config.IntegrationManagementConfiguration] is not eligible for getting processed by all BeanPostProcessors (for example: not eligible for auto-proxying)
2022-07-06 01:37:45.902  INFO 3724 --- [    Test worker] trationDelegate$BeanPostProcessorChecker : Bean 'org.springframework.cloud.client.loadbalancer.reactive.LoadBalancerBeanPostProcessorAutoConfiguration' of type [org.springframework.cloud.client.loadbalancer.reactive.LoadBalancerBeanPostProcessorAutoConfiguration] is not eligible for getting processed by all BeanPostProcessors (for example: not eligible for auto-proxying)
2022-07-06 01:37:45.909  INFO 3724 --- [    Test worker] trationDelegate$BeanPostProcessorChecker : Bean 'org.springframework.cloud.client.loadbalancer.reactive.LoadBalancerBeanPostProcessorAutoConfiguration$ReactiveLoadBalancerConfig' of type [org.springframework.cloud.client.loadbalancer.reactive.LoadBalancerBeanPostProcessorAutoConfiguration$ReactiveLoadBalancerConfig] is not eligible for getting processed by all BeanPostProcessors (for example: not eligible for auto-proxying)
2022-07-06 01:37:45.914  INFO 3724 --- [    Test worker] trationDelegate$BeanPostProcessorChecker : Bean 'deferringLoadBalancerExchangeFilterFunction' of type [org.springframework.cloud.client.loadbalancer.reactive.DeferringLoadBalancerExchangeFilterFunction] is not eligible for getting processed by all BeanPostProcessors (for example: not eligible for auto-proxying)
2022-07-06 01:37:48.518  INFO 3724 --- [    Test worker] o.s.s.c.ThreadPoolTaskScheduler          : Initializing ExecutorService 'taskScheduler'
2022-07-06 01:37:48.572  INFO 3724 --- [    Test worker] o.s.b.a.e.web.EndpointLinksResolver      : Exposing 19 endpoint(s) beneath base path '/actuator'
2022-07-06 01:37:49.041  WARN 3724 --- [    Test worker] o.s.c.n.a.ArchaiusAutoConfiguration      : Netflix ConfigurationManager has already been installed, unable to re-install
2022-07-06 01:37:49.372  INFO 3724 --- [    Test worker] onConfiguration$FunctionBindingRegistrar : Functional binding is disabled due to the presense of @EnableBinding annotation in your configuration
2022-07-06 01:37:50.686  WARN 3724 --- [    Test worker] ockingLoadBalancerClientRibbonWarnLogger : You already have RibbonLoadBalancerClient on your classpath. It will be used by default. As Spring Cloud Ribbon is in maintenance mode. We recommend switching to BlockingLoadBalancerClient instead. In order to use it, set the value of `spring.cloud.loadbalancer.ribbon.enabled` to `false` or remove spring-cloud-starter-netflix-ribbon from your project.
2022-07-06 01:37:50.733  WARN 3724 --- [    Test worker] eactorLoadBalancerClientRibbonWarnLogger : You have RibbonLoadBalancerClient on your classpath. LoadBalancerExchangeFilterFunction that uses it under the hood will be used by default. Spring Cloud Ribbon is now in maintenance mode, so we suggest switching to ReactorLoadBalancerExchangeFilterFunction instead. In order to use it, set the value of `spring.cloud.loadbalancer.ribbon.enabled` to `false` or remove spring-cloud-starter-netflix-ribbon from your project.
2022-07-06 01:37:51.057  INFO 3724 --- [    Test worker] o.s.i.endpoint.EventDrivenConsumer       : Adding {logging-channel-adapter:_org.springframework.integration.errorLogger} as a subscriber to the 'errorChannel' channel
2022-07-06 01:37:51.064  INFO 3724 --- [    Test worker] o.s.i.channel.PublishSubscribeChannel    : Channel 'application-1.errorChannel' has 1 subscriber(s).
2022-07-06 01:37:51.064  INFO 3724 --- [    Test worker] o.s.i.endpoint.EventDrivenConsumer       : started bean '_org.springframework.integration.errorLogger'
2022-07-06 01:37:51.073  INFO 3724 --- [    Test worker] o.s.c.s.m.DirectWithAttributesChannel    : Channel 'application-1.output-transactions' has 1 subscriber(s).
2022-07-06 01:37:51.074  INFO 3724 --- [    Test worker] o.s.c.s.m.DirectWithAttributesChannel    : Channel 'application-1.output-insurance-companies' has 1 subscriber(s).
2022-07-06 01:37:51.075  INFO 3724 --- [    Test worker] o.s.c.s.m.DirectWithAttributesChannel    : Channel 'application-1.output-insurance-offers' has 1 subscriber(s).
2022-07-06 01:37:51.075  INFO 3724 --- [    Test worker] o.s.c.s.m.DirectWithAttributesChannel    : Channel 'application-1.output-employees' has 1 subscriber(s).
2022-07-06 01:37:51.078  INFO 3724 --- [    Test worker] o.s.b.web.embedded.netty.NettyWebServer  : Netty started on port(s): 54887
2022-07-06 01:37:51.874  INFO 3724 --- [    Test worker] s.m.m.c.insurancecompany.MessagingTests  : Started MessagingTests in 8.292 seconds (JVM running for 31.259)
2022-07-06 01:37:51.900  WARN 3724 --- [oundedElastic-1] i.s.InsuranceCompanyCompositeServiceImpl : No JWT based Authentication supplied, running tests are we?
2022-07-06 01:37:51.903 DEBUG 3724 --- [oundedElastic-1] i.s.InsuranceCompanyCompositeServiceImpl : deleteCompositeInsuranceCompany: Deletes a insurance company aggregate for insuranceCompanyId: 1
2022-07-06 01:37:51.913 DEBUG 3724 --- [oundedElastic-1] i.s.InsuranceCompanyCompositeServiceImpl : getCompositeInsuranceCompany: aggregate entities deleted for insuranceCompanyId: 1
2022-07-06 01:37:52.014  WARN 3724 --- [ctor-http-nio-6] i.s.InsuranceCompanyCompositeServiceImpl : No JWT based Authentication supplied, running tests are we?
2022-07-06 01:37:52.015 DEBUG 3724 --- [ctor-http-nio-6] i.s.InsuranceCompanyCompositeServiceImpl : createCompositeInsuranceCompany: creates a new composite entity for insuranceCompanyId: 1
2022-07-06 01:37:52.019 DEBUG 3724 --- [ctor-http-nio-6] i.s.InsuranceCompanyCompositeServiceImpl : createCompositeInsuranceCompany: composite entites created for insuranceCompanyId: 1
2022-07-06 01:37:52.043  WARN 3724 --- [ctor-http-nio-6] i.s.InsuranceCompanyCompositeServiceImpl : No JWT based Authentication supplied, running tests are we?
2022-07-06 01:37:52.043 DEBUG 3724 --- [ctor-http-nio-6] i.s.InsuranceCompanyCompositeServiceImpl : createCompositeInsuranceCompany: creates a new composite entity for insuranceCompanyId: 1
2022-07-06 01:37:52.061 DEBUG 3724 --- [ctor-http-nio-6] i.s.InsuranceCompanyCompositeServiceImpl : createCompositeInsuranceCompany: composite entites created for insuranceCompanyId: 1
]]></system-out>
  <system-err><![CDATA[]]></system-err>
</testsuite>
