<?xml version="1.0" encoding="UTF-8"?>
<testsuite name="se.magnus.microservices.composite.insuranceCompany.InsuranceCompanyCompositeServiceApplicationTests" tests="4" skipped="0" failures="0" errors="0" timestamp="2022-05-25T15:11:44" hostname="DESKTOP-HJGV6OB" time="0.456">
  <properties/>
  <testcase name="getInsuranceCompanyNotFound" classname="se.magnus.microservices.composite.insuranceCompany.InsuranceCompanyCompositeServiceApplicationTests" time="0.394"/>
  <testcase name="contextLoads" classname="se.magnus.microservices.composite.insuranceCompany.InsuranceCompanyCompositeServiceApplicationTests" time="0.011"/>
  <testcase name="getInsuranceCompanyById" classname="se.magnus.microservices.composite.insuranceCompany.InsuranceCompanyCompositeServiceApplicationTests" time="0.035"/>
  <testcase name="getInsuranceCompanyInvalidInput" classname="se.magnus.microservices.composite.insuranceCompany.InsuranceCompanyCompositeServiceApplicationTests" time="0.014"/>
  <system-out><![CDATA[17:11:39.098 [Test worker] DEBUG org.springframework.test.annotation.ProfileValueUtils - Retrieved @ProfileValueSourceConfiguration [null] for test class [se.magnus.microservices.composite.insuranceCompany.InsuranceCompanyCompositeServiceApplicationTests]
17:11:39.098 [Test worker] DEBUG org.springframework.test.annotation.ProfileValueUtils - Retrieved ProfileValueSource type [class org.springframework.test.annotation.SystemProfileValueSource] for class [se.magnus.microservices.composite.insuranceCompany.InsuranceCompanyCompositeServiceApplicationTests]
17:11:39.098 [Test worker] DEBUG org.springframework.test.annotation.ProfileValueUtils - Retrieved @ProfileValueSourceConfiguration [null] for test class [se.magnus.microservices.composite.insuranceCompany.InsuranceCompanyCompositeServiceApplicationTests]
17:11:39.098 [Test worker] DEBUG org.springframework.test.annotation.ProfileValueUtils - Retrieved ProfileValueSource type [class org.springframework.test.annotation.SystemProfileValueSource] for class [se.magnus.microservices.composite.insuranceCompany.InsuranceCompanyCompositeServiceApplicationTests]
17:11:39.114 [Test worker] DEBUG org.springframework.test.context.support.AbstractDirtiesContextTestExecutionListener - Before test class: context [DefaultTestContext@443fc4f7 testClass = InsuranceCompanyCompositeServiceApplicationTests, testInstance = [null], testMethod = [null], testException = [null], mergedContextConfiguration = [ReactiveWebMergedContextConfiguration@5eda61d4 testClass = InsuranceCompanyCompositeServiceApplicationTests, locations = '{}', classes = '{class se.magnus.microservices.composite.insurancecompany.InsuranceCompanyCompositeServiceApplication}', contextInitializerClasses = '[]', activeProfiles = '{}', propertySourceLocations = '{}', propertySourceProperties = '{org.springframework.boot.test.context.SpringBootTestContextBootstrapper=true, server.port=0}', contextCustomizers = set[org.springframework.boot.test.autoconfigure.properties.PropertyMappingContextCustomizer@0, org.springframework.boot.test.autoconfigure.web.servlet.WebDriverContextCustomizerFactory$Customizer@ccfd665, org.springframework.boot.test.context.filter.ExcludeFilterContextCustomizer@4d7983cc, org.springframework.boot.test.json.DuplicateJsonObjectContextCustomizerFactory$DuplicateJsonObjectContextCustomizer@66c08f4b, org.springframework.boot.test.mock.mockito.MockitoContextCustomizer@90d47b4c, org.springframework.boot.test.web.client.TestRestTemplateContextCustomizer@4aea2b30, org.springframework.boot.test.web.reactive.server.WebTestClientContextCustomizer@19471148, org.springframework.boot.test.context.SpringBootTestArgs@1], contextLoader = 'org.springframework.boot.test.context.SpringBootContextLoader', parent = [null]], attributes = map['org.springframework.test.context.web.ServletTestExecutionListener.activateListener' -> false]], class annotated with @DirtiesContext [false] with mode [null].
17:11:39.114 [Test worker] DEBUG org.springframework.test.annotation.ProfileValueUtils - Retrieved @ProfileValueSourceConfiguration [null] for test class [se.magnus.microservices.composite.insuranceCompany.InsuranceCompanyCompositeServiceApplicationTests]
17:11:39.114 [Test worker] DEBUG org.springframework.test.annotation.ProfileValueUtils - Retrieved ProfileValueSource type [class org.springframework.test.annotation.SystemProfileValueSource] for class [se.magnus.microservices.composite.insuranceCompany.InsuranceCompanyCompositeServiceApplicationTests]
17:11:39.146 [Test worker] DEBUG org.springframework.test.context.support.TestPropertySourceUtils - Adding inlined properties to environment: {spring.jmx.enabled=false, org.springframework.boot.test.context.SpringBootTestContextBootstrapper=true, server.port=0}

  .   ____          _            __ _ _
 /\\ / ___'_ __ _ _(_)_ __  __ _ \ \ \ \
( ( )\___ | '_ | '_| | '_ \/ _` | \ \ \ \
 \\/  ___)| |_)| | | | | || (_| |  ) ) ) )
  '  |____| .__|_| |_|_| |_\__, | / / / /
 =========|_|==============|___/=/_/_/_/
 :: Spring Boot ::        (v2.3.0.RELEASE)

2022-05-25 17:11:39.604  INFO 14964 --- [    Test worker] eCompanyCompositeServiceApplicationTests : Starting InsuranceCompanyCompositeServiceApplicationTests on DESKTOP-HJGV6OB with PID 14964 (started by user in C:\Users\user\git\InsuranceCompanyMicroservices_DIS\DIS_projekat\microservices\insurance-company-composite-service)
2022-05-25 17:11:39.604 DEBUG 14964 --- [    Test worker] eCompanyCompositeServiceApplicationTests : Running with Spring Boot v2.3.0.RELEASE, Spring v5.2.6.RELEASE
2022-05-25 17:11:39.604  INFO 14964 --- [    Test worker] eCompanyCompositeServiceApplicationTests : No active profile set, falling back to default profiles: default
2022-05-25 17:11:42.633  INFO 14964 --- [    Test worker] o.s.b.a.e.web.EndpointLinksResolver      : Exposing 2 endpoint(s) beneath base path '/actuator'
2022-05-25 17:11:44.571  INFO 14964 --- [    Test worker] o.s.b.web.embedded.netty.NettyWebServer  : Netty started on port(s): 52077
2022-05-25 17:11:44.824  INFO 14964 --- [    Test worker] eCompanyCompositeServiceApplicationTests : Started InsuranceCompanyCompositeServiceApplicationTests in 5.671 seconds (JVM running for 7.31)
2022-05-25 17:11:45.138 DEBUG 14964 --- [ctor-http-nio-3] s.m.u.h.GlobalControllerExceptionHandler : Returning HTTP status: 404 NOT_FOUND for path: /insurance-company-composite/13, message: NOT FOUND: 13
2022-05-25 17:11:45.330 DEBUG 14964 --- [ctor-http-nio-3] s.m.u.h.GlobalControllerExceptionHandler : Returning HTTP status: 422 UNPROCESSABLE_ENTITY for path: /insurance-company-composite/-1, message: INVALID: -1
]]></system-out>
  <system-err><![CDATA[]]></system-err>
</testsuite>
