<?xml version="1.0" encoding="UTF-8"?>
<testsuite name="se.magnus.microservices.composite.insurancecompany.InsuranceCompanyCompositeServiceApplicationTests" tests="4" skipped="0" failures="0" errors="0" timestamp="2022-06-28T23:12:17" hostname="DESKTOP-HJGV6OB" time="0.606">
  <properties/>
  <testcase name="getInsuranceCompanyNotFound" classname="se.magnus.microservices.composite.insurancecompany.InsuranceCompanyCompositeServiceApplicationTests" time="0.534"/>
  <testcase name="contextLoads" classname="se.magnus.microservices.composite.insurancecompany.InsuranceCompanyCompositeServiceApplicationTests" time="0.006"/>
  <testcase name="getInsuranceCompanyById" classname="se.magnus.microservices.composite.insurancecompany.InsuranceCompanyCompositeServiceApplicationTests" time="0.047"/>
  <testcase name="getInsuranceCompanyInvalidInput" classname="se.magnus.microservices.composite.insurancecompany.InsuranceCompanyCompositeServiceApplicationTests" time="0.016"/>
  <system-out><![CDATA[01:11:57.419 [Test worker] DEBUG org.springframework.test.annotation.ProfileValueUtils - Retrieved @ProfileValueSourceConfiguration [null] for test class [se.magnus.microservices.composite.insurancecompany.InsuranceCompanyCompositeServiceApplicationTests]
01:11:57.419 [Test worker] DEBUG org.springframework.test.annotation.ProfileValueUtils - Retrieved ProfileValueSource type [class org.springframework.test.annotation.SystemProfileValueSource] for class [se.magnus.microservices.composite.insurancecompany.InsuranceCompanyCompositeServiceApplicationTests]
01:11:57.419 [Test worker] DEBUG org.springframework.test.annotation.ProfileValueUtils - Retrieved @ProfileValueSourceConfiguration [null] for test class [se.magnus.microservices.composite.insurancecompany.InsuranceCompanyCompositeServiceApplicationTests]
01:11:57.419 [Test worker] DEBUG org.springframework.test.annotation.ProfileValueUtils - Retrieved ProfileValueSource type [class org.springframework.test.annotation.SystemProfileValueSource] for class [se.magnus.microservices.composite.insurancecompany.InsuranceCompanyCompositeServiceApplicationTests]
01:11:57.441 [Test worker] DEBUG org.springframework.test.context.support.AbstractDirtiesContextTestExecutionListener - Before test class: context [DefaultTestContext@97eb691 testClass = InsuranceCompanyCompositeServiceApplicationTests, testInstance = [null], testMethod = [null], testException = [null], mergedContextConfiguration = [ReactiveWebMergedContextConfiguration@7f63bcbe testClass = InsuranceCompanyCompositeServiceApplicationTests, locations = '{}', classes = '{class se.magnus.microservices.composite.insurancecompany.InsuranceCompanyCompositeServiceApplication}', contextInitializerClasses = '[]', activeProfiles = '{}', propertySourceLocations = '{}', propertySourceProperties = '{org.springframework.boot.test.context.SpringBootTestContextBootstrapper=true, server.port=0}', contextCustomizers = set[org.springframework.boot.test.autoconfigure.properties.PropertyMappingContextCustomizer@0, org.springframework.boot.test.autoconfigure.web.servlet.WebDriverContextCustomizerFactory$Customizer@4583f508, org.springframework.boot.test.context.filter.ExcludeFilterContextCustomizer@4afe17e1, org.springframework.boot.test.json.DuplicateJsonObjectContextCustomizerFactory$DuplicateJsonObjectContextCustomizer@33f1217a, org.springframework.boot.test.mock.mockito.MockitoContextCustomizer@dbc3f848, org.springframework.boot.test.web.client.TestRestTemplateContextCustomizer@60e0cbf6, org.springframework.boot.test.web.reactive.server.WebTestClientContextCustomizer@129b9229, org.springframework.boot.test.context.SpringBootTestArgs@1], contextLoader = 'org.springframework.boot.test.context.SpringBootContextLoader', parent = [null]], attributes = map['org.springframework.test.context.web.ServletTestExecutionListener.activateListener' -> false]], class annotated with @DirtiesContext [false] with mode [null].
01:11:57.443 [Test worker] DEBUG org.springframework.test.annotation.ProfileValueUtils - Retrieved @ProfileValueSourceConfiguration [null] for test class [se.magnus.microservices.composite.insurancecompany.InsuranceCompanyCompositeServiceApplicationTests]
01:11:57.443 [Test worker] DEBUG org.springframework.test.annotation.ProfileValueUtils - Retrieved ProfileValueSource type [class org.springframework.test.annotation.SystemProfileValueSource] for class [se.magnus.microservices.composite.insurancecompany.InsuranceCompanyCompositeServiceApplicationTests]
01:11:57.494 [Test worker] DEBUG org.springframework.test.context.support.TestPropertySourceUtils - Adding inlined properties to environment: {spring.jmx.enabled=false, org.springframework.boot.test.context.SpringBootTestContextBootstrapper=true, server.port=0}

  .   ____          _            __ _ _
 /\\ / ___'_ __ _ _(_)_ __  __ _ \ \ \ \
( ( )\___ | '_ | '_| | '_ \/ _` | \ \ \ \
 \\/  ___)| |_)| | | | | || (_| |  ) ) ) )
  '  |____| .__|_| |_|_| |_\__, | / / / /
 =========|_|==============|___/=/_/_/_/
 :: Spring Boot ::        (v2.3.2.RELEASE)

2022-06-29 01:11:59.299  INFO 2724 --- [    Test worker] eCompanyCompositeServiceApplicationTests : No active profile set, falling back to default profiles: default
2022-06-29 01:12:00.835  WARN 2724 --- [    Test worker] o.s.boot.actuate.endpoint.EndpointId     : Endpoint ID 'service-registry' contains invalid characters, please migrate to a valid format.
2022-06-29 01:12:01.165  INFO 2724 --- [    Test worker] o.s.cloud.context.scope.GenericScope     : BeanFactory id=5dff2e05-266b-3e1f-9595-17c435df77e9
2022-06-29 01:12:01.813  INFO 2724 --- [    Test worker] faultConfiguringBeanFactoryPostProcessor : No bean named 'errorChannel' has been explicitly defined. Therefore, a default PublishSubscribeChannel will be created.
2022-06-29 01:12:01.813  INFO 2724 --- [    Test worker] faultConfiguringBeanFactoryPostProcessor : No bean named 'taskScheduler' has been explicitly defined. Therefore, a default ThreadPoolTaskScheduler will be created.
2022-06-29 01:12:01.829  INFO 2724 --- [    Test worker] faultConfiguringBeanFactoryPostProcessor : No bean named 'integrationHeaderChannelRegistry' has been explicitly defined. Therefore, a default DefaultHeaderChannelRegistry will be created.
2022-06-29 01:12:02.004  INFO 2724 --- [    Test worker] trationDelegate$BeanPostProcessorChecker : Bean 'integrationChannelResolver' of type [org.springframework.integration.support.channel.BeanFactoryChannelResolver] is not eligible for getting processed by all BeanPostProcessors (for example: not eligible for auto-proxying)
2022-06-29 01:12:02.020  INFO 2724 --- [    Test worker] trationDelegate$BeanPostProcessorChecker : Bean 'integrationDisposableAutoCreatedBeans' of type [org.springframework.integration.config.annotation.Disposables] is not eligible for getting processed by all BeanPostProcessors (for example: not eligible for auto-proxying)
2022-06-29 01:12:02.067  INFO 2724 --- [    Test worker] trationDelegate$BeanPostProcessorChecker : Bean 'org.springframework.integration.config.IntegrationManagementConfiguration' of type [org.springframework.integration.config.IntegrationManagementConfiguration] is not eligible for getting processed by all BeanPostProcessors (for example: not eligible for auto-proxying)
2022-06-29 01:12:02.115  INFO 2724 --- [    Test worker] trationDelegate$BeanPostProcessorChecker : Bean 'org.springframework.cloud.client.loadbalancer.reactive.LoadBalancerBeanPostProcessorAutoConfiguration' of type [org.springframework.cloud.client.loadbalancer.reactive.LoadBalancerBeanPostProcessorAutoConfiguration] is not eligible for getting processed by all BeanPostProcessors (for example: not eligible for auto-proxying)
2022-06-29 01:12:02.115  INFO 2724 --- [    Test worker] trationDelegate$BeanPostProcessorChecker : Bean 'org.springframework.cloud.client.loadbalancer.reactive.LoadBalancerBeanPostProcessorAutoConfiguration$ReactiveLoadBalancerConfig' of type [org.springframework.cloud.client.loadbalancer.reactive.LoadBalancerBeanPostProcessorAutoConfiguration$ReactiveLoadBalancerConfig] is not eligible for getting processed by all BeanPostProcessors (for example: not eligible for auto-proxying)
2022-06-29 01:12:02.131  INFO 2724 --- [    Test worker] trationDelegate$BeanPostProcessorChecker : Bean 'deferringLoadBalancerExchangeFilterFunction' of type [org.springframework.cloud.client.loadbalancer.reactive.DeferringLoadBalancerExchangeFilterFunction] is not eligible for getting processed by all BeanPostProcessors (for example: not eligible for auto-proxying)
2022-06-29 01:12:04.474  WARN 2724 --- [    Test worker] c.n.c.sources.URLConfigurationSource     : No URLs will be polled as dynamic configuration sources.
2022-06-29 01:12:04.474  INFO 2724 --- [    Test worker] c.n.c.sources.URLConfigurationSource     : To enable URLs as dynamic configuration sources, define System property archaius.configurationSource.additionalUrls or make config.properties available on classpath.
2022-06-29 01:12:04.506  INFO 2724 --- [    Test worker] c.netflix.config.DynamicPropertyFactory  : DynamicPropertyFactory is initialized with configuration sources: com.netflix.config.ConcurrentCompositeConfiguration@64ce090e
2022-06-29 01:12:06.360  INFO 2724 --- [    Test worker] o.s.s.c.ThreadPoolTaskScheduler          : Initializing ExecutorService 'taskScheduler'
2022-06-29 01:12:06.679  INFO 2724 --- [    Test worker] o.s.b.a.e.web.EndpointLinksResolver      : Exposing 20 endpoint(s) beneath base path '/actuator'
2022-06-29 01:12:07.376  WARN 2724 --- [    Test worker] c.n.c.sources.URLConfigurationSource     : No URLs will be polled as dynamic configuration sources.
2022-06-29 01:12:07.376  INFO 2724 --- [    Test worker] c.n.c.sources.URLConfigurationSource     : To enable URLs as dynamic configuration sources, define System property archaius.configurationSource.additionalUrls or make config.properties available on classpath.
2022-06-29 01:12:08.247  INFO 2724 --- [    Test worker] onConfiguration$FunctionBindingRegistrar : Functional binding is disabled due to the presense of @EnableBinding annotation in your configuration
2022-06-29 01:12:09.616  WARN 2724 --- [    Test worker] ockingLoadBalancerClientRibbonWarnLogger : You already have RibbonLoadBalancerClient on your classpath. It will be used by default. As Spring Cloud Ribbon is in maintenance mode. We recommend switching to BlockingLoadBalancerClient instead. In order to use it, set the value of `spring.cloud.loadbalancer.ribbon.enabled` to `false` or remove spring-cloud-starter-netflix-ribbon from your project.
2022-06-29 01:12:09.663  WARN 2724 --- [    Test worker] eactorLoadBalancerClientRibbonWarnLogger : You have RibbonLoadBalancerClient on your classpath. LoadBalancerExchangeFilterFunction that uses it under the hood will be used by default. Spring Cloud Ribbon is now in maintenance mode, so we suggest switching to ReactorLoadBalancerExchangeFilterFunction instead. In order to use it, set the value of `spring.cloud.loadbalancer.ribbon.enabled` to `false` or remove spring-cloud-starter-netflix-ribbon from your project.
2022-06-29 01:12:10.341  INFO 2724 --- [    Test worker] o.s.i.endpoint.EventDrivenConsumer       : Adding {logging-channel-adapter:_org.springframework.integration.errorLogger} as a subscriber to the 'errorChannel' channel
2022-06-29 01:12:10.356  INFO 2724 --- [    Test worker] o.s.i.channel.PublishSubscribeChannel    : Channel 'application-1.errorChannel' has 1 subscriber(s).
2022-06-29 01:12:10.356  INFO 2724 --- [    Test worker] o.s.i.endpoint.EventDrivenConsumer       : started bean '_org.springframework.integration.errorLogger'
2022-06-29 01:12:10.467  INFO 2724 --- [    Test worker] o.s.c.s.m.DirectWithAttributesChannel    : Channel 'application-1.output-employees' has 1 subscriber(s).
2022-06-29 01:12:10.467  INFO 2724 --- [    Test worker] o.s.c.s.m.DirectWithAttributesChannel    : Channel 'application-1.output-transactions' has 1 subscriber(s).
2022-06-29 01:12:10.467  INFO 2724 --- [    Test worker] o.s.c.s.m.DirectWithAttributesChannel    : Channel 'application-1.output-insurance-offers' has 1 subscriber(s).
2022-06-29 01:12:10.467  INFO 2724 --- [    Test worker] o.s.c.s.m.DirectWithAttributesChannel    : Channel 'application-1.output-insurance-companies' has 1 subscriber(s).
2022-06-29 01:12:11.137  INFO 2724 --- [    Test worker] o.s.b.web.embedded.netty.NettyWebServer  : Netty started on port(s): 57880
2022-06-29 01:12:11.137  INFO 2724 --- [    Test worker] .s.c.n.e.s.EurekaAutoServiceRegistration : Updating port to 57880
2022-06-29 01:12:11.153  INFO 2724 --- [    Test worker] o.s.c.n.eureka.InstanceInfoFactory       : Setting initial instance status as: STARTING
2022-06-29 01:12:11.296  INFO 2724 --- [    Test worker] com.netflix.discovery.DiscoveryClient    : Initializing Eureka in region us-east-1
2022-06-29 01:12:11.392  INFO 2724 --- [    Test worker] c.n.d.provider.DiscoveryJerseyProvider   : Using JSON encoding codec LegacyJacksonJson
2022-06-29 01:12:11.392  INFO 2724 --- [    Test worker] c.n.d.provider.DiscoveryJerseyProvider   : Using JSON decoding codec LegacyJacksonJson
2022-06-29 01:12:11.629  INFO 2724 --- [    Test worker] c.n.d.provider.DiscoveryJerseyProvider   : Using XML encoding codec XStreamXml
2022-06-29 01:12:11.629  INFO 2724 --- [    Test worker] c.n.d.provider.DiscoveryJerseyProvider   : Using XML decoding codec XStreamXml
2022-06-29 01:12:11.917  INFO 2724 --- [    Test worker] c.n.d.s.r.aws.ConfigClusterResolver      : Resolving eureka endpoints via configuration
2022-06-29 01:12:12.215  INFO 2724 --- [    Test worker] com.netflix.discovery.DiscoveryClient    : Disable delta property : false
2022-06-29 01:12:12.215  INFO 2724 --- [    Test worker] com.netflix.discovery.DiscoveryClient    : Single vip registry refresh property : null
2022-06-29 01:12:12.215  INFO 2724 --- [    Test worker] com.netflix.discovery.DiscoveryClient    : Force full registry fetch : false
2022-06-29 01:12:12.215  INFO 2724 --- [    Test worker] com.netflix.discovery.DiscoveryClient    : Application is null : false
2022-06-29 01:12:12.215  INFO 2724 --- [    Test worker] com.netflix.discovery.DiscoveryClient    : Registered Applications size is zero : true
2022-06-29 01:12:12.215  INFO 2724 --- [    Test worker] com.netflix.discovery.DiscoveryClient    : Application version is -1: true
2022-06-29 01:12:12.215  INFO 2724 --- [    Test worker] com.netflix.discovery.DiscoveryClient    : Getting all instance registry info from the eureka server
2022-06-29 01:12:16.376 ERROR 2724 --- [    Test worker] c.n.d.s.t.d.RedirectingEurekaHttpClient  : Request execution error. endpoint=DefaultEndpoint{ serviceUrl='http://localhost:8761/eureka/}

com.sun.jersey.api.client.ClientHandlerException: java.net.ConnectException: Connection refused: connect
	at com.sun.jersey.client.apache4.ApacheHttpClient4Handler.handle(ApacheHttpClient4Handler.java:187) ~[jersey-apache-client4-1.19.1.jar:1.19.1]
	at com.sun.jersey.api.client.filter.GZIPContentEncodingFilter.handle(GZIPContentEncodingFilter.java:123) ~[jersey-client-1.19.1.jar:1.19.1]
	at com.netflix.discovery.EurekaIdentityHeaderFilter.handle(EurekaIdentityHeaderFilter.java:27) ~[eureka-client-1.9.21.jar:1.9.21]
	at com.sun.jersey.api.client.Client.handle(Client.java:652) ~[jersey-client-1.19.1.jar:1.19.1]
	at com.sun.jersey.api.client.WebResource.handle(WebResource.java:682) ~[jersey-client-1.19.1.jar:1.19.1]
	at com.sun.jersey.api.client.WebResource.access$200(WebResource.java:74) ~[jersey-client-1.19.1.jar:1.19.1]
	at com.sun.jersey.api.client.WebResource$Builder.get(WebResource.java:509) ~[jersey-client-1.19.1.jar:1.19.1]
	at com.netflix.discovery.shared.transport.jersey.AbstractJerseyEurekaHttpClient.getApplicationsInternal(AbstractJerseyEurekaHttpClient.java:196) ~[eureka-client-1.9.21.jar:1.9.21]
	at com.netflix.discovery.shared.transport.jersey.AbstractJerseyEurekaHttpClient.getApplications(AbstractJerseyEurekaHttpClient.java:167) ~[eureka-client-1.9.21.jar:1.9.21]
	at com.netflix.discovery.shared.transport.decorator.EurekaHttpClientDecorator$6.execute(EurekaHttpClientDecorator.java:137) [eureka-client-1.9.21.jar:1.9.21]
	at com.netflix.discovery.shared.transport.decorator.MetricsCollectingEurekaHttpClient.execute(MetricsCollectingEurekaHttpClient.java:73) ~[eureka-client-1.9.21.jar:1.9.21]
	at com.netflix.discovery.shared.transport.decorator.EurekaHttpClientDecorator.getApplications(EurekaHttpClientDecorator.java:134) [eureka-client-1.9.21.jar:1.9.21]
	at com.netflix.discovery.shared.transport.decorator.EurekaHttpClientDecorator$6.execute(EurekaHttpClientDecorator.java:137) [eureka-client-1.9.21.jar:1.9.21]
	at com.netflix.discovery.shared.transport.decorator.RedirectingEurekaHttpClient.executeOnNewServer(RedirectingEurekaHttpClient.java:118) ~[eureka-client-1.9.21.jar:1.9.21]
	at com.netflix.discovery.shared.transport.decorator.RedirectingEurekaHttpClient.execute(RedirectingEurekaHttpClient.java:79) ~[eureka-client-1.9.21.jar:1.9.21]
	at com.netflix.discovery.shared.transport.decorator.EurekaHttpClientDecorator.getApplications(EurekaHttpClientDecorator.java:134) [eureka-client-1.9.21.jar:1.9.21]
	at com.netflix.discovery.shared.transport.decorator.EurekaHttpClientDecorator$6.execute(EurekaHttpClientDecorator.java:137) [eureka-client-1.9.21.jar:1.9.21]
	at com.netflix.discovery.shared.transport.decorator.RetryableEurekaHttpClient.execute(RetryableEurekaHttpClient.java:120) [eureka-client-1.9.21.jar:1.9.21]
	at com.netflix.discovery.shared.transport.decorator.EurekaHttpClientDecorator.getApplications(EurekaHttpClientDecorator.java:134) [eureka-client-1.9.21.jar:1.9.21]
	at com.netflix.discovery.shared.transport.decorator.EurekaHttpClientDecorator$6.execute(EurekaHttpClientDecorator.java:137) [eureka-client-1.9.21.jar:1.9.21]
	at com.netflix.discovery.shared.transport.decorator.SessionedEurekaHttpClient.execute(SessionedEurekaHttpClient.java:77) [eureka-client-1.9.21.jar:1.9.21]
	at com.netflix.discovery.shared.transport.decorator.EurekaHttpClientDecorator.getApplications(EurekaHttpClientDecorator.java:134) [eureka-client-1.9.21.jar:1.9.21]
	at com.netflix.discovery.DiscoveryClient.getAndStoreFullRegistry(DiscoveryClient.java:1081) [eureka-client-1.9.21.jar:1.9.21]
	at com.netflix.discovery.DiscoveryClient.fetchRegistry(DiscoveryClient.java:995) [eureka-client-1.9.21.jar:1.9.21]
	at com.netflix.discovery.DiscoveryClient.<init>(DiscoveryClient.java:438) [eureka-client-1.9.21.jar:1.9.21]
	at com.netflix.discovery.DiscoveryClient.<init>(DiscoveryClient.java:282) [eureka-client-1.9.21.jar:1.9.21]
	at com.netflix.discovery.DiscoveryClient.<init>(DiscoveryClient.java:278) [eureka-client-1.9.21.jar:1.9.21]
	at org.springframework.cloud.netflix.eureka.CloudEurekaClient.<init>(CloudEurekaClient.java:67) [spring-cloud-netflix-eureka-client-2.2.3.RELEASE.jar:2.2.3.RELEASE]
	at org.springframework.cloud.netflix.eureka.EurekaClientAutoConfiguration$RefreshableEurekaClientConfiguration.eurekaClient(EurekaClientAutoConfiguration.java:316) [spring-cloud-netflix-eureka-client-2.2.3.RELEASE.jar:2.2.3.RELEASE]
	at sun.reflect.NativeMethodAccessorImpl.invoke0(Native Method) ~[na:1.8.0_271]
	at sun.reflect.NativeMethodAccessorImpl.invoke(NativeMethodAccessorImpl.java:62) ~[na:1.8.0_271]
	at sun.reflect.DelegatingMethodAccessorImpl.invoke(DelegatingMethodAccessorImpl.java:43) ~[na:1.8.0_271]
	at java.lang.reflect.Method.invoke(Method.java:498) ~[na:1.8.0_271]
	at org.springframework.beans.factory.support.SimpleInstantiationStrategy.instantiate(SimpleInstantiationStrategy.java:154) [spring-beans-5.2.8.RELEASE.jar:5.2.8.RELEASE]
	at org.springframework.beans.factory.support.ConstructorResolver.instantiate(ConstructorResolver.java:650) [spring-beans-5.2.8.RELEASE.jar:5.2.8.RELEASE]
	at org.springframework.beans.factory.support.ConstructorResolver.instantiateUsingFactoryMethod(ConstructorResolver.java:635) [spring-beans-5.2.8.RELEASE.jar:5.2.8.RELEASE]
	at org.springframework.beans.factory.support.AbstractAutowireCapableBeanFactory.instantiateUsingFactoryMethod(AbstractAutowireCapableBeanFactory.java:1336) [spring-beans-5.2.8.RELEASE.jar:5.2.8.RELEASE]
	at org.springframework.beans.factory.support.AbstractAutowireCapableBeanFactory.createBeanInstance(AbstractAutowireCapableBeanFactory.java:1176) [spring-beans-5.2.8.RELEASE.jar:5.2.8.RELEASE]
	at org.springframework.beans.factory.support.AbstractAutowireCapableBeanFactory.doCreateBean(AbstractAutowireCapableBeanFactory.java:556) [spring-beans-5.2.8.RELEASE.jar:5.2.8.RELEASE]
	at org.springframework.beans.factory.support.AbstractAutowireCapableBeanFactory.createBean(AbstractAutowireCapableBeanFactory.java:516) [spring-beans-5.2.8.RELEASE.jar:5.2.8.RELEASE]
	at org.springframework.beans.factory.support.AbstractBeanFactory.lambda$doGetBean$1(AbstractBeanFactory.java:363) [spring-beans-5.2.8.RELEASE.jar:5.2.8.RELEASE]
	at org.springframework.cloud.context.scope.GenericScope$BeanLifecycleWrapper.getBean(GenericScope.java:389) ~[spring-cloud-context-2.2.3.RELEASE.jar:2.2.3.RELEASE]
	at org.springframework.cloud.context.scope.GenericScope.get(GenericScope.java:186) ~[spring-cloud-context-2.2.3.RELEASE.jar:2.2.3.RELEASE]
	at org.springframework.beans.factory.support.AbstractBeanFactory.doGetBean(AbstractBeanFactory.java:360) [spring-beans-5.2.8.RELEASE.jar:5.2.8.RELEASE]
	at org.springframework.beans.factory.support.AbstractBeanFactory.getBean(AbstractBeanFactory.java:202) [spring-beans-5.2.8.RELEASE.jar:5.2.8.RELEASE]
	at org.springframework.aop.target.SimpleBeanTargetSource.getTarget(SimpleBeanTargetSource.java:35) ~[spring-aop-5.2.8.RELEASE.jar:5.2.8.RELEASE]
	at org.springframework.cloud.netflix.eureka.serviceregistry.EurekaRegistration.getTargetObject(EurekaRegistration.java:129) ~[spring-cloud-netflix-eureka-client-2.2.3.RELEASE.jar:2.2.3.RELEASE]
	at org.springframework.cloud.netflix.eureka.serviceregistry.EurekaRegistration.getEurekaClient(EurekaRegistration.java:117) ~[spring-cloud-netflix-eureka-client-2.2.3.RELEASE.jar:2.2.3.RELEASE]
	at sun.reflect.NativeMethodAccessorImpl.invoke0(Native Method) ~[na:1.8.0_271]
	at sun.reflect.NativeMethodAccessorImpl.invoke(NativeMethodAccessorImpl.java:62) ~[na:1.8.0_271]
	at sun.reflect.DelegatingMethodAccessorImpl.invoke(DelegatingMethodAccessorImpl.java:43) ~[na:1.8.0_271]
	at java.lang.reflect.Method.invoke(Method.java:498) ~[na:1.8.0_271]
	at org.springframework.util.ReflectionUtils.invokeMethod(ReflectionUtils.java:282) ~[spring-core-5.2.8.RELEASE.jar:5.2.8.RELEASE]
	at org.springframework.cloud.context.scope.GenericScope$LockedScopedProxyFactoryBean.invoke(GenericScope.java:499) ~[spring-cloud-context-2.2.3.RELEASE.jar:2.2.3.RELEASE]
	at org.springframework.aop.framework.ReflectiveMethodInvocation.proceed(ReflectiveMethodInvocation.java:186) ~[spring-aop-5.2.8.RELEASE.jar:5.2.8.RELEASE]
	at org.springframework.aop.framework.CglibAopProxy$CglibMethodInvocation.proceed(CglibAopProxy.java:749) ~[spring-aop-5.2.8.RELEASE.jar:5.2.8.RELEASE]
	at org.springframework.aop.framework.CglibAopProxy$DynamicAdvisedInterceptor.intercept(CglibAopProxy.java:691) ~[spring-aop-5.2.8.RELEASE.jar:5.2.8.RELEASE]
	at org.springframework.cloud.netflix.eureka.serviceregistry.EurekaRegistration$$EnhancerBySpringCGLIB$$6f7364d0.getEurekaClient(<generated>) ~[spring-cloud-netflix-eureka-client-2.2.3.RELEASE.jar:2.2.3.RELEASE]
	at org.springframework.cloud.netflix.eureka.serviceregistry.EurekaServiceRegistry.maybeInitializeClient(EurekaServiceRegistry.java:57) ~[spring-cloud-netflix-eureka-client-2.2.3.RELEASE.jar:2.2.3.RELEASE]
	at org.springframework.cloud.netflix.eureka.serviceregistry.EurekaServiceRegistry.register(EurekaServiceRegistry.java:38) ~[spring-cloud-netflix-eureka-client-2.2.3.RELEASE.jar:2.2.3.RELEASE]
	at org.springframework.cloud.netflix.eureka.serviceregistry.EurekaAutoServiceRegistration.start(EurekaAutoServiceRegistration.java:83) ~[spring-cloud-netflix-eureka-client-2.2.3.RELEASE.jar:2.2.3.RELEASE]
	at org.springframework.cloud.netflix.eureka.serviceregistry.EurekaAutoServiceRegistration.onApplicationEvent(EurekaAutoServiceRegistration.java:147) ~[spring-cloud-netflix-eureka-client-2.2.3.RELEASE.jar:2.2.3.RELEASE]
	at org.springframework.cloud.netflix.eureka.serviceregistry.EurekaAutoServiceRegistration.onApplicationEvent(EurekaAutoServiceRegistration.java:132) ~[spring-cloud-netflix-eureka-client-2.2.3.RELEASE.jar:2.2.3.RELEASE]
	at org.springframework.context.event.SimpleApplicationEventMulticaster.doInvokeListener(SimpleApplicationEventMulticaster.java:172) ~[spring-context-5.2.8.RELEASE.jar:5.2.8.RELEASE]
	at org.springframework.context.event.SimpleApplicationEventMulticaster.invokeListener(SimpleApplicationEventMulticaster.java:165) ~[spring-context-5.2.8.RELEASE.jar:5.2.8.RELEASE]
	at org.springframework.context.event.SimpleApplicationEventMulticaster.multicastEvent(SimpleApplicationEventMulticaster.java:139) ~[spring-context-5.2.8.RELEASE.jar:5.2.8.RELEASE]
	at org.springframework.context.support.AbstractApplicationContext.publishEvent(AbstractApplicationContext.java:404) ~[spring-context-5.2.8.RELEASE.jar:5.2.8.RELEASE]
	at org.springframework.context.support.AbstractApplicationContext.publishEvent(AbstractApplicationContext.java:361) ~[spring-context-5.2.8.RELEASE.jar:5.2.8.RELEASE]
	at org.springframework.boot.web.reactive.context.WebServerManager.start(WebServerManager.java:56) ~[spring-boot-2.3.2.RELEASE.jar:2.3.2.RELEASE]
	at org.springframework.boot.web.reactive.context.WebServerStartStopLifecycle.start(WebServerStartStopLifecycle.java:40) ~[spring-boot-2.3.2.RELEASE.jar:2.3.2.RELEASE]
	at org.springframework.context.support.DefaultLifecycleProcessor.doStart(DefaultLifecycleProcessor.java:182) ~[spring-context-5.2.8.RELEASE.jar:5.2.8.RELEASE]
	at org.springframework.context.support.DefaultLifecycleProcessor.access$200(DefaultLifecycleProcessor.java:53) ~[spring-context-5.2.8.RELEASE.jar:5.2.8.RELEASE]
	at org.springframework.context.support.DefaultLifecycleProcessor$LifecycleGroup.start(DefaultLifecycleProcessor.java:360) ~[spring-context-5.2.8.RELEASE.jar:5.2.8.RELEASE]
	at org.springframework.context.support.DefaultLifecycleProcessor.startBeans(DefaultLifecycleProcessor.java:158) ~[spring-context-5.2.8.RELEASE.jar:5.2.8.RELEASE]
	at org.springframework.context.support.DefaultLifecycleProcessor.onRefresh(DefaultLifecycleProcessor.java:122) ~[spring-context-5.2.8.RELEASE.jar:5.2.8.RELEASE]
	at org.springframework.context.support.AbstractApplicationContext.finishRefresh(AbstractApplicationContext.java:895) ~[spring-context-5.2.8.RELEASE.jar:5.2.8.RELEASE]
	at org.springframework.context.support.AbstractApplicationContext.refresh(AbstractApplicationContext.java:554) ~[spring-context-5.2.8.RELEASE.jar:5.2.8.RELEASE]
	at org.springframework.boot.web.reactive.context.ReactiveWebServerApplicationContext.refresh(ReactiveWebServerApplicationContext.java:62) ~[spring-boot-2.3.2.RELEASE.jar:2.3.2.RELEASE]
	at org.springframework.boot.SpringApplication.refresh(SpringApplication.java:758) ~[spring-boot-2.3.2.RELEASE.jar:2.3.2.RELEASE]
	at org.springframework.boot.SpringApplication.refresh(SpringApplication.java:750) ~[spring-boot-2.3.2.RELEASE.jar:2.3.2.RELEASE]
	at org.springframework.boot.SpringApplication.refreshContext(SpringApplication.java:397) ~[spring-boot-2.3.2.RELEASE.jar:2.3.2.RELEASE]
	at org.springframework.boot.SpringApplication.run(SpringApplication.java:315) ~[spring-boot-2.3.2.RELEASE.jar:2.3.2.RELEASE]
	at org.springframework.boot.test.context.SpringBootContextLoader.loadContext(SpringBootContextLoader.java:120) ~[spring-boot-test-2.3.2.RELEASE.jar:2.3.2.RELEASE]
	at org.springframework.test.context.cache.DefaultCacheAwareContextLoaderDelegate.loadContextInternal(DefaultCacheAwareContextLoaderDelegate.java:99) ~[spring-test-5.2.8.RELEASE.jar:5.2.8.RELEASE]
	at org.springframework.test.context.cache.DefaultCacheAwareContextLoaderDelegate.loadContext(DefaultCacheAwareContextLoaderDelegate.java:124) ~[spring-test-5.2.8.RELEASE.jar:5.2.8.RELEASE]
	at org.springframework.test.context.support.DefaultTestContext.getApplicationContext(DefaultTestContext.java:123) ~[spring-test-5.2.8.RELEASE.jar:5.2.8.RELEASE]
	at org.springframework.boot.test.mock.mockito.MockitoTestExecutionListener.postProcessFields(MockitoTestExecutionListener.java:95) ~[spring-boot-test-2.3.2.RELEASE.jar:2.3.2.RELEASE]
	at org.springframework.boot.test.mock.mockito.MockitoTestExecutionListener.injectFields(MockitoTestExecutionListener.java:79) ~[spring-boot-test-2.3.2.RELEASE.jar:2.3.2.RELEASE]
	at org.springframework.boot.test.mock.mockito.MockitoTestExecutionListener.prepareTestInstance(MockitoTestExecutionListener.java:54) ~[spring-boot-test-2.3.2.RELEASE.jar:2.3.2.RELEASE]
	at org.springframework.test.context.TestContextManager.prepareTestInstance(TestContextManager.java:244) ~[spring-test-5.2.8.RELEASE.jar:5.2.8.RELEASE]
	at org.springframework.test.context.junit4.SpringJUnit4ClassRunner.createTest(SpringJUnit4ClassRunner.java:227) ~[spring-test-5.2.8.RELEASE.jar:5.2.8.RELEASE]
	at org.springframework.test.context.junit4.SpringJUnit4ClassRunner$1.runReflectiveCall(SpringJUnit4ClassRunner.java:289) ~[spring-test-5.2.8.RELEASE.jar:5.2.8.RELEASE]
	at org.junit.internal.runners.model.ReflectiveCallable.run(ReflectiveCallable.java:12) ~[junit-4.13.jar:4.13]
	at org.springframework.test.context.junit4.SpringJUnit4ClassRunner.methodBlock(SpringJUnit4ClassRunner.java:291) ~[spring-test-5.2.8.RELEASE.jar:5.2.8.RELEASE]
	at org.springframework.test.context.junit4.SpringJUnit4ClassRunner.runChild(SpringJUnit4ClassRunner.java:246) ~[spring-test-5.2.8.RELEASE.jar:5.2.8.RELEASE]
	at org.springframework.test.context.junit4.SpringJUnit4ClassRunner.runChild(SpringJUnit4ClassRunner.java:97) ~[spring-test-5.2.8.RELEASE.jar:5.2.8.RELEASE]
	at org.junit.runners.ParentRunner$4.run(ParentRunner.java:331) ~[junit-4.13.jar:4.13]
	at org.junit.runners.ParentRunner$1.schedule(ParentRunner.java:79) ~[junit-4.13.jar:4.13]
	at org.junit.runners.ParentRunner.runChildren(ParentRunner.java:329) ~[junit-4.13.jar:4.13]
	at org.junit.runners.ParentRunner.access$100(ParentRunner.java:66) ~[junit-4.13.jar:4.13]
	at org.junit.runners.ParentRunner$2.evaluate(ParentRunner.java:293) ~[junit-4.13.jar:4.13]
	at org.springframework.test.context.junit4.statements.RunBeforeTestClassCallbacks.evaluate(RunBeforeTestClassCallbacks.java:61) ~[spring-test-5.2.8.RELEASE.jar:5.2.8.RELEASE]
	at org.springframework.test.context.junit4.statements.RunAfterTestClassCallbacks.evaluate(RunAfterTestClassCallbacks.java:70) ~[spring-test-5.2.8.RELEASE.jar:5.2.8.RELEASE]
	at org.junit.runners.ParentRunner$3.evaluate(ParentRunner.java:306) ~[junit-4.13.jar:4.13]
	at org.junit.runners.ParentRunner.run(ParentRunner.java:413) ~[junit-4.13.jar:4.13]
	at org.springframework.test.context.junit4.SpringJUnit4ClassRunner.run(SpringJUnit4ClassRunner.java:190) ~[spring-test-5.2.8.RELEASE.jar:5.2.8.RELEASE]
	at org.junit.runner.JUnitCore.run(JUnitCore.java:137) ~[junit-4.13.jar:4.13]
	at org.junit.runner.JUnitCore.run(JUnitCore.java:115) ~[junit-4.13.jar:4.13]
	at org.junit.vintage.engine.execution.RunnerExecutor.execute(RunnerExecutor.java:43) ~[junit-vintage-engine-5.6.2.jar:5.6.2]
	at java.util.stream.ForEachOps$ForEachOp$OfRef.accept(ForEachOps.java:184) ~[na:1.8.0_271]
	at java.util.stream.ReferencePipeline$3$1.accept(ReferencePipeline.java:193) ~[na:1.8.0_271]
	at java.util.Iterator.forEachRemaining(Iterator.java:116) ~[na:1.8.0_271]
	at java.util.Spliterators$IteratorSpliterator.forEachRemaining(Spliterators.java:1801) ~[na:1.8.0_271]
	at java.util.stream.AbstractPipeline.copyInto(AbstractPipeline.java:482) ~[na:1.8.0_271]
	at java.util.stream.AbstractPipeline.wrapAndCopyInto(AbstractPipeline.java:472) ~[na:1.8.0_271]
	at java.util.stream.ForEachOps$ForEachOp.evaluateSequential(ForEachOps.java:151) ~[na:1.8.0_271]
	at java.util.stream.ForEachOps$ForEachOp$OfRef.evaluateSequential(ForEachOps.java:174) ~[na:1.8.0_271]
	at java.util.stream.AbstractPipeline.evaluate(AbstractPipeline.java:234) ~[na:1.8.0_271]
	at java.util.stream.ReferencePipeline.forEach(ReferencePipeline.java:418) ~[na:1.8.0_271]
	at org.junit.vintage.engine.VintageTestEngine.executeAllChildren(VintageTestEngine.java:82) ~[junit-vintage-engine-5.6.2.jar:5.6.2]
	at org.junit.vintage.engine.VintageTestEngine.execute(VintageTestEngine.java:73) ~[junit-vintage-engine-5.6.2.jar:5.6.2]
	at org.junit.platform.launcher.core.DefaultLauncher.execute(DefaultLauncher.java:220) ~[na:na]
	at org.junit.platform.launcher.core.DefaultLauncher.lambda$execute$6(DefaultLauncher.java:188) ~[na:na]
	at org.junit.platform.launcher.core.DefaultLauncher.withInterceptedStreams(DefaultLauncher.java:202) ~[na:na]
	at org.junit.platform.launcher.core.DefaultLauncher.execute(DefaultLauncher.java:181) ~[na:na]
	at org.junit.platform.launcher.core.DefaultLauncher.execute(DefaultLauncher.java:128) ~[na:na]
	at org.gradle.api.internal.tasks.testing.junitplatform.JUnitPlatformTestClassProcessor$CollectAllTestClassesExecutor.processAllTestClasses(JUnitPlatformTestClassProcessor.java:102) ~[na:na]
	at org.gradle.api.internal.tasks.testing.junitplatform.JUnitPlatformTestClassProcessor$CollectAllTestClassesExecutor.access$000(JUnitPlatformTestClassProcessor.java:82) ~[na:na]
	at org.gradle.api.internal.tasks.testing.junitplatform.JUnitPlatformTestClassProcessor.stop(JUnitPlatformTestClassProcessor.java:78) ~[na:na]
	at org.gradle.api.internal.tasks.testing.SuiteTestClassProcessor.stop(SuiteTestClassProcessor.java:61) ~[na:na]
	at sun.reflect.NativeMethodAccessorImpl.invoke0(Native Method) ~[na:1.8.0_271]
	at sun.reflect.NativeMethodAccessorImpl.invoke(NativeMethodAccessorImpl.java:62) ~[na:1.8.0_271]
	at sun.reflect.DelegatingMethodAccessorImpl.invoke(DelegatingMethodAccessorImpl.java:43) ~[na:1.8.0_271]
	at java.lang.reflect.Method.invoke(Method.java:498) ~[na:1.8.0_271]
	at org.gradle.internal.dispatch.ReflectionDispatch.dispatch(ReflectionDispatch.java:36) ~[na:na]
	at org.gradle.internal.dispatch.ReflectionDispatch.dispatch(ReflectionDispatch.java:24) ~[na:na]
	at org.gradle.internal.dispatch.ContextClassLoaderDispatch.dispatch(ContextClassLoaderDispatch.java:33) ~[na:na]
	at org.gradle.internal.dispatch.ProxyDispatchAdapter$DispatchingInvocationHandler.invoke(ProxyDispatchAdapter.java:94) ~[na:na]
	at com.sun.proxy.$Proxy2.stop(Unknown Source) ~[na:na]
	at org.gradle.api.internal.tasks.testing.worker.TestWorker.stop(TestWorker.java:132) ~[na:na]
	at sun.reflect.NativeMethodAccessorImpl.invoke0(Native Method) ~[na:1.8.0_271]
	at sun.reflect.NativeMethodAccessorImpl.invoke(NativeMethodAccessorImpl.java:62) ~[na:1.8.0_271]
	at sun.reflect.DelegatingMethodAccessorImpl.invoke(DelegatingMethodAccessorImpl.java:43) ~[na:1.8.0_271]
	at java.lang.reflect.Method.invoke(Method.java:498) ~[na:1.8.0_271]
	at org.gradle.internal.dispatch.ReflectionDispatch.dispatch(ReflectionDispatch.java:36) ~[na:na]
	at org.gradle.internal.dispatch.ReflectionDispatch.dispatch(ReflectionDispatch.java:24) ~[na:na]
	at org.gradle.internal.remote.internal.hub.MessageHubBackedObjectConnection$DispatchWrapper.dispatch(MessageHubBackedObjectConnection.java:182) ~[na:na]
	at org.gradle.internal.remote.internal.hub.MessageHubBackedObjectConnection$DispatchWrapper.dispatch(MessageHubBackedObjectConnection.java:164) ~[na:na]
	at org.gradle.internal.remote.internal.hub.MessageHub$Handler.run(MessageHub.java:412) ~[na:na]
	at org.gradle.internal.concurrent.ExecutorPolicy$CatchAndRecordFailures.onExecute(ExecutorPolicy.java:64) ~[na:na]
	at org.gradle.internal.concurrent.ManagedExecutorImpl$1.run(ManagedExecutorImpl.java:48) ~[na:na]
	at java.util.concurrent.ThreadPoolExecutor.runWorker(ThreadPoolExecutor.java:1149) ~[na:1.8.0_271]
	at java.util.concurrent.ThreadPoolExecutor$Worker.run(ThreadPoolExecutor.java:624) ~[na:1.8.0_271]
	at org.gradle.internal.concurrent.ThreadFactoryImpl$ManagedThreadRunnable.run(ThreadFactoryImpl.java:56) ~[na:na]
	at java.lang.Thread.run(Thread.java:748) ~[na:1.8.0_271]
Caused by: java.net.ConnectException: Connection refused: connect
	at java.net.DualStackPlainSocketImpl.waitForConnect(Native Method) ~[na:1.8.0_271]
	at java.net.DualStackPlainSocketImpl.socketConnect(DualStackPlainSocketImpl.java:81) ~[na:1.8.0_271]
	at java.net.AbstractPlainSocketImpl.doConnect(AbstractPlainSocketImpl.java:476) ~[na:1.8.0_271]
	at java.net.AbstractPlainSocketImpl.connectToAddress(AbstractPlainSocketImpl.java:218) ~[na:1.8.0_271]
	at java.net.AbstractPlainSocketImpl.connect(AbstractPlainSocketImpl.java:200) ~[na:1.8.0_271]
	at java.net.PlainSocketImpl.connect(PlainSocketImpl.java:162) ~[na:1.8.0_271]
	at java.net.SocksSocketImpl.connect(SocksSocketImpl.java:394) ~[na:1.8.0_271]
	at java.net.Socket.connect(Socket.java:606) ~[na:1.8.0_271]
	at org.apache.http.conn.scheme.PlainSocketFactory.connectSocket(PlainSocketFactory.java:121) ~[httpclient-4.5.12.jar:4.5.12]
	at org.apache.http.impl.conn.DefaultClientConnectionOperator.openConnection(DefaultClientConnectionOperator.java:180) ~[httpclient-4.5.12.jar:4.5.12]
	at org.apache.http.impl.conn.AbstractPoolEntry.open(AbstractPoolEntry.java:144) ~[httpclient-4.5.12.jar:4.5.12]
	at org.apache.http.impl.conn.AbstractPooledConnAdapter.open(AbstractPooledConnAdapter.java:134) ~[httpclient-4.5.12.jar:4.5.12]
	at org.apache.http.impl.client.DefaultRequestDirector.tryConnect(DefaultRequestDirector.java:605) ~[httpclient-4.5.12.jar:4.5.12]
	at org.apache.http.impl.client.DefaultRequestDirector.execute(DefaultRequestDirector.java:440) ~[httpclient-4.5.12.jar:4.5.12]
	at org.apache.http.impl.client.AbstractHttpClient.doExecute(AbstractHttpClient.java:835) ~[httpclient-4.5.12.jar:4.5.12]
	at org.apache.http.impl.client.CloseableHttpClient.execute(CloseableHttpClient.java:118) ~[httpclient-4.5.12.jar:4.5.12]
	at org.apache.http.impl.client.CloseableHttpClient.execute(CloseableHttpClient.java:56) ~[httpclient-4.5.12.jar:4.5.12]
	at com.sun.jersey.client.apache4.ApacheHttpClient4Handler.handle(ApacheHttpClient4Handler.java:173) ~[jersey-apache-client4-1.19.1.jar:1.19.1]
	... 154 common frames omitted

2022-06-29 01:12:16.383  WARN 2724 --- [    Test worker] c.n.d.s.t.d.RetryableEurekaHttpClient    : Request execution failed with message: java.net.ConnectException: Connection refused: connect
2022-06-29 01:12:16.383 ERROR 2724 --- [    Test worker] com.netflix.discovery.DiscoveryClient    : DiscoveryClient_INSURANCE-COMPANY-COMPOSITE/host.docker.internal:insurance-company-composite:0 - was unable to refresh its cache! status = Cannot execute request on any known server

com.netflix.discovery.shared.transport.TransportException: Cannot execute request on any known server
	at com.netflix.discovery.shared.transport.decorator.RetryableEurekaHttpClient.execute(RetryableEurekaHttpClient.java:112) ~[eureka-client-1.9.21.jar:1.9.21]
	at com.netflix.discovery.shared.transport.decorator.EurekaHttpClientDecorator.getApplications(EurekaHttpClientDecorator.java:134) ~[eureka-client-1.9.21.jar:1.9.21]
	at com.netflix.discovery.shared.transport.decorator.EurekaHttpClientDecorator$6.execute(EurekaHttpClientDecorator.java:137) ~[eureka-client-1.9.21.jar:1.9.21]
	at com.netflix.discovery.shared.transport.decorator.SessionedEurekaHttpClient.execute(SessionedEurekaHttpClient.java:77) ~[eureka-client-1.9.21.jar:1.9.21]
	at com.netflix.discovery.shared.transport.decorator.EurekaHttpClientDecorator.getApplications(EurekaHttpClientDecorator.java:134) ~[eureka-client-1.9.21.jar:1.9.21]
	at com.netflix.discovery.DiscoveryClient.getAndStoreFullRegistry(DiscoveryClient.java:1081) [eureka-client-1.9.21.jar:1.9.21]
	at com.netflix.discovery.DiscoveryClient.fetchRegistry(DiscoveryClient.java:995) [eureka-client-1.9.21.jar:1.9.21]
	at com.netflix.discovery.DiscoveryClient.<init>(DiscoveryClient.java:438) [eureka-client-1.9.21.jar:1.9.21]
	at com.netflix.discovery.DiscoveryClient.<init>(DiscoveryClient.java:282) [eureka-client-1.9.21.jar:1.9.21]
	at com.netflix.discovery.DiscoveryClient.<init>(DiscoveryClient.java:278) [eureka-client-1.9.21.jar:1.9.21]
	at org.springframework.cloud.netflix.eureka.CloudEurekaClient.<init>(CloudEurekaClient.java:67) [spring-cloud-netflix-eureka-client-2.2.3.RELEASE.jar:2.2.3.RELEASE]
	at org.springframework.cloud.netflix.eureka.EurekaClientAutoConfiguration$RefreshableEurekaClientConfiguration.eurekaClient(EurekaClientAutoConfiguration.java:316) [spring-cloud-netflix-eureka-client-2.2.3.RELEASE.jar:2.2.3.RELEASE]
	at sun.reflect.NativeMethodAccessorImpl.invoke0(Native Method) ~[na:1.8.0_271]
	at sun.reflect.NativeMethodAccessorImpl.invoke(NativeMethodAccessorImpl.java:62) ~[na:1.8.0_271]
	at sun.reflect.DelegatingMethodAccessorImpl.invoke(DelegatingMethodAccessorImpl.java:43) ~[na:1.8.0_271]
	at java.lang.reflect.Method.invoke(Method.java:498) ~[na:1.8.0_271]
	at org.springframework.beans.factory.support.SimpleInstantiationStrategy.instantiate(SimpleInstantiationStrategy.java:154) [spring-beans-5.2.8.RELEASE.jar:5.2.8.RELEASE]
	at org.springframework.beans.factory.support.ConstructorResolver.instantiate(ConstructorResolver.java:650) [spring-beans-5.2.8.RELEASE.jar:5.2.8.RELEASE]
	at org.springframework.beans.factory.support.ConstructorResolver.instantiateUsingFactoryMethod(ConstructorResolver.java:635) [spring-beans-5.2.8.RELEASE.jar:5.2.8.RELEASE]
	at org.springframework.beans.factory.support.AbstractAutowireCapableBeanFactory.instantiateUsingFactoryMethod(AbstractAutowireCapableBeanFactory.java:1336) [spring-beans-5.2.8.RELEASE.jar:5.2.8.RELEASE]
	at org.springframework.beans.factory.support.AbstractAutowireCapableBeanFactory.createBeanInstance(AbstractAutowireCapableBeanFactory.java:1176) [spring-beans-5.2.8.RELEASE.jar:5.2.8.RELEASE]
	at org.springframework.beans.factory.support.AbstractAutowireCapableBeanFactory.doCreateBean(AbstractAutowireCapableBeanFactory.java:556) [spring-beans-5.2.8.RELEASE.jar:5.2.8.RELEASE]
	at org.springframework.beans.factory.support.AbstractAutowireCapableBeanFactory.createBean(AbstractAutowireCapableBeanFactory.java:516) [spring-beans-5.2.8.RELEASE.jar:5.2.8.RELEASE]
	at org.springframework.beans.factory.support.AbstractBeanFactory.lambda$doGetBean$1(AbstractBeanFactory.java:363) [spring-beans-5.2.8.RELEASE.jar:5.2.8.RELEASE]
	at org.springframework.cloud.context.scope.GenericScope$BeanLifecycleWrapper.getBean(GenericScope.java:389) ~[spring-cloud-context-2.2.3.RELEASE.jar:2.2.3.RELEASE]
	at org.springframework.cloud.context.scope.GenericScope.get(GenericScope.java:186) ~[spring-cloud-context-2.2.3.RELEASE.jar:2.2.3.RELEASE]
	at org.springframework.beans.factory.support.AbstractBeanFactory.doGetBean(AbstractBeanFactory.java:360) [spring-beans-5.2.8.RELEASE.jar:5.2.8.RELEASE]
	at org.springframework.beans.factory.support.AbstractBeanFactory.getBean(AbstractBeanFactory.java:202) [spring-beans-5.2.8.RELEASE.jar:5.2.8.RELEASE]
	at org.springframework.aop.target.SimpleBeanTargetSource.getTarget(SimpleBeanTargetSource.java:35) ~[spring-aop-5.2.8.RELEASE.jar:5.2.8.RELEASE]
	at org.springframework.cloud.netflix.eureka.serviceregistry.EurekaRegistration.getTargetObject(EurekaRegistration.java:129) ~[spring-cloud-netflix-eureka-client-2.2.3.RELEASE.jar:2.2.3.RELEASE]
	at org.springframework.cloud.netflix.eureka.serviceregistry.EurekaRegistration.getEurekaClient(EurekaRegistration.java:117) ~[spring-cloud-netflix-eureka-client-2.2.3.RELEASE.jar:2.2.3.RELEASE]
	at sun.reflect.NativeMethodAccessorImpl.invoke0(Native Method) ~[na:1.8.0_271]
	at sun.reflect.NativeMethodAccessorImpl.invoke(NativeMethodAccessorImpl.java:62) ~[na:1.8.0_271]
	at sun.reflect.DelegatingMethodAccessorImpl.invoke(DelegatingMethodAccessorImpl.java:43) ~[na:1.8.0_271]
	at java.lang.reflect.Method.invoke(Method.java:498) ~[na:1.8.0_271]
	at org.springframework.util.ReflectionUtils.invokeMethod(ReflectionUtils.java:282) ~[spring-core-5.2.8.RELEASE.jar:5.2.8.RELEASE]
	at org.springframework.cloud.context.scope.GenericScope$LockedScopedProxyFactoryBean.invoke(GenericScope.java:499) ~[spring-cloud-context-2.2.3.RELEASE.jar:2.2.3.RELEASE]
	at org.springframework.aop.framework.ReflectiveMethodInvocation.proceed(ReflectiveMethodInvocation.java:186) ~[spring-aop-5.2.8.RELEASE.jar:5.2.8.RELEASE]
	at org.springframework.aop.framework.CglibAopProxy$CglibMethodInvocation.proceed(CglibAopProxy.java:749) ~[spring-aop-5.2.8.RELEASE.jar:5.2.8.RELEASE]
	at org.springframework.aop.framework.CglibAopProxy$DynamicAdvisedInterceptor.intercept(CglibAopProxy.java:691) ~[spring-aop-5.2.8.RELEASE.jar:5.2.8.RELEASE]
	at org.springframework.cloud.netflix.eureka.serviceregistry.EurekaRegistration$$EnhancerBySpringCGLIB$$6f7364d0.getEurekaClient(<generated>) ~[spring-cloud-netflix-eureka-client-2.2.3.RELEASE.jar:2.2.3.RELEASE]
	at org.springframework.cloud.netflix.eureka.serviceregistry.EurekaServiceRegistry.maybeInitializeClient(EurekaServiceRegistry.java:57) ~[spring-cloud-netflix-eureka-client-2.2.3.RELEASE.jar:2.2.3.RELEASE]
	at org.springframework.cloud.netflix.eureka.serviceregistry.EurekaServiceRegistry.register(EurekaServiceRegistry.java:38) ~[spring-cloud-netflix-eureka-client-2.2.3.RELEASE.jar:2.2.3.RELEASE]
	at org.springframework.cloud.netflix.eureka.serviceregistry.EurekaAutoServiceRegistration.start(EurekaAutoServiceRegistration.java:83) ~[spring-cloud-netflix-eureka-client-2.2.3.RELEASE.jar:2.2.3.RELEASE]
	at org.springframework.cloud.netflix.eureka.serviceregistry.EurekaAutoServiceRegistration.onApplicationEvent(EurekaAutoServiceRegistration.java:147) ~[spring-cloud-netflix-eureka-client-2.2.3.RELEASE.jar:2.2.3.RELEASE]
	at org.springframework.cloud.netflix.eureka.serviceregistry.EurekaAutoServiceRegistration.onApplicationEvent(EurekaAutoServiceRegistration.java:132) ~[spring-cloud-netflix-eureka-client-2.2.3.RELEASE.jar:2.2.3.RELEASE]
	at org.springframework.context.event.SimpleApplicationEventMulticaster.doInvokeListener(SimpleApplicationEventMulticaster.java:172) ~[spring-context-5.2.8.RELEASE.jar:5.2.8.RELEASE]
	at org.springframework.context.event.SimpleApplicationEventMulticaster.invokeListener(SimpleApplicationEventMulticaster.java:165) ~[spring-context-5.2.8.RELEASE.jar:5.2.8.RELEASE]
	at org.springframework.context.event.SimpleApplicationEventMulticaster.multicastEvent(SimpleApplicationEventMulticaster.java:139) ~[spring-context-5.2.8.RELEASE.jar:5.2.8.RELEASE]
	at org.springframework.context.support.AbstractApplicationContext.publishEvent(AbstractApplicationContext.java:404) ~[spring-context-5.2.8.RELEASE.jar:5.2.8.RELEASE]
	at org.springframework.context.support.AbstractApplicationContext.publishEvent(AbstractApplicationContext.java:361) ~[spring-context-5.2.8.RELEASE.jar:5.2.8.RELEASE]
	at org.springframework.boot.web.reactive.context.WebServerManager.start(WebServerManager.java:56) ~[spring-boot-2.3.2.RELEASE.jar:2.3.2.RELEASE]
	at org.springframework.boot.web.reactive.context.WebServerStartStopLifecycle.start(WebServerStartStopLifecycle.java:40) ~[spring-boot-2.3.2.RELEASE.jar:2.3.2.RELEASE]
	at org.springframework.context.support.DefaultLifecycleProcessor.doStart(DefaultLifecycleProcessor.java:182) ~[spring-context-5.2.8.RELEASE.jar:5.2.8.RELEASE]
	at org.springframework.context.support.DefaultLifecycleProcessor.access$200(DefaultLifecycleProcessor.java:53) ~[spring-context-5.2.8.RELEASE.jar:5.2.8.RELEASE]
	at org.springframework.context.support.DefaultLifecycleProcessor$LifecycleGroup.start(DefaultLifecycleProcessor.java:360) ~[spring-context-5.2.8.RELEASE.jar:5.2.8.RELEASE]
	at org.springframework.context.support.DefaultLifecycleProcessor.startBeans(DefaultLifecycleProcessor.java:158) ~[spring-context-5.2.8.RELEASE.jar:5.2.8.RELEASE]
	at org.springframework.context.support.DefaultLifecycleProcessor.onRefresh(DefaultLifecycleProcessor.java:122) ~[spring-context-5.2.8.RELEASE.jar:5.2.8.RELEASE]
	at org.springframework.context.support.AbstractApplicationContext.finishRefresh(AbstractApplicationContext.java:895) ~[spring-context-5.2.8.RELEASE.jar:5.2.8.RELEASE]
	at org.springframework.context.support.AbstractApplicationContext.refresh(AbstractApplicationContext.java:554) ~[spring-context-5.2.8.RELEASE.jar:5.2.8.RELEASE]
	at org.springframework.boot.web.reactive.context.ReactiveWebServerApplicationContext.refresh(ReactiveWebServerApplicationContext.java:62) ~[spring-boot-2.3.2.RELEASE.jar:2.3.2.RELEASE]
	at org.springframework.boot.SpringApplication.refresh(SpringApplication.java:758) ~[spring-boot-2.3.2.RELEASE.jar:2.3.2.RELEASE]
	at org.springframework.boot.SpringApplication.refresh(SpringApplication.java:750) ~[spring-boot-2.3.2.RELEASE.jar:2.3.2.RELEASE]
	at org.springframework.boot.SpringApplication.refreshContext(SpringApplication.java:397) ~[spring-boot-2.3.2.RELEASE.jar:2.3.2.RELEASE]
	at org.springframework.boot.SpringApplication.run(SpringApplication.java:315) ~[spring-boot-2.3.2.RELEASE.jar:2.3.2.RELEASE]
	at org.springframework.boot.test.context.SpringBootContextLoader.loadContext(SpringBootContextLoader.java:120) ~[spring-boot-test-2.3.2.RELEASE.jar:2.3.2.RELEASE]
	at org.springframework.test.context.cache.DefaultCacheAwareContextLoaderDelegate.loadContextInternal(DefaultCacheAwareContextLoaderDelegate.java:99) ~[spring-test-5.2.8.RELEASE.jar:5.2.8.RELEASE]
	at org.springframework.test.context.cache.DefaultCacheAwareContextLoaderDelegate.loadContext(DefaultCacheAwareContextLoaderDelegate.java:124) ~[spring-test-5.2.8.RELEASE.jar:5.2.8.RELEASE]
	at org.springframework.test.context.support.DefaultTestContext.getApplicationContext(DefaultTestContext.java:123) ~[spring-test-5.2.8.RELEASE.jar:5.2.8.RELEASE]
	at org.springframework.boot.test.mock.mockito.MockitoTestExecutionListener.postProcessFields(MockitoTestExecutionListener.java:95) ~[spring-boot-test-2.3.2.RELEASE.jar:2.3.2.RELEASE]
	at org.springframework.boot.test.mock.mockito.MockitoTestExecutionListener.injectFields(MockitoTestExecutionListener.java:79) ~[spring-boot-test-2.3.2.RELEASE.jar:2.3.2.RELEASE]
	at org.springframework.boot.test.mock.mockito.MockitoTestExecutionListener.prepareTestInstance(MockitoTestExecutionListener.java:54) ~[spring-boot-test-2.3.2.RELEASE.jar:2.3.2.RELEASE]
	at org.springframework.test.context.TestContextManager.prepareTestInstance(TestContextManager.java:244) ~[spring-test-5.2.8.RELEASE.jar:5.2.8.RELEASE]
	at org.springframework.test.context.junit4.SpringJUnit4ClassRunner.createTest(SpringJUnit4ClassRunner.java:227) ~[spring-test-5.2.8.RELEASE.jar:5.2.8.RELEASE]
	at org.springframework.test.context.junit4.SpringJUnit4ClassRunner$1.runReflectiveCall(SpringJUnit4ClassRunner.java:289) ~[spring-test-5.2.8.RELEASE.jar:5.2.8.RELEASE]
	at org.junit.internal.runners.model.ReflectiveCallable.run(ReflectiveCallable.java:12) ~[junit-4.13.jar:4.13]
	at org.springframework.test.context.junit4.SpringJUnit4ClassRunner.methodBlock(SpringJUnit4ClassRunner.java:291) ~[spring-test-5.2.8.RELEASE.jar:5.2.8.RELEASE]
	at org.springframework.test.context.junit4.SpringJUnit4ClassRunner.runChild(SpringJUnit4ClassRunner.java:246) ~[spring-test-5.2.8.RELEASE.jar:5.2.8.RELEASE]
	at org.springframework.test.context.junit4.SpringJUnit4ClassRunner.runChild(SpringJUnit4ClassRunner.java:97) ~[spring-test-5.2.8.RELEASE.jar:5.2.8.RELEASE]
	at org.junit.runners.ParentRunner$4.run(ParentRunner.java:331) ~[junit-4.13.jar:4.13]
	at org.junit.runners.ParentRunner$1.schedule(ParentRunner.java:79) ~[junit-4.13.jar:4.13]
	at org.junit.runners.ParentRunner.runChildren(ParentRunner.java:329) ~[junit-4.13.jar:4.13]
	at org.junit.runners.ParentRunner.access$100(ParentRunner.java:66) ~[junit-4.13.jar:4.13]
	at org.junit.runners.ParentRunner$2.evaluate(ParentRunner.java:293) ~[junit-4.13.jar:4.13]
	at org.springframework.test.context.junit4.statements.RunBeforeTestClassCallbacks.evaluate(RunBeforeTestClassCallbacks.java:61) ~[spring-test-5.2.8.RELEASE.jar:5.2.8.RELEASE]
	at org.springframework.test.context.junit4.statements.RunAfterTestClassCallbacks.evaluate(RunAfterTestClassCallbacks.java:70) ~[spring-test-5.2.8.RELEASE.jar:5.2.8.RELEASE]
	at org.junit.runners.ParentRunner$3.evaluate(ParentRunner.java:306) ~[junit-4.13.jar:4.13]
	at org.junit.runners.ParentRunner.run(ParentRunner.java:413) ~[junit-4.13.jar:4.13]
	at org.springframework.test.context.junit4.SpringJUnit4ClassRunner.run(SpringJUnit4ClassRunner.java:190) ~[spring-test-5.2.8.RELEASE.jar:5.2.8.RELEASE]
	at org.junit.runner.JUnitCore.run(JUnitCore.java:137) ~[junit-4.13.jar:4.13]
	at org.junit.runner.JUnitCore.run(JUnitCore.java:115) ~[junit-4.13.jar:4.13]
	at org.junit.vintage.engine.execution.RunnerExecutor.execute(RunnerExecutor.java:43) ~[junit-vintage-engine-5.6.2.jar:5.6.2]
	at java.util.stream.ForEachOps$ForEachOp$OfRef.accept(ForEachOps.java:184) ~[na:1.8.0_271]
	at java.util.stream.ReferencePipeline$3$1.accept(ReferencePipeline.java:193) ~[na:1.8.0_271]
	at java.util.Iterator.forEachRemaining(Iterator.java:116) ~[na:1.8.0_271]
	at java.util.Spliterators$IteratorSpliterator.forEachRemaining(Spliterators.java:1801) ~[na:1.8.0_271]
	at java.util.stream.AbstractPipeline.copyInto(AbstractPipeline.java:482) ~[na:1.8.0_271]
	at java.util.stream.AbstractPipeline.wrapAndCopyInto(AbstractPipeline.java:472) ~[na:1.8.0_271]
	at java.util.stream.ForEachOps$ForEachOp.evaluateSequential(ForEachOps.java:151) ~[na:1.8.0_271]
	at java.util.stream.ForEachOps$ForEachOp$OfRef.evaluateSequential(ForEachOps.java:174) ~[na:1.8.0_271]
	at java.util.stream.AbstractPipeline.evaluate(AbstractPipeline.java:234) ~[na:1.8.0_271]
	at java.util.stream.ReferencePipeline.forEach(ReferencePipeline.java:418) ~[na:1.8.0_271]
	at org.junit.vintage.engine.VintageTestEngine.executeAllChildren(VintageTestEngine.java:82) ~[junit-vintage-engine-5.6.2.jar:5.6.2]
	at org.junit.vintage.engine.VintageTestEngine.execute(VintageTestEngine.java:73) ~[junit-vintage-engine-5.6.2.jar:5.6.2]
	at org.junit.platform.launcher.core.DefaultLauncher.execute(DefaultLauncher.java:220) ~[na:na]
	at org.junit.platform.launcher.core.DefaultLauncher.lambda$execute$6(DefaultLauncher.java:188) ~[na:na]
	at org.junit.platform.launcher.core.DefaultLauncher.withInterceptedStreams(DefaultLauncher.java:202) ~[na:na]
	at org.junit.platform.launcher.core.DefaultLauncher.execute(DefaultLauncher.java:181) ~[na:na]
	at org.junit.platform.launcher.core.DefaultLauncher.execute(DefaultLauncher.java:128) ~[na:na]
	at org.gradle.api.internal.tasks.testing.junitplatform.JUnitPlatformTestClassProcessor$CollectAllTestClassesExecutor.processAllTestClasses(JUnitPlatformTestClassProcessor.java:102) ~[na:na]
	at org.gradle.api.internal.tasks.testing.junitplatform.JUnitPlatformTestClassProcessor$CollectAllTestClassesExecutor.access$000(JUnitPlatformTestClassProcessor.java:82) ~[na:na]
	at org.gradle.api.internal.tasks.testing.junitplatform.JUnitPlatformTestClassProcessor.stop(JUnitPlatformTestClassProcessor.java:78) ~[na:na]
	at org.gradle.api.internal.tasks.testing.SuiteTestClassProcessor.stop(SuiteTestClassProcessor.java:61) ~[na:na]
	at sun.reflect.NativeMethodAccessorImpl.invoke0(Native Method) ~[na:1.8.0_271]
	at sun.reflect.NativeMethodAccessorImpl.invoke(NativeMethodAccessorImpl.java:62) ~[na:1.8.0_271]
	at sun.reflect.DelegatingMethodAccessorImpl.invoke(DelegatingMethodAccessorImpl.java:43) ~[na:1.8.0_271]
	at java.lang.reflect.Method.invoke(Method.java:498) ~[na:1.8.0_271]
	at org.gradle.internal.dispatch.ReflectionDispatch.dispatch(ReflectionDispatch.java:36) ~[na:na]
	at org.gradle.internal.dispatch.ReflectionDispatch.dispatch(ReflectionDispatch.java:24) ~[na:na]
	at org.gradle.internal.dispatch.ContextClassLoaderDispatch.dispatch(ContextClassLoaderDispatch.java:33) ~[na:na]
	at org.gradle.internal.dispatch.ProxyDispatchAdapter$DispatchingInvocationHandler.invoke(ProxyDispatchAdapter.java:94) ~[na:na]
	at com.sun.proxy.$Proxy2.stop(Unknown Source) ~[na:na]
	at org.gradle.api.internal.tasks.testing.worker.TestWorker.stop(TestWorker.java:132) ~[na:na]
	at sun.reflect.NativeMethodAccessorImpl.invoke0(Native Method) ~[na:1.8.0_271]
	at sun.reflect.NativeMethodAccessorImpl.invoke(NativeMethodAccessorImpl.java:62) ~[na:1.8.0_271]
	at sun.reflect.DelegatingMethodAccessorImpl.invoke(DelegatingMethodAccessorImpl.java:43) ~[na:1.8.0_271]
	at java.lang.reflect.Method.invoke(Method.java:498) ~[na:1.8.0_271]
	at org.gradle.internal.dispatch.ReflectionDispatch.dispatch(ReflectionDispatch.java:36) ~[na:na]
	at org.gradle.internal.dispatch.ReflectionDispatch.dispatch(ReflectionDispatch.java:24) ~[na:na]
	at org.gradle.internal.remote.internal.hub.MessageHubBackedObjectConnection$DispatchWrapper.dispatch(MessageHubBackedObjectConnection.java:182) ~[na:na]
	at org.gradle.internal.remote.internal.hub.MessageHubBackedObjectConnection$DispatchWrapper.dispatch(MessageHubBackedObjectConnection.java:164) ~[na:na]
	at org.gradle.internal.remote.internal.hub.MessageHub$Handler.run(MessageHub.java:412) ~[na:na]
	at org.gradle.internal.concurrent.ExecutorPolicy$CatchAndRecordFailures.onExecute(ExecutorPolicy.java:64) ~[na:na]
	at org.gradle.internal.concurrent.ManagedExecutorImpl$1.run(ManagedExecutorImpl.java:48) ~[na:na]
	at java.util.concurrent.ThreadPoolExecutor.runWorker(ThreadPoolExecutor.java:1149) ~[na:1.8.0_271]
	at java.util.concurrent.ThreadPoolExecutor$Worker.run(ThreadPoolExecutor.java:624) ~[na:1.8.0_271]
	at org.gradle.internal.concurrent.ThreadFactoryImpl$ManagedThreadRunnable.run(ThreadFactoryImpl.java:56) ~[na:na]
	at java.lang.Thread.run(Thread.java:748) ~[na:1.8.0_271]

2022-06-29 01:12:16.383  WARN 2724 --- [    Test worker] com.netflix.discovery.DiscoveryClient    : Using default backup registry implementation which does not do anything.
2022-06-29 01:12:16.399  INFO 2724 --- [    Test worker] com.netflix.discovery.DiscoveryClient    : Starting heartbeat executor: renew interval is: 5
2022-06-29 01:12:16.399  INFO 2724 --- [    Test worker] c.n.discovery.InstanceInfoReplicator     : InstanceInfoReplicator onDemand update allowed rate per min is 4
2022-06-29 01:12:16.399  INFO 2724 --- [    Test worker] com.netflix.discovery.DiscoveryClient    : Discovery Client initialized at timestamp 1656457936399 with initial instances count: 0
2022-06-29 01:12:16.415  INFO 2724 --- [    Test worker] o.s.c.n.e.s.EurekaServiceRegistry        : Registering application INSURANCE-COMPANY-COMPOSITE with eureka with status UP
2022-06-29 01:12:16.431  INFO 2724 --- [    Test worker] com.netflix.discovery.DiscoveryClient    : Saw local status change event StatusChangeEvent [timestamp=1656457936431, current=UP, previous=STARTING]
2022-06-29 01:12:16.431  INFO 2724 --- [nfoReplicator-0] com.netflix.discovery.DiscoveryClient    : DiscoveryClient_INSURANCE-COMPANY-COMPOSITE/host.docker.internal:insurance-company-composite:0: registering service...
2022-06-29 01:12:17.539  INFO 2724 --- [    Test worker] eCompanyCompositeServiceApplicationTests : Started InsuranceCompanyCompositeServiceApplicationTests in 20.041 seconds (JVM running for 21.898)
2022-06-29 01:12:17.997 DEBUG 2724 --- [ctor-http-nio-3] s.m.u.h.GlobalControllerExceptionHandler : Returning HTTP status: 404 NOT_FOUND for path: /insurance-company-composite/13, message: NOT FOUND: 13
2022-06-29 01:12:18.190  INFO 2724 --- [ctor-http-nio-3] reactor.Mono.PeekTerminal.1              : | onSubscribe([Fuseable] MonoPeekTerminal.MonoTerminalPeekSubscriber)
2022-06-29 01:12:18.195  INFO 2724 --- [ctor-http-nio-3] reactor.Mono.PeekTerminal.1              : | request(unbounded)
2022-06-29 01:12:18.195  INFO 2724 --- [ctor-http-nio-3] reactor.Mono.PeekTerminal.1              : | onNext(se.magnus.api.composite.insuranceCompany.InsuranceCompanyAggregate@6831fce5)
2022-06-29 01:12:18.195  INFO 2724 --- [ctor-http-nio-3] reactor.Mono.PeekTerminal.1              : | onComplete()
2022-06-29 01:12:18.227 DEBUG 2724 --- [ctor-http-nio-3] s.m.u.h.GlobalControllerExceptionHandler : Returning HTTP status: 422 UNPROCESSABLE_ENTITY for path: /insurance-company-composite/-1, message: INVALID: -1
]]></system-out>
  <system-err><![CDATA[]]></system-err>
</testsuite>
