<?xml version="1.0" encoding="UTF-8"?>
<testsuite name="se.magnus.microservices.composite.insurancecompany.MessagingTests" tests="3" skipped="0" failures="0" errors="0" timestamp="2022-06-27T21:12:06" hostname="DESKTOP-HJGV6OB" time="0.266">
  <properties/>
  <testcase name="deleteCompositeInsuranceCompany" classname="se.magnus.microservices.composite.insurancecompany.MessagingTests" time="0.113"/>
  <testcase name="createCompositeInsuranceCompany1" classname="se.magnus.microservices.composite.insurancecompany.MessagingTests" time="0.087"/>
  <testcase name="createCompositeInsuranceCompany2" classname="se.magnus.microservices.composite.insurancecompany.MessagingTests" time="0.064"/>
  <system-out><![CDATA[
  .   ____          _            __ _ _
 /\\ / ___'_ __ _ _(_)_ __  __ _ \ \ \ \
( ( )\___ | '_ | '_| | '_ \/ _` | \ \ \ \
 \\/  ___)| |_)| | | | | || (_| |  ) ) ) )
  '  |____| .__|_| |_|_| |_\__, | / / / /
 =========|_|==============|___/=/_/_/_/
 :: Spring Boot ::        (v2.3.2.RELEASE)

2022-06-27 23:12:03.372  INFO 656 --- [    Test worker] s.m.m.c.insurancecompany.MessagingTests  : Starting MessagingTests on DESKTOP-HJGV6OB with PID 656 (started by user in C:\Users\user\git\InsuranceCompanyMicroservices_DIS\DIS_projekat\microservices\insurance-company-composite-service)
2022-06-27 23:12:03.372 DEBUG 656 --- [    Test worker] s.m.m.c.insurancecompany.MessagingTests  : Running with Spring Boot v2.3.2.RELEASE, Spring v5.2.8.RELEASE
2022-06-27 23:12:03.372  INFO 656 --- [    Test worker] s.m.m.c.insurancecompany.MessagingTests  : No active profile set, falling back to default profiles: default
2022-06-27 23:12:04.074  INFO 656 --- [    Test worker] faultConfiguringBeanFactoryPostProcessor : No bean named 'errorChannel' has been explicitly defined. Therefore, a default PublishSubscribeChannel will be created.
2022-06-27 23:12:04.074  INFO 656 --- [    Test worker] faultConfiguringBeanFactoryPostProcessor : No bean named 'taskScheduler' has been explicitly defined. Therefore, a default ThreadPoolTaskScheduler will be created.
2022-06-27 23:12:04.089  INFO 656 --- [    Test worker] faultConfiguringBeanFactoryPostProcessor : No bean named 'integrationHeaderChannelRegistry' has been explicitly defined. Therefore, a default DefaultHeaderChannelRegistry will be created.
2022-06-27 23:12:04.153  INFO 656 --- [    Test worker] trationDelegate$BeanPostProcessorChecker : Bean 'integrationChannelResolver' of type [org.springframework.integration.support.channel.BeanFactoryChannelResolver] is not eligible for getting processed by all BeanPostProcessors (for example: not eligible for auto-proxying)
2022-06-27 23:12:04.153  INFO 656 --- [    Test worker] trationDelegate$BeanPostProcessorChecker : Bean 'integrationDisposableAutoCreatedBeans' of type [org.springframework.integration.config.annotation.Disposables] is not eligible for getting processed by all BeanPostProcessors (for example: not eligible for auto-proxying)
2022-06-27 23:12:04.184  INFO 656 --- [    Test worker] trationDelegate$BeanPostProcessorChecker : Bean 'org.springframework.integration.config.IntegrationManagementConfiguration' of type [org.springframework.integration.config.IntegrationManagementConfiguration] is not eligible for getting processed by all BeanPostProcessors (for example: not eligible for auto-proxying)
2022-06-27 23:12:05.369  INFO 656 --- [    Test worker] o.s.s.c.ThreadPoolTaskScheduler          : Initializing ExecutorService 'taskScheduler'
2022-06-27 23:12:05.428  INFO 656 --- [    Test worker] o.s.b.a.e.web.EndpointLinksResolver      : Exposing 16 endpoint(s) beneath base path '/actuator'
2022-06-27 23:12:06.015  INFO 656 --- [    Test worker] onConfiguration$FunctionBindingRegistrar : Functional binding is disabled due to the presense of @EnableBinding annotation in your configuration
2022-06-27 23:12:06.492  INFO 656 --- [    Test worker] o.s.i.endpoint.EventDrivenConsumer       : Adding {logging-channel-adapter:_org.springframework.integration.errorLogger} as a subscriber to the 'errorChannel' channel
2022-06-27 23:12:06.492  INFO 656 --- [    Test worker] o.s.i.channel.PublishSubscribeChannel    : Channel 'application.errorChannel' has 1 subscriber(s).
2022-06-27 23:12:06.492  INFO 656 --- [    Test worker] o.s.i.endpoint.EventDrivenConsumer       : started bean '_org.springframework.integration.errorLogger'
2022-06-27 23:12:06.492  INFO 656 --- [    Test worker] o.s.c.s.m.DirectWithAttributesChannel    : Channel 'application.output-employees' has 1 subscriber(s).
2022-06-27 23:12:06.492  INFO 656 --- [    Test worker] o.s.c.s.m.DirectWithAttributesChannel    : Channel 'application.output-insurance-companies' has 1 subscriber(s).
2022-06-27 23:12:06.492  INFO 656 --- [    Test worker] o.s.c.s.m.DirectWithAttributesChannel    : Channel 'application.output-transactions' has 1 subscriber(s).
2022-06-27 23:12:06.492  INFO 656 --- [    Test worker] o.s.c.s.m.DirectWithAttributesChannel    : Channel 'application.output-insurance-offers' has 1 subscriber(s).
2022-06-27 23:12:06.492  INFO 656 --- [    Test worker] o.s.b.web.embedded.netty.NettyWebServer  : Netty started on port(s): 65523
2022-06-27 23:12:06.602  INFO 656 --- [    Test worker] s.m.m.c.insurancecompany.MessagingTests  : Started MessagingTests in 3.291 seconds (JVM running for 15.917)
2022-06-27 23:12:06.618 DEBUG 656 --- [ctor-http-nio-6] i.s.InsuranceCompanyCompositeServiceImpl : deleteCompositeInsuranceCompany: Deletes a insurance company aggregate for insuranceCompanyId: 1
2022-06-27 23:12:06.640 DEBUG 656 --- [ctor-http-nio-6] i.s.InsuranceCompanyCompositeServiceImpl : getCompositeInsuranceCompany: aggregate entities deleted for insuranceCompanyId: 1
2022-06-27 23:12:06.801 DEBUG 656 --- [ctor-http-nio-6] i.s.InsuranceCompanyCompositeServiceImpl : createCompositeInsuranceCompany: creates a new composite entity for insuranceCompanyId: 1
2022-06-27 23:12:06.801 DEBUG 656 --- [ctor-http-nio-6] i.s.InsuranceCompanyCompositeServiceImpl : createCompositeInsuranceCompany: composite entites created for insuranceCompanyId: 1
2022-06-27 23:12:06.833 DEBUG 656 --- [ctor-http-nio-6] i.s.InsuranceCompanyCompositeServiceImpl : createCompositeInsuranceCompany: creates a new composite entity for insuranceCompanyId: 1
2022-06-27 23:12:06.849 DEBUG 656 --- [ctor-http-nio-6] i.s.InsuranceCompanyCompositeServiceImpl : createCompositeInsuranceCompany: composite entites created for insuranceCompanyId: 1
]]></system-out>
  <system-err><![CDATA[]]></system-err>
</testsuite>
