<?xml version="1.0" encoding="UTF-8"?>
<testsuite name="se.magnus.microservices.core.transaction.PersistenceTests" tests="5" skipped="0" failures="0" errors="0" timestamp="2022-06-17T14:14:11" hostname="DESKTOP-HJGV6OB" time="0.84">
  <properties/>
  <testcase name="deleteTransaction" classname="se.magnus.microservices.core.transaction.PersistenceTests" time="0.7"/>
  <testcase name="optimisticLockError" classname="se.magnus.microservices.core.transaction.PersistenceTests" time="0.04"/>
  <testcase name="createTransaction" classname="se.magnus.microservices.core.transaction.PersistenceTests" time="0.031"/>
  <testcase name="getByInsuranceCompanyId" classname="se.magnus.microservices.core.transaction.PersistenceTests" time="0.036"/>
  <testcase name="updateTransaction" classname="se.magnus.microservices.core.transaction.PersistenceTests" time="0.029"/>
  <system-out><![CDATA[16:14:07.708 [Test worker] DEBUG org.springframework.test.annotation.ProfileValueUtils - Retrieved @ProfileValueSourceConfiguration [null] for test class [se.magnus.microservices.core.transaction.PersistenceTests]
16:14:07.708 [Test worker] DEBUG org.springframework.test.annotation.ProfileValueUtils - Retrieved ProfileValueSource type [class org.springframework.test.annotation.SystemProfileValueSource] for class [se.magnus.microservices.core.transaction.PersistenceTests]
16:14:07.708 [Test worker] DEBUG org.springframework.test.annotation.ProfileValueUtils - Retrieved @ProfileValueSourceConfiguration [null] for test class [se.magnus.microservices.core.transaction.PersistenceTests]
16:14:07.708 [Test worker] DEBUG org.springframework.test.annotation.ProfileValueUtils - Retrieved ProfileValueSource type [class org.springframework.test.annotation.SystemProfileValueSource] for class [se.magnus.microservices.core.transaction.PersistenceTests]
16:14:07.724 [Test worker] DEBUG org.springframework.test.context.support.AbstractDirtiesContextTestExecutionListener - Before test class: context [DefaultTestContext@34e6e8fa testClass = PersistenceTests, testInstance = [null], testMethod = [null], testException = [null], mergedContextConfiguration = [MergedContextConfiguration@929dfe4 testClass = PersistenceTests, locations = '{}', classes = '{class se.magnus.microservices.core.transaction.TransactionServiceApplication}', contextInitializerClasses = '[]', activeProfiles = '{}', propertySourceLocations = '{}', propertySourceProperties = '{org.springframework.boot.test.autoconfigure.orm.jpa.DataJpaTestContextBootstrapper=true}', contextCustomizers = set[org.springframework.boot.test.autoconfigure.OverrideAutoConfigurationContextCustomizerFactory$DisableAutoConfigurationContextCustomizer@10bab908, org.springframework.boot.test.autoconfigure.filter.TypeExcludeFiltersContextCustomizer@351584c0, org.springframework.boot.test.autoconfigure.properties.PropertyMappingContextCustomizer@1b39b952, org.springframework.boot.test.autoconfigure.web.servlet.WebDriverContextCustomizerFactory$Customizer@7cc8f49d, [ImportsContextCustomizer@180a551a key = [org.springframework.boot.autoconfigure.cache.CacheAutoConfiguration, org.springframework.boot.autoconfigure.data.jpa.JpaRepositoriesAutoConfiguration, org.springframework.boot.autoconfigure.flyway.FlywayAutoConfiguration, org.springframework.boot.autoconfigure.jdbc.DataSourceAutoConfiguration, org.springframework.boot.autoconfigure.jdbc.DataSourceTransactionManagerAutoConfiguration, org.springframework.boot.autoconfigure.jdbc.JdbcTemplateAutoConfiguration, org.springframework.boot.autoconfigure.liquibase.LiquibaseAutoConfiguration, org.springframework.boot.autoconfigure.orm.jpa.HibernateJpaAutoConfiguration, org.springframework.boot.autoconfigure.transaction.TransactionAutoConfiguration, org.springframework.boot.test.autoconfigure.jdbc.TestDatabaseAutoConfiguration, org.springframework.boot.test.autoconfigure.orm.jpa.TestEntityManagerAutoConfiguration]], org.springframework.boot.test.context.filter.ExcludeFilterContextCustomizer@7e81d4b3, org.springframework.boot.test.json.DuplicateJsonObjectContextCustomizerFactory$DuplicateJsonObjectContextCustomizer@681446c8, org.springframework.boot.test.mock.mockito.MockitoContextCustomizer@0, org.springframework.boot.test.context.SpringBootTestArgs@1], contextLoader = 'org.springframework.boot.test.context.SpringBootContextLoader', parent = [null]], attributes = map[[empty]]], class annotated with @DirtiesContext [false] with mode [null].
16:14:07.724 [Test worker] DEBUG org.springframework.test.annotation.ProfileValueUtils - Retrieved @ProfileValueSourceConfiguration [null] for test class [se.magnus.microservices.core.transaction.PersistenceTests]
16:14:07.724 [Test worker] DEBUG org.springframework.test.annotation.ProfileValueUtils - Retrieved ProfileValueSource type [class org.springframework.test.annotation.SystemProfileValueSource] for class [se.magnus.microservices.core.transaction.PersistenceTests]
16:14:07.724 [Test worker] DEBUG org.springframework.test.context.support.DependencyInjectionTestExecutionListener - Performing dependency injection for test context [[DefaultTestContext@34e6e8fa testClass = PersistenceTests, testInstance = se.magnus.microservices.core.transaction.PersistenceTests@18e103b1, testMethod = [null], testException = [null], mergedContextConfiguration = [MergedContextConfiguration@929dfe4 testClass = PersistenceTests, locations = '{}', classes = '{class se.magnus.microservices.core.transaction.TransactionServiceApplication}', contextInitializerClasses = '[]', activeProfiles = '{}', propertySourceLocations = '{}', propertySourceProperties = '{org.springframework.boot.test.autoconfigure.orm.jpa.DataJpaTestContextBootstrapper=true}', contextCustomizers = set[org.springframework.boot.test.autoconfigure.OverrideAutoConfigurationContextCustomizerFactory$DisableAutoConfigurationContextCustomizer@10bab908, org.springframework.boot.test.autoconfigure.filter.TypeExcludeFiltersContextCustomizer@351584c0, org.springframework.boot.test.autoconfigure.properties.PropertyMappingContextCustomizer@1b39b952, org.springframework.boot.test.autoconfigure.web.servlet.WebDriverContextCustomizerFactory$Customizer@7cc8f49d, [ImportsContextCustomizer@180a551a key = [org.springframework.boot.autoconfigure.cache.CacheAutoConfiguration, org.springframework.boot.autoconfigure.data.jpa.JpaRepositoriesAutoConfiguration, org.springframework.boot.autoconfigure.flyway.FlywayAutoConfiguration, org.springframework.boot.autoconfigure.jdbc.DataSourceAutoConfiguration, org.springframework.boot.autoconfigure.jdbc.DataSourceTransactionManagerAutoConfiguration, org.springframework.boot.autoconfigure.jdbc.JdbcTemplateAutoConfiguration, org.springframework.boot.autoconfigure.liquibase.LiquibaseAutoConfiguration, org.springframework.boot.autoconfigure.orm.jpa.HibernateJpaAutoConfiguration, org.springframework.boot.autoconfigure.transaction.TransactionAutoConfiguration, org.springframework.boot.test.autoconfigure.jdbc.TestDatabaseAutoConfiguration, org.springframework.boot.test.autoconfigure.orm.jpa.TestEntityManagerAutoConfiguration]], org.springframework.boot.test.context.filter.ExcludeFilterContextCustomizer@7e81d4b3, org.springframework.boot.test.json.DuplicateJsonObjectContextCustomizerFactory$DuplicateJsonObjectContextCustomizer@681446c8, org.springframework.boot.test.mock.mockito.MockitoContextCustomizer@0, org.springframework.boot.test.context.SpringBootTestArgs@1], contextLoader = 'org.springframework.boot.test.context.SpringBootContextLoader', parent = [null]], attributes = map[[empty]]]].
16:14:07.755 [Test worker] DEBUG org.springframework.test.context.support.TestPropertySourceUtils - Adding inlined properties to environment: {spring.jmx.enabled=false, org.springframework.boot.test.autoconfigure.orm.jpa.DataJpaTestContextBootstrapper=true}

  .   ____          _            __ _ _
 /\\ / ___'_ __ _ _(_)_ __  __ _ \ \ \ \
( ( )\___ | '_ | '_| | '_ \/ _` | \ \ \ \
 \\/  ___)| |_)| | | | | || (_| |  ) ) ) )
  '  |____| .__|_| |_|_| |_\__, | / / / /
 =========|_|==============|___/=/_/_/_/
 :: Spring Boot ::        (v2.3.0.RELEASE)

2022-06-17 16:14:08.210  INFO 5424 --- [    Test worker] s.m.m.core.transaction.PersistenceTests  : Starting PersistenceTests on DESKTOP-HJGV6OB with PID 5424 (started by user in C:\Users\user\git\InsuranceCompanyMicroservices_DIS\DIS_projekat\microservices\transaction-service)
2022-06-17 16:14:08.226 DEBUG 5424 --- [    Test worker] s.m.m.core.transaction.PersistenceTests  : Running with Spring Boot v2.3.0.RELEASE, Spring v5.2.6.RELEASE
2022-06-17 16:14:08.226  INFO 5424 --- [    Test worker] s.m.m.core.transaction.PersistenceTests  : No active profile set, falling back to default profiles: default
2022-06-17 16:14:08.920  INFO 5424 --- [    Test worker] .s.d.r.c.RepositoryConfigurationDelegate : Bootstrapping Spring Data JPA repositories in LAZY mode.
2022-06-17 16:14:09.120  INFO 5424 --- [    Test worker] .s.d.r.c.RepositoryConfigurationDelegate : Finished Spring Data repository scanning in 198ms. Found 1 JPA repository interfaces.
2022-06-17 16:14:09.167  INFO 5424 --- [    Test worker] beddedDataSourceBeanFactoryPostProcessor : Replacing 'dataSource' DataSource bean with embedded version
2022-06-17 16:14:09.386  INFO 5424 --- [    Test worker] o.s.j.d.e.EmbeddedDatabaseFactory        : Starting embedded database: url='jdbc:h2:mem:e29aee14-83c8-475f-9619-dc1a652ba653;DB_CLOSE_DELAY=-1;DB_CLOSE_ON_EXIT=false', username='sa'
2022-06-17 16:14:09.954  INFO 5424 --- [    Test worker] o.hibernate.jpa.internal.util.LogHelper  : HHH000204: Processing PersistenceUnitInfo [name: default]
2022-06-17 16:14:10.016  INFO 5424 --- [    Test worker] org.hibernate.Version                    : HHH000412: Hibernate ORM core version 5.4.15.Final
2022-06-17 16:14:10.200  INFO 5424 --- [    Test worker] o.hibernate.annotations.common.Version   : HCANN000001: Hibernate Commons Annotations {5.1.0.Final}
2022-06-17 16:14:10.386  INFO 5424 --- [    Test worker] org.hibernate.dialect.Dialect            : HHH000400: Using dialect: org.hibernate.dialect.H2Dialect
2022-06-17 16:14:11.248 DEBUG 5424 --- [    Test worker] org.hibernate.SQL                        : create table transactions (id integer not null, account_number varchar(255), amount double not null, currency_transaction varchar(255), date_transaction timestamp, insurance_company_id integer not null, policy_number varchar(255), transaction_id integer not null, type_transaction varchar(255), version integer not null, primary key (id))
Hibernate: create table transactions (id integer not null, account_number varchar(255), amount double not null, currency_transaction varchar(255), date_transaction timestamp, insurance_company_id integer not null, policy_number varchar(255), transaction_id integer not null, type_transaction varchar(255), version integer not null, primary key (id))
2022-06-17 16:14:11.264 DEBUG 5424 --- [    Test worker] org.hibernate.SQL                        : alter table transactions drop constraint if exists transactions_unique_idx
Hibernate: alter table transactions drop constraint if exists transactions_unique_idx
2022-06-17 16:14:11.264 DEBUG 5424 --- [    Test worker] org.hibernate.SQL                        : alter table transactions add constraint transactions_unique_idx unique (insurance_company_id, transaction_id)
Hibernate: alter table transactions add constraint transactions_unique_idx unique (insurance_company_id, transaction_id)
2022-06-17 16:14:11.264 DEBUG 5424 --- [    Test worker] org.hibernate.SQL                        : create sequence hibernate_sequence start with 1 increment by 1
Hibernate: create sequence hibernate_sequence start with 1 increment by 1
2022-06-17 16:14:11.281  INFO 5424 --- [    Test worker] o.h.e.t.j.p.i.JtaPlatformInitiator       : HHH000490: Using JtaPlatform implementation: [org.hibernate.engine.transaction.jta.platform.internal.NoJtaPlatform]
2022-06-17 16:14:11.281  INFO 5424 --- [    Test worker] j.LocalContainerEntityManagerFactoryBean : Initialized JPA EntityManagerFactory for persistence unit 'default'
2022-06-17 16:14:11.470  INFO 5424 --- [    Test worker] s.m.m.core.transaction.PersistenceTests  : Started PersistenceTests in 3.716 seconds (JVM running for 5.484)
2022-06-17 16:14:12.045 DEBUG 5424 --- [    Test worker] org.hibernate.SQL                        : select transactio0_.id as id1_0_, transactio0_.account_number as account_2_0_, transactio0_.amount as amount3_0_, transactio0_.currency_transaction as currency4_0_, transactio0_.date_transaction as date_tra5_0_, transactio0_.insurance_company_id as insuranc6_0_, transactio0_.policy_number as policy_n7_0_, transactio0_.transaction_id as transact8_0_, transactio0_.type_transaction as type_tra9_0_, transactio0_.version as version10_0_ from transactions transactio0_
Hibernate: select transactio0_.id as id1_0_, transactio0_.account_number as account_2_0_, transactio0_.amount as amount3_0_, transactio0_.currency_transaction as currency4_0_, transactio0_.date_transaction as date_tra5_0_, transactio0_.insurance_company_id as insuranc6_0_, transactio0_.policy_number as policy_n7_0_, transactio0_.transaction_id as transact8_0_, transactio0_.type_transaction as type_tra9_0_, transactio0_.version as version10_0_ from transactions transactio0_
2022-06-17 16:14:12.060 DEBUG 5424 --- [    Test worker] org.hibernate.SQL                        : call next value for hibernate_sequence
Hibernate: call next value for hibernate_sequence
2022-06-17 16:14:12.076 DEBUG 5424 --- [    Test worker] org.hibernate.SQL                        : insert into transactions (account_number, amount, currency_transaction, date_transaction, insurance_company_id, policy_number, transaction_id, type_transaction, version, id) values (?, ?, ?, ?, ?, ?, ?, ?, ?, ?)
Hibernate: insert into transactions (account_number, amount, currency_transaction, date_transaction, insurance_company_id, policy_number, transaction_id, type_transaction, version, id) values (?, ?, ?, ?, ?, ?, ?, ?, ?, ?)
2022-06-17 16:14:12.092 TRACE 5424 --- [    Test worker] o.h.type.descriptor.sql.BasicBinder      : binding parameter [1] as [VARCHAR] - [accountNumber 1]
2022-06-17 16:14:12.092 TRACE 5424 --- [    Test worker] o.h.type.descriptor.sql.BasicBinder      : binding parameter [2] as [DOUBLE] - [570.67]
2022-06-17 16:14:12.092 TRACE 5424 --- [    Test worker] o.h.type.descriptor.sql.BasicBinder      : binding parameter [3] as [VARCHAR] - [currencyOffer 1]
2022-06-17 16:14:12.092 TRACE 5424 --- [    Test worker] o.h.type.descriptor.sql.BasicBinder      : binding parameter [4] as [TIMESTAMP] - [Fri Jun 17 16:14:12 CEST 2022]
2022-06-17 16:14:12.092 TRACE 5424 --- [    Test worker] o.h.type.descriptor.sql.BasicBinder      : binding parameter [5] as [INTEGER] - [1]
2022-06-17 16:14:12.092 TRACE 5424 --- [    Test worker] o.h.type.descriptor.sql.BasicBinder      : binding parameter [6] as [VARCHAR] - [policeNumber 1]
2022-06-17 16:14:12.092 TRACE 5424 --- [    Test worker] o.h.type.descriptor.sql.BasicBinder      : binding parameter [7] as [INTEGER] - [1]
2022-06-17 16:14:12.092 TRACE 5424 --- [    Test worker] o.h.type.descriptor.sql.BasicBinder      : binding parameter [8] as [VARCHAR] - [typeTransaction 1]
2022-06-17 16:14:12.092 TRACE 5424 --- [    Test worker] o.h.type.descriptor.sql.BasicBinder      : binding parameter [9] as [INTEGER] - [0]
2022-06-17 16:14:12.092 TRACE 5424 --- [    Test worker] o.h.type.descriptor.sql.BasicBinder      : binding parameter [10] as [INTEGER] - [1]
2022-06-17 16:14:12.107 DEBUG 5424 --- [    Test worker] org.hibernate.SQL                        : select transactio0_.id as id1_0_0_, transactio0_.account_number as account_2_0_0_, transactio0_.amount as amount3_0_0_, transactio0_.currency_transaction as currency4_0_0_, transactio0_.date_transaction as date_tra5_0_0_, transactio0_.insurance_company_id as insuranc6_0_0_, transactio0_.policy_number as policy_n7_0_0_, transactio0_.transaction_id as transact8_0_0_, transactio0_.type_transaction as type_tra9_0_0_, transactio0_.version as version10_0_0_ from transactions transactio0_ where transactio0_.id=?
Hibernate: select transactio0_.id as id1_0_0_, transactio0_.account_number as account_2_0_0_, transactio0_.amount as amount3_0_0_, transactio0_.currency_transaction as currency4_0_0_, transactio0_.date_transaction as date_tra5_0_0_, transactio0_.insurance_company_id as insuranc6_0_0_, transactio0_.policy_number as policy_n7_0_0_, transactio0_.transaction_id as transact8_0_0_, transactio0_.type_transaction as type_tra9_0_0_, transactio0_.version as version10_0_0_ from transactions transactio0_ where transactio0_.id=?
2022-06-17 16:14:12.107 TRACE 5424 --- [    Test worker] o.h.type.descriptor.sql.BasicBinder      : binding parameter [1] as [INTEGER] - [1]
2022-06-17 16:14:12.139 DEBUG 5424 --- [    Test worker] org.hibernate.SQL                        : delete from transactions where id=? and version=?
Hibernate: delete from transactions where id=? and version=?
2022-06-17 16:14:12.139 TRACE 5424 --- [    Test worker] o.h.type.descriptor.sql.BasicBinder      : binding parameter [1] as [INTEGER] - [1]
2022-06-17 16:14:12.139 TRACE 5424 --- [    Test worker] o.h.type.descriptor.sql.BasicBinder      : binding parameter [2] as [INTEGER] - [0]
2022-06-17 16:14:12.170 DEBUG 5424 --- [    Test worker] org.hibernate.SQL                        : select count(*) as col_0_0_ from transactions transactio0_ where transactio0_.id=?
Hibernate: select count(*) as col_0_0_ from transactions transactio0_ where transactio0_.id=?
2022-06-17 16:14:12.170 TRACE 5424 --- [    Test worker] o.h.type.descriptor.sql.BasicBinder      : binding parameter [1] as [INTEGER] - [1]
2022-06-17 16:14:12.185 DEBUG 5424 --- [    Test worker] org.hibernate.SQL                        : select transactio0_.id as id1_0_, transactio0_.account_number as account_2_0_, transactio0_.amount as amount3_0_, transactio0_.currency_transaction as currency4_0_, transactio0_.date_transaction as date_tra5_0_, transactio0_.insurance_company_id as insuranc6_0_, transactio0_.policy_number as policy_n7_0_, transactio0_.transaction_id as transact8_0_, transactio0_.type_transaction as type_tra9_0_, transactio0_.version as version10_0_ from transactions transactio0_
Hibernate: select transactio0_.id as id1_0_, transactio0_.account_number as account_2_0_, transactio0_.amount as amount3_0_, transactio0_.currency_transaction as currency4_0_, transactio0_.date_transaction as date_tra5_0_, transactio0_.insurance_company_id as insuranc6_0_, transactio0_.policy_number as policy_n7_0_, transactio0_.transaction_id as transact8_0_, transactio0_.type_transaction as type_tra9_0_, transactio0_.version as version10_0_ from transactions transactio0_
2022-06-17 16:14:12.185 DEBUG 5424 --- [    Test worker] org.hibernate.SQL                        : call next value for hibernate_sequence
Hibernate: call next value for hibernate_sequence
2022-06-17 16:14:12.200 DEBUG 5424 --- [    Test worker] org.hibernate.SQL                        : insert into transactions (account_number, amount, currency_transaction, date_transaction, insurance_company_id, policy_number, transaction_id, type_transaction, version, id) values (?, ?, ?, ?, ?, ?, ?, ?, ?, ?)
Hibernate: insert into transactions (account_number, amount, currency_transaction, date_transaction, insurance_company_id, policy_number, transaction_id, type_transaction, version, id) values (?, ?, ?, ?, ?, ?, ?, ?, ?, ?)
2022-06-17 16:14:12.200 TRACE 5424 --- [    Test worker] o.h.type.descriptor.sql.BasicBinder      : binding parameter [1] as [VARCHAR] - [accountNumber 1]
2022-06-17 16:14:12.200 TRACE 5424 --- [    Test worker] o.h.type.descriptor.sql.BasicBinder      : binding parameter [2] as [DOUBLE] - [570.67]
2022-06-17 16:14:12.200 TRACE 5424 --- [    Test worker] o.h.type.descriptor.sql.BasicBinder      : binding parameter [3] as [VARCHAR] - [currencyOffer 1]
2022-06-17 16:14:12.200 TRACE 5424 --- [    Test worker] o.h.type.descriptor.sql.BasicBinder      : binding parameter [4] as [TIMESTAMP] - [Fri Jun 17 16:14:12 CEST 2022]
2022-06-17 16:14:12.200 TRACE 5424 --- [    Test worker] o.h.type.descriptor.sql.BasicBinder      : binding parameter [5] as [INTEGER] - [1]
2022-06-17 16:14:12.200 TRACE 5424 --- [    Test worker] o.h.type.descriptor.sql.BasicBinder      : binding parameter [6] as [VARCHAR] - [policeNumber 1]
2022-06-17 16:14:12.202 TRACE 5424 --- [    Test worker] o.h.type.descriptor.sql.BasicBinder      : binding parameter [7] as [INTEGER] - [1]
2022-06-17 16:14:12.202 TRACE 5424 --- [    Test worker] o.h.type.descriptor.sql.BasicBinder      : binding parameter [8] as [VARCHAR] - [typeTransaction 1]
2022-06-17 16:14:12.203 TRACE 5424 --- [    Test worker] o.h.type.descriptor.sql.BasicBinder      : binding parameter [9] as [INTEGER] - [0]
2022-06-17 16:14:12.203 TRACE 5424 --- [    Test worker] o.h.type.descriptor.sql.BasicBinder      : binding parameter [10] as [INTEGER] - [2]
2022-06-17 16:14:12.203 DEBUG 5424 --- [    Test worker] org.hibernate.SQL                        : select transactio0_.id as id1_0_0_, transactio0_.account_number as account_2_0_0_, transactio0_.amount as amount3_0_0_, transactio0_.currency_transaction as currency4_0_0_, transactio0_.date_transaction as date_tra5_0_0_, transactio0_.insurance_company_id as insuranc6_0_0_, transactio0_.policy_number as policy_n7_0_0_, transactio0_.transaction_id as transact8_0_0_, transactio0_.type_transaction as type_tra9_0_0_, transactio0_.version as version10_0_0_ from transactions transactio0_ where transactio0_.id=?
Hibernate: select transactio0_.id as id1_0_0_, transactio0_.account_number as account_2_0_0_, transactio0_.amount as amount3_0_0_, transactio0_.currency_transaction as currency4_0_0_, transactio0_.date_transaction as date_tra5_0_0_, transactio0_.insurance_company_id as insuranc6_0_0_, transactio0_.policy_number as policy_n7_0_0_, transactio0_.transaction_id as transact8_0_0_, transactio0_.type_transaction as type_tra9_0_0_, transactio0_.version as version10_0_0_ from transactions transactio0_ where transactio0_.id=?
2022-06-17 16:14:12.203 TRACE 5424 --- [    Test worker] o.h.type.descriptor.sql.BasicBinder      : binding parameter [1] as [INTEGER] - [2]
2022-06-17 16:14:12.203 DEBUG 5424 --- [    Test worker] org.hibernate.SQL                        : select transactio0_.id as id1_0_0_, transactio0_.account_number as account_2_0_0_, transactio0_.amount as amount3_0_0_, transactio0_.currency_transaction as currency4_0_0_, transactio0_.date_transaction as date_tra5_0_0_, transactio0_.insurance_company_id as insuranc6_0_0_, transactio0_.policy_number as policy_n7_0_0_, transactio0_.transaction_id as transact8_0_0_, transactio0_.type_transaction as type_tra9_0_0_, transactio0_.version as version10_0_0_ from transactions transactio0_ where transactio0_.id=?
Hibernate: select transactio0_.id as id1_0_0_, transactio0_.account_number as account_2_0_0_, transactio0_.amount as amount3_0_0_, transactio0_.currency_transaction as currency4_0_0_, transactio0_.date_transaction as date_tra5_0_0_, transactio0_.insurance_company_id as insuranc6_0_0_, transactio0_.policy_number as policy_n7_0_0_, transactio0_.transaction_id as transact8_0_0_, transactio0_.type_transaction as type_tra9_0_0_, transactio0_.version as version10_0_0_ from transactions transactio0_ where transactio0_.id=?
2022-06-17 16:14:12.203 TRACE 5424 --- [    Test worker] o.h.type.descriptor.sql.BasicBinder      : binding parameter [1] as [INTEGER] - [2]
2022-06-17 16:14:12.203 DEBUG 5424 --- [    Test worker] org.hibernate.SQL                        : select transactio0_.id as id1_0_0_, transactio0_.account_number as account_2_0_0_, transactio0_.amount as amount3_0_0_, transactio0_.currency_transaction as currency4_0_0_, transactio0_.date_transaction as date_tra5_0_0_, transactio0_.insurance_company_id as insuranc6_0_0_, transactio0_.policy_number as policy_n7_0_0_, transactio0_.transaction_id as transact8_0_0_, transactio0_.type_transaction as type_tra9_0_0_, transactio0_.version as version10_0_0_ from transactions transactio0_ where transactio0_.id=?
Hibernate: select transactio0_.id as id1_0_0_, transactio0_.account_number as account_2_0_0_, transactio0_.amount as amount3_0_0_, transactio0_.currency_transaction as currency4_0_0_, transactio0_.date_transaction as date_tra5_0_0_, transactio0_.insurance_company_id as insuranc6_0_0_, transactio0_.policy_number as policy_n7_0_0_, transactio0_.transaction_id as transact8_0_0_, transactio0_.type_transaction as type_tra9_0_0_, transactio0_.version as version10_0_0_ from transactions transactio0_ where transactio0_.id=?
2022-06-17 16:14:12.203 TRACE 5424 --- [    Test worker] o.h.type.descriptor.sql.BasicBinder      : binding parameter [1] as [INTEGER] - [2]
2022-06-17 16:14:12.203 DEBUG 5424 --- [    Test worker] org.hibernate.SQL                        : update transactions set account_number=?, amount=?, currency_transaction=?, date_transaction=?, insurance_company_id=?, policy_number=?, transaction_id=?, type_transaction=?, version=? where id=? and version=?
Hibernate: update transactions set account_number=?, amount=?, currency_transaction=?, date_transaction=?, insurance_company_id=?, policy_number=?, transaction_id=?, type_transaction=?, version=? where id=? and version=?
2022-06-17 16:14:12.203 TRACE 5424 --- [    Test worker] o.h.type.descriptor.sql.BasicBinder      : binding parameter [1] as [VARCHAR] - [accountNumber 1]
2022-06-17 16:14:12.203 TRACE 5424 --- [    Test worker] o.h.type.descriptor.sql.BasicBinder      : binding parameter [2] as [DOUBLE] - [570.67]
2022-06-17 16:14:12.203 TRACE 5424 --- [    Test worker] o.h.type.descriptor.sql.BasicBinder      : binding parameter [3] as [VARCHAR] - [currencyOffer 1]
2022-06-17 16:14:12.203 TRACE 5424 --- [    Test worker] o.h.type.descriptor.sql.BasicBinder      : binding parameter [4] as [TIMESTAMP] - [2022-06-17 16:14:12.185]
2022-06-17 16:14:12.203 TRACE 5424 --- [    Test worker] o.h.type.descriptor.sql.BasicBinder      : binding parameter [5] as [INTEGER] - [1]
2022-06-17 16:14:12.203 TRACE 5424 --- [    Test worker] o.h.type.descriptor.sql.BasicBinder      : binding parameter [6] as [VARCHAR] - [policeNumber 1]
2022-06-17 16:14:12.203 TRACE 5424 --- [    Test worker] o.h.type.descriptor.sql.BasicBinder      : binding parameter [7] as [INTEGER] - [1]
2022-06-17 16:14:12.203 TRACE 5424 --- [    Test worker] o.h.type.descriptor.sql.BasicBinder      : binding parameter [8] as [VARCHAR] - [typeTransaction 2]
2022-06-17 16:14:12.203 TRACE 5424 --- [    Test worker] o.h.type.descriptor.sql.BasicBinder      : binding parameter [9] as [INTEGER] - [1]
2022-06-17 16:14:12.203 TRACE 5424 --- [    Test worker] o.h.type.descriptor.sql.BasicBinder      : binding parameter [10] as [INTEGER] - [2]
2022-06-17 16:14:12.203 TRACE 5424 --- [    Test worker] o.h.type.descriptor.sql.BasicBinder      : binding parameter [11] as [INTEGER] - [0]
2022-06-17 16:14:12.221 DEBUG 5424 --- [    Test worker] org.hibernate.SQL                        : select transactio0_.id as id1_0_0_, transactio0_.account_number as account_2_0_0_, transactio0_.amount as amount3_0_0_, transactio0_.currency_transaction as currency4_0_0_, transactio0_.date_transaction as date_tra5_0_0_, transactio0_.insurance_company_id as insuranc6_0_0_, transactio0_.policy_number as policy_n7_0_0_, transactio0_.transaction_id as transact8_0_0_, transactio0_.type_transaction as type_tra9_0_0_, transactio0_.version as version10_0_0_ from transactions transactio0_ where transactio0_.id=?
Hibernate: select transactio0_.id as id1_0_0_, transactio0_.account_number as account_2_0_0_, transactio0_.amount as amount3_0_0_, transactio0_.currency_transaction as currency4_0_0_, transactio0_.date_transaction as date_tra5_0_0_, transactio0_.insurance_company_id as insuranc6_0_0_, transactio0_.policy_number as policy_n7_0_0_, transactio0_.transaction_id as transact8_0_0_, transactio0_.type_transaction as type_tra9_0_0_, transactio0_.version as version10_0_0_ from transactions transactio0_ where transactio0_.id=?
2022-06-17 16:14:12.221 TRACE 5424 --- [    Test worker] o.h.type.descriptor.sql.BasicBinder      : binding parameter [1] as [INTEGER] - [2]
2022-06-17 16:14:12.230 DEBUG 5424 --- [    Test worker] org.hibernate.SQL                        : select transactio0_.id as id1_0_0_, transactio0_.account_number as account_2_0_0_, transactio0_.amount as amount3_0_0_, transactio0_.currency_transaction as currency4_0_0_, transactio0_.date_transaction as date_tra5_0_0_, transactio0_.insurance_company_id as insuranc6_0_0_, transactio0_.policy_number as policy_n7_0_0_, transactio0_.transaction_id as transact8_0_0_, transactio0_.type_transaction as type_tra9_0_0_, transactio0_.version as version10_0_0_ from transactions transactio0_ where transactio0_.id=?
Hibernate: select transactio0_.id as id1_0_0_, transactio0_.account_number as account_2_0_0_, transactio0_.amount as amount3_0_0_, transactio0_.currency_transaction as currency4_0_0_, transactio0_.date_transaction as date_tra5_0_0_, transactio0_.insurance_company_id as insuranc6_0_0_, transactio0_.policy_number as policy_n7_0_0_, transactio0_.transaction_id as transact8_0_0_, transactio0_.type_transaction as type_tra9_0_0_, transactio0_.version as version10_0_0_ from transactions transactio0_ where transactio0_.id=?
2022-06-17 16:14:12.230 TRACE 5424 --- [    Test worker] o.h.type.descriptor.sql.BasicBinder      : binding parameter [1] as [INTEGER] - [2]
2022-06-17 16:14:12.235 DEBUG 5424 --- [    Test worker] org.hibernate.SQL                        : select transactio0_.id as id1_0_, transactio0_.account_number as account_2_0_, transactio0_.amount as amount3_0_, transactio0_.currency_transaction as currency4_0_, transactio0_.date_transaction as date_tra5_0_, transactio0_.insurance_company_id as insuranc6_0_, transactio0_.policy_number as policy_n7_0_, transactio0_.transaction_id as transact8_0_, transactio0_.type_transaction as type_tra9_0_, transactio0_.version as version10_0_ from transactions transactio0_
Hibernate: select transactio0_.id as id1_0_, transactio0_.account_number as account_2_0_, transactio0_.amount as amount3_0_, transactio0_.currency_transaction as currency4_0_, transactio0_.date_transaction as date_tra5_0_, transactio0_.insurance_company_id as insuranc6_0_, transactio0_.policy_number as policy_n7_0_, transactio0_.transaction_id as transact8_0_, transactio0_.type_transaction as type_tra9_0_, transactio0_.version as version10_0_ from transactions transactio0_
2022-06-17 16:14:12.235 DEBUG 5424 --- [    Test worker] org.hibernate.SQL                        : delete from transactions where id=? and version=?
Hibernate: delete from transactions where id=? and version=?
2022-06-17 16:14:12.235 TRACE 5424 --- [    Test worker] o.h.type.descriptor.sql.BasicBinder      : binding parameter [1] as [INTEGER] - [2]
2022-06-17 16:14:12.235 TRACE 5424 --- [    Test worker] o.h.type.descriptor.sql.BasicBinder      : binding parameter [2] as [INTEGER] - [1]
2022-06-17 16:14:12.235 DEBUG 5424 --- [    Test worker] org.hibernate.SQL                        : call next value for hibernate_sequence
Hibernate: call next value for hibernate_sequence
2022-06-17 16:14:12.235 DEBUG 5424 --- [    Test worker] org.hibernate.SQL                        : insert into transactions (account_number, amount, currency_transaction, date_transaction, insurance_company_id, policy_number, transaction_id, type_transaction, version, id) values (?, ?, ?, ?, ?, ?, ?, ?, ?, ?)
Hibernate: insert into transactions (account_number, amount, currency_transaction, date_transaction, insurance_company_id, policy_number, transaction_id, type_transaction, version, id) values (?, ?, ?, ?, ?, ?, ?, ?, ?, ?)
2022-06-17 16:14:12.235 TRACE 5424 --- [    Test worker] o.h.type.descriptor.sql.BasicBinder      : binding parameter [1] as [VARCHAR] - [accountNumber 1]
2022-06-17 16:14:12.235 TRACE 5424 --- [    Test worker] o.h.type.descriptor.sql.BasicBinder      : binding parameter [2] as [DOUBLE] - [570.67]
2022-06-17 16:14:12.235 TRACE 5424 --- [    Test worker] o.h.type.descriptor.sql.BasicBinder      : binding parameter [3] as [VARCHAR] - [currencyOffer 1]
2022-06-17 16:14:12.235 TRACE 5424 --- [    Test worker] o.h.type.descriptor.sql.BasicBinder      : binding parameter [4] as [TIMESTAMP] - [Fri Jun 17 16:14:12 CEST 2022]
2022-06-17 16:14:12.235 TRACE 5424 --- [    Test worker] o.h.type.descriptor.sql.BasicBinder      : binding parameter [5] as [INTEGER] - [1]
2022-06-17 16:14:12.235 TRACE 5424 --- [    Test worker] o.h.type.descriptor.sql.BasicBinder      : binding parameter [6] as [VARCHAR] - [policeNumber 1]
2022-06-17 16:14:12.235 TRACE 5424 --- [    Test worker] o.h.type.descriptor.sql.BasicBinder      : binding parameter [7] as [INTEGER] - [1]
2022-06-17 16:14:12.235 TRACE 5424 --- [    Test worker] o.h.type.descriptor.sql.BasicBinder      : binding parameter [8] as [VARCHAR] - [typeTransaction 1]
2022-06-17 16:14:12.235 TRACE 5424 --- [    Test worker] o.h.type.descriptor.sql.BasicBinder      : binding parameter [9] as [INTEGER] - [0]
2022-06-17 16:14:12.235 TRACE 5424 --- [    Test worker] o.h.type.descriptor.sql.BasicBinder      : binding parameter [10] as [INTEGER] - [3]
2022-06-17 16:14:12.235 DEBUG 5424 --- [    Test worker] org.hibernate.SQL                        : call next value for hibernate_sequence
Hibernate: call next value for hibernate_sequence
2022-06-17 16:14:12.235 DEBUG 5424 --- [    Test worker] org.hibernate.SQL                        : insert into transactions (account_number, amount, currency_transaction, date_transaction, insurance_company_id, policy_number, transaction_id, type_transaction, version, id) values (?, ?, ?, ?, ?, ?, ?, ?, ?, ?)
Hibernate: insert into transactions (account_number, amount, currency_transaction, date_transaction, insurance_company_id, policy_number, transaction_id, type_transaction, version, id) values (?, ?, ?, ?, ?, ?, ?, ?, ?, ?)
2022-06-17 16:14:12.235 TRACE 5424 --- [    Test worker] o.h.type.descriptor.sql.BasicBinder      : binding parameter [1] as [VARCHAR] - [accountNumber 2]
2022-06-17 16:14:12.235 TRACE 5424 --- [    Test worker] o.h.type.descriptor.sql.BasicBinder      : binding parameter [2] as [DOUBLE] - [570.67]
2022-06-17 16:14:12.235 TRACE 5424 --- [    Test worker] o.h.type.descriptor.sql.BasicBinder      : binding parameter [3] as [VARCHAR] - [currencyOffer 2]
2022-06-17 16:14:12.235 TRACE 5424 --- [    Test worker] o.h.type.descriptor.sql.BasicBinder      : binding parameter [4] as [TIMESTAMP] - [Fri Jun 17 16:14:12 CEST 2022]
2022-06-17 16:14:12.235 TRACE 5424 --- [    Test worker] o.h.type.descriptor.sql.BasicBinder      : binding parameter [5] as [INTEGER] - [1]
2022-06-17 16:14:12.235 TRACE 5424 --- [    Test worker] o.h.type.descriptor.sql.BasicBinder      : binding parameter [6] as [VARCHAR] - [policeNumber 2]
2022-06-17 16:14:12.235 TRACE 5424 --- [    Test worker] o.h.type.descriptor.sql.BasicBinder      : binding parameter [7] as [INTEGER] - [2]
2022-06-17 16:14:12.250 TRACE 5424 --- [    Test worker] o.h.type.descriptor.sql.BasicBinder      : binding parameter [8] as [VARCHAR] - [typeTransaction 2]
2022-06-17 16:14:12.250 TRACE 5424 --- [    Test worker] o.h.type.descriptor.sql.BasicBinder      : binding parameter [9] as [INTEGER] - [0]
2022-06-17 16:14:12.251 TRACE 5424 --- [    Test worker] o.h.type.descriptor.sql.BasicBinder      : binding parameter [10] as [INTEGER] - [4]
2022-06-17 16:14:12.254 DEBUG 5424 --- [    Test worker] org.hibernate.SQL                        : select transactio0_.id as id1_0_0_, transactio0_.account_number as account_2_0_0_, transactio0_.amount as amount3_0_0_, transactio0_.currency_transaction as currency4_0_0_, transactio0_.date_transaction as date_tra5_0_0_, transactio0_.insurance_company_id as insuranc6_0_0_, transactio0_.policy_number as policy_n7_0_0_, transactio0_.transaction_id as transact8_0_0_, transactio0_.type_transaction as type_tra9_0_0_, transactio0_.version as version10_0_0_ from transactions transactio0_ where transactio0_.id=?
Hibernate: select transactio0_.id as id1_0_0_, transactio0_.account_number as account_2_0_0_, transactio0_.amount as amount3_0_0_, transactio0_.currency_transaction as currency4_0_0_, transactio0_.date_transaction as date_tra5_0_0_, transactio0_.insurance_company_id as insuranc6_0_0_, transactio0_.policy_number as policy_n7_0_0_, transactio0_.transaction_id as transact8_0_0_, transactio0_.type_transaction as type_tra9_0_0_, transactio0_.version as version10_0_0_ from transactions transactio0_ where transactio0_.id=?
2022-06-17 16:14:12.254 TRACE 5424 --- [    Test worker] o.h.type.descriptor.sql.BasicBinder      : binding parameter [1] as [INTEGER] - [4]
2022-06-17 16:14:12.254 DEBUG 5424 --- [    Test worker] org.hibernate.SQL                        : select count(*) as col_0_0_ from transactions transactio0_
Hibernate: select count(*) as col_0_0_ from transactions transactio0_
2022-06-17 16:14:12.270 DEBUG 5424 --- [    Test worker] org.hibernate.SQL                        : select transactio0_.id as id1_0_, transactio0_.account_number as account_2_0_, transactio0_.amount as amount3_0_, transactio0_.currency_transaction as currency4_0_, transactio0_.date_transaction as date_tra5_0_, transactio0_.insurance_company_id as insuranc6_0_, transactio0_.policy_number as policy_n7_0_, transactio0_.transaction_id as transact8_0_, transactio0_.type_transaction as type_tra9_0_, transactio0_.version as version10_0_ from transactions transactio0_
Hibernate: select transactio0_.id as id1_0_, transactio0_.account_number as account_2_0_, transactio0_.amount as amount3_0_, transactio0_.currency_transaction as currency4_0_, transactio0_.date_transaction as date_tra5_0_, transactio0_.insurance_company_id as insuranc6_0_, transactio0_.policy_number as policy_n7_0_, transactio0_.transaction_id as transact8_0_, transactio0_.type_transaction as type_tra9_0_, transactio0_.version as version10_0_ from transactions transactio0_
2022-06-17 16:14:12.270 DEBUG 5424 --- [    Test worker] org.hibernate.SQL                        : delete from transactions where id=? and version=?
Hibernate: delete from transactions where id=? and version=?
2022-06-17 16:14:12.270 TRACE 5424 --- [    Test worker] o.h.type.descriptor.sql.BasicBinder      : binding parameter [1] as [INTEGER] - [3]
2022-06-17 16:14:12.270 TRACE 5424 --- [    Test worker] o.h.type.descriptor.sql.BasicBinder      : binding parameter [2] as [INTEGER] - [0]
2022-06-17 16:14:12.270 DEBUG 5424 --- [    Test worker] org.hibernate.SQL                        : delete from transactions where id=? and version=?
Hibernate: delete from transactions where id=? and version=?
2022-06-17 16:14:12.270 TRACE 5424 --- [    Test worker] o.h.type.descriptor.sql.BasicBinder      : binding parameter [1] as [INTEGER] - [4]
2022-06-17 16:14:12.270 TRACE 5424 --- [    Test worker] o.h.type.descriptor.sql.BasicBinder      : binding parameter [2] as [INTEGER] - [0]
2022-06-17 16:14:12.270 DEBUG 5424 --- [    Test worker] org.hibernate.SQL                        : call next value for hibernate_sequence
Hibernate: call next value for hibernate_sequence
2022-06-17 16:14:12.270 DEBUG 5424 --- [    Test worker] org.hibernate.SQL                        : insert into transactions (account_number, amount, currency_transaction, date_transaction, insurance_company_id, policy_number, transaction_id, type_transaction, version, id) values (?, ?, ?, ?, ?, ?, ?, ?, ?, ?)
Hibernate: insert into transactions (account_number, amount, currency_transaction, date_transaction, insurance_company_id, policy_number, transaction_id, type_transaction, version, id) values (?, ?, ?, ?, ?, ?, ?, ?, ?, ?)
2022-06-17 16:14:12.270 TRACE 5424 --- [    Test worker] o.h.type.descriptor.sql.BasicBinder      : binding parameter [1] as [VARCHAR] - [accountNumber 1]
2022-06-17 16:14:12.270 TRACE 5424 --- [    Test worker] o.h.type.descriptor.sql.BasicBinder      : binding parameter [2] as [DOUBLE] - [570.67]
2022-06-17 16:14:12.270 TRACE 5424 --- [    Test worker] o.h.type.descriptor.sql.BasicBinder      : binding parameter [3] as [VARCHAR] - [currencyOffer 1]
2022-06-17 16:14:12.270 TRACE 5424 --- [    Test worker] o.h.type.descriptor.sql.BasicBinder      : binding parameter [4] as [TIMESTAMP] - [Fri Jun 17 16:14:12 CEST 2022]
2022-06-17 16:14:12.270 TRACE 5424 --- [    Test worker] o.h.type.descriptor.sql.BasicBinder      : binding parameter [5] as [INTEGER] - [1]
2022-06-17 16:14:12.270 TRACE 5424 --- [    Test worker] o.h.type.descriptor.sql.BasicBinder      : binding parameter [6] as [VARCHAR] - [policeNumber 1]
2022-06-17 16:14:12.270 TRACE 5424 --- [    Test worker] o.h.type.descriptor.sql.BasicBinder      : binding parameter [7] as [INTEGER] - [1]
2022-06-17 16:14:12.270 TRACE 5424 --- [    Test worker] o.h.type.descriptor.sql.BasicBinder      : binding parameter [8] as [VARCHAR] - [typeTransaction 1]
2022-06-17 16:14:12.270 TRACE 5424 --- [    Test worker] o.h.type.descriptor.sql.BasicBinder      : binding parameter [9] as [INTEGER] - [0]
2022-06-17 16:14:12.270 TRACE 5424 --- [    Test worker] o.h.type.descriptor.sql.BasicBinder      : binding parameter [10] as [INTEGER] - [5]
2022-06-17 16:14:12.286 DEBUG 5424 --- [    Test worker] org.hibernate.SQL                        : select transactio0_.id as id1_0_, transactio0_.account_number as account_2_0_, transactio0_.amount as amount3_0_, transactio0_.currency_transaction as currency4_0_, transactio0_.date_transaction as date_tra5_0_, transactio0_.insurance_company_id as insuranc6_0_, transactio0_.policy_number as policy_n7_0_, transactio0_.transaction_id as transact8_0_, transactio0_.type_transaction as type_tra9_0_, transactio0_.version as version10_0_ from transactions transactio0_ where transactio0_.insurance_company_id=?
Hibernate: select transactio0_.id as id1_0_, transactio0_.account_number as account_2_0_, transactio0_.amount as amount3_0_, transactio0_.currency_transaction as currency4_0_, transactio0_.date_transaction as date_tra5_0_, transactio0_.insurance_company_id as insuranc6_0_, transactio0_.policy_number as policy_n7_0_, transactio0_.transaction_id as transact8_0_, transactio0_.type_transaction as type_tra9_0_, transactio0_.version as version10_0_ from transactions transactio0_ where transactio0_.insurance_company_id=?
2022-06-17 16:14:12.286 TRACE 5424 --- [    Test worker] o.h.type.descriptor.sql.BasicBinder      : binding parameter [1] as [INTEGER] - [1]
2022-06-17 16:14:12.302 DEBUG 5424 --- [    Test worker] org.hibernate.SQL                        : select transactio0_.id as id1_0_, transactio0_.account_number as account_2_0_, transactio0_.amount as amount3_0_, transactio0_.currency_transaction as currency4_0_, transactio0_.date_transaction as date_tra5_0_, transactio0_.insurance_company_id as insuranc6_0_, transactio0_.policy_number as policy_n7_0_, transactio0_.transaction_id as transact8_0_, transactio0_.type_transaction as type_tra9_0_, transactio0_.version as version10_0_ from transactions transactio0_
Hibernate: select transactio0_.id as id1_0_, transactio0_.account_number as account_2_0_, transactio0_.amount as amount3_0_, transactio0_.currency_transaction as currency4_0_, transactio0_.date_transaction as date_tra5_0_, transactio0_.insurance_company_id as insuranc6_0_, transactio0_.policy_number as policy_n7_0_, transactio0_.transaction_id as transact8_0_, transactio0_.type_transaction as type_tra9_0_, transactio0_.version as version10_0_ from transactions transactio0_
2022-06-17 16:14:12.302 DEBUG 5424 --- [    Test worker] org.hibernate.SQL                        : delete from transactions where id=? and version=?
Hibernate: delete from transactions where id=? and version=?
2022-06-17 16:14:12.302 TRACE 5424 --- [    Test worker] o.h.type.descriptor.sql.BasicBinder      : binding parameter [1] as [INTEGER] - [5]
2022-06-17 16:14:12.302 TRACE 5424 --- [    Test worker] o.h.type.descriptor.sql.BasicBinder      : binding parameter [2] as [INTEGER] - [0]
2022-06-17 16:14:12.302 DEBUG 5424 --- [    Test worker] org.hibernate.SQL                        : call next value for hibernate_sequence
Hibernate: call next value for hibernate_sequence
2022-06-17 16:14:12.302 DEBUG 5424 --- [    Test worker] org.hibernate.SQL                        : insert into transactions (account_number, amount, currency_transaction, date_transaction, insurance_company_id, policy_number, transaction_id, type_transaction, version, id) values (?, ?, ?, ?, ?, ?, ?, ?, ?, ?)
Hibernate: insert into transactions (account_number, amount, currency_transaction, date_transaction, insurance_company_id, policy_number, transaction_id, type_transaction, version, id) values (?, ?, ?, ?, ?, ?, ?, ?, ?, ?)
2022-06-17 16:14:12.302 TRACE 5424 --- [    Test worker] o.h.type.descriptor.sql.BasicBinder      : binding parameter [1] as [VARCHAR] - [accountNumber 1]
2022-06-17 16:14:12.302 TRACE 5424 --- [    Test worker] o.h.type.descriptor.sql.BasicBinder      : binding parameter [2] as [DOUBLE] - [570.67]
2022-06-17 16:14:12.302 TRACE 5424 --- [    Test worker] o.h.type.descriptor.sql.BasicBinder      : binding parameter [3] as [VARCHAR] - [currencyOffer 1]
2022-06-17 16:14:12.302 TRACE 5424 --- [    Test worker] o.h.type.descriptor.sql.BasicBinder      : binding parameter [4] as [TIMESTAMP] - [Fri Jun 17 16:14:12 CEST 2022]
2022-06-17 16:14:12.302 TRACE 5424 --- [    Test worker] o.h.type.descriptor.sql.BasicBinder      : binding parameter [5] as [INTEGER] - [1]
2022-06-17 16:14:12.317 TRACE 5424 --- [    Test worker] o.h.type.descriptor.sql.BasicBinder      : binding parameter [6] as [VARCHAR] - [policeNumber 1]
2022-06-17 16:14:12.317 TRACE 5424 --- [    Test worker] o.h.type.descriptor.sql.BasicBinder      : binding parameter [7] as [INTEGER] - [1]
2022-06-17 16:14:12.318 TRACE 5424 --- [    Test worker] o.h.type.descriptor.sql.BasicBinder      : binding parameter [8] as [VARCHAR] - [typeTransaction 1]
2022-06-17 16:14:12.318 TRACE 5424 --- [    Test worker] o.h.type.descriptor.sql.BasicBinder      : binding parameter [9] as [INTEGER] - [0]
2022-06-17 16:14:12.319 TRACE 5424 --- [    Test worker] o.h.type.descriptor.sql.BasicBinder      : binding parameter [10] as [INTEGER] - [6]
2022-06-17 16:14:12.320 DEBUG 5424 --- [    Test worker] org.hibernate.SQL                        : select transactio0_.id as id1_0_0_, transactio0_.account_number as account_2_0_0_, transactio0_.amount as amount3_0_0_, transactio0_.currency_transaction as currency4_0_0_, transactio0_.date_transaction as date_tra5_0_0_, transactio0_.insurance_company_id as insuranc6_0_0_, transactio0_.policy_number as policy_n7_0_0_, transactio0_.transaction_id as transact8_0_0_, transactio0_.type_transaction as type_tra9_0_0_, transactio0_.version as version10_0_0_ from transactions transactio0_ where transactio0_.id=?
Hibernate: select transactio0_.id as id1_0_0_, transactio0_.account_number as account_2_0_0_, transactio0_.amount as amount3_0_0_, transactio0_.currency_transaction as currency4_0_0_, transactio0_.date_transaction as date_tra5_0_0_, transactio0_.insurance_company_id as insuranc6_0_0_, transactio0_.policy_number as policy_n7_0_0_, transactio0_.transaction_id as transact8_0_0_, transactio0_.type_transaction as type_tra9_0_0_, transactio0_.version as version10_0_0_ from transactions transactio0_ where transactio0_.id=?
2022-06-17 16:14:12.320 TRACE 5424 --- [    Test worker] o.h.type.descriptor.sql.BasicBinder      : binding parameter [1] as [INTEGER] - [6]
2022-06-17 16:14:12.320 DEBUG 5424 --- [    Test worker] org.hibernate.SQL                        : update transactions set account_number=?, amount=?, currency_transaction=?, date_transaction=?, insurance_company_id=?, policy_number=?, transaction_id=?, type_transaction=?, version=? where id=? and version=?
Hibernate: update transactions set account_number=?, amount=?, currency_transaction=?, date_transaction=?, insurance_company_id=?, policy_number=?, transaction_id=?, type_transaction=?, version=? where id=? and version=?
2022-06-17 16:14:12.320 TRACE 5424 --- [    Test worker] o.h.type.descriptor.sql.BasicBinder      : binding parameter [1] as [VARCHAR] - [accountNumber 1]
2022-06-17 16:14:12.320 TRACE 5424 --- [    Test worker] o.h.type.descriptor.sql.BasicBinder      : binding parameter [2] as [DOUBLE] - [570.67]
2022-06-17 16:14:12.320 TRACE 5424 --- [    Test worker] o.h.type.descriptor.sql.BasicBinder      : binding parameter [3] as [VARCHAR] - [currencyOffer 1]
2022-06-17 16:14:12.320 TRACE 5424 --- [    Test worker] o.h.type.descriptor.sql.BasicBinder      : binding parameter [4] as [TIMESTAMP] - [Fri Jun 17 16:14:12 CEST 2022]
2022-06-17 16:14:12.320 TRACE 5424 --- [    Test worker] o.h.type.descriptor.sql.BasicBinder      : binding parameter [5] as [INTEGER] - [1]
2022-06-17 16:14:12.320 TRACE 5424 --- [    Test worker] o.h.type.descriptor.sql.BasicBinder      : binding parameter [6] as [VARCHAR] - [policeNumber 1]
2022-06-17 16:14:12.320 TRACE 5424 --- [    Test worker] o.h.type.descriptor.sql.BasicBinder      : binding parameter [7] as [INTEGER] - [1]
2022-06-17 16:14:12.320 TRACE 5424 --- [    Test worker] o.h.type.descriptor.sql.BasicBinder      : binding parameter [8] as [VARCHAR] - [typeTransaction 2]
2022-06-17 16:14:12.320 TRACE 5424 --- [    Test worker] o.h.type.descriptor.sql.BasicBinder      : binding parameter [9] as [INTEGER] - [1]
2022-06-17 16:14:12.320 TRACE 5424 --- [    Test worker] o.h.type.descriptor.sql.BasicBinder      : binding parameter [10] as [INTEGER] - [6]
2022-06-17 16:14:12.320 TRACE 5424 --- [    Test worker] o.h.type.descriptor.sql.BasicBinder      : binding parameter [11] as [INTEGER] - [0]
2022-06-17 16:14:12.320 DEBUG 5424 --- [    Test worker] org.hibernate.SQL                        : select transactio0_.id as id1_0_0_, transactio0_.account_number as account_2_0_0_, transactio0_.amount as amount3_0_0_, transactio0_.currency_transaction as currency4_0_0_, transactio0_.date_transaction as date_tra5_0_0_, transactio0_.insurance_company_id as insuranc6_0_0_, transactio0_.policy_number as policy_n7_0_0_, transactio0_.transaction_id as transact8_0_0_, transactio0_.type_transaction as type_tra9_0_0_, transactio0_.version as version10_0_0_ from transactions transactio0_ where transactio0_.id=?
Hibernate: select transactio0_.id as id1_0_0_, transactio0_.account_number as account_2_0_0_, transactio0_.amount as amount3_0_0_, transactio0_.currency_transaction as currency4_0_0_, transactio0_.date_transaction as date_tra5_0_0_, transactio0_.insurance_company_id as insuranc6_0_0_, transactio0_.policy_number as policy_n7_0_0_, transactio0_.transaction_id as transact8_0_0_, transactio0_.type_transaction as type_tra9_0_0_, transactio0_.version as version10_0_0_ from transactions transactio0_ where transactio0_.id=?
2022-06-17 16:14:12.320 TRACE 5424 --- [    Test worker] o.h.type.descriptor.sql.BasicBinder      : binding parameter [1] as [INTEGER] - [6]
]]></system-out>
  <system-err><![CDATA[]]></system-err>
</testsuite>
