<?xml version="1.0" encoding="UTF-8"?>
<testsuite name="se.magnus.microservices.core.transaction.PersistenceTests" tests="5" skipped="0" failures="0" errors="0" timestamp="2022-05-27T00:48:32" hostname="DESKTOP-HJGV6OB" time="1.009">
  <properties/>
  <testcase name="deleteTransaction" classname="se.magnus.microservices.core.transaction.PersistenceTests" time="0.873"/>
  <testcase name="optimisticLockError" classname="se.magnus.microservices.core.transaction.PersistenceTests" time="0.046"/>
  <testcase name="createTransaction" classname="se.magnus.microservices.core.transaction.PersistenceTests" time="0.027"/>
  <testcase name="getByInsuranceCompanyId" classname="se.magnus.microservices.core.transaction.PersistenceTests" time="0.033"/>
  <testcase name="updateTransaction" classname="se.magnus.microservices.core.transaction.PersistenceTests" time="0.023"/>
  <system-out><![CDATA[02:48:28.418 [Test worker] DEBUG org.springframework.test.annotation.ProfileValueUtils - Retrieved @ProfileValueSourceConfiguration [null] for test class [se.magnus.microservices.core.transaction.PersistenceTests]
02:48:28.418 [Test worker] DEBUG org.springframework.test.annotation.ProfileValueUtils - Retrieved ProfileValueSource type [class org.springframework.test.annotation.SystemProfileValueSource] for class [se.magnus.microservices.core.transaction.PersistenceTests]
02:48:28.419 [Test worker] DEBUG org.springframework.test.annotation.ProfileValueUtils - Retrieved @ProfileValueSourceConfiguration [null] for test class [se.magnus.microservices.core.transaction.PersistenceTests]
02:48:28.419 [Test worker] DEBUG org.springframework.test.annotation.ProfileValueUtils - Retrieved ProfileValueSource type [class org.springframework.test.annotation.SystemProfileValueSource] for class [se.magnus.microservices.core.transaction.PersistenceTests]
02:48:28.426 [Test worker] DEBUG org.springframework.test.context.support.AbstractDirtiesContextTestExecutionListener - Before test class: context [DefaultTestContext@4c84afda testClass = PersistenceTests, testInstance = [null], testMethod = [null], testException = [null], mergedContextConfiguration = [MergedContextConfiguration@4af7a062 testClass = PersistenceTests, locations = '{}', classes = '{class se.magnus.microservices.core.transaction.TransactionServiceApplication}', contextInitializerClasses = '[]', activeProfiles = '{}', propertySourceLocations = '{}', propertySourceProperties = '{org.springframework.boot.test.autoconfigure.orm.jpa.DataJpaTestContextBootstrapper=true}', contextCustomizers = set[org.springframework.boot.test.autoconfigure.OverrideAutoConfigurationContextCustomizerFactory$DisableAutoConfigurationContextCustomizer@4147b9d3, org.springframework.boot.test.autoconfigure.filter.TypeExcludeFiltersContextCustomizer@351584c0, org.springframework.boot.test.autoconfigure.properties.PropertyMappingContextCustomizer@5c7b23bd, org.springframework.boot.test.autoconfigure.web.servlet.WebDriverContextCustomizerFactory$Customizer@38eefb51, [ImportsContextCustomizer@69c303b0 key = [org.springframework.boot.autoconfigure.cache.CacheAutoConfiguration, org.springframework.boot.autoconfigure.data.jpa.JpaRepositoriesAutoConfiguration, org.springframework.boot.autoconfigure.flyway.FlywayAutoConfiguration, org.springframework.boot.autoconfigure.jdbc.DataSourceAutoConfiguration, org.springframework.boot.autoconfigure.jdbc.DataSourceTransactionManagerAutoConfiguration, org.springframework.boot.autoconfigure.jdbc.JdbcTemplateAutoConfiguration, org.springframework.boot.autoconfigure.liquibase.LiquibaseAutoConfiguration, org.springframework.boot.autoconfigure.orm.jpa.HibernateJpaAutoConfiguration, org.springframework.boot.autoconfigure.transaction.TransactionAutoConfiguration, org.springframework.boot.test.autoconfigure.jdbc.TestDatabaseAutoConfiguration, org.springframework.boot.test.autoconfigure.orm.jpa.TestEntityManagerAutoConfiguration]], org.springframework.boot.test.context.filter.ExcludeFilterContextCustomizer@4d84e89, org.springframework.boot.test.json.DuplicateJsonObjectContextCustomizerFactory$DuplicateJsonObjectContextCustomizer@65c693c, org.springframework.boot.test.mock.mockito.MockitoContextCustomizer@0, org.springframework.boot.test.context.SpringBootTestArgs@1], contextLoader = 'org.springframework.boot.test.context.SpringBootContextLoader', parent = [null]], attributes = map[[empty]]], class annotated with @DirtiesContext [false] with mode [null].
02:48:28.429 [Test worker] DEBUG org.springframework.test.annotation.ProfileValueUtils - Retrieved @ProfileValueSourceConfiguration [null] for test class [se.magnus.microservices.core.transaction.PersistenceTests]
02:48:28.429 [Test worker] DEBUG org.springframework.test.annotation.ProfileValueUtils - Retrieved ProfileValueSource type [class org.springframework.test.annotation.SystemProfileValueSource] for class [se.magnus.microservices.core.transaction.PersistenceTests]
02:48:28.434 [Test worker] DEBUG org.springframework.test.context.support.DependencyInjectionTestExecutionListener - Performing dependency injection for test context [[DefaultTestContext@4c84afda testClass = PersistenceTests, testInstance = se.magnus.microservices.core.transaction.PersistenceTests@5afc4fbd, testMethod = [null], testException = [null], mergedContextConfiguration = [MergedContextConfiguration@4af7a062 testClass = PersistenceTests, locations = '{}', classes = '{class se.magnus.microservices.core.transaction.TransactionServiceApplication}', contextInitializerClasses = '[]', activeProfiles = '{}', propertySourceLocations = '{}', propertySourceProperties = '{org.springframework.boot.test.autoconfigure.orm.jpa.DataJpaTestContextBootstrapper=true}', contextCustomizers = set[org.springframework.boot.test.autoconfigure.OverrideAutoConfigurationContextCustomizerFactory$DisableAutoConfigurationContextCustomizer@4147b9d3, org.springframework.boot.test.autoconfigure.filter.TypeExcludeFiltersContextCustomizer@351584c0, org.springframework.boot.test.autoconfigure.properties.PropertyMappingContextCustomizer@5c7b23bd, org.springframework.boot.test.autoconfigure.web.servlet.WebDriverContextCustomizerFactory$Customizer@38eefb51, [ImportsContextCustomizer@69c303b0 key = [org.springframework.boot.autoconfigure.cache.CacheAutoConfiguration, org.springframework.boot.autoconfigure.data.jpa.JpaRepositoriesAutoConfiguration, org.springframework.boot.autoconfigure.flyway.FlywayAutoConfiguration, org.springframework.boot.autoconfigure.jdbc.DataSourceAutoConfiguration, org.springframework.boot.autoconfigure.jdbc.DataSourceTransactionManagerAutoConfiguration, org.springframework.boot.autoconfigure.jdbc.JdbcTemplateAutoConfiguration, org.springframework.boot.autoconfigure.liquibase.LiquibaseAutoConfiguration, org.springframework.boot.autoconfigure.orm.jpa.HibernateJpaAutoConfiguration, org.springframework.boot.autoconfigure.transaction.TransactionAutoConfiguration, org.springframework.boot.test.autoconfigure.jdbc.TestDatabaseAutoConfiguration, org.springframework.boot.test.autoconfigure.orm.jpa.TestEntityManagerAutoConfiguration]], org.springframework.boot.test.context.filter.ExcludeFilterContextCustomizer@4d84e89, org.springframework.boot.test.json.DuplicateJsonObjectContextCustomizerFactory$DuplicateJsonObjectContextCustomizer@65c693c, org.springframework.boot.test.mock.mockito.MockitoContextCustomizer@0, org.springframework.boot.test.context.SpringBootTestArgs@1], contextLoader = 'org.springframework.boot.test.context.SpringBootContextLoader', parent = [null]], attributes = map[[empty]]]].
02:48:28.469 [Test worker] DEBUG org.springframework.test.context.support.TestPropertySourceUtils - Adding inlined properties to environment: {spring.jmx.enabled=false, org.springframework.boot.test.autoconfigure.orm.jpa.DataJpaTestContextBootstrapper=true}

  .   ____          _            __ _ _
 /\\ / ___'_ __ _ _(_)_ __  __ _ \ \ \ \
( ( )\___ | '_ | '_| | '_ \/ _` | \ \ \ \
 \\/  ___)| |_)| | | | | || (_| |  ) ) ) )
  '  |____| .__|_| |_|_| |_\__, | / / / /
 =========|_|==============|___/=/_/_/_/
 :: Spring Boot ::        (v2.3.0.RELEASE)

2022-05-27 02:48:29.127  INFO 14924 --- [    Test worker] s.m.m.core.transaction.PersistenceTests  : Starting PersistenceTests on DESKTOP-HJGV6OB with PID 14924 (started by user in C:\Users\user\git\InsuranceCompanyMicroservices_DIS\DIS_projekat\microservices\transaction-service)
2022-05-27 02:48:29.129 DEBUG 14924 --- [    Test worker] s.m.m.core.transaction.PersistenceTests  : Running with Spring Boot v2.3.0.RELEASE, Spring v5.2.6.RELEASE
2022-05-27 02:48:29.132  INFO 14924 --- [    Test worker] s.m.m.core.transaction.PersistenceTests  : No active profile set, falling back to default profiles: default
2022-05-27 02:48:29.834  INFO 14924 --- [    Test worker] .s.d.r.c.RepositoryConfigurationDelegate : Bootstrapping Spring Data JPA repositories in LAZY mode.
2022-05-27 02:48:30.112  INFO 14924 --- [    Test worker] .s.d.r.c.RepositoryConfigurationDelegate : Finished Spring Data repository scanning in 259ms. Found 1 JPA repository interfaces.
2022-05-27 02:48:30.169  INFO 14924 --- [    Test worker] beddedDataSourceBeanFactoryPostProcessor : Replacing 'dataSource' DataSource bean with embedded version
2022-05-27 02:48:30.406  INFO 14924 --- [    Test worker] o.s.j.d.e.EmbeddedDatabaseFactory        : Starting embedded database: url='jdbc:h2:mem:40b109f2-3059-4040-95a7-19fdd663dd65;DB_CLOSE_DELAY=-1;DB_CLOSE_ON_EXIT=false', username='sa'
2022-05-27 02:48:31.054  INFO 14924 --- [    Test worker] o.hibernate.jpa.internal.util.LogHelper  : HHH000204: Processing PersistenceUnitInfo [name: default]
2022-05-27 02:48:31.148  INFO 14924 --- [    Test worker] org.hibernate.Version                    : HHH000412: Hibernate ORM core version 5.4.15.Final
2022-05-27 02:48:31.334  INFO 14924 --- [    Test worker] o.hibernate.annotations.common.Version   : HCANN000001: Hibernate Commons Annotations {5.1.0.Final}
2022-05-27 02:48:31.557  INFO 14924 --- [    Test worker] org.hibernate.dialect.Dialect            : HHH000400: Using dialect: org.hibernate.dialect.H2Dialect
Hibernate: drop table if exists transactions CASCADE 
Hibernate: drop sequence if exists hibernate_sequence
Hibernate: create sequence hibernate_sequence start with 1 increment by 1
Hibernate: create table transactions (id integer not null, account_number varchar(255), amount double not null, currency_transaction varchar(255), date_transaction timestamp, insurance_company_id integer not null, policy_number varchar(255), transaction_id integer not null, type_transaction varchar(255), version integer not null, primary key (id))
Hibernate: alter table transactions add constraint transactions_unique_idx unique (insurance_company_id, transaction_id)
2022-05-27 02:48:32.439  INFO 14924 --- [    Test worker] o.h.e.t.j.p.i.JtaPlatformInitiator       : HHH000490: Using JtaPlatform implementation: [org.hibernate.engine.transaction.jta.platform.internal.NoJtaPlatform]
2022-05-27 02:48:32.448  INFO 14924 --- [    Test worker] j.LocalContainerEntityManagerFactoryBean : Initialized JPA EntityManagerFactory for persistence unit 'default'
2022-05-27 02:48:32.619  INFO 14924 --- [    Test worker] s.m.m.core.transaction.PersistenceTests  : Started PersistenceTests in 4.146 seconds (JVM running for 5.852)
Hibernate: select transactio0_.id as id1_0_, transactio0_.account_number as account_2_0_, transactio0_.amount as amount3_0_, transactio0_.currency_transaction as currency4_0_, transactio0_.date_transaction as date_tra5_0_, transactio0_.insurance_company_id as insuranc6_0_, transactio0_.policy_number as policy_n7_0_, transactio0_.transaction_id as transact8_0_, transactio0_.type_transaction as type_tra9_0_, transactio0_.version as version10_0_ from transactions transactio0_
Hibernate: call next value for hibernate_sequence
Hibernate: insert into transactions (account_number, amount, currency_transaction, date_transaction, insurance_company_id, policy_number, transaction_id, type_transaction, version, id) values (?, ?, ?, ?, ?, ?, ?, ?, ?, ?)
Hibernate: select transactio0_.id as id1_0_0_, transactio0_.account_number as account_2_0_0_, transactio0_.amount as amount3_0_0_, transactio0_.currency_transaction as currency4_0_0_, transactio0_.date_transaction as date_tra5_0_0_, transactio0_.insurance_company_id as insuranc6_0_0_, transactio0_.policy_number as policy_n7_0_0_, transactio0_.transaction_id as transact8_0_0_, transactio0_.type_transaction as type_tra9_0_0_, transactio0_.version as version10_0_0_ from transactions transactio0_ where transactio0_.id=?
Hibernate: delete from transactions where id=? and version=?
Hibernate: select count(*) as col_0_0_ from transactions transactio0_ where transactio0_.id=?
Hibernate: select transactio0_.id as id1_0_, transactio0_.account_number as account_2_0_, transactio0_.amount as amount3_0_, transactio0_.currency_transaction as currency4_0_, transactio0_.date_transaction as date_tra5_0_, transactio0_.insurance_company_id as insuranc6_0_, transactio0_.policy_number as policy_n7_0_, transactio0_.transaction_id as transact8_0_, transactio0_.type_transaction as type_tra9_0_, transactio0_.version as version10_0_ from transactions transactio0_
Hibernate: call next value for hibernate_sequence
Hibernate: insert into transactions (account_number, amount, currency_transaction, date_transaction, insurance_company_id, policy_number, transaction_id, type_transaction, version, id) values (?, ?, ?, ?, ?, ?, ?, ?, ?, ?)
Hibernate: select transactio0_.id as id1_0_0_, transactio0_.account_number as account_2_0_0_, transactio0_.amount as amount3_0_0_, transactio0_.currency_transaction as currency4_0_0_, transactio0_.date_transaction as date_tra5_0_0_, transactio0_.insurance_company_id as insuranc6_0_0_, transactio0_.policy_number as policy_n7_0_0_, transactio0_.transaction_id as transact8_0_0_, transactio0_.type_transaction as type_tra9_0_0_, transactio0_.version as version10_0_0_ from transactions transactio0_ where transactio0_.id=?
Hibernate: select transactio0_.id as id1_0_0_, transactio0_.account_number as account_2_0_0_, transactio0_.amount as amount3_0_0_, transactio0_.currency_transaction as currency4_0_0_, transactio0_.date_transaction as date_tra5_0_0_, transactio0_.insurance_company_id as insuranc6_0_0_, transactio0_.policy_number as policy_n7_0_0_, transactio0_.transaction_id as transact8_0_0_, transactio0_.type_transaction as type_tra9_0_0_, transactio0_.version as version10_0_0_ from transactions transactio0_ where transactio0_.id=?
Hibernate: select transactio0_.id as id1_0_0_, transactio0_.account_number as account_2_0_0_, transactio0_.amount as amount3_0_0_, transactio0_.currency_transaction as currency4_0_0_, transactio0_.date_transaction as date_tra5_0_0_, transactio0_.insurance_company_id as insuranc6_0_0_, transactio0_.policy_number as policy_n7_0_0_, transactio0_.transaction_id as transact8_0_0_, transactio0_.type_transaction as type_tra9_0_0_, transactio0_.version as version10_0_0_ from transactions transactio0_ where transactio0_.id=?
Hibernate: update transactions set account_number=?, amount=?, currency_transaction=?, date_transaction=?, insurance_company_id=?, policy_number=?, transaction_id=?, type_transaction=?, version=? where id=? and version=?
Hibernate: select transactio0_.id as id1_0_0_, transactio0_.account_number as account_2_0_0_, transactio0_.amount as amount3_0_0_, transactio0_.currency_transaction as currency4_0_0_, transactio0_.date_transaction as date_tra5_0_0_, transactio0_.insurance_company_id as insuranc6_0_0_, transactio0_.policy_number as policy_n7_0_0_, transactio0_.transaction_id as transact8_0_0_, transactio0_.type_transaction as type_tra9_0_0_, transactio0_.version as version10_0_0_ from transactions transactio0_ where transactio0_.id=?
Hibernate: select transactio0_.id as id1_0_0_, transactio0_.account_number as account_2_0_0_, transactio0_.amount as amount3_0_0_, transactio0_.currency_transaction as currency4_0_0_, transactio0_.date_transaction as date_tra5_0_0_, transactio0_.insurance_company_id as insuranc6_0_0_, transactio0_.policy_number as policy_n7_0_0_, transactio0_.transaction_id as transact8_0_0_, transactio0_.type_transaction as type_tra9_0_0_, transactio0_.version as version10_0_0_ from transactions transactio0_ where transactio0_.id=?
Hibernate: select transactio0_.id as id1_0_, transactio0_.account_number as account_2_0_, transactio0_.amount as amount3_0_, transactio0_.currency_transaction as currency4_0_, transactio0_.date_transaction as date_tra5_0_, transactio0_.insurance_company_id as insuranc6_0_, transactio0_.policy_number as policy_n7_0_, transactio0_.transaction_id as transact8_0_, transactio0_.type_transaction as type_tra9_0_, transactio0_.version as version10_0_ from transactions transactio0_
Hibernate: delete from transactions where id=? and version=?
Hibernate: call next value for hibernate_sequence
Hibernate: insert into transactions (account_number, amount, currency_transaction, date_transaction, insurance_company_id, policy_number, transaction_id, type_transaction, version, id) values (?, ?, ?, ?, ?, ?, ?, ?, ?, ?)
Hibernate: call next value for hibernate_sequence
Hibernate: insert into transactions (account_number, amount, currency_transaction, date_transaction, insurance_company_id, policy_number, transaction_id, type_transaction, version, id) values (?, ?, ?, ?, ?, ?, ?, ?, ?, ?)
Hibernate: select transactio0_.id as id1_0_0_, transactio0_.account_number as account_2_0_0_, transactio0_.amount as amount3_0_0_, transactio0_.currency_transaction as currency4_0_0_, transactio0_.date_transaction as date_tra5_0_0_, transactio0_.insurance_company_id as insuranc6_0_0_, transactio0_.policy_number as policy_n7_0_0_, transactio0_.transaction_id as transact8_0_0_, transactio0_.type_transaction as type_tra9_0_0_, transactio0_.version as version10_0_0_ from transactions transactio0_ where transactio0_.id=?
Hibernate: select count(*) as col_0_0_ from transactions transactio0_
Hibernate: select transactio0_.id as id1_0_, transactio0_.account_number as account_2_0_, transactio0_.amount as amount3_0_, transactio0_.currency_transaction as currency4_0_, transactio0_.date_transaction as date_tra5_0_, transactio0_.insurance_company_id as insuranc6_0_, transactio0_.policy_number as policy_n7_0_, transactio0_.transaction_id as transact8_0_, transactio0_.type_transaction as type_tra9_0_, transactio0_.version as version10_0_ from transactions transactio0_
Hibernate: delete from transactions where id=? and version=?
Hibernate: delete from transactions where id=? and version=?
Hibernate: call next value for hibernate_sequence
Hibernate: insert into transactions (account_number, amount, currency_transaction, date_transaction, insurance_company_id, policy_number, transaction_id, type_transaction, version, id) values (?, ?, ?, ?, ?, ?, ?, ?, ?, ?)
Hibernate: select transactio0_.id as id1_0_, transactio0_.account_number as account_2_0_, transactio0_.amount as amount3_0_, transactio0_.currency_transaction as currency4_0_, transactio0_.date_transaction as date_tra5_0_, transactio0_.insurance_company_id as insuranc6_0_, transactio0_.policy_number as policy_n7_0_, transactio0_.transaction_id as transact8_0_, transactio0_.type_transaction as type_tra9_0_, transactio0_.version as version10_0_ from transactions transactio0_ where transactio0_.insurance_company_id=?
Hibernate: select transactio0_.id as id1_0_, transactio0_.account_number as account_2_0_, transactio0_.amount as amount3_0_, transactio0_.currency_transaction as currency4_0_, transactio0_.date_transaction as date_tra5_0_, transactio0_.insurance_company_id as insuranc6_0_, transactio0_.policy_number as policy_n7_0_, transactio0_.transaction_id as transact8_0_, transactio0_.type_transaction as type_tra9_0_, transactio0_.version as version10_0_ from transactions transactio0_
Hibernate: delete from transactions where id=? and version=?
Hibernate: call next value for hibernate_sequence
Hibernate: insert into transactions (account_number, amount, currency_transaction, date_transaction, insurance_company_id, policy_number, transaction_id, type_transaction, version, id) values (?, ?, ?, ?, ?, ?, ?, ?, ?, ?)
Hibernate: select transactio0_.id as id1_0_0_, transactio0_.account_number as account_2_0_0_, transactio0_.amount as amount3_0_0_, transactio0_.currency_transaction as currency4_0_0_, transactio0_.date_transaction as date_tra5_0_0_, transactio0_.insurance_company_id as insuranc6_0_0_, transactio0_.policy_number as policy_n7_0_0_, transactio0_.transaction_id as transact8_0_0_, transactio0_.type_transaction as type_tra9_0_0_, transactio0_.version as version10_0_0_ from transactions transactio0_ where transactio0_.id=?
Hibernate: update transactions set account_number=?, amount=?, currency_transaction=?, date_transaction=?, insurance_company_id=?, policy_number=?, transaction_id=?, type_transaction=?, version=? where id=? and version=?
Hibernate: select transactio0_.id as id1_0_0_, transactio0_.account_number as account_2_0_0_, transactio0_.amount as amount3_0_0_, transactio0_.currency_transaction as currency4_0_0_, transactio0_.date_transaction as date_tra5_0_0_, transactio0_.insurance_company_id as insuranc6_0_0_, transactio0_.policy_number as policy_n7_0_0_, transactio0_.transaction_id as transact8_0_0_, transactio0_.type_transaction as type_tra9_0_0_, transactio0_.version as version10_0_0_ from transactions transactio0_ where transactio0_.id=?
]]></system-out>
  <system-err><![CDATA[]]></system-err>
</testsuite>
