<?xml version="1.0" encoding="UTF-8"?>
<testsuite name="se.magnus.microservices.core.transaction.TransactionServiceApplicationTests" tests="5" skipped="0" failures="0" errors="0" timestamp="2022-05-25T15:12:21" hostname="DESKTOP-HJGV6OB" time="0.917">
  <properties/>
  <testcase name="getTransactionsInvalidParameterNegativeValue" classname="se.magnus.microservices.core.transaction.TransactionServiceApplicationTests" time="0.83"/>
  <testcase name="getTransactionsNotFound" classname="se.magnus.microservices.core.transaction.TransactionServiceApplicationTests" time="0.016"/>
  <testcase name="getTransactionsMissingParameter" classname="se.magnus.microservices.core.transaction.TransactionServiceApplicationTests" time="0.043"/>
  <testcase name="getTransactionsByInsuranceCompanyId" classname="se.magnus.microservices.core.transaction.TransactionServiceApplicationTests" time="0.016"/>
  <testcase name="getTransactionsInvalidParameter" classname="se.magnus.microservices.core.transaction.TransactionServiceApplicationTests" time="0.009"/>
  <system-out><![CDATA[17:12:17.990 [Test worker] DEBUG org.springframework.test.annotation.ProfileValueUtils - Retrieved @ProfileValueSourceConfiguration [null] for test class [se.magnus.microservices.core.transaction.TransactionServiceApplicationTests]
17:12:17.990 [Test worker] DEBUG org.springframework.test.annotation.ProfileValueUtils - Retrieved ProfileValueSource type [class org.springframework.test.annotation.SystemProfileValueSource] for class [se.magnus.microservices.core.transaction.TransactionServiceApplicationTests]
17:12:17.997 [Test worker] DEBUG org.springframework.test.annotation.ProfileValueUtils - Retrieved @ProfileValueSourceConfiguration [null] for test class [se.magnus.microservices.core.transaction.TransactionServiceApplicationTests]
17:12:17.997 [Test worker] DEBUG org.springframework.test.annotation.ProfileValueUtils - Retrieved ProfileValueSource type [class org.springframework.test.annotation.SystemProfileValueSource] for class [se.magnus.microservices.core.transaction.TransactionServiceApplicationTests]
17:12:17.997 [Test worker] DEBUG org.springframework.test.context.support.AbstractDirtiesContextTestExecutionListener - Before test class: context [DefaultTestContext@493b8246 testClass = TransactionServiceApplicationTests, testInstance = [null], testMethod = [null], testException = [null], mergedContextConfiguration = [ReactiveWebMergedContextConfiguration@16432ea4 testClass = TransactionServiceApplicationTests, locations = '{}', classes = '{class se.magnus.microservices.core.transaction.TransactionServiceApplication}', contextInitializerClasses = '[]', activeProfiles = '{}', propertySourceLocations = '{}', propertySourceProperties = '{org.springframework.boot.test.context.SpringBootTestContextBootstrapper=true, server.port=0}', contextCustomizers = set[org.springframework.boot.test.autoconfigure.properties.PropertyMappingContextCustomizer@0, org.springframework.boot.test.autoconfigure.web.servlet.WebDriverContextCustomizerFactory$Customizer@67365183, org.springframework.boot.test.context.filter.ExcludeFilterContextCustomizer@7f5f3e15, org.springframework.boot.test.json.DuplicateJsonObjectContextCustomizerFactory$DuplicateJsonObjectContextCustomizer@245742d3, org.springframework.boot.test.mock.mockito.MockitoContextCustomizer@0, org.springframework.boot.test.web.client.TestRestTemplateContextCustomizer@61797462, org.springframework.boot.test.web.reactive.server.WebTestClientContextCustomizer@4c8559dc, org.springframework.boot.test.context.SpringBootTestArgs@1], contextLoader = 'org.springframework.boot.test.context.SpringBootContextLoader', parent = [null]], attributes = map['org.springframework.test.context.web.ServletTestExecutionListener.activateListener' -> false]], class annotated with @DirtiesContext [false] with mode [null].
17:12:17.997 [Test worker] DEBUG org.springframework.test.annotation.ProfileValueUtils - Retrieved @ProfileValueSourceConfiguration [null] for test class [se.magnus.microservices.core.transaction.TransactionServiceApplicationTests]
17:12:17.997 [Test worker] DEBUG org.springframework.test.annotation.ProfileValueUtils - Retrieved ProfileValueSource type [class org.springframework.test.annotation.SystemProfileValueSource] for class [se.magnus.microservices.core.transaction.TransactionServiceApplicationTests]
17:12:18.012 [Test worker] DEBUG org.springframework.test.context.support.DependencyInjectionTestExecutionListener - Performing dependency injection for test context [[DefaultTestContext@493b8246 testClass = TransactionServiceApplicationTests, testInstance = se.magnus.microservices.core.transaction.TransactionServiceApplicationTests@36294315, testMethod = [null], testException = [null], mergedContextConfiguration = [ReactiveWebMergedContextConfiguration@16432ea4 testClass = TransactionServiceApplicationTests, locations = '{}', classes = '{class se.magnus.microservices.core.transaction.TransactionServiceApplication}', contextInitializerClasses = '[]', activeProfiles = '{}', propertySourceLocations = '{}', propertySourceProperties = '{org.springframework.boot.test.context.SpringBootTestContextBootstrapper=true, server.port=0}', contextCustomizers = set[org.springframework.boot.test.autoconfigure.properties.PropertyMappingContextCustomizer@0, org.springframework.boot.test.autoconfigure.web.servlet.WebDriverContextCustomizerFactory$Customizer@67365183, org.springframework.boot.test.context.filter.ExcludeFilterContextCustomizer@7f5f3e15, org.springframework.boot.test.json.DuplicateJsonObjectContextCustomizerFactory$DuplicateJsonObjectContextCustomizer@245742d3, org.springframework.boot.test.mock.mockito.MockitoContextCustomizer@0, org.springframework.boot.test.web.client.TestRestTemplateContextCustomizer@61797462, org.springframework.boot.test.web.reactive.server.WebTestClientContextCustomizer@4c8559dc, org.springframework.boot.test.context.SpringBootTestArgs@1], contextLoader = 'org.springframework.boot.test.context.SpringBootContextLoader', parent = [null]], attributes = map['org.springframework.test.context.web.ServletTestExecutionListener.activateListener' -> false]]].
17:12:18.036 [Test worker] DEBUG org.springframework.test.context.support.TestPropertySourceUtils - Adding inlined properties to environment: {spring.jmx.enabled=false, org.springframework.boot.test.context.SpringBootTestContextBootstrapper=true, server.port=0}

  .   ____          _            __ _ _
 /\\ / ___'_ __ _ _(_)_ __  __ _ \ \ \ \
( ( )\___ | '_ | '_| | '_ \/ _` | \ \ \ \
 \\/  ___)| |_)| | | | | || (_| |  ) ) ) )
  '  |____| .__|_| |_|_| |_\__, | / / / /
 =========|_|==============|___/=/_/_/_/
 :: Spring Boot ::        (v2.3.0.RELEASE)

2022-05-25 17:12:18.469  INFO 4556 --- [    Test worker] m.c.t.TransactionServiceApplicationTests : Starting TransactionServiceApplicationTests on DESKTOP-HJGV6OB with PID 4556 (started by user in C:\Users\user\git\InsuranceCompanyMicroservices_DIS\DIS_projekat\microservices\transaction-service)
2022-05-25 17:12:18.485 DEBUG 4556 --- [    Test worker] m.c.t.TransactionServiceApplicationTests : Running with Spring Boot v2.3.0.RELEASE, Spring v5.2.6.RELEASE
2022-05-25 17:12:18.485  INFO 4556 --- [    Test worker] m.c.t.TransactionServiceApplicationTests : No active profile set, falling back to default profiles: default
2022-05-25 17:12:20.497  INFO 4556 --- [    Test worker] o.s.b.a.e.web.EndpointLinksResolver      : Exposing 2 endpoint(s) beneath base path '/actuator'
2022-05-25 17:12:21.677  INFO 4556 --- [    Test worker] o.s.b.web.embedded.netty.NettyWebServer  : Netty started on port(s): 52156
2022-05-25 17:12:21.684  INFO 4556 --- [    Test worker] m.c.t.TransactionServiceApplicationTests : Started TransactionServiceApplicationTests in 3.651 seconds (JVM running for 5.374)
2022-05-25 17:12:22.410 DEBUG 4556 --- [ctor-http-nio-3] s.m.u.h.GlobalControllerExceptionHandler : Returning HTTP status: 422 UNPROCESSABLE_ENTITY for path: /transaction, message: Invalid insuranceCompanyId: -1
2022-05-25 17:12:22.567 DEBUG 4556 --- [ctor-http-nio-3] s.m.m.c.t.s.TransactionServiceImpl       : No transactions found for insuranceCompanyId: 313
2022-05-25 17:12:22.629 DEBUG 4556 --- [ctor-http-nio-3] s.m.m.c.t.s.TransactionServiceImpl       : /transaction response size: 3
]]></system-out>
  <system-err><![CDATA[]]></system-err>
</testsuite>
