<?xml version="1.0" encoding="UTF-8"?>
<testsuite name="se.magnus.microservices.core.transaction.PersistenceTests" tests="5" skipped="0" failures="0" errors="0" timestamp="2022-06-23T15:43:06" hostname="DESKTOP-HJGV6OB" time="2.022">
  <properties/>
  <testcase name="deleteTransaction" classname="se.magnus.microservices.core.transaction.PersistenceTests" time="1.848"/>
  <testcase name="optimisticLockError" classname="se.magnus.microservices.core.transaction.PersistenceTests" time="0.05"/>
  <testcase name="createTransaction" classname="se.magnus.microservices.core.transaction.PersistenceTests" time="0.032"/>
  <testcase name="getByInsuranceCompanyId" classname="se.magnus.microservices.core.transaction.PersistenceTests" time="0.047"/>
  <testcase name="updateTransaction" classname="se.magnus.microservices.core.transaction.PersistenceTests" time="0.039"/>
  <system-out><![CDATA[17:43:02.914 [Test worker] DEBUG org.springframework.test.annotation.ProfileValueUtils - Retrieved @ProfileValueSourceConfiguration [null] for test class [se.magnus.microservices.core.transaction.PersistenceTests]
17:43:02.914 [Test worker] DEBUG org.springframework.test.annotation.ProfileValueUtils - Retrieved ProfileValueSource type [class org.springframework.test.annotation.SystemProfileValueSource] for class [se.magnus.microservices.core.transaction.PersistenceTests]
17:43:02.914 [Test worker] DEBUG org.springframework.test.annotation.ProfileValueUtils - Retrieved @ProfileValueSourceConfiguration [null] for test class [se.magnus.microservices.core.transaction.PersistenceTests]
17:43:02.914 [Test worker] DEBUG org.springframework.test.annotation.ProfileValueUtils - Retrieved ProfileValueSource type [class org.springframework.test.annotation.SystemProfileValueSource] for class [se.magnus.microservices.core.transaction.PersistenceTests]
17:43:02.930 [Test worker] DEBUG org.springframework.test.context.support.AbstractDirtiesContextTestExecutionListener - Before test class: context [DefaultTestContext@6d417949 testClass = PersistenceTests, testInstance = [null], testMethod = [null], testException = [null], mergedContextConfiguration = [MergedContextConfiguration@8000b5a testClass = PersistenceTests, locations = '{}', classes = '{class se.magnus.microservices.core.transaction.TransactionServiceApplication}', contextInitializerClasses = '[]', activeProfiles = '{}', propertySourceLocations = '{}', propertySourceProperties = '{org.springframework.boot.test.autoconfigure.orm.jpa.DataJpaTestContextBootstrapper=true}', contextCustomizers = set[org.springframework.boot.test.autoconfigure.OverrideAutoConfigurationContextCustomizerFactory$DisableAutoConfigurationContextCustomizer@2993141b, org.springframework.boot.test.autoconfigure.filter.TypeExcludeFiltersContextCustomizer@351584c0, org.springframework.boot.test.autoconfigure.properties.PropertyMappingContextCustomizer@9c919c64, org.springframework.boot.test.autoconfigure.web.servlet.WebDriverContextCustomizerFactory$Customizer@58476fb, [ImportsContextCustomizer@27039b61 key = [org.springframework.boot.autoconfigure.cache.CacheAutoConfiguration, org.springframework.boot.autoconfigure.data.jpa.JpaRepositoriesAutoConfiguration, org.springframework.boot.autoconfigure.flyway.FlywayAutoConfiguration, org.springframework.boot.autoconfigure.jdbc.DataSourceAutoConfiguration, org.springframework.boot.autoconfigure.jdbc.DataSourceTransactionManagerAutoConfiguration, org.springframework.boot.autoconfigure.jdbc.JdbcTemplateAutoConfiguration, org.springframework.boot.autoconfigure.liquibase.LiquibaseAutoConfiguration, org.springframework.boot.autoconfigure.orm.jpa.HibernateJpaAutoConfiguration, org.springframework.boot.autoconfigure.transaction.TransactionAutoConfiguration, org.springframework.boot.test.autoconfigure.jdbc.TestDatabaseAutoConfiguration, org.springframework.boot.test.autoconfigure.orm.jpa.TestEntityManagerAutoConfiguration]], org.springframework.boot.test.context.filter.ExcludeFilterContextCustomizer@14c7f139, org.springframework.boot.test.json.DuplicateJsonObjectContextCustomizerFactory$DuplicateJsonObjectContextCustomizer@4b2329f4, org.springframework.boot.test.mock.mockito.MockitoContextCustomizer@0, org.springframework.boot.test.context.SpringBootTestArgs@1], contextLoader = 'org.springframework.boot.test.context.SpringBootContextLoader', parent = [null]], attributes = map[[empty]]], class annotated with @DirtiesContext [false] with mode [null].
17:43:02.930 [Test worker] DEBUG org.springframework.test.annotation.ProfileValueUtils - Retrieved @ProfileValueSourceConfiguration [null] for test class [se.magnus.microservices.core.transaction.PersistenceTests]
17:43:02.930 [Test worker] DEBUG org.springframework.test.annotation.ProfileValueUtils - Retrieved ProfileValueSource type [class org.springframework.test.annotation.SystemProfileValueSource] for class [se.magnus.microservices.core.transaction.PersistenceTests]
17:43:02.930 [Test worker] DEBUG org.springframework.test.context.support.DependencyInjectionTestExecutionListener - Performing dependency injection for test context [[DefaultTestContext@6d417949 testClass = PersistenceTests, testInstance = se.magnus.microservices.core.transaction.PersistenceTests@40c832a, testMethod = [null], testException = [null], mergedContextConfiguration = [MergedContextConfiguration@8000b5a testClass = PersistenceTests, locations = '{}', classes = '{class se.magnus.microservices.core.transaction.TransactionServiceApplication}', contextInitializerClasses = '[]', activeProfiles = '{}', propertySourceLocations = '{}', propertySourceProperties = '{org.springframework.boot.test.autoconfigure.orm.jpa.DataJpaTestContextBootstrapper=true}', contextCustomizers = set[org.springframework.boot.test.autoconfigure.OverrideAutoConfigurationContextCustomizerFactory$DisableAutoConfigurationContextCustomizer@2993141b, org.springframework.boot.test.autoconfigure.filter.TypeExcludeFiltersContextCustomizer@351584c0, org.springframework.boot.test.autoconfigure.properties.PropertyMappingContextCustomizer@9c919c64, org.springframework.boot.test.autoconfigure.web.servlet.WebDriverContextCustomizerFactory$Customizer@58476fb, [ImportsContextCustomizer@27039b61 key = [org.springframework.boot.autoconfigure.cache.CacheAutoConfiguration, org.springframework.boot.autoconfigure.data.jpa.JpaRepositoriesAutoConfiguration, org.springframework.boot.autoconfigure.flyway.FlywayAutoConfiguration, org.springframework.boot.autoconfigure.jdbc.DataSourceAutoConfiguration, org.springframework.boot.autoconfigure.jdbc.DataSourceTransactionManagerAutoConfiguration, org.springframework.boot.autoconfigure.jdbc.JdbcTemplateAutoConfiguration, org.springframework.boot.autoconfigure.liquibase.LiquibaseAutoConfiguration, org.springframework.boot.autoconfigure.orm.jpa.HibernateJpaAutoConfiguration, org.springframework.boot.autoconfigure.transaction.TransactionAutoConfiguration, org.springframework.boot.test.autoconfigure.jdbc.TestDatabaseAutoConfiguration, org.springframework.boot.test.autoconfigure.orm.jpa.TestEntityManagerAutoConfiguration]], org.springframework.boot.test.context.filter.ExcludeFilterContextCustomizer@14c7f139, org.springframework.boot.test.json.DuplicateJsonObjectContextCustomizerFactory$DuplicateJsonObjectContextCustomizer@4b2329f4, org.springframework.boot.test.mock.mockito.MockitoContextCustomizer@0, org.springframework.boot.test.context.SpringBootTestArgs@1], contextLoader = 'org.springframework.boot.test.context.SpringBootContextLoader', parent = [null]], attributes = map[[empty]]]].
17:43:02.970 [Test worker] DEBUG org.springframework.test.context.support.TestPropertySourceUtils - Adding inlined properties to environment: {spring.jmx.enabled=false, org.springframework.boot.test.autoconfigure.orm.jpa.DataJpaTestContextBootstrapper=true}

  .   ____          _            __ _ _
 /\\ / ___'_ __ _ _(_)_ __  __ _ \ \ \ \
( ( )\___ | '_ | '_| | '_ \/ _` | \ \ \ \
 \\/  ___)| |_)| | | | | || (_| |  ) ) ) )
  '  |____| .__|_| |_|_| |_\__, | / / / /
 =========|_|==============|___/=/_/_/_/
 :: Spring Boot ::        (v2.3.2.RELEASE)

2022-06-23 17:43:03.552  INFO 10984 --- [    Test worker] s.m.m.core.transaction.PersistenceTests  : Starting PersistenceTests on DESKTOP-HJGV6OB with PID 10984 (started by user in C:\Users\user\git\InsuranceCompanyMicroservices_DIS\DIS_projekat\microservices\transaction-service)
2022-06-23 17:43:03.552 DEBUG 10984 --- [    Test worker] s.m.m.core.transaction.PersistenceTests  : Running with Spring Boot v2.3.2.RELEASE, Spring v5.2.8.RELEASE
2022-06-23 17:43:03.552  INFO 10984 --- [    Test worker] s.m.m.core.transaction.PersistenceTests  : No active profile set, falling back to default profiles: default
2022-06-23 17:43:04.285  INFO 10984 --- [    Test worker] .s.d.r.c.RepositoryConfigurationDelegate : Bootstrapping Spring Data JPA repositories in LAZY mode.
2022-06-23 17:43:04.514  INFO 10984 --- [    Test worker] .s.d.r.c.RepositoryConfigurationDelegate : Finished Spring Data repository scanning in 230ms. Found 1 JPA repository interfaces.
2022-06-23 17:43:04.577  INFO 10984 --- [    Test worker] beddedDataSourceBeanFactoryPostProcessor : Replacing 'dataSource' DataSource bean with embedded version
2022-06-23 17:43:04.687  INFO 10984 --- [    Test worker] faultConfiguringBeanFactoryPostProcessor : No bean named 'errorChannel' has been explicitly defined. Therefore, a default PublishSubscribeChannel will be created.
2022-06-23 17:43:04.702  INFO 10984 --- [    Test worker] faultConfiguringBeanFactoryPostProcessor : No bean named 'taskScheduler' has been explicitly defined. Therefore, a default ThreadPoolTaskScheduler will be created.
2022-06-23 17:43:04.702  INFO 10984 --- [    Test worker] faultConfiguringBeanFactoryPostProcessor : No bean named 'integrationHeaderChannelRegistry' has been explicitly defined. Therefore, a default DefaultHeaderChannelRegistry will be created.
2022-06-23 17:43:04.781  INFO 10984 --- [    Test worker] trationDelegate$BeanPostProcessorChecker : Bean 'integrationChannelResolver' of type [org.springframework.integration.support.channel.BeanFactoryChannelResolver] is not eligible for getting processed by all BeanPostProcessors (for example: not eligible for auto-proxying)
2022-06-23 17:43:04.813  INFO 10984 --- [    Test worker] trationDelegate$BeanPostProcessorChecker : Bean 'integrationDisposableAutoCreatedBeans' of type [org.springframework.integration.config.annotation.Disposables] is not eligible for getting processed by all BeanPostProcessors (for example: not eligible for auto-proxying)
2022-06-23 17:43:04.924  INFO 10984 --- [    Test worker] o.s.j.d.e.EmbeddedDatabaseFactory        : Starting embedded database: url='jdbc:h2:mem:e17ae5ff-d862-4c08-aa29-98ff5e7cd8d1;DB_CLOSE_DELAY=-1;DB_CLOSE_ON_EXIT=false', username='sa'
2022-06-23 17:43:05.456  INFO 10984 --- [    Test worker] o.s.s.c.ThreadPoolTaskScheduler          : Initializing ExecutorService 'taskScheduler'
2022-06-23 17:43:05.551  INFO 10984 --- [ask-scheduler-1] o.hibernate.jpa.internal.util.LogHelper  : HHH000204: Processing PersistenceUnitInfo [name: default]
2022-06-23 17:43:05.567  INFO 10984 --- [    Test worker] s.m.m.c.t.TransactionServiceApplication  : Creates a jdbcScheduler with connectionPoolSize = 10
2022-06-23 17:43:05.679  INFO 10984 --- [ask-scheduler-1] org.hibernate.Version                    : HHH000412: Hibernate ORM core version 5.4.18.Final
2022-06-23 17:43:06.033  INFO 10984 --- [ask-scheduler-1] o.hibernate.annotations.common.Version   : HCANN000001: Hibernate Commons Annotations {5.1.0.Final}
2022-06-23 17:43:06.332  INFO 10984 --- [ask-scheduler-1] org.hibernate.dialect.Dialect            : HHH000400: Using dialect: org.hibernate.dialect.H2Dialect
2022-06-23 17:43:06.363  INFO 10984 --- [    Test worker] o.s.i.endpoint.EventDrivenConsumer       : Adding {logging-channel-adapter:_org.springframework.integration.errorLogger} as a subscriber to the 'errorChannel' channel
2022-06-23 17:43:06.363  INFO 10984 --- [    Test worker] o.s.i.channel.PublishSubscribeChannel    : Channel 'application.errorChannel' has 1 subscriber(s).
2022-06-23 17:43:06.363  INFO 10984 --- [    Test worker] o.s.i.endpoint.EventDrivenConsumer       : started bean '_org.springframework.integration.errorLogger'
2022-06-23 17:43:06.381  INFO 10984 --- [    Test worker] s.m.m.core.transaction.PersistenceTests  : Started PersistenceTests in 3.403 seconds (JVM running for 5.422)
2022-06-23 17:43:07.443 DEBUG 10984 --- [ask-scheduler-1] org.hibernate.SQL                        : create table transactions (id integer not null, account_number varchar(255), amount double not null, currency_transaction varchar(255), date_transaction timestamp, insurance_company_id integer not null, policy_number varchar(255), transaction_id integer not null, type_transaction varchar(255), version integer not null, primary key (id))
Hibernate: create table transactions (id integer not null, account_number varchar(255), amount double not null, currency_transaction varchar(255), date_transaction timestamp, insurance_company_id integer not null, policy_number varchar(255), transaction_id integer not null, type_transaction varchar(255), version integer not null, primary key (id))
2022-06-23 17:43:07.459 DEBUG 10984 --- [ask-scheduler-1] org.hibernate.SQL                        : alter table transactions drop constraint if exists transactions_unique_idx
Hibernate: alter table transactions drop constraint if exists transactions_unique_idx
2022-06-23 17:43:07.459 DEBUG 10984 --- [ask-scheduler-1] org.hibernate.SQL                        : alter table transactions add constraint transactions_unique_idx unique (insurance_company_id, transaction_id)
Hibernate: alter table transactions add constraint transactions_unique_idx unique (insurance_company_id, transaction_id)
2022-06-23 17:43:07.459 DEBUG 10984 --- [ask-scheduler-1] org.hibernate.SQL                        : create sequence hibernate_sequence start with 1 increment by 1
Hibernate: create sequence hibernate_sequence start with 1 increment by 1
2022-06-23 17:43:07.459  INFO 10984 --- [ask-scheduler-1] o.h.e.t.j.p.i.JtaPlatformInitiator       : HHH000490: Using JtaPlatform implementation: [org.hibernate.engine.transaction.jta.platform.internal.NoJtaPlatform]
2022-06-23 17:43:07.490  INFO 10984 --- [ask-scheduler-1] j.LocalContainerEntityManagerFactoryBean : Initialized JPA EntityManagerFactory for persistence unit 'default'
2022-06-23 17:43:08.044 DEBUG 10984 --- [    Test worker] org.hibernate.SQL                        : select transactio0_.id as id1_0_, transactio0_.account_number as account_2_0_, transactio0_.amount as amount3_0_, transactio0_.currency_transaction as currency4_0_, transactio0_.date_transaction as date_tra5_0_, transactio0_.insurance_company_id as insuranc6_0_, transactio0_.policy_number as policy_n7_0_, transactio0_.transaction_id as transact8_0_, transactio0_.type_transaction as type_tra9_0_, transactio0_.version as version10_0_ from transactions transactio0_
Hibernate: select transactio0_.id as id1_0_, transactio0_.account_number as account_2_0_, transactio0_.amount as amount3_0_, transactio0_.currency_transaction as currency4_0_, transactio0_.date_transaction as date_tra5_0_, transactio0_.insurance_company_id as insuranc6_0_, transactio0_.policy_number as policy_n7_0_, transactio0_.transaction_id as transact8_0_, transactio0_.type_transaction as type_tra9_0_, transactio0_.version as version10_0_ from transactions transactio0_
2022-06-23 17:43:08.076 DEBUG 10984 --- [    Test worker] org.hibernate.SQL                        : call next value for hibernate_sequence
Hibernate: call next value for hibernate_sequence
2022-06-23 17:43:08.108 DEBUG 10984 --- [    Test worker] org.hibernate.SQL                        : insert into transactions (account_number, amount, currency_transaction, date_transaction, insurance_company_id, policy_number, transaction_id, type_transaction, version, id) values (?, ?, ?, ?, ?, ?, ?, ?, ?, ?)
Hibernate: insert into transactions (account_number, amount, currency_transaction, date_transaction, insurance_company_id, policy_number, transaction_id, type_transaction, version, id) values (?, ?, ?, ?, ?, ?, ?, ?, ?, ?)
2022-06-23 17:43:08.123 TRACE 10984 --- [    Test worker] o.h.type.descriptor.sql.BasicBinder      : binding parameter [1] as [VARCHAR] - [accountNumber 1]
2022-06-23 17:43:08.123 TRACE 10984 --- [    Test worker] o.h.type.descriptor.sql.BasicBinder      : binding parameter [2] as [DOUBLE] - [570.67]
2022-06-23 17:43:08.123 TRACE 10984 --- [    Test worker] o.h.type.descriptor.sql.BasicBinder      : binding parameter [3] as [VARCHAR] - [currencyOffer 1]
2022-06-23 17:43:08.139 TRACE 10984 --- [    Test worker] o.h.type.descriptor.sql.BasicBinder      : binding parameter [4] as [TIMESTAMP] - [Thu Jun 23 17:43:08 CEST 2022]
2022-06-23 17:43:08.139 TRACE 10984 --- [    Test worker] o.h.type.descriptor.sql.BasicBinder      : binding parameter [5] as [INTEGER] - [1]
2022-06-23 17:43:08.139 TRACE 10984 --- [    Test worker] o.h.type.descriptor.sql.BasicBinder      : binding parameter [6] as [VARCHAR] - [policeNumber 1]
2022-06-23 17:43:08.139 TRACE 10984 --- [    Test worker] o.h.type.descriptor.sql.BasicBinder      : binding parameter [7] as [INTEGER] - [1]
2022-06-23 17:43:08.139 TRACE 10984 --- [    Test worker] o.h.type.descriptor.sql.BasicBinder      : binding parameter [8] as [VARCHAR] - [typeTransaction 1]
2022-06-23 17:43:08.139 TRACE 10984 --- [    Test worker] o.h.type.descriptor.sql.BasicBinder      : binding parameter [9] as [INTEGER] - [0]
2022-06-23 17:43:08.139 TRACE 10984 --- [    Test worker] o.h.type.descriptor.sql.BasicBinder      : binding parameter [10] as [INTEGER] - [1]
2022-06-23 17:43:08.155 DEBUG 10984 --- [    Test worker] org.hibernate.SQL                        : select transactio0_.id as id1_0_0_, transactio0_.account_number as account_2_0_0_, transactio0_.amount as amount3_0_0_, transactio0_.currency_transaction as currency4_0_0_, transactio0_.date_transaction as date_tra5_0_0_, transactio0_.insurance_company_id as insuranc6_0_0_, transactio0_.policy_number as policy_n7_0_0_, transactio0_.transaction_id as transact8_0_0_, transactio0_.type_transaction as type_tra9_0_0_, transactio0_.version as version10_0_0_ from transactions transactio0_ where transactio0_.id=?
Hibernate: select transactio0_.id as id1_0_0_, transactio0_.account_number as account_2_0_0_, transactio0_.amount as amount3_0_0_, transactio0_.currency_transaction as currency4_0_0_, transactio0_.date_transaction as date_tra5_0_0_, transactio0_.insurance_company_id as insuranc6_0_0_, transactio0_.policy_number as policy_n7_0_0_, transactio0_.transaction_id as transact8_0_0_, transactio0_.type_transaction as type_tra9_0_0_, transactio0_.version as version10_0_0_ from transactions transactio0_ where transactio0_.id=?
2022-06-23 17:43:08.155 TRACE 10984 --- [    Test worker] o.h.type.descriptor.sql.BasicBinder      : binding parameter [1] as [INTEGER] - [1]
2022-06-23 17:43:08.187 DEBUG 10984 --- [    Test worker] org.hibernate.SQL                        : delete from transactions where id=? and version=?
Hibernate: delete from transactions where id=? and version=?
2022-06-23 17:43:08.187 TRACE 10984 --- [    Test worker] o.h.type.descriptor.sql.BasicBinder      : binding parameter [1] as [INTEGER] - [1]
2022-06-23 17:43:08.187 TRACE 10984 --- [    Test worker] o.h.type.descriptor.sql.BasicBinder      : binding parameter [2] as [INTEGER] - [0]
2022-06-23 17:43:08.219 DEBUG 10984 --- [    Test worker] org.hibernate.SQL                        : select count(*) as col_0_0_ from transactions transactio0_ where transactio0_.id=?
Hibernate: select count(*) as col_0_0_ from transactions transactio0_ where transactio0_.id=?
2022-06-23 17:43:08.219 TRACE 10984 --- [    Test worker] o.h.type.descriptor.sql.BasicBinder      : binding parameter [1] as [INTEGER] - [1]
2022-06-23 17:43:08.266 DEBUG 10984 --- [    Test worker] org.hibernate.SQL                        : select transactio0_.id as id1_0_, transactio0_.account_number as account_2_0_, transactio0_.amount as amount3_0_, transactio0_.currency_transaction as currency4_0_, transactio0_.date_transaction as date_tra5_0_, transactio0_.insurance_company_id as insuranc6_0_, transactio0_.policy_number as policy_n7_0_, transactio0_.transaction_id as transact8_0_, transactio0_.type_transaction as type_tra9_0_, transactio0_.version as version10_0_ from transactions transactio0_
Hibernate: select transactio0_.id as id1_0_, transactio0_.account_number as account_2_0_, transactio0_.amount as amount3_0_, transactio0_.currency_transaction as currency4_0_, transactio0_.date_transaction as date_tra5_0_, transactio0_.insurance_company_id as insuranc6_0_, transactio0_.policy_number as policy_n7_0_, transactio0_.transaction_id as transact8_0_, transactio0_.type_transaction as type_tra9_0_, transactio0_.version as version10_0_ from transactions transactio0_
2022-06-23 17:43:08.266 DEBUG 10984 --- [    Test worker] org.hibernate.SQL                        : call next value for hibernate_sequence
Hibernate: call next value for hibernate_sequence
2022-06-23 17:43:08.266 DEBUG 10984 --- [    Test worker] org.hibernate.SQL                        : insert into transactions (account_number, amount, currency_transaction, date_transaction, insurance_company_id, policy_number, transaction_id, type_transaction, version, id) values (?, ?, ?, ?, ?, ?, ?, ?, ?, ?)
Hibernate: insert into transactions (account_number, amount, currency_transaction, date_transaction, insurance_company_id, policy_number, transaction_id, type_transaction, version, id) values (?, ?, ?, ?, ?, ?, ?, ?, ?, ?)
2022-06-23 17:43:08.271 TRACE 10984 --- [    Test worker] o.h.type.descriptor.sql.BasicBinder      : binding parameter [1] as [VARCHAR] - [accountNumber 1]
2022-06-23 17:43:08.272 TRACE 10984 --- [    Test worker] o.h.type.descriptor.sql.BasicBinder      : binding parameter [2] as [DOUBLE] - [570.67]
2022-06-23 17:43:08.272 TRACE 10984 --- [    Test worker] o.h.type.descriptor.sql.BasicBinder      : binding parameter [3] as [VARCHAR] - [currencyOffer 1]
2022-06-23 17:43:08.272 TRACE 10984 --- [    Test worker] o.h.type.descriptor.sql.BasicBinder      : binding parameter [4] as [TIMESTAMP] - [Thu Jun 23 17:43:08 CEST 2022]
2022-06-23 17:43:08.272 TRACE 10984 --- [    Test worker] o.h.type.descriptor.sql.BasicBinder      : binding parameter [5] as [INTEGER] - [1]
2022-06-23 17:43:08.272 TRACE 10984 --- [    Test worker] o.h.type.descriptor.sql.BasicBinder      : binding parameter [6] as [VARCHAR] - [policeNumber 1]
2022-06-23 17:43:08.272 TRACE 10984 --- [    Test worker] o.h.type.descriptor.sql.BasicBinder      : binding parameter [7] as [INTEGER] - [1]
2022-06-23 17:43:08.272 TRACE 10984 --- [    Test worker] o.h.type.descriptor.sql.BasicBinder      : binding parameter [8] as [VARCHAR] - [typeTransaction 1]
2022-06-23 17:43:08.272 TRACE 10984 --- [    Test worker] o.h.type.descriptor.sql.BasicBinder      : binding parameter [9] as [INTEGER] - [0]
2022-06-23 17:43:08.272 TRACE 10984 --- [    Test worker] o.h.type.descriptor.sql.BasicBinder      : binding parameter [10] as [INTEGER] - [2]
2022-06-23 17:43:08.272 DEBUG 10984 --- [    Test worker] org.hibernate.SQL                        : select transactio0_.id as id1_0_0_, transactio0_.account_number as account_2_0_0_, transactio0_.amount as amount3_0_0_, transactio0_.currency_transaction as currency4_0_0_, transactio0_.date_transaction as date_tra5_0_0_, transactio0_.insurance_company_id as insuranc6_0_0_, transactio0_.policy_number as policy_n7_0_0_, transactio0_.transaction_id as transact8_0_0_, transactio0_.type_transaction as type_tra9_0_0_, transactio0_.version as version10_0_0_ from transactions transactio0_ where transactio0_.id=?
Hibernate: select transactio0_.id as id1_0_0_, transactio0_.account_number as account_2_0_0_, transactio0_.amount as amount3_0_0_, transactio0_.currency_transaction as currency4_0_0_, transactio0_.date_transaction as date_tra5_0_0_, transactio0_.insurance_company_id as insuranc6_0_0_, transactio0_.policy_number as policy_n7_0_0_, transactio0_.transaction_id as transact8_0_0_, transactio0_.type_transaction as type_tra9_0_0_, transactio0_.version as version10_0_0_ from transactions transactio0_ where transactio0_.id=?
2022-06-23 17:43:08.272 TRACE 10984 --- [    Test worker] o.h.type.descriptor.sql.BasicBinder      : binding parameter [1] as [INTEGER] - [2]
2022-06-23 17:43:08.272 DEBUG 10984 --- [    Test worker] org.hibernate.SQL                        : select transactio0_.id as id1_0_0_, transactio0_.account_number as account_2_0_0_, transactio0_.amount as amount3_0_0_, transactio0_.currency_transaction as currency4_0_0_, transactio0_.date_transaction as date_tra5_0_0_, transactio0_.insurance_company_id as insuranc6_0_0_, transactio0_.policy_number as policy_n7_0_0_, transactio0_.transaction_id as transact8_0_0_, transactio0_.type_transaction as type_tra9_0_0_, transactio0_.version as version10_0_0_ from transactions transactio0_ where transactio0_.id=?
Hibernate: select transactio0_.id as id1_0_0_, transactio0_.account_number as account_2_0_0_, transactio0_.amount as amount3_0_0_, transactio0_.currency_transaction as currency4_0_0_, transactio0_.date_transaction as date_tra5_0_0_, transactio0_.insurance_company_id as insuranc6_0_0_, transactio0_.policy_number as policy_n7_0_0_, transactio0_.transaction_id as transact8_0_0_, transactio0_.type_transaction as type_tra9_0_0_, transactio0_.version as version10_0_0_ from transactions transactio0_ where transactio0_.id=?
2022-06-23 17:43:08.272 TRACE 10984 --- [    Test worker] o.h.type.descriptor.sql.BasicBinder      : binding parameter [1] as [INTEGER] - [2]
2022-06-23 17:43:08.272 DEBUG 10984 --- [    Test worker] org.hibernate.SQL                        : select transactio0_.id as id1_0_0_, transactio0_.account_number as account_2_0_0_, transactio0_.amount as amount3_0_0_, transactio0_.currency_transaction as currency4_0_0_, transactio0_.date_transaction as date_tra5_0_0_, transactio0_.insurance_company_id as insuranc6_0_0_, transactio0_.policy_number as policy_n7_0_0_, transactio0_.transaction_id as transact8_0_0_, transactio0_.type_transaction as type_tra9_0_0_, transactio0_.version as version10_0_0_ from transactions transactio0_ where transactio0_.id=?
Hibernate: select transactio0_.id as id1_0_0_, transactio0_.account_number as account_2_0_0_, transactio0_.amount as amount3_0_0_, transactio0_.currency_transaction as currency4_0_0_, transactio0_.date_transaction as date_tra5_0_0_, transactio0_.insurance_company_id as insuranc6_0_0_, transactio0_.policy_number as policy_n7_0_0_, transactio0_.transaction_id as transact8_0_0_, transactio0_.type_transaction as type_tra9_0_0_, transactio0_.version as version10_0_0_ from transactions transactio0_ where transactio0_.id=?
2022-06-23 17:43:08.272 TRACE 10984 --- [    Test worker] o.h.type.descriptor.sql.BasicBinder      : binding parameter [1] as [INTEGER] - [2]
2022-06-23 17:43:08.288 DEBUG 10984 --- [    Test worker] org.hibernate.SQL                        : update transactions set account_number=?, amount=?, currency_transaction=?, date_transaction=?, insurance_company_id=?, policy_number=?, transaction_id=?, type_transaction=?, version=? where id=? and version=?
Hibernate: update transactions set account_number=?, amount=?, currency_transaction=?, date_transaction=?, insurance_company_id=?, policy_number=?, transaction_id=?, type_transaction=?, version=? where id=? and version=?
2022-06-23 17:43:08.290 TRACE 10984 --- [    Test worker] o.h.type.descriptor.sql.BasicBinder      : binding parameter [1] as [VARCHAR] - [accountNumber 1]
2022-06-23 17:43:08.291 TRACE 10984 --- [    Test worker] o.h.type.descriptor.sql.BasicBinder      : binding parameter [2] as [DOUBLE] - [570.67]
2022-06-23 17:43:08.291 TRACE 10984 --- [    Test worker] o.h.type.descriptor.sql.BasicBinder      : binding parameter [3] as [VARCHAR] - [currencyOffer 1]
2022-06-23 17:43:08.292 TRACE 10984 --- [    Test worker] o.h.type.descriptor.sql.BasicBinder      : binding parameter [4] as [TIMESTAMP] - [2022-06-23 17:43:08.266]
2022-06-23 17:43:08.292 TRACE 10984 --- [    Test worker] o.h.type.descriptor.sql.BasicBinder      : binding parameter [5] as [INTEGER] - [1]
2022-06-23 17:43:08.292 TRACE 10984 --- [    Test worker] o.h.type.descriptor.sql.BasicBinder      : binding parameter [6] as [VARCHAR] - [policeNumber 1]
2022-06-23 17:43:08.292 TRACE 10984 --- [    Test worker] o.h.type.descriptor.sql.BasicBinder      : binding parameter [7] as [INTEGER] - [1]
2022-06-23 17:43:08.292 TRACE 10984 --- [    Test worker] o.h.type.descriptor.sql.BasicBinder      : binding parameter [8] as [VARCHAR] - [typeTransaction 2]
2022-06-23 17:43:08.292 TRACE 10984 --- [    Test worker] o.h.type.descriptor.sql.BasicBinder      : binding parameter [9] as [INTEGER] - [1]
2022-06-23 17:43:08.292 TRACE 10984 --- [    Test worker] o.h.type.descriptor.sql.BasicBinder      : binding parameter [10] as [INTEGER] - [2]
2022-06-23 17:43:08.292 TRACE 10984 --- [    Test worker] o.h.type.descriptor.sql.BasicBinder      : binding parameter [11] as [INTEGER] - [0]
2022-06-23 17:43:08.292 DEBUG 10984 --- [    Test worker] org.hibernate.SQL                        : select transactio0_.id as id1_0_0_, transactio0_.account_number as account_2_0_0_, transactio0_.amount as amount3_0_0_, transactio0_.currency_transaction as currency4_0_0_, transactio0_.date_transaction as date_tra5_0_0_, transactio0_.insurance_company_id as insuranc6_0_0_, transactio0_.policy_number as policy_n7_0_0_, transactio0_.transaction_id as transact8_0_0_, transactio0_.type_transaction as type_tra9_0_0_, transactio0_.version as version10_0_0_ from transactions transactio0_ where transactio0_.id=?
Hibernate: select transactio0_.id as id1_0_0_, transactio0_.account_number as account_2_0_0_, transactio0_.amount as amount3_0_0_, transactio0_.currency_transaction as currency4_0_0_, transactio0_.date_transaction as date_tra5_0_0_, transactio0_.insurance_company_id as insuranc6_0_0_, transactio0_.policy_number as policy_n7_0_0_, transactio0_.transaction_id as transact8_0_0_, transactio0_.type_transaction as type_tra9_0_0_, transactio0_.version as version10_0_0_ from transactions transactio0_ where transactio0_.id=?
2022-06-23 17:43:08.292 TRACE 10984 --- [    Test worker] o.h.type.descriptor.sql.BasicBinder      : binding parameter [1] as [INTEGER] - [2]
2022-06-23 17:43:08.292 DEBUG 10984 --- [    Test worker] org.hibernate.SQL                        : select transactio0_.id as id1_0_0_, transactio0_.account_number as account_2_0_0_, transactio0_.amount as amount3_0_0_, transactio0_.currency_transaction as currency4_0_0_, transactio0_.date_transaction as date_tra5_0_0_, transactio0_.insurance_company_id as insuranc6_0_0_, transactio0_.policy_number as policy_n7_0_0_, transactio0_.transaction_id as transact8_0_0_, transactio0_.type_transaction as type_tra9_0_0_, transactio0_.version as version10_0_0_ from transactions transactio0_ where transactio0_.id=?
Hibernate: select transactio0_.id as id1_0_0_, transactio0_.account_number as account_2_0_0_, transactio0_.amount as amount3_0_0_, transactio0_.currency_transaction as currency4_0_0_, transactio0_.date_transaction as date_tra5_0_0_, transactio0_.insurance_company_id as insuranc6_0_0_, transactio0_.policy_number as policy_n7_0_0_, transactio0_.transaction_id as transact8_0_0_, transactio0_.type_transaction as type_tra9_0_0_, transactio0_.version as version10_0_0_ from transactions transactio0_ where transactio0_.id=?
2022-06-23 17:43:08.292 TRACE 10984 --- [    Test worker] o.h.type.descriptor.sql.BasicBinder      : binding parameter [1] as [INTEGER] - [2]
2022-06-23 17:43:08.309 DEBUG 10984 --- [    Test worker] org.hibernate.SQL                        : select transactio0_.id as id1_0_, transactio0_.account_number as account_2_0_, transactio0_.amount as amount3_0_, transactio0_.currency_transaction as currency4_0_, transactio0_.date_transaction as date_tra5_0_, transactio0_.insurance_company_id as insuranc6_0_, transactio0_.policy_number as policy_n7_0_, transactio0_.transaction_id as transact8_0_, transactio0_.type_transaction as type_tra9_0_, transactio0_.version as version10_0_ from transactions transactio0_
Hibernate: select transactio0_.id as id1_0_, transactio0_.account_number as account_2_0_, transactio0_.amount as amount3_0_, transactio0_.currency_transaction as currency4_0_, transactio0_.date_transaction as date_tra5_0_, transactio0_.insurance_company_id as insuranc6_0_, transactio0_.policy_number as policy_n7_0_, transactio0_.transaction_id as transact8_0_, transactio0_.type_transaction as type_tra9_0_, transactio0_.version as version10_0_ from transactions transactio0_
2022-06-23 17:43:08.309 DEBUG 10984 --- [    Test worker] org.hibernate.SQL                        : delete from transactions where id=? and version=?
Hibernate: delete from transactions where id=? and version=?
2022-06-23 17:43:08.309 TRACE 10984 --- [    Test worker] o.h.type.descriptor.sql.BasicBinder      : binding parameter [1] as [INTEGER] - [2]
2022-06-23 17:43:08.309 TRACE 10984 --- [    Test worker] o.h.type.descriptor.sql.BasicBinder      : binding parameter [2] as [INTEGER] - [1]
2022-06-23 17:43:08.309 DEBUG 10984 --- [    Test worker] org.hibernate.SQL                        : call next value for hibernate_sequence
Hibernate: call next value for hibernate_sequence
2022-06-23 17:43:08.309 DEBUG 10984 --- [    Test worker] org.hibernate.SQL                        : insert into transactions (account_number, amount, currency_transaction, date_transaction, insurance_company_id, policy_number, transaction_id, type_transaction, version, id) values (?, ?, ?, ?, ?, ?, ?, ?, ?, ?)
Hibernate: insert into transactions (account_number, amount, currency_transaction, date_transaction, insurance_company_id, policy_number, transaction_id, type_transaction, version, id) values (?, ?, ?, ?, ?, ?, ?, ?, ?, ?)
2022-06-23 17:43:08.309 TRACE 10984 --- [    Test worker] o.h.type.descriptor.sql.BasicBinder      : binding parameter [1] as [VARCHAR] - [accountNumber 1]
2022-06-23 17:43:08.309 TRACE 10984 --- [    Test worker] o.h.type.descriptor.sql.BasicBinder      : binding parameter [2] as [DOUBLE] - [570.67]
2022-06-23 17:43:08.309 TRACE 10984 --- [    Test worker] o.h.type.descriptor.sql.BasicBinder      : binding parameter [3] as [VARCHAR] - [currencyOffer 1]
2022-06-23 17:43:08.325 TRACE 10984 --- [    Test worker] o.h.type.descriptor.sql.BasicBinder      : binding parameter [4] as [TIMESTAMP] - [Thu Jun 23 17:43:08 CEST 2022]
2022-06-23 17:43:08.325 TRACE 10984 --- [    Test worker] o.h.type.descriptor.sql.BasicBinder      : binding parameter [5] as [INTEGER] - [1]
2022-06-23 17:43:08.325 TRACE 10984 --- [    Test worker] o.h.type.descriptor.sql.BasicBinder      : binding parameter [6] as [VARCHAR] - [policeNumber 1]
2022-06-23 17:43:08.325 TRACE 10984 --- [    Test worker] o.h.type.descriptor.sql.BasicBinder      : binding parameter [7] as [INTEGER] - [1]
2022-06-23 17:43:08.325 TRACE 10984 --- [    Test worker] o.h.type.descriptor.sql.BasicBinder      : binding parameter [8] as [VARCHAR] - [typeTransaction 1]
2022-06-23 17:43:08.325 TRACE 10984 --- [    Test worker] o.h.type.descriptor.sql.BasicBinder      : binding parameter [9] as [INTEGER] - [0]
2022-06-23 17:43:08.325 TRACE 10984 --- [    Test worker] o.h.type.descriptor.sql.BasicBinder      : binding parameter [10] as [INTEGER] - [3]
2022-06-23 17:43:08.325 DEBUG 10984 --- [    Test worker] org.hibernate.SQL                        : call next value for hibernate_sequence
Hibernate: call next value for hibernate_sequence
2022-06-23 17:43:08.325 DEBUG 10984 --- [    Test worker] org.hibernate.SQL                        : insert into transactions (account_number, amount, currency_transaction, date_transaction, insurance_company_id, policy_number, transaction_id, type_transaction, version, id) values (?, ?, ?, ?, ?, ?, ?, ?, ?, ?)
Hibernate: insert into transactions (account_number, amount, currency_transaction, date_transaction, insurance_company_id, policy_number, transaction_id, type_transaction, version, id) values (?, ?, ?, ?, ?, ?, ?, ?, ?, ?)
2022-06-23 17:43:08.325 TRACE 10984 --- [    Test worker] o.h.type.descriptor.sql.BasicBinder      : binding parameter [1] as [VARCHAR] - [accountNumber 2]
2022-06-23 17:43:08.325 TRACE 10984 --- [    Test worker] o.h.type.descriptor.sql.BasicBinder      : binding parameter [2] as [DOUBLE] - [570.67]
2022-06-23 17:43:08.325 TRACE 10984 --- [    Test worker] o.h.type.descriptor.sql.BasicBinder      : binding parameter [3] as [VARCHAR] - [currencyOffer 2]
2022-06-23 17:43:08.325 TRACE 10984 --- [    Test worker] o.h.type.descriptor.sql.BasicBinder      : binding parameter [4] as [TIMESTAMP] - [Thu Jun 23 17:43:08 CEST 2022]
2022-06-23 17:43:08.325 TRACE 10984 --- [    Test worker] o.h.type.descriptor.sql.BasicBinder      : binding parameter [5] as [INTEGER] - [1]
2022-06-23 17:43:08.325 TRACE 10984 --- [    Test worker] o.h.type.descriptor.sql.BasicBinder      : binding parameter [6] as [VARCHAR] - [policeNumber 2]
2022-06-23 17:43:08.325 TRACE 10984 --- [    Test worker] o.h.type.descriptor.sql.BasicBinder      : binding parameter [7] as [INTEGER] - [2]
2022-06-23 17:43:08.325 TRACE 10984 --- [    Test worker] o.h.type.descriptor.sql.BasicBinder      : binding parameter [8] as [VARCHAR] - [typeTransaction 2]
2022-06-23 17:43:08.325 TRACE 10984 --- [    Test worker] o.h.type.descriptor.sql.BasicBinder      : binding parameter [9] as [INTEGER] - [0]
2022-06-23 17:43:08.325 TRACE 10984 --- [    Test worker] o.h.type.descriptor.sql.BasicBinder      : binding parameter [10] as [INTEGER] - [4]
2022-06-23 17:43:08.325 DEBUG 10984 --- [    Test worker] org.hibernate.SQL                        : select transactio0_.id as id1_0_0_, transactio0_.account_number as account_2_0_0_, transactio0_.amount as amount3_0_0_, transactio0_.currency_transaction as currency4_0_0_, transactio0_.date_transaction as date_tra5_0_0_, transactio0_.insurance_company_id as insuranc6_0_0_, transactio0_.policy_number as policy_n7_0_0_, transactio0_.transaction_id as transact8_0_0_, transactio0_.type_transaction as type_tra9_0_0_, transactio0_.version as version10_0_0_ from transactions transactio0_ where transactio0_.id=?
Hibernate: select transactio0_.id as id1_0_0_, transactio0_.account_number as account_2_0_0_, transactio0_.amount as amount3_0_0_, transactio0_.currency_transaction as currency4_0_0_, transactio0_.date_transaction as date_tra5_0_0_, transactio0_.insurance_company_id as insuranc6_0_0_, transactio0_.policy_number as policy_n7_0_0_, transactio0_.transaction_id as transact8_0_0_, transactio0_.type_transaction as type_tra9_0_0_, transactio0_.version as version10_0_0_ from transactions transactio0_ where transactio0_.id=?
2022-06-23 17:43:08.325 TRACE 10984 --- [    Test worker] o.h.type.descriptor.sql.BasicBinder      : binding parameter [1] as [INTEGER] - [4]
2022-06-23 17:43:08.341 DEBUG 10984 --- [    Test worker] org.hibernate.SQL                        : select count(*) as col_0_0_ from transactions transactio0_
Hibernate: select count(*) as col_0_0_ from transactions transactio0_
2022-06-23 17:43:08.341 DEBUG 10984 --- [    Test worker] org.hibernate.SQL                        : select transactio0_.id as id1_0_, transactio0_.account_number as account_2_0_, transactio0_.amount as amount3_0_, transactio0_.currency_transaction as currency4_0_, transactio0_.date_transaction as date_tra5_0_, transactio0_.insurance_company_id as insuranc6_0_, transactio0_.policy_number as policy_n7_0_, transactio0_.transaction_id as transact8_0_, transactio0_.type_transaction as type_tra9_0_, transactio0_.version as version10_0_ from transactions transactio0_
Hibernate: select transactio0_.id as id1_0_, transactio0_.account_number as account_2_0_, transactio0_.amount as amount3_0_, transactio0_.currency_transaction as currency4_0_, transactio0_.date_transaction as date_tra5_0_, transactio0_.insurance_company_id as insuranc6_0_, transactio0_.policy_number as policy_n7_0_, transactio0_.transaction_id as transact8_0_, transactio0_.type_transaction as type_tra9_0_, transactio0_.version as version10_0_ from transactions transactio0_
2022-06-23 17:43:08.341 DEBUG 10984 --- [    Test worker] org.hibernate.SQL                        : delete from transactions where id=? and version=?
Hibernate: delete from transactions where id=? and version=?
2022-06-23 17:43:08.341 TRACE 10984 --- [    Test worker] o.h.type.descriptor.sql.BasicBinder      : binding parameter [1] as [INTEGER] - [3]
2022-06-23 17:43:08.341 TRACE 10984 --- [    Test worker] o.h.type.descriptor.sql.BasicBinder      : binding parameter [2] as [INTEGER] - [0]
2022-06-23 17:43:08.341 DEBUG 10984 --- [    Test worker] org.hibernate.SQL                        : delete from transactions where id=? and version=?
Hibernate: delete from transactions where id=? and version=?
2022-06-23 17:43:08.355 TRACE 10984 --- [    Test worker] o.h.type.descriptor.sql.BasicBinder      : binding parameter [1] as [INTEGER] - [4]
2022-06-23 17:43:08.355 TRACE 10984 --- [    Test worker] o.h.type.descriptor.sql.BasicBinder      : binding parameter [2] as [INTEGER] - [0]
2022-06-23 17:43:08.355 DEBUG 10984 --- [    Test worker] org.hibernate.SQL                        : call next value for hibernate_sequence
Hibernate: call next value for hibernate_sequence
2022-06-23 17:43:08.355 DEBUG 10984 --- [    Test worker] org.hibernate.SQL                        : insert into transactions (account_number, amount, currency_transaction, date_transaction, insurance_company_id, policy_number, transaction_id, type_transaction, version, id) values (?, ?, ?, ?, ?, ?, ?, ?, ?, ?)
Hibernate: insert into transactions (account_number, amount, currency_transaction, date_transaction, insurance_company_id, policy_number, transaction_id, type_transaction, version, id) values (?, ?, ?, ?, ?, ?, ?, ?, ?, ?)
2022-06-23 17:43:08.355 TRACE 10984 --- [    Test worker] o.h.type.descriptor.sql.BasicBinder      : binding parameter [1] as [VARCHAR] - [accountNumber 1]
2022-06-23 17:43:08.355 TRACE 10984 --- [    Test worker] o.h.type.descriptor.sql.BasicBinder      : binding parameter [2] as [DOUBLE] - [570.67]
2022-06-23 17:43:08.355 TRACE 10984 --- [    Test worker] o.h.type.descriptor.sql.BasicBinder      : binding parameter [3] as [VARCHAR] - [currencyOffer 1]
2022-06-23 17:43:08.355 TRACE 10984 --- [    Test worker] o.h.type.descriptor.sql.BasicBinder      : binding parameter [4] as [TIMESTAMP] - [Thu Jun 23 17:43:08 CEST 2022]
2022-06-23 17:43:08.355 TRACE 10984 --- [    Test worker] o.h.type.descriptor.sql.BasicBinder      : binding parameter [5] as [INTEGER] - [1]
2022-06-23 17:43:08.355 TRACE 10984 --- [    Test worker] o.h.type.descriptor.sql.BasicBinder      : binding parameter [6] as [VARCHAR] - [policeNumber 1]
2022-06-23 17:43:08.355 TRACE 10984 --- [    Test worker] o.h.type.descriptor.sql.BasicBinder      : binding parameter [7] as [INTEGER] - [1]
2022-06-23 17:43:08.355 TRACE 10984 --- [    Test worker] o.h.type.descriptor.sql.BasicBinder      : binding parameter [8] as [VARCHAR] - [typeTransaction 1]
2022-06-23 17:43:08.355 TRACE 10984 --- [    Test worker] o.h.type.descriptor.sql.BasicBinder      : binding parameter [9] as [INTEGER] - [0]
2022-06-23 17:43:08.355 TRACE 10984 --- [    Test worker] o.h.type.descriptor.sql.BasicBinder      : binding parameter [10] as [INTEGER] - [5]
2022-06-23 17:43:08.375 DEBUG 10984 --- [    Test worker] org.hibernate.SQL                        : select transactio0_.id as id1_0_, transactio0_.account_number as account_2_0_, transactio0_.amount as amount3_0_, transactio0_.currency_transaction as currency4_0_, transactio0_.date_transaction as date_tra5_0_, transactio0_.insurance_company_id as insuranc6_0_, transactio0_.policy_number as policy_n7_0_, transactio0_.transaction_id as transact8_0_, transactio0_.type_transaction as type_tra9_0_, transactio0_.version as version10_0_ from transactions transactio0_ where transactio0_.insurance_company_id=?
Hibernate: select transactio0_.id as id1_0_, transactio0_.account_number as account_2_0_, transactio0_.amount as amount3_0_, transactio0_.currency_transaction as currency4_0_, transactio0_.date_transaction as date_tra5_0_, transactio0_.insurance_company_id as insuranc6_0_, transactio0_.policy_number as policy_n7_0_, transactio0_.transaction_id as transact8_0_, transactio0_.type_transaction as type_tra9_0_, transactio0_.version as version10_0_ from transactions transactio0_ where transactio0_.insurance_company_id=?
2022-06-23 17:43:08.375 TRACE 10984 --- [    Test worker] o.h.type.descriptor.sql.BasicBinder      : binding parameter [1] as [INTEGER] - [1]
2022-06-23 17:43:08.401 DEBUG 10984 --- [    Test worker] org.hibernate.SQL                        : select transactio0_.id as id1_0_, transactio0_.account_number as account_2_0_, transactio0_.amount as amount3_0_, transactio0_.currency_transaction as currency4_0_, transactio0_.date_transaction as date_tra5_0_, transactio0_.insurance_company_id as insuranc6_0_, transactio0_.policy_number as policy_n7_0_, transactio0_.transaction_id as transact8_0_, transactio0_.type_transaction as type_tra9_0_, transactio0_.version as version10_0_ from transactions transactio0_
Hibernate: select transactio0_.id as id1_0_, transactio0_.account_number as account_2_0_, transactio0_.amount as amount3_0_, transactio0_.currency_transaction as currency4_0_, transactio0_.date_transaction as date_tra5_0_, transactio0_.insurance_company_id as insuranc6_0_, transactio0_.policy_number as policy_n7_0_, transactio0_.transaction_id as transact8_0_, transactio0_.type_transaction as type_tra9_0_, transactio0_.version as version10_0_ from transactions transactio0_
2022-06-23 17:43:08.401 DEBUG 10984 --- [    Test worker] org.hibernate.SQL                        : delete from transactions where id=? and version=?
Hibernate: delete from transactions where id=? and version=?
2022-06-23 17:43:08.406 TRACE 10984 --- [    Test worker] o.h.type.descriptor.sql.BasicBinder      : binding parameter [1] as [INTEGER] - [5]
2022-06-23 17:43:08.406 TRACE 10984 --- [    Test worker] o.h.type.descriptor.sql.BasicBinder      : binding parameter [2] as [INTEGER] - [0]
2022-06-23 17:43:08.408 DEBUG 10984 --- [    Test worker] org.hibernate.SQL                        : call next value for hibernate_sequence
Hibernate: call next value for hibernate_sequence
2022-06-23 17:43:08.408 DEBUG 10984 --- [    Test worker] org.hibernate.SQL                        : insert into transactions (account_number, amount, currency_transaction, date_transaction, insurance_company_id, policy_number, transaction_id, type_transaction, version, id) values (?, ?, ?, ?, ?, ?, ?, ?, ?, ?)
Hibernate: insert into transactions (account_number, amount, currency_transaction, date_transaction, insurance_company_id, policy_number, transaction_id, type_transaction, version, id) values (?, ?, ?, ?, ?, ?, ?, ?, ?, ?)
2022-06-23 17:43:08.413 TRACE 10984 --- [    Test worker] o.h.type.descriptor.sql.BasicBinder      : binding parameter [1] as [VARCHAR] - [accountNumber 1]
2022-06-23 17:43:08.413 TRACE 10984 --- [    Test worker] o.h.type.descriptor.sql.BasicBinder      : binding parameter [2] as [DOUBLE] - [570.67]
2022-06-23 17:43:08.413 TRACE 10984 --- [    Test worker] o.h.type.descriptor.sql.BasicBinder      : binding parameter [3] as [VARCHAR] - [currencyOffer 1]
2022-06-23 17:43:08.414 TRACE 10984 --- [    Test worker] o.h.type.descriptor.sql.BasicBinder      : binding parameter [4] as [TIMESTAMP] - [Thu Jun 23 17:43:08 CEST 2022]
2022-06-23 17:43:08.415 TRACE 10984 --- [    Test worker] o.h.type.descriptor.sql.BasicBinder      : binding parameter [5] as [INTEGER] - [1]
2022-06-23 17:43:08.415 TRACE 10984 --- [    Test worker] o.h.type.descriptor.sql.BasicBinder      : binding parameter [6] as [VARCHAR] - [policeNumber 1]
2022-06-23 17:43:08.415 TRACE 10984 --- [    Test worker] o.h.type.descriptor.sql.BasicBinder      : binding parameter [7] as [INTEGER] - [1]
2022-06-23 17:43:08.415 TRACE 10984 --- [    Test worker] o.h.type.descriptor.sql.BasicBinder      : binding parameter [8] as [VARCHAR] - [typeTransaction 1]
2022-06-23 17:43:08.416 TRACE 10984 --- [    Test worker] o.h.type.descriptor.sql.BasicBinder      : binding parameter [9] as [INTEGER] - [0]
2022-06-23 17:43:08.416 TRACE 10984 --- [    Test worker] o.h.type.descriptor.sql.BasicBinder      : binding parameter [10] as [INTEGER] - [6]
2022-06-23 17:43:08.417 DEBUG 10984 --- [    Test worker] org.hibernate.SQL                        : select transactio0_.id as id1_0_0_, transactio0_.account_number as account_2_0_0_, transactio0_.amount as amount3_0_0_, transactio0_.currency_transaction as currency4_0_0_, transactio0_.date_transaction as date_tra5_0_0_, transactio0_.insurance_company_id as insuranc6_0_0_, transactio0_.policy_number as policy_n7_0_0_, transactio0_.transaction_id as transact8_0_0_, transactio0_.type_transaction as type_tra9_0_0_, transactio0_.version as version10_0_0_ from transactions transactio0_ where transactio0_.id=?
Hibernate: select transactio0_.id as id1_0_0_, transactio0_.account_number as account_2_0_0_, transactio0_.amount as amount3_0_0_, transactio0_.currency_transaction as currency4_0_0_, transactio0_.date_transaction as date_tra5_0_0_, transactio0_.insurance_company_id as insuranc6_0_0_, transactio0_.policy_number as policy_n7_0_0_, transactio0_.transaction_id as transact8_0_0_, transactio0_.type_transaction as type_tra9_0_0_, transactio0_.version as version10_0_0_ from transactions transactio0_ where transactio0_.id=?
2022-06-23 17:43:08.420 TRACE 10984 --- [    Test worker] o.h.type.descriptor.sql.BasicBinder      : binding parameter [1] as [INTEGER] - [6]
2022-06-23 17:43:08.422 DEBUG 10984 --- [    Test worker] org.hibernate.SQL                        : update transactions set account_number=?, amount=?, currency_transaction=?, date_transaction=?, insurance_company_id=?, policy_number=?, transaction_id=?, type_transaction=?, version=? where id=? and version=?
Hibernate: update transactions set account_number=?, amount=?, currency_transaction=?, date_transaction=?, insurance_company_id=?, policy_number=?, transaction_id=?, type_transaction=?, version=? where id=? and version=?
2022-06-23 17:43:08.425 TRACE 10984 --- [    Test worker] o.h.type.descriptor.sql.BasicBinder      : binding parameter [1] as [VARCHAR] - [accountNumber 1]
2022-06-23 17:43:08.425 TRACE 10984 --- [    Test worker] o.h.type.descriptor.sql.BasicBinder      : binding parameter [2] as [DOUBLE] - [570.67]
2022-06-23 17:43:08.426 TRACE 10984 --- [    Test worker] o.h.type.descriptor.sql.BasicBinder      : binding parameter [3] as [VARCHAR] - [currencyOffer 1]
2022-06-23 17:43:08.426 TRACE 10984 --- [    Test worker] o.h.type.descriptor.sql.BasicBinder      : binding parameter [4] as [TIMESTAMP] - [Thu Jun 23 17:43:08 CEST 2022]
2022-06-23 17:43:08.427 TRACE 10984 --- [    Test worker] o.h.type.descriptor.sql.BasicBinder      : binding parameter [5] as [INTEGER] - [1]
2022-06-23 17:43:08.427 TRACE 10984 --- [    Test worker] o.h.type.descriptor.sql.BasicBinder      : binding parameter [6] as [VARCHAR] - [policeNumber 1]
2022-06-23 17:43:08.427 TRACE 10984 --- [    Test worker] o.h.type.descriptor.sql.BasicBinder      : binding parameter [7] as [INTEGER] - [1]
2022-06-23 17:43:08.427 TRACE 10984 --- [    Test worker] o.h.type.descriptor.sql.BasicBinder      : binding parameter [8] as [VARCHAR] - [typeTransaction 2]
2022-06-23 17:43:08.427 TRACE 10984 --- [    Test worker] o.h.type.descriptor.sql.BasicBinder      : binding parameter [9] as [INTEGER] - [1]
2022-06-23 17:43:08.427 TRACE 10984 --- [    Test worker] o.h.type.descriptor.sql.BasicBinder      : binding parameter [10] as [INTEGER] - [6]
2022-06-23 17:43:08.427 TRACE 10984 --- [    Test worker] o.h.type.descriptor.sql.BasicBinder      : binding parameter [11] as [INTEGER] - [0]
2022-06-23 17:43:08.427 DEBUG 10984 --- [    Test worker] org.hibernate.SQL                        : select transactio0_.id as id1_0_0_, transactio0_.account_number as account_2_0_0_, transactio0_.amount as amount3_0_0_, transactio0_.currency_transaction as currency4_0_0_, transactio0_.date_transaction as date_tra5_0_0_, transactio0_.insurance_company_id as insuranc6_0_0_, transactio0_.policy_number as policy_n7_0_0_, transactio0_.transaction_id as transact8_0_0_, transactio0_.type_transaction as type_tra9_0_0_, transactio0_.version as version10_0_0_ from transactions transactio0_ where transactio0_.id=?
Hibernate: select transactio0_.id as id1_0_0_, transactio0_.account_number as account_2_0_0_, transactio0_.amount as amount3_0_0_, transactio0_.currency_transaction as currency4_0_0_, transactio0_.date_transaction as date_tra5_0_0_, transactio0_.insurance_company_id as insuranc6_0_0_, transactio0_.policy_number as policy_n7_0_0_, transactio0_.transaction_id as transact8_0_0_, transactio0_.type_transaction as type_tra9_0_0_, transactio0_.version as version10_0_0_ from transactions transactio0_ where transactio0_.id=?
2022-06-23 17:43:08.427 TRACE 10984 --- [    Test worker] o.h.type.descriptor.sql.BasicBinder      : binding parameter [1] as [INTEGER] - [6]
]]></system-out>
  <system-err><![CDATA[]]></system-err>
</testsuite>
