<?xml version="1.0" encoding="UTF-8"?>
<testsuite name="se.magnus.microservices.core.transaction.TransactionServiceApplicationTests" tests="6" skipped="0" failures="0" errors="0" timestamp="2022-06-23T15:43:14" hostname="DESKTOP-HJGV6OB" time="1.003">
  <properties/>
  <testcase name="getTransactionsInvalidParameterNegativeValue" classname="se.magnus.microservices.core.transaction.TransactionServiceApplicationTests" time="0.737"/>
  <testcase name="getTransactionsNotFound" classname="se.magnus.microservices.core.transaction.TransactionServiceApplicationTests" time="0.076"/>
  <testcase name="getTransactionsMissingParameter" classname="se.magnus.microservices.core.transaction.TransactionServiceApplicationTests" time="0.051"/>
  <testcase name="deleteTransactions" classname="se.magnus.microservices.core.transaction.TransactionServiceApplicationTests" time="0.048"/>
  <testcase name="getTransactionsByInsuranceCompanyId" classname="se.magnus.microservices.core.transaction.TransactionServiceApplicationTests" time="0.061"/>
  <testcase name="getTransactionsInvalidParameter" classname="se.magnus.microservices.core.transaction.TransactionServiceApplicationTests" time="0.024"/>
  <system-out><![CDATA[
  .   ____          _            __ _ _
 /\\ / ___'_ __ _ _(_)_ __  __ _ \ \ \ \
( ( )\___ | '_ | '_| | '_ \/ _` | \ \ \ \
 \\/  ___)| |_)| | | | | || (_| |  ) ) ) )
  '  |____| .__|_| |_|_| |_\__, | / / / /
 =========|_|==============|___/=/_/_/_/
 :: Spring Boot ::        (v2.3.2.RELEASE)

2022-06-23 17:43:08.509  INFO 10984 --- [    Test worker] m.c.t.TransactionServiceApplicationTests : Starting TransactionServiceApplicationTests on DESKTOP-HJGV6OB with PID 10984 (started by user in C:\Users\user\git\InsuranceCompanyMicroservices_DIS\DIS_projekat\microservices\transaction-service)
2022-06-23 17:43:08.509 DEBUG 10984 --- [    Test worker] m.c.t.TransactionServiceApplicationTests : Running with Spring Boot v2.3.2.RELEASE, Spring v5.2.8.RELEASE
2022-06-23 17:43:08.509  INFO 10984 --- [    Test worker] m.c.t.TransactionServiceApplicationTests : No active profile set, falling back to default profiles: default
2022-06-23 17:43:09.497  INFO 10984 --- [    Test worker] .s.d.r.c.RepositoryConfigurationDelegate : Bootstrapping Spring Data JPA repositories in DEFERRED mode.
2022-06-23 17:43:09.528  INFO 10984 --- [    Test worker] .s.d.r.c.RepositoryConfigurationDelegate : Finished Spring Data repository scanning in 16ms. Found 1 JPA repository interfaces.
2022-06-23 17:43:09.708  INFO 10984 --- [    Test worker] faultConfiguringBeanFactoryPostProcessor : No bean named 'errorChannel' has been explicitly defined. Therefore, a default PublishSubscribeChannel will be created.
2022-06-23 17:43:09.708  INFO 10984 --- [    Test worker] faultConfiguringBeanFactoryPostProcessor : No bean named 'taskScheduler' has been explicitly defined. Therefore, a default ThreadPoolTaskScheduler will be created.
2022-06-23 17:43:09.708  INFO 10984 --- [    Test worker] faultConfiguringBeanFactoryPostProcessor : No bean named 'integrationHeaderChannelRegistry' has been explicitly defined. Therefore, a default DefaultHeaderChannelRegistry will be created.
2022-06-23 17:43:09.883  INFO 10984 --- [    Test worker] trationDelegate$BeanPostProcessorChecker : Bean 'integrationChannelResolver' of type [org.springframework.integration.support.channel.BeanFactoryChannelResolver] is not eligible for getting processed by all BeanPostProcessors (for example: not eligible for auto-proxying)
2022-06-23 17:43:09.883  INFO 10984 --- [    Test worker] trationDelegate$BeanPostProcessorChecker : Bean 'integrationDisposableAutoCreatedBeans' of type [org.springframework.integration.config.annotation.Disposables] is not eligible for getting processed by all BeanPostProcessors (for example: not eligible for auto-proxying)
2022-06-23 17:43:09.915  INFO 10984 --- [    Test worker] trationDelegate$BeanPostProcessorChecker : Bean 'org.springframework.integration.config.IntegrationManagementConfiguration' of type [org.springframework.integration.config.IntegrationManagementConfiguration] is not eligible for getting processed by all BeanPostProcessors (for example: not eligible for auto-proxying)
2022-06-23 17:43:10.456  INFO 10984 --- [    Test worker] o.s.s.concurrent.ThreadPoolTaskExecutor  : Initializing ExecutorService 'applicationTaskExecutor'
2022-06-23 17:43:10.488  INFO 10984 --- [    Test worker] o.s.s.c.ThreadPoolTaskScheduler          : Initializing ExecutorService 'taskScheduler'
2022-06-23 17:43:10.504  INFO 10984 --- [         task-1] o.hibernate.jpa.internal.util.LogHelper  : HHH000204: Processing PersistenceUnitInfo [name: default]
2022-06-23 17:43:10.518  INFO 10984 --- [    Test worker] s.m.m.c.t.TransactionServiceApplication  : Creates a jdbcScheduler with connectionPoolSize = 10
2022-06-23 17:43:10.518  INFO 10984 --- [         task-1] com.zaxxer.hikari.HikariDataSource       : HikariPool-1 - Starting...
2022-06-23 17:43:10.549  INFO 10984 --- [         task-1] com.zaxxer.hikari.HikariDataSource       : HikariPool-1 - Start completed.
2022-06-23 17:43:10.564  INFO 10984 --- [         task-1] org.hibernate.dialect.Dialect            : HHH000400: Using dialect: org.hibernate.dialect.H2Dialect
2022-06-23 17:43:10.670 DEBUG 10984 --- [         task-1] org.hibernate.SQL                        : create table transactions (id integer not null, account_number varchar(255), amount double not null, currency_transaction varchar(255), date_transaction timestamp, insurance_company_id integer not null, policy_number varchar(255), transaction_id integer not null, type_transaction varchar(255), version integer not null, primary key (id))
2022-06-23 17:43:10.670 DEBUG 10984 --- [         task-1] org.hibernate.SQL                        : alter table transactions drop constraint if exists transactions_unique_idx
2022-06-23 17:43:10.670 DEBUG 10984 --- [         task-1] org.hibernate.SQL                        : alter table transactions add constraint transactions_unique_idx unique (insurance_company_id, transaction_id)
2022-06-23 17:43:10.670 DEBUG 10984 --- [         task-1] org.hibernate.SQL                        : create sequence hibernate_sequence start with 1 increment by 1
2022-06-23 17:43:10.670  INFO 10984 --- [         task-1] o.h.e.t.j.p.i.JtaPlatformInitiator       : HHH000490: Using JtaPlatform implementation: [org.hibernate.engine.transaction.jta.platform.internal.NoJtaPlatform]
2022-06-23 17:43:10.670  INFO 10984 --- [         task-1] j.LocalContainerEntityManagerFactoryBean : Initialized JPA EntityManagerFactory for persistence unit 'default'
2022-06-23 17:43:12.269  INFO 10984 --- [    Test worker] o.s.b.a.e.web.EndpointLinksResolver      : Exposing 16 endpoint(s) beneath base path '/actuator'
2022-06-23 17:43:12.686  INFO 10984 --- [    Test worker] onConfiguration$FunctionBindingRegistrar : Functional binding is disabled due to the presense of @EnableBinding annotation in your configuration
2022-06-23 17:43:13.547  INFO 10984 --- [    Test worker] o.s.c.s.m.DirectWithAttributesChannel    : Channel 'application.input' has 1 subscriber(s).
2022-06-23 17:43:13.568  INFO 10984 --- [    Test worker] o.s.i.endpoint.EventDrivenConsumer       : Adding {logging-channel-adapter:_org.springframework.integration.errorLogger} as a subscriber to the 'errorChannel' channel
2022-06-23 17:43:13.568  INFO 10984 --- [    Test worker] o.s.i.channel.PublishSubscribeChannel    : Channel 'application.errorChannel' has 1 subscriber(s).
2022-06-23 17:43:13.572  INFO 10984 --- [    Test worker] o.s.i.endpoint.EventDrivenConsumer       : started bean '_org.springframework.integration.errorLogger'
2022-06-23 17:43:14.445  INFO 10984 --- [    Test worker] o.s.b.web.embedded.netty.NettyWebServer  : Netty started on port(s): 64854
2022-06-23 17:43:14.447  INFO 10984 --- [    Test worker] DeferredRepositoryInitializationListener : Triggering deferred initialization of Spring Data repositoriesâ€¦
2022-06-23 17:43:14.488  INFO 10984 --- [    Test worker] DeferredRepositoryInitializationListener : Spring Data repositories initialized!
2022-06-23 17:43:14.535  INFO 10984 --- [    Test worker] m.c.t.TransactionServiceApplicationTests : Started TransactionServiceApplicationTests in 6.094 seconds (JVM running for 13.567)
2022-06-23 17:43:14.659 DEBUG 10984 --- [    Test worker] org.hibernate.SQL                        : select transactio0_.id as id1_0_, transactio0_.account_number as account_2_0_, transactio0_.amount as amount3_0_, transactio0_.currency_transaction as currency4_0_, transactio0_.date_transaction as date_tra5_0_, transactio0_.insurance_company_id as insuranc6_0_, transactio0_.policy_number as policy_n7_0_, transactio0_.transaction_id as transact8_0_, transactio0_.type_transaction as type_tra9_0_, transactio0_.version as version10_0_ from transactions transactio0_
2022-06-23 17:43:15.173 DEBUG 10984 --- [ctor-http-nio-3] s.m.u.h.GlobalControllerExceptionHandler : Returning HTTP status: 422 UNPROCESSABLE_ENTITY for path: /transaction, message: Invalid insuranceCompanyId: -1
2022-06-23 17:43:15.390 DEBUG 10984 --- [    Test worker] org.hibernate.SQL                        : select transactio0_.id as id1_0_, transactio0_.account_number as account_2_0_, transactio0_.amount as amount3_0_, transactio0_.currency_transaction as currency4_0_, transactio0_.date_transaction as date_tra5_0_, transactio0_.insurance_company_id as insuranc6_0_, transactio0_.policy_number as policy_n7_0_, transactio0_.transaction_id as transact8_0_, transactio0_.type_transaction as type_tra9_0_, transactio0_.version as version10_0_ from transactions transactio0_
2022-06-23 17:43:15.395  INFO 10984 --- [ctor-http-nio-3] s.m.m.c.t.s.TransactionServiceImpl       : Will get transactions for insurance company with id=213
2022-06-23 17:43:15.412 DEBUG 10984 --- [pool-2-thread-1] org.hibernate.SQL                        : select transactio0_.id as id1_0_, transactio0_.account_number as account_2_0_, transactio0_.amount as amount3_0_, transactio0_.currency_transaction as currency4_0_, transactio0_.date_transaction as date_tra5_0_, transactio0_.insurance_company_id as insuranc6_0_, transactio0_.policy_number as policy_n7_0_, transactio0_.transaction_id as transact8_0_, transactio0_.type_transaction as type_tra9_0_, transactio0_.version as version10_0_ from transactions transactio0_ where transactio0_.insurance_company_id=?
2022-06-23 17:43:15.412 TRACE 10984 --- [pool-2-thread-1] o.h.type.descriptor.sql.BasicBinder      : binding parameter [1] as [INTEGER] - [213]
2022-06-23 17:43:15.427 DEBUG 10984 --- [pool-2-thread-1] s.m.m.c.t.s.TransactionServiceImpl       : getTransactions: response size: 0
2022-06-23 17:43:15.459 DEBUG 10984 --- [    Test worker] org.hibernate.SQL                        : select transactio0_.id as id1_0_, transactio0_.account_number as account_2_0_, transactio0_.amount as amount3_0_, transactio0_.currency_transaction as currency4_0_, transactio0_.date_transaction as date_tra5_0_, transactio0_.insurance_company_id as insuranc6_0_, transactio0_.policy_number as policy_n7_0_, transactio0_.transaction_id as transact8_0_, transactio0_.type_transaction as type_tra9_0_, transactio0_.version as version10_0_ from transactions transactio0_
2022-06-23 17:43:15.513 DEBUG 10984 --- [    Test worker] org.hibernate.SQL                        : select transactio0_.id as id1_0_, transactio0_.account_number as account_2_0_, transactio0_.amount as amount3_0_, transactio0_.currency_transaction as currency4_0_, transactio0_.date_transaction as date_tra5_0_, transactio0_.insurance_company_id as insuranc6_0_, transactio0_.policy_number as policy_n7_0_, transactio0_.transaction_id as transact8_0_, transactio0_.type_transaction as type_tra9_0_, transactio0_.version as version10_0_ from transactions transactio0_
2022-06-23 17:43:15.513  INFO 10984 --- [    Test worker] s.m.m.c.t.services.MessageProcessor      : Process message created at 2022-06-23T17:43:15.513168200...
2022-06-23 17:43:15.513  INFO 10984 --- [    Test worker] s.m.m.c.t.services.MessageProcessor      : Create transaction with ID: 1
2022-06-23 17:43:15.528 DEBUG 10984 --- [    Test worker] org.hibernate.SQL                        : call next value for hibernate_sequence
2022-06-23 17:43:15.533 DEBUG 10984 --- [    Test worker] org.hibernate.SQL                        : insert into transactions (account_number, amount, currency_transaction, date_transaction, insurance_company_id, policy_number, transaction_id, type_transaction, version, id) values (?, ?, ?, ?, ?, ?, ?, ?, ?, ?)
2022-06-23 17:43:15.533 TRACE 10984 --- [    Test worker] o.h.type.descriptor.sql.BasicBinder      : binding parameter [1] as [VARCHAR] - [null]
2022-06-23 17:43:15.533 TRACE 10984 --- [    Test worker] o.h.type.descriptor.sql.BasicBinder      : binding parameter [2] as [DOUBLE] - [505.65]
2022-06-23 17:43:15.533 TRACE 10984 --- [    Test worker] o.h.type.descriptor.sql.BasicBinder      : binding parameter [3] as [VARCHAR] - [CurrencyTransaction1]
2022-06-23 17:43:15.533 TRACE 10984 --- [    Test worker] o.h.type.descriptor.sql.BasicBinder      : binding parameter [4] as [TIMESTAMP] - [null]
2022-06-23 17:43:15.533 TRACE 10984 --- [    Test worker] o.h.type.descriptor.sql.BasicBinder      : binding parameter [5] as [INTEGER] - [1]
2022-06-23 17:43:15.533 TRACE 10984 --- [    Test worker] o.h.type.descriptor.sql.BasicBinder      : binding parameter [6] as [VARCHAR] - [Policy Number1]
2022-06-23 17:43:15.533 TRACE 10984 --- [    Test worker] o.h.type.descriptor.sql.BasicBinder      : binding parameter [7] as [INTEGER] - [1]
2022-06-23 17:43:15.533 TRACE 10984 --- [    Test worker] o.h.type.descriptor.sql.BasicBinder      : binding parameter [8] as [VARCHAR] - [TypeTransaction1]
2022-06-23 17:43:15.533 TRACE 10984 --- [    Test worker] o.h.type.descriptor.sql.BasicBinder      : binding parameter [9] as [INTEGER] - [0]
2022-06-23 17:43:15.533 TRACE 10984 --- [    Test worker] o.h.type.descriptor.sql.BasicBinder      : binding parameter [10] as [INTEGER] - [1]
2022-06-23 17:43:15.533 DEBUG 10984 --- [    Test worker] s.m.m.c.t.s.TransactionServiceImpl       : createTransaction: created a insurance transaction entity: 1/1
2022-06-23 17:43:15.533  INFO 10984 --- [    Test worker] s.m.m.c.t.services.MessageProcessor      : Message processing done!
2022-06-23 17:43:15.533 DEBUG 10984 --- [    Test worker] org.hibernate.SQL                        : select transactio0_.id as id1_0_, transactio0_.account_number as account_2_0_, transactio0_.amount as amount3_0_, transactio0_.currency_transaction as currency4_0_, transactio0_.date_transaction as date_tra5_0_, transactio0_.insurance_company_id as insuranc6_0_, transactio0_.policy_number as policy_n7_0_, transactio0_.transaction_id as transact8_0_, transactio0_.type_transaction as type_tra9_0_, transactio0_.version as version10_0_ from transactions transactio0_ where transactio0_.insurance_company_id=?
2022-06-23 17:43:15.533 TRACE 10984 --- [    Test worker] o.h.type.descriptor.sql.BasicBinder      : binding parameter [1] as [INTEGER] - [1]
2022-06-23 17:43:15.533  INFO 10984 --- [    Test worker] s.m.m.c.t.services.MessageProcessor      : Process message created at 2022-06-23T17:43:15.533587900...
2022-06-23 17:43:15.533  INFO 10984 --- [    Test worker] s.m.m.c.t.services.MessageProcessor      : Delete transactions with insuranceCompanyId: 1
2022-06-23 17:43:15.533 DEBUG 10984 --- [    Test worker] s.m.m.c.t.s.TransactionServiceImpl       : deleteTransactions: tries to delete transactions for the insurance company with insuranceCompanyId: 1
2022-06-23 17:43:15.533 DEBUG 10984 --- [    Test worker] org.hibernate.SQL                        : select transactio0_.id as id1_0_, transactio0_.account_number as account_2_0_, transactio0_.amount as amount3_0_, transactio0_.currency_transaction as currency4_0_, transactio0_.date_transaction as date_tra5_0_, transactio0_.insurance_company_id as insuranc6_0_, transactio0_.policy_number as policy_n7_0_, transactio0_.transaction_id as transact8_0_, transactio0_.type_transaction as type_tra9_0_, transactio0_.version as version10_0_ from transactions transactio0_ where transactio0_.insurance_company_id=?
2022-06-23 17:43:15.533 TRACE 10984 --- [    Test worker] o.h.type.descriptor.sql.BasicBinder      : binding parameter [1] as [INTEGER] - [1]
2022-06-23 17:43:15.549 DEBUG 10984 --- [    Test worker] org.hibernate.SQL                        : select transactio0_.id as id1_0_0_, transactio0_.account_number as account_2_0_0_, transactio0_.amount as amount3_0_0_, transactio0_.currency_transaction as currency4_0_0_, transactio0_.date_transaction as date_tra5_0_0_, transactio0_.insurance_company_id as insuranc6_0_0_, transactio0_.policy_number as policy_n7_0_0_, transactio0_.transaction_id as transact8_0_0_, transactio0_.type_transaction as type_tra9_0_0_, transactio0_.version as version10_0_0_ from transactions transactio0_ where transactio0_.id=?
2022-06-23 17:43:15.550 TRACE 10984 --- [    Test worker] o.h.type.descriptor.sql.BasicBinder      : binding parameter [1] as [INTEGER] - [1]
2022-06-23 17:43:15.552 DEBUG 10984 --- [    Test worker] org.hibernate.SQL                        : delete from transactions where id=? and version=?
2022-06-23 17:43:15.553 TRACE 10984 --- [    Test worker] o.h.type.descriptor.sql.BasicBinder      : binding parameter [1] as [INTEGER] - [1]
2022-06-23 17:43:15.553 TRACE 10984 --- [    Test worker] o.h.type.descriptor.sql.BasicBinder      : binding parameter [2] as [INTEGER] - [0]
2022-06-23 17:43:15.553  INFO 10984 --- [    Test worker] s.m.m.c.t.services.MessageProcessor      : Message processing done!
2022-06-23 17:43:15.553 DEBUG 10984 --- [    Test worker] org.hibernate.SQL                        : select transactio0_.id as id1_0_, transactio0_.account_number as account_2_0_, transactio0_.amount as amount3_0_, transactio0_.currency_transaction as currency4_0_, transactio0_.date_transaction as date_tra5_0_, transactio0_.insurance_company_id as insuranc6_0_, transactio0_.policy_number as policy_n7_0_, transactio0_.transaction_id as transact8_0_, transactio0_.type_transaction as type_tra9_0_, transactio0_.version as version10_0_ from transactions transactio0_ where transactio0_.insurance_company_id=?
2022-06-23 17:43:15.553 TRACE 10984 --- [    Test worker] o.h.type.descriptor.sql.BasicBinder      : binding parameter [1] as [INTEGER] - [1]
2022-06-23 17:43:15.553  INFO 10984 --- [    Test worker] s.m.m.c.t.services.MessageProcessor      : Process message created at 2022-06-23T17:43:15.553895700...
2022-06-23 17:43:15.553  INFO 10984 --- [    Test worker] s.m.m.c.t.services.MessageProcessor      : Delete transactions with insuranceCompanyId: 1
2022-06-23 17:43:15.553 DEBUG 10984 --- [    Test worker] s.m.m.c.t.s.TransactionServiceImpl       : deleteTransactions: tries to delete transactions for the insurance company with insuranceCompanyId: 1
2022-06-23 17:43:15.553 DEBUG 10984 --- [    Test worker] org.hibernate.SQL                        : select transactio0_.id as id1_0_, transactio0_.account_number as account_2_0_, transactio0_.amount as amount3_0_, transactio0_.currency_transaction as currency4_0_, transactio0_.date_transaction as date_tra5_0_, transactio0_.insurance_company_id as insuranc6_0_, transactio0_.policy_number as policy_n7_0_, transactio0_.transaction_id as transact8_0_, transactio0_.type_transaction as type_tra9_0_, transactio0_.version as version10_0_ from transactions transactio0_ where transactio0_.insurance_company_id=?
2022-06-23 17:43:15.553 TRACE 10984 --- [    Test worker] o.h.type.descriptor.sql.BasicBinder      : binding parameter [1] as [INTEGER] - [1]
2022-06-23 17:43:15.553  INFO 10984 --- [    Test worker] s.m.m.c.t.services.MessageProcessor      : Message processing done!
2022-06-23 17:43:15.569 DEBUG 10984 --- [    Test worker] org.hibernate.SQL                        : select transactio0_.id as id1_0_, transactio0_.account_number as account_2_0_, transactio0_.amount as amount3_0_, transactio0_.currency_transaction as currency4_0_, transactio0_.date_transaction as date_tra5_0_, transactio0_.insurance_company_id as insuranc6_0_, transactio0_.policy_number as policy_n7_0_, transactio0_.transaction_id as transact8_0_, transactio0_.type_transaction as type_tra9_0_, transactio0_.version as version10_0_ from transactions transactio0_
2022-06-23 17:43:15.569 DEBUG 10984 --- [    Test worker] org.hibernate.SQL                        : select transactio0_.id as id1_0_, transactio0_.account_number as account_2_0_, transactio0_.amount as amount3_0_, transactio0_.currency_transaction as currency4_0_, transactio0_.date_transaction as date_tra5_0_, transactio0_.insurance_company_id as insuranc6_0_, transactio0_.policy_number as policy_n7_0_, transactio0_.transaction_id as transact8_0_, transactio0_.type_transaction as type_tra9_0_, transactio0_.version as version10_0_ from transactions transactio0_ where transactio0_.insurance_company_id=?
2022-06-23 17:43:15.569 TRACE 10984 --- [    Test worker] o.h.type.descriptor.sql.BasicBinder      : binding parameter [1] as [INTEGER] - [1]
2022-06-23 17:43:15.569  INFO 10984 --- [    Test worker] s.m.m.c.t.services.MessageProcessor      : Process message created at 2022-06-23T17:43:15.569737200...
2022-06-23 17:43:15.569  INFO 10984 --- [    Test worker] s.m.m.c.t.services.MessageProcessor      : Create transaction with ID: 1
2022-06-23 17:43:15.569 DEBUG 10984 --- [    Test worker] org.hibernate.SQL                        : call next value for hibernate_sequence
2022-06-23 17:43:15.569 DEBUG 10984 --- [    Test worker] org.hibernate.SQL                        : insert into transactions (account_number, amount, currency_transaction, date_transaction, insurance_company_id, policy_number, transaction_id, type_transaction, version, id) values (?, ?, ?, ?, ?, ?, ?, ?, ?, ?)
2022-06-23 17:43:15.569 TRACE 10984 --- [    Test worker] o.h.type.descriptor.sql.BasicBinder      : binding parameter [1] as [VARCHAR] - [null]
2022-06-23 17:43:15.569 TRACE 10984 --- [    Test worker] o.h.type.descriptor.sql.BasicBinder      : binding parameter [2] as [DOUBLE] - [505.65]
2022-06-23 17:43:15.569 TRACE 10984 --- [    Test worker] o.h.type.descriptor.sql.BasicBinder      : binding parameter [3] as [VARCHAR] - [CurrencyTransaction1]
2022-06-23 17:43:15.569 TRACE 10984 --- [    Test worker] o.h.type.descriptor.sql.BasicBinder      : binding parameter [4] as [TIMESTAMP] - [null]
2022-06-23 17:43:15.569 TRACE 10984 --- [    Test worker] o.h.type.descriptor.sql.BasicBinder      : binding parameter [5] as [INTEGER] - [1]
2022-06-23 17:43:15.569 TRACE 10984 --- [    Test worker] o.h.type.descriptor.sql.BasicBinder      : binding parameter [6] as [VARCHAR] - [Policy Number1]
2022-06-23 17:43:15.569 TRACE 10984 --- [    Test worker] o.h.type.descriptor.sql.BasicBinder      : binding parameter [7] as [INTEGER] - [1]
2022-06-23 17:43:15.569 TRACE 10984 --- [    Test worker] o.h.type.descriptor.sql.BasicBinder      : binding parameter [8] as [VARCHAR] - [TypeTransaction1]
2022-06-23 17:43:15.569 TRACE 10984 --- [    Test worker] o.h.type.descriptor.sql.BasicBinder      : binding parameter [9] as [INTEGER] - [0]
2022-06-23 17:43:15.569 TRACE 10984 --- [    Test worker] o.h.type.descriptor.sql.BasicBinder      : binding parameter [10] as [INTEGER] - [2]
2022-06-23 17:43:15.569 DEBUG 10984 --- [    Test worker] s.m.m.c.t.s.TransactionServiceImpl       : createTransaction: created a insurance transaction entity: 1/1
2022-06-23 17:43:15.569  INFO 10984 --- [    Test worker] s.m.m.c.t.services.MessageProcessor      : Message processing done!
2022-06-23 17:43:15.569  INFO 10984 --- [    Test worker] s.m.m.c.t.services.MessageProcessor      : Process message created at 2022-06-23T17:43:15.569737200...
2022-06-23 17:43:15.569  INFO 10984 --- [    Test worker] s.m.m.c.t.services.MessageProcessor      : Create transaction with ID: 1
2022-06-23 17:43:15.569 DEBUG 10984 --- [    Test worker] org.hibernate.SQL                        : call next value for hibernate_sequence
2022-06-23 17:43:15.569 DEBUG 10984 --- [    Test worker] org.hibernate.SQL                        : insert into transactions (account_number, amount, currency_transaction, date_transaction, insurance_company_id, policy_number, transaction_id, type_transaction, version, id) values (?, ?, ?, ?, ?, ?, ?, ?, ?, ?)
2022-06-23 17:43:15.569 TRACE 10984 --- [    Test worker] o.h.type.descriptor.sql.BasicBinder      : binding parameter [1] as [VARCHAR] - [null]
2022-06-23 17:43:15.569 TRACE 10984 --- [    Test worker] o.h.type.descriptor.sql.BasicBinder      : binding parameter [2] as [DOUBLE] - [505.65]
2022-06-23 17:43:15.569 TRACE 10984 --- [    Test worker] o.h.type.descriptor.sql.BasicBinder      : binding parameter [3] as [VARCHAR] - [CurrencyTransaction2]
2022-06-23 17:43:15.569 TRACE 10984 --- [    Test worker] o.h.type.descriptor.sql.BasicBinder      : binding parameter [4] as [TIMESTAMP] - [null]
2022-06-23 17:43:15.569 TRACE 10984 --- [    Test worker] o.h.type.descriptor.sql.BasicBinder      : binding parameter [5] as [INTEGER] - [1]
2022-06-23 17:43:15.569 TRACE 10984 --- [    Test worker] o.h.type.descriptor.sql.BasicBinder      : binding parameter [6] as [VARCHAR] - [Policy Number2]
2022-06-23 17:43:15.569 TRACE 10984 --- [    Test worker] o.h.type.descriptor.sql.BasicBinder      : binding parameter [7] as [INTEGER] - [2]
2022-06-23 17:43:15.569 TRACE 10984 --- [    Test worker] o.h.type.descriptor.sql.BasicBinder      : binding parameter [8] as [VARCHAR] - [TypeTransaction2]
2022-06-23 17:43:15.569 TRACE 10984 --- [    Test worker] o.h.type.descriptor.sql.BasicBinder      : binding parameter [9] as [INTEGER] - [0]
2022-06-23 17:43:15.569 TRACE 10984 --- [    Test worker] o.h.type.descriptor.sql.BasicBinder      : binding parameter [10] as [INTEGER] - [3]
2022-06-23 17:43:15.569 DEBUG 10984 --- [    Test worker] s.m.m.c.t.s.TransactionServiceImpl       : createTransaction: created a insurance transaction entity: 1/2
2022-06-23 17:43:15.569  INFO 10984 --- [    Test worker] s.m.m.c.t.services.MessageProcessor      : Message processing done!
2022-06-23 17:43:15.569  INFO 10984 --- [    Test worker] s.m.m.c.t.services.MessageProcessor      : Process message created at 2022-06-23T17:43:15.569737200...
2022-06-23 17:43:15.569  INFO 10984 --- [    Test worker] s.m.m.c.t.services.MessageProcessor      : Create transaction with ID: 1
2022-06-23 17:43:15.569 DEBUG 10984 --- [    Test worker] org.hibernate.SQL                        : call next value for hibernate_sequence
2022-06-23 17:43:15.585 DEBUG 10984 --- [    Test worker] org.hibernate.SQL                        : insert into transactions (account_number, amount, currency_transaction, date_transaction, insurance_company_id, policy_number, transaction_id, type_transaction, version, id) values (?, ?, ?, ?, ?, ?, ?, ?, ?, ?)
2022-06-23 17:43:15.585 TRACE 10984 --- [    Test worker] o.h.type.descriptor.sql.BasicBinder      : binding parameter [1] as [VARCHAR] - [null]
2022-06-23 17:43:15.585 TRACE 10984 --- [    Test worker] o.h.type.descriptor.sql.BasicBinder      : binding parameter [2] as [DOUBLE] - [505.65]
2022-06-23 17:43:15.585 TRACE 10984 --- [    Test worker] o.h.type.descriptor.sql.BasicBinder      : binding parameter [3] as [VARCHAR] - [CurrencyTransaction3]
2022-06-23 17:43:15.585 TRACE 10984 --- [    Test worker] o.h.type.descriptor.sql.BasicBinder      : binding parameter [4] as [TIMESTAMP] - [null]
2022-06-23 17:43:15.585 TRACE 10984 --- [    Test worker] o.h.type.descriptor.sql.BasicBinder      : binding parameter [5] as [INTEGER] - [1]
2022-06-23 17:43:15.585 TRACE 10984 --- [    Test worker] o.h.type.descriptor.sql.BasicBinder      : binding parameter [6] as [VARCHAR] - [Policy Number3]
2022-06-23 17:43:15.585 TRACE 10984 --- [    Test worker] o.h.type.descriptor.sql.BasicBinder      : binding parameter [7] as [INTEGER] - [3]
2022-06-23 17:43:15.585 TRACE 10984 --- [    Test worker] o.h.type.descriptor.sql.BasicBinder      : binding parameter [8] as [VARCHAR] - [TypeTransaction3]
2022-06-23 17:43:15.585 TRACE 10984 --- [    Test worker] o.h.type.descriptor.sql.BasicBinder      : binding parameter [9] as [INTEGER] - [0]
2022-06-23 17:43:15.585 TRACE 10984 --- [    Test worker] o.h.type.descriptor.sql.BasicBinder      : binding parameter [10] as [INTEGER] - [4]
2022-06-23 17:43:15.585 DEBUG 10984 --- [    Test worker] s.m.m.c.t.s.TransactionServiceImpl       : createTransaction: created a insurance transaction entity: 1/3
2022-06-23 17:43:15.585  INFO 10984 --- [    Test worker] s.m.m.c.t.services.MessageProcessor      : Message processing done!
2022-06-23 17:43:15.585 DEBUG 10984 --- [    Test worker] org.hibernate.SQL                        : select transactio0_.id as id1_0_, transactio0_.account_number as account_2_0_, transactio0_.amount as amount3_0_, transactio0_.currency_transaction as currency4_0_, transactio0_.date_transaction as date_tra5_0_, transactio0_.insurance_company_id as insuranc6_0_, transactio0_.policy_number as policy_n7_0_, transactio0_.transaction_id as transact8_0_, transactio0_.type_transaction as type_tra9_0_, transactio0_.version as version10_0_ from transactions transactio0_ where transactio0_.insurance_company_id=?
2022-06-23 17:43:15.585 TRACE 10984 --- [    Test worker] o.h.type.descriptor.sql.BasicBinder      : binding parameter [1] as [INTEGER] - [1]
2022-06-23 17:43:15.585  INFO 10984 --- [ctor-http-nio-3] s.m.m.c.t.s.TransactionServiceImpl       : Will get transactions for insurance company with id=1
2022-06-23 17:43:15.585 DEBUG 10984 --- [pool-2-thread-2] org.hibernate.SQL                        : select transactio0_.id as id1_0_, transactio0_.account_number as account_2_0_, transactio0_.amount as amount3_0_, transactio0_.currency_transaction as currency4_0_, transactio0_.date_transaction as date_tra5_0_, transactio0_.insurance_company_id as insuranc6_0_, transactio0_.policy_number as policy_n7_0_, transactio0_.transaction_id as transact8_0_, transactio0_.type_transaction as type_tra9_0_, transactio0_.version as version10_0_ from transactions transactio0_ where transactio0_.insurance_company_id=?
2022-06-23 17:43:15.585 TRACE 10984 --- [pool-2-thread-2] o.h.type.descriptor.sql.BasicBinder      : binding parameter [1] as [INTEGER] - [1]
2022-06-23 17:43:15.602 DEBUG 10984 --- [pool-2-thread-2] s.m.m.c.t.s.TransactionServiceImpl       : getTransactions: response size: 3
2022-06-23 17:43:15.632 DEBUG 10984 --- [    Test worker] org.hibernate.SQL                        : select transactio0_.id as id1_0_, transactio0_.account_number as account_2_0_, transactio0_.amount as amount3_0_, transactio0_.currency_transaction as currency4_0_, transactio0_.date_transaction as date_tra5_0_, transactio0_.insurance_company_id as insuranc6_0_, transactio0_.policy_number as policy_n7_0_, transactio0_.transaction_id as transact8_0_, transactio0_.type_transaction as type_tra9_0_, transactio0_.version as version10_0_ from transactions transactio0_
2022-06-23 17:43:15.632 DEBUG 10984 --- [    Test worker] org.hibernate.SQL                        : delete from transactions where id=? and version=?
2022-06-23 17:43:15.632 TRACE 10984 --- [    Test worker] o.h.type.descriptor.sql.BasicBinder      : binding parameter [1] as [INTEGER] - [2]
2022-06-23 17:43:15.632 TRACE 10984 --- [    Test worker] o.h.type.descriptor.sql.BasicBinder      : binding parameter [2] as [INTEGER] - [0]
2022-06-23 17:43:15.632 DEBUG 10984 --- [    Test worker] org.hibernate.SQL                        : delete from transactions where id=? and version=?
2022-06-23 17:43:15.632 TRACE 10984 --- [    Test worker] o.h.type.descriptor.sql.BasicBinder      : binding parameter [1] as [INTEGER] - [3]
2022-06-23 17:43:15.632 TRACE 10984 --- [    Test worker] o.h.type.descriptor.sql.BasicBinder      : binding parameter [2] as [INTEGER] - [0]
2022-06-23 17:43:15.632 DEBUG 10984 --- [    Test worker] org.hibernate.SQL                        : delete from transactions where id=? and version=?
2022-06-23 17:43:15.632 TRACE 10984 --- [    Test worker] o.h.type.descriptor.sql.BasicBinder      : binding parameter [1] as [INTEGER] - [4]
2022-06-23 17:43:15.632 TRACE 10984 --- [    Test worker] o.h.type.descriptor.sql.BasicBinder      : binding parameter [2] as [INTEGER] - [0]
]]></system-out>
  <system-err><![CDATA[]]></system-err>
</testsuite>
