<?xml version="1.0" encoding="UTF-8"?>
<testsuite name="se.magnus.microservices.core.insuranceoffer.MapperTests" tests="2" skipped="0" failures="0" errors="0" timestamp="2022-07-04T12:00:21" hostname="DESKTOP-HJGV6OB" time="0.004">
  <properties/>
  <testcase name="mapperTests" classname="se.magnus.microservices.core.insuranceoffer.MapperTests" time="0.003"/>
  <testcase name="mapperListTests" classname="se.magnus.microservices.core.insuranceoffer.MapperTests" time="0.001"/>
  <system-out><![CDATA[]]></system-out>
  <system-err><![CDATA[]]></system-err>
</testsuite>
