<?xml version="1.0" encoding="UTF-8"?>
<testsuite name="se.magnus.microservices.core.insuranceoffer.InsuranceOfferServiceApplicationTests" tests="7" skipped="0" failures="0" errors="0" timestamp="2022-06-17T14:13:56" hostname="DESKTOP-HJGV6OB" time="1.221">
  <properties/>
  <testcase name="deleteInsuranceOffers" classname="se.magnus.microservices.core.insuranceoffer.InsuranceOfferServiceApplicationTests" time="0.928"/>
  <testcase name="getInsuranceOffersByInsuranceCompanyId" classname="se.magnus.microservices.core.insuranceoffer.InsuranceOfferServiceApplicationTests" time="0.053"/>
  <testcase name="getInsuranceOffersMissingParameter" classname="se.magnus.microservices.core.insuranceoffer.InsuranceOfferServiceApplicationTests" time="0.135"/>
  <testcase name="postInsuranceOffer" classname="se.magnus.microservices.core.insuranceoffer.InsuranceOfferServiceApplicationTests" time="0.029"/>
  <testcase name="getInsuranceOffersInvalidParameterNegativeValue" classname="se.magnus.microservices.core.insuranceoffer.InsuranceOfferServiceApplicationTests" time="0.031"/>
  <testcase name="getInsuranceOffersNotFound" classname="se.magnus.microservices.core.insuranceoffer.InsuranceOfferServiceApplicationTests" time="0.02"/>
  <testcase name="getInsuranceOffersInvalidParameter" classname="se.magnus.microservices.core.insuranceoffer.InsuranceOfferServiceApplicationTests" time="0.015"/>
  <system-out><![CDATA[16:13:49.678 [Test worker] DEBUG org.springframework.test.annotation.ProfileValueUtils - Retrieved @ProfileValueSourceConfiguration [null] for test class [se.magnus.microservices.core.insuranceoffer.InsuranceOfferServiceApplicationTests]
16:13:49.678 [Test worker] DEBUG org.springframework.test.annotation.ProfileValueUtils - Retrieved ProfileValueSource type [class org.springframework.test.annotation.SystemProfileValueSource] for class [se.magnus.microservices.core.insuranceoffer.InsuranceOfferServiceApplicationTests]
16:13:49.678 [Test worker] DEBUG org.springframework.test.annotation.ProfileValueUtils - Retrieved @ProfileValueSourceConfiguration [null] for test class [se.magnus.microservices.core.insuranceoffer.InsuranceOfferServiceApplicationTests]
16:13:49.678 [Test worker] DEBUG org.springframework.test.annotation.ProfileValueUtils - Retrieved ProfileValueSource type [class org.springframework.test.annotation.SystemProfileValueSource] for class [se.magnus.microservices.core.insuranceoffer.InsuranceOfferServiceApplicationTests]
16:13:49.693 [Test worker] DEBUG org.springframework.test.context.support.AbstractDirtiesContextTestExecutionListener - Before test class: context [DefaultTestContext@48eef403 testClass = InsuranceOfferServiceApplicationTests, testInstance = [null], testMethod = [null], testException = [null], mergedContextConfiguration = [ReactiveWebMergedContextConfiguration@202a7bc8 testClass = InsuranceOfferServiceApplicationTests, locations = '{}', classes = '{class se.magnus.microservices.core.insuranceoffer.InsuranceOfferServiceApplication}', contextInitializerClasses = '[]', activeProfiles = '{}', propertySourceLocations = '{}', propertySourceProperties = '{spring.datasource.url=jdbc:h2:mem:review-db, org.springframework.boot.test.context.SpringBootTestContextBootstrapper=true, server.port=0}', contextCustomizers = set[org.springframework.boot.test.autoconfigure.properties.PropertyMappingContextCustomizer@0, org.springframework.boot.test.autoconfigure.web.servlet.WebDriverContextCustomizerFactory$Customizer@4bd35a2e, org.springframework.boot.test.context.filter.ExcludeFilterContextCustomizer@2beeb40c, org.springframework.boot.test.json.DuplicateJsonObjectContextCustomizerFactory$DuplicateJsonObjectContextCustomizer@7297b366, org.springframework.boot.test.mock.mockito.MockitoContextCustomizer@0, org.springframework.boot.test.web.client.TestRestTemplateContextCustomizer@643ee97a, org.springframework.boot.test.web.reactive.server.WebTestClientContextCustomizer@7a5930e3, org.springframework.boot.test.context.SpringBootTestArgs@1], contextLoader = 'org.springframework.boot.test.context.SpringBootContextLoader', parent = [null]], attributes = map['org.springframework.test.context.web.ServletTestExecutionListener.activateListener' -> false]], class annotated with @DirtiesContext [false] with mode [null].
16:13:49.693 [Test worker] DEBUG org.springframework.test.annotation.ProfileValueUtils - Retrieved @ProfileValueSourceConfiguration [null] for test class [se.magnus.microservices.core.insuranceoffer.InsuranceOfferServiceApplicationTests]
16:13:49.693 [Test worker] DEBUG org.springframework.test.annotation.ProfileValueUtils - Retrieved ProfileValueSource type [class org.springframework.test.annotation.SystemProfileValueSource] for class [se.magnus.microservices.core.insuranceoffer.InsuranceOfferServiceApplicationTests]
16:13:49.709 [Test worker] DEBUG org.springframework.test.context.support.DependencyInjectionTestExecutionListener - Performing dependency injection for test context [[DefaultTestContext@48eef403 testClass = InsuranceOfferServiceApplicationTests, testInstance = se.magnus.microservices.core.insuranceoffer.InsuranceOfferServiceApplicationTests@2327e047, testMethod = [null], testException = [null], mergedContextConfiguration = [ReactiveWebMergedContextConfiguration@202a7bc8 testClass = InsuranceOfferServiceApplicationTests, locations = '{}', classes = '{class se.magnus.microservices.core.insuranceoffer.InsuranceOfferServiceApplication}', contextInitializerClasses = '[]', activeProfiles = '{}', propertySourceLocations = '{}', propertySourceProperties = '{spring.datasource.url=jdbc:h2:mem:review-db, org.springframework.boot.test.context.SpringBootTestContextBootstrapper=true, server.port=0}', contextCustomizers = set[org.springframework.boot.test.autoconfigure.properties.PropertyMappingContextCustomizer@0, org.springframework.boot.test.autoconfigure.web.servlet.WebDriverContextCustomizerFactory$Customizer@4bd35a2e, org.springframework.boot.test.context.filter.ExcludeFilterContextCustomizer@2beeb40c, org.springframework.boot.test.json.DuplicateJsonObjectContextCustomizerFactory$DuplicateJsonObjectContextCustomizer@7297b366, org.springframework.boot.test.mock.mockito.MockitoContextCustomizer@0, org.springframework.boot.test.web.client.TestRestTemplateContextCustomizer@643ee97a, org.springframework.boot.test.web.reactive.server.WebTestClientContextCustomizer@7a5930e3, org.springframework.boot.test.context.SpringBootTestArgs@1], contextLoader = 'org.springframework.boot.test.context.SpringBootContextLoader', parent = [null]], attributes = map['org.springframework.test.context.web.ServletTestExecutionListener.activateListener' -> false]]].
16:13:49.724 [Test worker] DEBUG org.springframework.test.context.support.TestPropertySourceUtils - Adding inlined properties to environment: {spring.jmx.enabled=false, spring.datasource.url=jdbc:h2:mem:review-db, org.springframework.boot.test.context.SpringBootTestContextBootstrapper=true, server.port=0}

  .   ____          _            __ _ _
 /\\ / ___'_ __ _ _(_)_ __  __ _ \ \ \ \
( ( )\___ | '_ | '_| | '_ \/ _` | \ \ \ \
 \\/  ___)| |_)| | | | | || (_| |  ) ) ) )
  '  |____| .__|_| |_|_| |_\__, | / / / /
 =========|_|==============|___/=/_/_/_/
 :: Spring Boot ::        (v2.3.0.RELEASE)

2022-06-17 16:13:50.186  INFO 9180 --- [    Test worker] .i.InsuranceOfferServiceApplicationTests : Starting InsuranceOfferServiceApplicationTests on DESKTOP-HJGV6OB with PID 9180 (started by user in C:\Users\user\git\InsuranceCompanyMicroservices_DIS\DIS_projekat\microservices\insurance-offer-service)
2022-06-17 16:13:50.186 DEBUG 9180 --- [    Test worker] .i.InsuranceOfferServiceApplicationTests : Running with Spring Boot v2.3.0.RELEASE, Spring v5.2.6.RELEASE
2022-06-17 16:13:50.186  INFO 9180 --- [    Test worker] .i.InsuranceOfferServiceApplicationTests : No active profile set, falling back to default profiles: default
2022-06-17 16:13:51.406  INFO 9180 --- [    Test worker] .s.d.r.c.RepositoryConfigurationDelegate : Bootstrapping Spring Data JPA repositories in DEFERRED mode.
2022-06-17 16:13:51.597  INFO 9180 --- [    Test worker] .s.d.r.c.RepositoryConfigurationDelegate : Finished Spring Data repository scanning in 185ms. Found 1 JPA repository interfaces.
2022-06-17 16:13:52.466  INFO 9180 --- [    Test worker] o.s.s.concurrent.ThreadPoolTaskExecutor  : Initializing ExecutorService 'applicationTaskExecutor'
2022-06-17 16:13:52.569  INFO 9180 --- [         task-1] o.hibernate.jpa.internal.util.LogHelper  : HHH000204: Processing PersistenceUnitInfo [name: default]
2022-06-17 16:13:52.682  INFO 9180 --- [         task-1] org.hibernate.Version                    : HHH000412: Hibernate ORM core version 5.4.15.Final
2022-06-17 16:13:52.993  INFO 9180 --- [         task-1] o.hibernate.annotations.common.Version   : HCANN000001: Hibernate Commons Annotations {5.1.0.Final}
2022-06-17 16:13:53.266  INFO 9180 --- [         task-1] com.zaxxer.hikari.HikariDataSource       : HikariPool-1 - Starting...
2022-06-17 16:13:53.388  INFO 9180 --- [    Test worker] o.s.b.a.e.web.EndpointLinksResolver      : Exposing 2 endpoint(s) beneath base path '/actuator'
2022-06-17 16:13:53.650  INFO 9180 --- [         task-1] com.zaxxer.hikari.HikariDataSource       : HikariPool-1 - Start completed.
2022-06-17 16:13:53.736  INFO 9180 --- [         task-1] org.hibernate.dialect.Dialect            : HHH000400: Using dialect: org.hibernate.dialect.H2Dialect
2022-06-17 16:13:54.940 DEBUG 9180 --- [         task-1] org.hibernate.SQL                        : create table insurance_offers (id integer not null, currency_offer varchar(255), insurance_company_id integer not null, insurance_offer_id integer not null, offer_name varchar(255), price double not null, type_insurance_coverage varchar(255), type_offer_program varchar(255), version integer not null, primary key (id))
2022-06-17 16:13:54.956 DEBUG 9180 --- [         task-1] org.hibernate.SQL                        : alter table insurance_offers drop constraint if exists insuranceOffers_unique_idx
2022-06-17 16:13:54.956 DEBUG 9180 --- [         task-1] org.hibernate.SQL                        : alter table insurance_offers add constraint insuranceOffers_unique_idx unique (insurance_company_id, insurance_offer_id)
2022-06-17 16:13:54.956 DEBUG 9180 --- [         task-1] org.hibernate.SQL                        : create sequence hibernate_sequence start with 1 increment by 1
2022-06-17 16:13:54.956  INFO 9180 --- [         task-1] o.h.e.t.j.p.i.JtaPlatformInitiator       : HHH000490: Using JtaPlatform implementation: [org.hibernate.engine.transaction.jta.platform.internal.NoJtaPlatform]
2022-06-17 16:13:54.971  INFO 9180 --- [         task-1] j.LocalContainerEntityManagerFactoryBean : Initialized JPA EntityManagerFactory for persistence unit 'default'
2022-06-17 16:13:55.845  INFO 9180 --- [    Test worker] o.s.b.web.embedded.netty.NettyWebServer  : Netty started on port(s): 54043
2022-06-17 16:13:55.845  INFO 9180 --- [    Test worker] DeferredRepositoryInitializationListener : Triggering deferred initialization of Spring Data repositories…
2022-06-17 16:13:56.291  INFO 9180 --- [    Test worker] DeferredRepositoryInitializationListener : Spring Data repositories initialized!
2022-06-17 16:13:56.307  INFO 9180 --- [    Test worker] .i.InsuranceOfferServiceApplicationTests : Started InsuranceOfferServiceApplicationTests in 6.579 seconds (JVM running for 8.388)
2022-06-17 16:13:56.720 DEBUG 9180 --- [    Test worker] org.hibernate.SQL                        : select insuranceo0_.id as id1_0_, insuranceo0_.currency_offer as currency2_0_, insuranceo0_.insurance_company_id as insuranc3_0_, insuranceo0_.insurance_offer_id as insuranc4_0_, insuranceo0_.offer_name as offer_na5_0_, insuranceo0_.price as price6_0_, insuranceo0_.type_insurance_coverage as type_ins7_0_, insuranceo0_.type_offer_program as type_off8_0_, insuranceo0_.version as version9_0_ from insurance_offers insuranceo0_
2022-06-17 16:13:57.132 DEBUG 9180 --- [ctor-http-nio-3] org.hibernate.SQL                        : call next value for hibernate_sequence
2022-06-17 16:13:57.148 DEBUG 9180 --- [ctor-http-nio-3] org.hibernate.SQL                        : insert into insurance_offers (currency_offer, insurance_company_id, insurance_offer_id, offer_name, price, type_insurance_coverage, type_offer_program, version, id) values (?, ?, ?, ?, ?, ?, ?, ?, ?)
2022-06-17 16:13:57.164 TRACE 9180 --- [ctor-http-nio-3] o.h.type.descriptor.sql.BasicBinder      : binding parameter [1] as [VARCHAR] - [currencyOffer]
2022-06-17 16:13:57.164 TRACE 9180 --- [ctor-http-nio-3] o.h.type.descriptor.sql.BasicBinder      : binding parameter [2] as [INTEGER] - [1]
2022-06-17 16:13:57.164 TRACE 9180 --- [ctor-http-nio-3] o.h.type.descriptor.sql.BasicBinder      : binding parameter [3] as [INTEGER] - [1]
2022-06-17 16:13:57.164 TRACE 9180 --- [ctor-http-nio-3] o.h.type.descriptor.sql.BasicBinder      : binding parameter [4] as [VARCHAR] - [offername]
2022-06-17 16:13:57.164 TRACE 9180 --- [ctor-http-nio-3] o.h.type.descriptor.sql.BasicBinder      : binding parameter [5] as [DOUBLE] - [582.75]
2022-06-17 16:13:57.164 TRACE 9180 --- [ctor-http-nio-3] o.h.type.descriptor.sql.BasicBinder      : binding parameter [6] as [VARCHAR] - [typeInsuranceCoverage]
2022-06-17 16:13:57.164 TRACE 9180 --- [ctor-http-nio-3] o.h.type.descriptor.sql.BasicBinder      : binding parameter [7] as [VARCHAR] - [typeofferpr]
2022-06-17 16:13:57.164 TRACE 9180 --- [ctor-http-nio-3] o.h.type.descriptor.sql.BasicBinder      : binding parameter [8] as [INTEGER] - [0]
2022-06-17 16:13:57.164 TRACE 9180 --- [ctor-http-nio-3] o.h.type.descriptor.sql.BasicBinder      : binding parameter [9] as [INTEGER] - [1]
2022-06-17 16:13:57.164 DEBUG 9180 --- [ctor-http-nio-3] s.m.m.c.i.s.InsuranceOfferServiceImpl    : createInsuranceOffer: created a insurance offer entity: 1/1
2022-06-17 16:13:57.227 DEBUG 9180 --- [    Test worker] org.hibernate.SQL                        : select insuranceo0_.id as id1_0_, insuranceo0_.currency_offer as currency2_0_, insuranceo0_.insurance_company_id as insuranc3_0_, insuranceo0_.insurance_offer_id as insuranc4_0_, insuranceo0_.offer_name as offer_na5_0_, insuranceo0_.price as price6_0_, insuranceo0_.type_insurance_coverage as type_ins7_0_, insuranceo0_.type_offer_program as type_off8_0_, insuranceo0_.version as version9_0_ from insurance_offers insuranceo0_ where insuranceo0_.insurance_company_id=?
2022-06-17 16:13:57.227 TRACE 9180 --- [    Test worker] o.h.type.descriptor.sql.BasicBinder      : binding parameter [1] as [INTEGER] - [1]
2022-06-17 16:13:57.259 DEBUG 9180 --- [ctor-http-nio-3] s.m.m.c.i.s.InsuranceOfferServiceImpl    : deleteInsuranceOffers: tries to delete insurance offers for the insurance company with insuranceCompanyId: 1
2022-06-17 16:13:57.267 DEBUG 9180 --- [ctor-http-nio-3] org.hibernate.SQL                        : select insuranceo0_.id as id1_0_, insuranceo0_.currency_offer as currency2_0_, insuranceo0_.insurance_company_id as insuranc3_0_, insuranceo0_.insurance_offer_id as insuranc4_0_, insuranceo0_.offer_name as offer_na5_0_, insuranceo0_.price as price6_0_, insuranceo0_.type_insurance_coverage as type_ins7_0_, insuranceo0_.type_offer_program as type_off8_0_, insuranceo0_.version as version9_0_ from insurance_offers insuranceo0_ where insuranceo0_.insurance_company_id=?
2022-06-17 16:13:57.267 TRACE 9180 --- [ctor-http-nio-3] o.h.type.descriptor.sql.BasicBinder      : binding parameter [1] as [INTEGER] - [1]
2022-06-17 16:13:57.267 DEBUG 9180 --- [ctor-http-nio-3] org.hibernate.SQL                        : select insuranceo0_.id as id1_0_0_, insuranceo0_.currency_offer as currency2_0_0_, insuranceo0_.insurance_company_id as insuranc3_0_0_, insuranceo0_.insurance_offer_id as insuranc4_0_0_, insuranceo0_.offer_name as offer_na5_0_0_, insuranceo0_.price as price6_0_0_, insuranceo0_.type_insurance_coverage as type_ins7_0_0_, insuranceo0_.type_offer_program as type_off8_0_0_, insuranceo0_.version as version9_0_0_ from insurance_offers insuranceo0_ where insuranceo0_.id=?
2022-06-17 16:13:57.267 TRACE 9180 --- [ctor-http-nio-3] o.h.type.descriptor.sql.BasicBinder      : binding parameter [1] as [INTEGER] - [1]
2022-06-17 16:13:57.299 DEBUG 9180 --- [ctor-http-nio-3] org.hibernate.SQL                        : delete from insurance_offers where id=? and version=?
2022-06-17 16:13:57.299 TRACE 9180 --- [ctor-http-nio-3] o.h.type.descriptor.sql.BasicBinder      : binding parameter [1] as [INTEGER] - [1]
2022-06-17 16:13:57.299 TRACE 9180 --- [ctor-http-nio-3] o.h.type.descriptor.sql.BasicBinder      : binding parameter [2] as [INTEGER] - [0]
2022-06-17 16:13:57.299 DEBUG 9180 --- [    Test worker] org.hibernate.SQL                        : select insuranceo0_.id as id1_0_, insuranceo0_.currency_offer as currency2_0_, insuranceo0_.insurance_company_id as insuranc3_0_, insuranceo0_.insurance_offer_id as insuranc4_0_, insuranceo0_.offer_name as offer_na5_0_, insuranceo0_.price as price6_0_, insuranceo0_.type_insurance_coverage as type_ins7_0_, insuranceo0_.type_offer_program as type_off8_0_, insuranceo0_.version as version9_0_ from insurance_offers insuranceo0_ where insuranceo0_.insurance_company_id=?
2022-06-17 16:13:57.299 TRACE 9180 --- [    Test worker] o.h.type.descriptor.sql.BasicBinder      : binding parameter [1] as [INTEGER] - [1]
2022-06-17 16:13:57.299 DEBUG 9180 --- [ctor-http-nio-3] s.m.m.c.i.s.InsuranceOfferServiceImpl    : deleteInsuranceOffers: tries to delete insurance offers for the insurance company with insuranceCompanyId: 1
2022-06-17 16:13:57.299 DEBUG 9180 --- [ctor-http-nio-3] org.hibernate.SQL                        : select insuranceo0_.id as id1_0_, insuranceo0_.currency_offer as currency2_0_, insuranceo0_.insurance_company_id as insuranc3_0_, insuranceo0_.insurance_offer_id as insuranc4_0_, insuranceo0_.offer_name as offer_na5_0_, insuranceo0_.price as price6_0_, insuranceo0_.type_insurance_coverage as type_ins7_0_, insuranceo0_.type_offer_program as type_off8_0_, insuranceo0_.version as version9_0_ from insurance_offers insuranceo0_ where insuranceo0_.insurance_company_id=?
2022-06-17 16:13:57.314 TRACE 9180 --- [ctor-http-nio-3] o.h.type.descriptor.sql.BasicBinder      : binding parameter [1] as [INTEGER] - [1]
2022-06-17 16:13:57.331 DEBUG 9180 --- [    Test worker] org.hibernate.SQL                        : select insuranceo0_.id as id1_0_, insuranceo0_.currency_offer as currency2_0_, insuranceo0_.insurance_company_id as insuranc3_0_, insuranceo0_.insurance_offer_id as insuranc4_0_, insuranceo0_.offer_name as offer_na5_0_, insuranceo0_.price as price6_0_, insuranceo0_.type_insurance_coverage as type_ins7_0_, insuranceo0_.type_offer_program as type_off8_0_, insuranceo0_.version as version9_0_ from insurance_offers insuranceo0_
2022-06-17 16:13:57.331 DEBUG 9180 --- [    Test worker] org.hibernate.SQL                        : select insuranceo0_.id as id1_0_, insuranceo0_.currency_offer as currency2_0_, insuranceo0_.insurance_company_id as insuranc3_0_, insuranceo0_.insurance_offer_id as insuranc4_0_, insuranceo0_.offer_name as offer_na5_0_, insuranceo0_.price as price6_0_, insuranceo0_.type_insurance_coverage as type_ins7_0_, insuranceo0_.type_offer_program as type_off8_0_, insuranceo0_.version as version9_0_ from insurance_offers insuranceo0_ where insuranceo0_.insurance_company_id=?
2022-06-17 16:13:57.331 TRACE 9180 --- [    Test worker] o.h.type.descriptor.sql.BasicBinder      : binding parameter [1] as [INTEGER] - [1]
2022-06-17 16:13:57.347 DEBUG 9180 --- [ctor-http-nio-3] org.hibernate.SQL                        : call next value for hibernate_sequence
2022-06-17 16:13:57.347 DEBUG 9180 --- [ctor-http-nio-3] org.hibernate.SQL                        : insert into insurance_offers (currency_offer, insurance_company_id, insurance_offer_id, offer_name, price, type_insurance_coverage, type_offer_program, version, id) values (?, ?, ?, ?, ?, ?, ?, ?, ?)
2022-06-17 16:13:57.347 TRACE 9180 --- [ctor-http-nio-3] o.h.type.descriptor.sql.BasicBinder      : binding parameter [1] as [VARCHAR] - [currencyOffer]
2022-06-17 16:13:57.347 TRACE 9180 --- [ctor-http-nio-3] o.h.type.descriptor.sql.BasicBinder      : binding parameter [2] as [INTEGER] - [1]
2022-06-17 16:13:57.347 TRACE 9180 --- [ctor-http-nio-3] o.h.type.descriptor.sql.BasicBinder      : binding parameter [3] as [INTEGER] - [1]
2022-06-17 16:13:57.351 TRACE 9180 --- [ctor-http-nio-3] o.h.type.descriptor.sql.BasicBinder      : binding parameter [4] as [VARCHAR] - [offername]
2022-06-17 16:13:57.351 TRACE 9180 --- [ctor-http-nio-3] o.h.type.descriptor.sql.BasicBinder      : binding parameter [5] as [DOUBLE] - [582.75]
2022-06-17 16:13:57.351 TRACE 9180 --- [ctor-http-nio-3] o.h.type.descriptor.sql.BasicBinder      : binding parameter [6] as [VARCHAR] - [typeInsuranceCoverage]
2022-06-17 16:13:57.351 TRACE 9180 --- [ctor-http-nio-3] o.h.type.descriptor.sql.BasicBinder      : binding parameter [7] as [VARCHAR] - [typeofferpr]
2022-06-17 16:13:57.351 TRACE 9180 --- [ctor-http-nio-3] o.h.type.descriptor.sql.BasicBinder      : binding parameter [8] as [INTEGER] - [0]
2022-06-17 16:13:57.351 TRACE 9180 --- [ctor-http-nio-3] o.h.type.descriptor.sql.BasicBinder      : binding parameter [9] as [INTEGER] - [2]
2022-06-17 16:13:57.351 DEBUG 9180 --- [ctor-http-nio-3] s.m.m.c.i.s.InsuranceOfferServiceImpl    : createInsuranceOffer: created a insurance offer entity: 1/1
2022-06-17 16:13:57.351 DEBUG 9180 --- [ctor-http-nio-3] org.hibernate.SQL                        : call next value for hibernate_sequence
2022-06-17 16:13:57.351 DEBUG 9180 --- [ctor-http-nio-3] org.hibernate.SQL                        : insert into insurance_offers (currency_offer, insurance_company_id, insurance_offer_id, offer_name, price, type_insurance_coverage, type_offer_program, version, id) values (?, ?, ?, ?, ?, ?, ?, ?, ?)
2022-06-17 16:13:57.351 TRACE 9180 --- [ctor-http-nio-3] o.h.type.descriptor.sql.BasicBinder      : binding parameter [1] as [VARCHAR] - [currencyOffer]
2022-06-17 16:13:57.351 TRACE 9180 --- [ctor-http-nio-3] o.h.type.descriptor.sql.BasicBinder      : binding parameter [2] as [INTEGER] - [1]
2022-06-17 16:13:57.366 TRACE 9180 --- [ctor-http-nio-3] o.h.type.descriptor.sql.BasicBinder      : binding parameter [3] as [INTEGER] - [2]
2022-06-17 16:13:57.366 TRACE 9180 --- [ctor-http-nio-3] o.h.type.descriptor.sql.BasicBinder      : binding parameter [4] as [VARCHAR] - [offername]
2022-06-17 16:13:57.366 TRACE 9180 --- [ctor-http-nio-3] o.h.type.descriptor.sql.BasicBinder      : binding parameter [5] as [DOUBLE] - [582.75]
2022-06-17 16:13:57.366 TRACE 9180 --- [ctor-http-nio-3] o.h.type.descriptor.sql.BasicBinder      : binding parameter [6] as [VARCHAR] - [typeInsuranceCoverage]
2022-06-17 16:13:57.366 TRACE 9180 --- [ctor-http-nio-3] o.h.type.descriptor.sql.BasicBinder      : binding parameter [7] as [VARCHAR] - [typeofferpr]
2022-06-17 16:13:57.366 TRACE 9180 --- [ctor-http-nio-3] o.h.type.descriptor.sql.BasicBinder      : binding parameter [8] as [INTEGER] - [0]
2022-06-17 16:13:57.366 TRACE 9180 --- [ctor-http-nio-3] o.h.type.descriptor.sql.BasicBinder      : binding parameter [9] as [INTEGER] - [3]
2022-06-17 16:13:57.366 DEBUG 9180 --- [ctor-http-nio-3] s.m.m.c.i.s.InsuranceOfferServiceImpl    : createInsuranceOffer: created a insurance offer entity: 1/2
2022-06-17 16:13:57.366 DEBUG 9180 --- [ctor-http-nio-3] org.hibernate.SQL                        : call next value for hibernate_sequence
2022-06-17 16:13:57.366 DEBUG 9180 --- [ctor-http-nio-3] org.hibernate.SQL                        : insert into insurance_offers (currency_offer, insurance_company_id, insurance_offer_id, offer_name, price, type_insurance_coverage, type_offer_program, version, id) values (?, ?, ?, ?, ?, ?, ?, ?, ?)
2022-06-17 16:13:57.366 TRACE 9180 --- [ctor-http-nio-3] o.h.type.descriptor.sql.BasicBinder      : binding parameter [1] as [VARCHAR] - [currencyOffer]
2022-06-17 16:13:57.366 TRACE 9180 --- [ctor-http-nio-3] o.h.type.descriptor.sql.BasicBinder      : binding parameter [2] as [INTEGER] - [1]
2022-06-17 16:13:57.366 TRACE 9180 --- [ctor-http-nio-3] o.h.type.descriptor.sql.BasicBinder      : binding parameter [3] as [INTEGER] - [3]
2022-06-17 16:13:57.366 TRACE 9180 --- [ctor-http-nio-3] o.h.type.descriptor.sql.BasicBinder      : binding parameter [4] as [VARCHAR] - [offername]
2022-06-17 16:13:57.366 TRACE 9180 --- [ctor-http-nio-3] o.h.type.descriptor.sql.BasicBinder      : binding parameter [5] as [DOUBLE] - [582.75]
2022-06-17 16:13:57.366 TRACE 9180 --- [ctor-http-nio-3] o.h.type.descriptor.sql.BasicBinder      : binding parameter [6] as [VARCHAR] - [typeInsuranceCoverage]
2022-06-17 16:13:57.366 TRACE 9180 --- [ctor-http-nio-3] o.h.type.descriptor.sql.BasicBinder      : binding parameter [7] as [VARCHAR] - [typeofferpr]
2022-06-17 16:13:57.366 TRACE 9180 --- [ctor-http-nio-3] o.h.type.descriptor.sql.BasicBinder      : binding parameter [8] as [INTEGER] - [0]
2022-06-17 16:13:57.366 TRACE 9180 --- [ctor-http-nio-3] o.h.type.descriptor.sql.BasicBinder      : binding parameter [9] as [INTEGER] - [4]
2022-06-17 16:13:57.366 DEBUG 9180 --- [ctor-http-nio-3] s.m.m.c.i.s.InsuranceOfferServiceImpl    : createInsuranceOffer: created a insurance offer entity: 1/3
2022-06-17 16:13:57.382 DEBUG 9180 --- [    Test worker] org.hibernate.SQL                        : select insuranceo0_.id as id1_0_, insuranceo0_.currency_offer as currency2_0_, insuranceo0_.insurance_company_id as insuranc3_0_, insuranceo0_.insurance_offer_id as insuranc4_0_, insuranceo0_.offer_name as offer_na5_0_, insuranceo0_.price as price6_0_, insuranceo0_.type_insurance_coverage as type_ins7_0_, insuranceo0_.type_offer_program as type_off8_0_, insuranceo0_.version as version9_0_ from insurance_offers insuranceo0_ where insuranceo0_.insurance_company_id=?
2022-06-17 16:13:57.382 TRACE 9180 --- [    Test worker] o.h.type.descriptor.sql.BasicBinder      : binding parameter [1] as [INTEGER] - [1]
2022-06-17 16:13:57.382 DEBUG 9180 --- [    Test worker] org.hibernate.SQL                        : select insuranceo0_.id as id1_0_, insuranceo0_.currency_offer as currency2_0_, insuranceo0_.insurance_company_id as insuranc3_0_, insuranceo0_.insurance_offer_id as insuranc4_0_, insuranceo0_.offer_name as offer_na5_0_, insuranceo0_.price as price6_0_, insuranceo0_.type_insurance_coverage as type_ins7_0_, insuranceo0_.type_offer_program as type_off8_0_, insuranceo0_.version as version9_0_ from insurance_offers insuranceo0_
2022-06-17 16:13:57.382 DEBUG 9180 --- [    Test worker] org.hibernate.SQL                        : delete from insurance_offers where id=? and version=?
2022-06-17 16:13:57.382 TRACE 9180 --- [    Test worker] o.h.type.descriptor.sql.BasicBinder      : binding parameter [1] as [INTEGER] - [2]
2022-06-17 16:13:57.382 TRACE 9180 --- [    Test worker] o.h.type.descriptor.sql.BasicBinder      : binding parameter [2] as [INTEGER] - [0]
2022-06-17 16:13:57.382 DEBUG 9180 --- [    Test worker] org.hibernate.SQL                        : delete from insurance_offers where id=? and version=?
2022-06-17 16:13:57.382 TRACE 9180 --- [    Test worker] o.h.type.descriptor.sql.BasicBinder      : binding parameter [1] as [INTEGER] - [3]
2022-06-17 16:13:57.382 TRACE 9180 --- [    Test worker] o.h.type.descriptor.sql.BasicBinder      : binding parameter [2] as [INTEGER] - [0]
2022-06-17 16:13:57.382 DEBUG 9180 --- [    Test worker] org.hibernate.SQL                        : delete from insurance_offers where id=? and version=?
2022-06-17 16:13:57.382 TRACE 9180 --- [    Test worker] o.h.type.descriptor.sql.BasicBinder      : binding parameter [1] as [INTEGER] - [4]
2022-06-17 16:13:57.382 TRACE 9180 --- [    Test worker] o.h.type.descriptor.sql.BasicBinder      : binding parameter [2] as [INTEGER] - [0]
2022-06-17 16:13:57.525 DEBUG 9180 --- [    Test worker] org.hibernate.SQL                        : select insuranceo0_.id as id1_0_, insuranceo0_.currency_offer as currency2_0_, insuranceo0_.insurance_company_id as insuranc3_0_, insuranceo0_.insurance_offer_id as insuranc4_0_, insuranceo0_.offer_name as offer_na5_0_, insuranceo0_.price as price6_0_, insuranceo0_.type_insurance_coverage as type_ins7_0_, insuranceo0_.type_offer_program as type_off8_0_, insuranceo0_.version as version9_0_ from insurance_offers insuranceo0_
2022-06-17 16:13:57.525 DEBUG 9180 --- [ctor-http-nio-3] org.hibernate.SQL                        : call next value for hibernate_sequence
2022-06-17 16:13:57.525 DEBUG 9180 --- [ctor-http-nio-3] org.hibernate.SQL                        : insert into insurance_offers (currency_offer, insurance_company_id, insurance_offer_id, offer_name, price, type_insurance_coverage, type_offer_program, version, id) values (?, ?, ?, ?, ?, ?, ?, ?, ?)
2022-06-17 16:13:57.525 TRACE 9180 --- [ctor-http-nio-3] o.h.type.descriptor.sql.BasicBinder      : binding parameter [1] as [VARCHAR] - [currencyOffer]
2022-06-17 16:13:57.525 TRACE 9180 --- [ctor-http-nio-3] o.h.type.descriptor.sql.BasicBinder      : binding parameter [2] as [INTEGER] - [1]
2022-06-17 16:13:57.525 TRACE 9180 --- [ctor-http-nio-3] o.h.type.descriptor.sql.BasicBinder      : binding parameter [3] as [INTEGER] - [1]
2022-06-17 16:13:57.525 TRACE 9180 --- [ctor-http-nio-3] o.h.type.descriptor.sql.BasicBinder      : binding parameter [4] as [VARCHAR] - [offername]
2022-06-17 16:13:57.525 TRACE 9180 --- [ctor-http-nio-3] o.h.type.descriptor.sql.BasicBinder      : binding parameter [5] as [DOUBLE] - [582.75]
2022-06-17 16:13:57.525 TRACE 9180 --- [ctor-http-nio-3] o.h.type.descriptor.sql.BasicBinder      : binding parameter [6] as [VARCHAR] - [typeInsuranceCoverage]
2022-06-17 16:13:57.525 TRACE 9180 --- [ctor-http-nio-3] o.h.type.descriptor.sql.BasicBinder      : binding parameter [7] as [VARCHAR] - [typeofferpr]
2022-06-17 16:13:57.525 TRACE 9180 --- [ctor-http-nio-3] o.h.type.descriptor.sql.BasicBinder      : binding parameter [8] as [INTEGER] - [0]
2022-06-17 16:13:57.525 TRACE 9180 --- [ctor-http-nio-3] o.h.type.descriptor.sql.BasicBinder      : binding parameter [9] as [INTEGER] - [5]
2022-06-17 16:13:57.541 DEBUG 9180 --- [ctor-http-nio-3] s.m.m.c.i.s.InsuranceOfferServiceImpl    : createInsuranceOffer: created a insurance offer entity: 1/1
2022-06-17 16:13:57.541 DEBUG 9180 --- [    Test worker] org.hibernate.SQL                        : select insuranceo0_.id as id1_0_, insuranceo0_.currency_offer as currency2_0_, insuranceo0_.insurance_company_id as insuranc3_0_, insuranceo0_.insurance_offer_id as insuranc4_0_, insuranceo0_.offer_name as offer_na5_0_, insuranceo0_.price as price6_0_, insuranceo0_.type_insurance_coverage as type_ins7_0_, insuranceo0_.type_offer_program as type_off8_0_, insuranceo0_.version as version9_0_ from insurance_offers insuranceo0_ where insuranceo0_.insurance_offer_id=?
2022-06-17 16:13:57.541 TRACE 9180 --- [    Test worker] o.h.type.descriptor.sql.BasicBinder      : binding parameter [1] as [INTEGER] - [1]
2022-06-17 16:13:57.558 DEBUG 9180 --- [    Test worker] org.hibernate.SQL                        : select insuranceo0_.id as id1_0_, insuranceo0_.currency_offer as currency2_0_, insuranceo0_.insurance_company_id as insuranc3_0_, insuranceo0_.insurance_offer_id as insuranc4_0_, insuranceo0_.offer_name as offer_na5_0_, insuranceo0_.price as price6_0_, insuranceo0_.type_insurance_coverage as type_ins7_0_, insuranceo0_.type_offer_program as type_off8_0_, insuranceo0_.version as version9_0_ from insurance_offers insuranceo0_
2022-06-17 16:13:57.558 DEBUG 9180 --- [    Test worker] org.hibernate.SQL                        : delete from insurance_offers where id=? and version=?
2022-06-17 16:13:57.558 TRACE 9180 --- [    Test worker] o.h.type.descriptor.sql.BasicBinder      : binding parameter [1] as [INTEGER] - [5]
2022-06-17 16:13:57.558 TRACE 9180 --- [    Test worker] o.h.type.descriptor.sql.BasicBinder      : binding parameter [2] as [INTEGER] - [0]
2022-06-17 16:13:57.573 DEBUG 9180 --- [ctor-http-nio-3] s.m.u.h.GlobalControllerExceptionHandler : Returning HTTP status: 422 UNPROCESSABLE_ENTITY for path: /insuranceOffer, message: Invalid insuranceCompanyId: -1
2022-06-17 16:13:57.589 DEBUG 9180 --- [    Test worker] org.hibernate.SQL                        : select insuranceo0_.id as id1_0_, insuranceo0_.currency_offer as currency2_0_, insuranceo0_.insurance_company_id as insuranc3_0_, insuranceo0_.insurance_offer_id as insuranc4_0_, insuranceo0_.offer_name as offer_na5_0_, insuranceo0_.price as price6_0_, insuranceo0_.type_insurance_coverage as type_ins7_0_, insuranceo0_.type_offer_program as type_off8_0_, insuranceo0_.version as version9_0_ from insurance_offers insuranceo0_
2022-06-17 16:13:57.589 DEBUG 9180 --- [ctor-http-nio-3] org.hibernate.SQL                        : select insuranceo0_.id as id1_0_, insuranceo0_.currency_offer as currency2_0_, insuranceo0_.insurance_company_id as insuranc3_0_, insuranceo0_.insurance_offer_id as insuranc4_0_, insuranceo0_.offer_name as offer_na5_0_, insuranceo0_.price as price6_0_, insuranceo0_.type_insurance_coverage as type_ins7_0_, insuranceo0_.type_offer_program as type_off8_0_, insuranceo0_.version as version9_0_ from insurance_offers insuranceo0_ where insuranceo0_.insurance_company_id=?
2022-06-17 16:13:57.589 TRACE 9180 --- [ctor-http-nio-3] o.h.type.descriptor.sql.BasicBinder      : binding parameter [1] as [INTEGER] - [213]
2022-06-17 16:13:57.589 DEBUG 9180 --- [ctor-http-nio-3] s.m.m.c.i.s.InsuranceOfferServiceImpl    : getInsuranceOffer: response size: 0
2022-06-17 16:13:57.604 DEBUG 9180 --- [    Test worker] org.hibernate.SQL                        : select insuranceo0_.id as id1_0_, insuranceo0_.currency_offer as currency2_0_, insuranceo0_.insurance_company_id as insuranc3_0_, insuranceo0_.insurance_offer_id as insuranc4_0_, insuranceo0_.offer_name as offer_na5_0_, insuranceo0_.price as price6_0_, insuranceo0_.type_insurance_coverage as type_ins7_0_, insuranceo0_.type_offer_program as type_off8_0_, insuranceo0_.version as version9_0_ from insurance_offers insuranceo0_
]]></system-out>
  <system-err><![CDATA[]]></system-err>
</testsuite>
