<?xml version="1.0" encoding="UTF-8"?>
<testsuite name="se.magnus.microservices.core.insuranceoffer.InsuranceOfferServiceApplicationTests" tests="5" skipped="0" failures="0" errors="0" timestamp="2022-05-25T15:12:09" hostname="DESKTOP-HJGV6OB" time="0.931">
  <properties/>
  <testcase name="getInsuranceOffersByInsuranceCompanyId" classname="se.magnus.microservices.core.insuranceoffer.InsuranceOfferServiceApplicationTests" time="0.827"/>
  <testcase name="getInsuranceOffersMissingParameter" classname="se.magnus.microservices.core.insuranceoffer.InsuranceOfferServiceApplicationTests" time="0.051"/>
  <testcase name="getInsuranceOffersInvalidParameterNegativeValue" classname="se.magnus.microservices.core.insuranceoffer.InsuranceOfferServiceApplicationTests" time="0.029"/>
  <testcase name="getInsuranceOffersNotFound" classname="se.magnus.microservices.core.insuranceoffer.InsuranceOfferServiceApplicationTests" time="0.01"/>
  <testcase name="getInsuranceOffersInvalidParameter" classname="se.magnus.microservices.core.insuranceoffer.InsuranceOfferServiceApplicationTests" time="0.011"/>
  <system-out><![CDATA[17:12:05.372 [Test worker] DEBUG org.springframework.test.annotation.ProfileValueUtils - Retrieved @ProfileValueSourceConfiguration [null] for test class [se.magnus.microservices.core.insuranceoffer.InsuranceOfferServiceApplicationTests]
17:12:05.372 [Test worker] DEBUG org.springframework.test.annotation.ProfileValueUtils - Retrieved ProfileValueSource type [class org.springframework.test.annotation.SystemProfileValueSource] for class [se.magnus.microservices.core.insuranceoffer.InsuranceOfferServiceApplicationTests]
17:12:05.372 [Test worker] DEBUG org.springframework.test.annotation.ProfileValueUtils - Retrieved @ProfileValueSourceConfiguration [null] for test class [se.magnus.microservices.core.insuranceoffer.InsuranceOfferServiceApplicationTests]
17:12:05.372 [Test worker] DEBUG org.springframework.test.annotation.ProfileValueUtils - Retrieved ProfileValueSource type [class org.springframework.test.annotation.SystemProfileValueSource] for class [se.magnus.microservices.core.insuranceoffer.InsuranceOfferServiceApplicationTests]
17:12:05.372 [Test worker] DEBUG org.springframework.test.context.support.AbstractDirtiesContextTestExecutionListener - Before test class: context [DefaultTestContext@3ab7b9ec testClass = InsuranceOfferServiceApplicationTests, testInstance = [null], testMethod = [null], testException = [null], mergedContextConfiguration = [ReactiveWebMergedContextConfiguration@7f7ffa6d testClass = InsuranceOfferServiceApplicationTests, locations = '{}', classes = '{class se.magnus.microservices.core.insuranceoffer.InsuranceOfferServiceApplication}', contextInitializerClasses = '[]', activeProfiles = '{}', propertySourceLocations = '{}', propertySourceProperties = '{org.springframework.boot.test.context.SpringBootTestContextBootstrapper=true, server.port=0}', contextCustomizers = set[org.springframework.boot.test.autoconfigure.properties.PropertyMappingContextCustomizer@0, org.springframework.boot.test.autoconfigure.web.servlet.WebDriverContextCustomizerFactory$Customizer@1a44a77, org.springframework.boot.test.context.filter.ExcludeFilterContextCustomizer@75be6c90, org.springframework.boot.test.json.DuplicateJsonObjectContextCustomizerFactory$DuplicateJsonObjectContextCustomizer@1f72d6cd, org.springframework.boot.test.mock.mockito.MockitoContextCustomizer@0, org.springframework.boot.test.web.client.TestRestTemplateContextCustomizer@13a0667a, org.springframework.boot.test.web.reactive.server.WebTestClientContextCustomizer@ffaee17, org.springframework.boot.test.context.SpringBootTestArgs@1], contextLoader = 'org.springframework.boot.test.context.SpringBootContextLoader', parent = [null]], attributes = map['org.springframework.test.context.web.ServletTestExecutionListener.activateListener' -> false]], class annotated with @DirtiesContext [false] with mode [null].
17:12:05.372 [Test worker] DEBUG org.springframework.test.annotation.ProfileValueUtils - Retrieved @ProfileValueSourceConfiguration [null] for test class [se.magnus.microservices.core.insuranceoffer.InsuranceOfferServiceApplicationTests]
17:12:05.372 [Test worker] DEBUG org.springframework.test.annotation.ProfileValueUtils - Retrieved ProfileValueSource type [class org.springframework.test.annotation.SystemProfileValueSource] for class [se.magnus.microservices.core.insuranceoffer.InsuranceOfferServiceApplicationTests]
17:12:05.388 [Test worker] DEBUG org.springframework.test.context.support.DependencyInjectionTestExecutionListener - Performing dependency injection for test context [[DefaultTestContext@3ab7b9ec testClass = InsuranceOfferServiceApplicationTests, testInstance = se.magnus.microservices.core.insuranceoffer.InsuranceOfferServiceApplicationTests@30cc7c59, testMethod = [null], testException = [null], mergedContextConfiguration = [ReactiveWebMergedContextConfiguration@7f7ffa6d testClass = InsuranceOfferServiceApplicationTests, locations = '{}', classes = '{class se.magnus.microservices.core.insuranceoffer.InsuranceOfferServiceApplication}', contextInitializerClasses = '[]', activeProfiles = '{}', propertySourceLocations = '{}', propertySourceProperties = '{org.springframework.boot.test.context.SpringBootTestContextBootstrapper=true, server.port=0}', contextCustomizers = set[org.springframework.boot.test.autoconfigure.properties.PropertyMappingContextCustomizer@0, org.springframework.boot.test.autoconfigure.web.servlet.WebDriverContextCustomizerFactory$Customizer@1a44a77, org.springframework.boot.test.context.filter.ExcludeFilterContextCustomizer@75be6c90, org.springframework.boot.test.json.DuplicateJsonObjectContextCustomizerFactory$DuplicateJsonObjectContextCustomizer@1f72d6cd, org.springframework.boot.test.mock.mockito.MockitoContextCustomizer@0, org.springframework.boot.test.web.client.TestRestTemplateContextCustomizer@13a0667a, org.springframework.boot.test.web.reactive.server.WebTestClientContextCustomizer@ffaee17, org.springframework.boot.test.context.SpringBootTestArgs@1], contextLoader = 'org.springframework.boot.test.context.SpringBootContextLoader', parent = [null]], attributes = map['org.springframework.test.context.web.ServletTestExecutionListener.activateListener' -> false]]].
17:12:05.419 [Test worker] DEBUG org.springframework.test.context.support.TestPropertySourceUtils - Adding inlined properties to environment: {spring.jmx.enabled=false, org.springframework.boot.test.context.SpringBootTestContextBootstrapper=true, server.port=0}

  .   ____          _            __ _ _
 /\\ / ___'_ __ _ _(_)_ __  __ _ \ \ \ \
( ( )\___ | '_ | '_| | '_ \/ _` | \ \ \ \
 \\/  ___)| |_)| | | | | || (_| |  ) ) ) )
  '  |____| .__|_| |_|_| |_\__, | / / / /
 =========|_|==============|___/=/_/_/_/
 :: Spring Boot ::        (v2.3.0.RELEASE)

2022-05-25 17:12:05.859  INFO 14524 --- [    Test worker] .i.InsuranceOfferServiceApplicationTests : Starting InsuranceOfferServiceApplicationTests on DESKTOP-HJGV6OB with PID 14524 (started by user in C:\Users\user\git\InsuranceCompanyMicroservices_DIS\DIS_projekat\microservices\insurance-offer-service)
2022-05-25 17:12:05.859 DEBUG 14524 --- [    Test worker] .i.InsuranceOfferServiceApplicationTests : Running with Spring Boot v2.3.0.RELEASE, Spring v5.2.6.RELEASE
2022-05-25 17:12:05.863  INFO 14524 --- [    Test worker] .i.InsuranceOfferServiceApplicationTests : No active profile set, falling back to default profiles: default
2022-05-25 17:12:07.869  INFO 14524 --- [    Test worker] o.s.b.a.e.web.EndpointLinksResolver      : Exposing 2 endpoint(s) beneath base path '/actuator'
2022-05-25 17:12:09.061  INFO 14524 --- [    Test worker] o.s.b.web.embedded.netty.NettyWebServer  : Netty started on port(s): 52130
2022-05-25 17:12:09.077  INFO 14524 --- [    Test worker] .i.InsuranceOfferServiceApplicationTests : Started InsuranceOfferServiceApplicationTests in 3.656 seconds (JVM running for 5.295)
2022-05-25 17:12:09.758 DEBUG 14524 --- [ctor-http-nio-3] s.m.m.c.i.s.InsuranceOfferServiceImpl    : /insuranceOffer response size: 3
2022-05-25 17:12:10.024 DEBUG 14524 --- [ctor-http-nio-3] s.m.u.h.GlobalControllerExceptionHandler : Returning HTTP status: 422 UNPROCESSABLE_ENTITY for path: /insuranceOffer, message: Invalid insuranceCompanyId: -1
2022-05-25 17:12:10.039 DEBUG 14524 --- [ctor-http-nio-3] s.m.m.c.i.s.InsuranceOfferServiceImpl    : No insurance offers found for insuranceCompanyId: 213
]]></system-out>
  <system-err><![CDATA[]]></system-err>
</testsuite>
