<?xml version="1.0" encoding="UTF-8"?>
<testsuite name="se.magnus.microservices.core.insuranceoffer.InsuranceOfferServiceApplicationTests" tests="6" skipped="0" failures="0" errors="0" timestamp="2022-06-28T23:13:20" hostname="DESKTOP-HJGV6OB" time="1.413">
  <properties/>
  <testcase name="deleteInsuranceOffers" classname="se.magnus.microservices.core.insuranceoffer.InsuranceOfferServiceApplicationTests" time="0.533"/>
  <testcase name="getInsuranceOffersByInsuranceCompanyId" classname="se.magnus.microservices.core.insuranceoffer.InsuranceOfferServiceApplicationTests" time="0.762"/>
  <testcase name="getInsuranceOffersMissingParameter" classname="se.magnus.microservices.core.insuranceoffer.InsuranceOfferServiceApplicationTests" time="0.059"/>
  <testcase name="getInsuranceOffersInvalidParameterNegativeValue" classname="se.magnus.microservices.core.insuranceoffer.InsuranceOfferServiceApplicationTests" time="0.021"/>
  <testcase name="getInsuranceOffersNotFound" classname="se.magnus.microservices.core.insuranceoffer.InsuranceOfferServiceApplicationTests" time="0.017"/>
  <testcase name="getInsuranceOffersInvalidParameter" classname="se.magnus.microservices.core.insuranceoffer.InsuranceOfferServiceApplicationTests" time="0.016"/>
  <system-out><![CDATA[01:13:07.372 [Test worker] DEBUG org.springframework.test.annotation.ProfileValueUtils - Retrieved @ProfileValueSourceConfiguration [null] for test class [se.magnus.microservices.core.insuranceoffer.InsuranceOfferServiceApplicationTests]
01:13:07.372 [Test worker] DEBUG org.springframework.test.annotation.ProfileValueUtils - Retrieved ProfileValueSource type [class org.springframework.test.annotation.SystemProfileValueSource] for class [se.magnus.microservices.core.insuranceoffer.InsuranceOfferServiceApplicationTests]
01:13:07.372 [Test worker] DEBUG org.springframework.test.annotation.ProfileValueUtils - Retrieved @ProfileValueSourceConfiguration [null] for test class [se.magnus.microservices.core.insuranceoffer.InsuranceOfferServiceApplicationTests]
01:13:07.372 [Test worker] DEBUG org.springframework.test.annotation.ProfileValueUtils - Retrieved ProfileValueSource type [class org.springframework.test.annotation.SystemProfileValueSource] for class [se.magnus.microservices.core.insuranceoffer.InsuranceOfferServiceApplicationTests]
01:13:07.372 [Test worker] DEBUG org.springframework.test.context.support.AbstractDirtiesContextTestExecutionListener - Before test class: context [DefaultTestContext@4b07cbe3 testClass = InsuranceOfferServiceApplicationTests, testInstance = [null], testMethod = [null], testException = [null], mergedContextConfiguration = [ReactiveWebMergedContextConfiguration@4f8cc473 testClass = InsuranceOfferServiceApplicationTests, locations = '{}', classes = '{class se.magnus.microservices.core.insuranceoffer.InsuranceOfferServiceApplication}', contextInitializerClasses = '[]', activeProfiles = '{}', propertySourceLocations = '{}', propertySourceProperties = '{eureka.client.enabled=false, spring.datasource.url=jdbc:h2:mem:review-db, org.springframework.boot.test.context.SpringBootTestContextBootstrapper=true, server.port=0}', contextCustomizers = set[org.springframework.boot.test.autoconfigure.properties.PropertyMappingContextCustomizer@0, org.springframework.boot.test.autoconfigure.web.servlet.WebDriverContextCustomizerFactory$Customizer@66d4da4, org.springframework.boot.test.context.filter.ExcludeFilterContextCustomizer@36a412c1, org.springframework.boot.test.json.DuplicateJsonObjectContextCustomizerFactory$DuplicateJsonObjectContextCustomizer@16a9c0df, org.springframework.boot.test.mock.mockito.MockitoContextCustomizer@0, org.springframework.boot.test.web.client.TestRestTemplateContextCustomizer@646a43ae, org.springframework.boot.test.web.reactive.server.WebTestClientContextCustomizer@2242c0d, org.springframework.boot.test.context.SpringBootTestArgs@1], contextLoader = 'org.springframework.boot.test.context.SpringBootContextLoader', parent = [null]], attributes = map['org.springframework.test.context.web.ServletTestExecutionListener.activateListener' -> false]], class annotated with @DirtiesContext [false] with mode [null].
01:13:07.388 [Test worker] DEBUG org.springframework.test.annotation.ProfileValueUtils - Retrieved @ProfileValueSourceConfiguration [null] for test class [se.magnus.microservices.core.insuranceoffer.InsuranceOfferServiceApplicationTests]
01:13:07.388 [Test worker] DEBUG org.springframework.test.annotation.ProfileValueUtils - Retrieved ProfileValueSource type [class org.springframework.test.annotation.SystemProfileValueSource] for class [se.magnus.microservices.core.insuranceoffer.InsuranceOfferServiceApplicationTests]
01:13:07.388 [Test worker] DEBUG org.springframework.test.context.support.DependencyInjectionTestExecutionListener - Performing dependency injection for test context [[DefaultTestContext@4b07cbe3 testClass = InsuranceOfferServiceApplicationTests, testInstance = se.magnus.microservices.core.insuranceoffer.InsuranceOfferServiceApplicationTests@2aeb225b, testMethod = [null], testException = [null], mergedContextConfiguration = [ReactiveWebMergedContextConfiguration@4f8cc473 testClass = InsuranceOfferServiceApplicationTests, locations = '{}', classes = '{class se.magnus.microservices.core.insuranceoffer.InsuranceOfferServiceApplication}', contextInitializerClasses = '[]', activeProfiles = '{}', propertySourceLocations = '{}', propertySourceProperties = '{eureka.client.enabled=false, spring.datasource.url=jdbc:h2:mem:review-db, org.springframework.boot.test.context.SpringBootTestContextBootstrapper=true, server.port=0}', contextCustomizers = set[org.springframework.boot.test.autoconfigure.properties.PropertyMappingContextCustomizer@0, org.springframework.boot.test.autoconfigure.web.servlet.WebDriverContextCustomizerFactory$Customizer@66d4da4, org.springframework.boot.test.context.filter.ExcludeFilterContextCustomizer@36a412c1, org.springframework.boot.test.json.DuplicateJsonObjectContextCustomizerFactory$DuplicateJsonObjectContextCustomizer@16a9c0df, org.springframework.boot.test.mock.mockito.MockitoContextCustomizer@0, org.springframework.boot.test.web.client.TestRestTemplateContextCustomizer@646a43ae, org.springframework.boot.test.web.reactive.server.WebTestClientContextCustomizer@2242c0d, org.springframework.boot.test.context.SpringBootTestArgs@1], contextLoader = 'org.springframework.boot.test.context.SpringBootContextLoader', parent = [null]], attributes = map['org.springframework.test.context.web.ServletTestExecutionListener.activateListener' -> false]]].
01:13:07.420 [Test worker] DEBUG org.springframework.test.context.support.TestPropertySourceUtils - Adding inlined properties to environment: {spring.jmx.enabled=false, eureka.client.enabled=false, spring.datasource.url=jdbc:h2:mem:review-db, org.springframework.boot.test.context.SpringBootTestContextBootstrapper=true, server.port=0}

  .   ____          _            __ _ _
 /\\ / ___'_ __ _ _(_)_ __  __ _ \ \ \ \
( ( )\___ | '_ | '_| | '_ \/ _` | \ \ \ \
 \\/  ___)| |_)| | | | | || (_| |  ) ) ) )
  '  |____| .__|_| |_|_| |_\__, | / / / /
 =========|_|==============|___/=/_/_/_/
 :: Spring Boot ::        (v2.3.2.RELEASE)

2022-06-29 01:13:09.194  INFO 12152 --- [    Test worker] .i.InsuranceOfferServiceApplicationTests : No active profile set, falling back to default profiles: default
2022-06-29 01:13:10.304  INFO 12152 --- [    Test worker] .s.d.r.c.RepositoryConfigurationDelegate : Bootstrapping Spring Data JPA repositories in DEFERRED mode.
2022-06-29 01:13:10.511  INFO 12152 --- [    Test worker] .s.d.r.c.RepositoryConfigurationDelegate : Finished Spring Data repository scanning in 195ms. Found 1 JPA repository interfaces.
2022-06-29 01:13:10.958  INFO 12152 --- [    Test worker] o.s.cloud.context.scope.GenericScope     : BeanFactory id=44a34b54-92bb-3b88-92ec-be7d6a7cc8a5
2022-06-29 01:13:11.022  INFO 12152 --- [    Test worker] faultConfiguringBeanFactoryPostProcessor : No bean named 'errorChannel' has been explicitly defined. Therefore, a default PublishSubscribeChannel will be created.
2022-06-29 01:13:11.022  INFO 12152 --- [    Test worker] faultConfiguringBeanFactoryPostProcessor : No bean named 'taskScheduler' has been explicitly defined. Therefore, a default ThreadPoolTaskScheduler will be created.
2022-06-29 01:13:11.038  INFO 12152 --- [    Test worker] faultConfiguringBeanFactoryPostProcessor : No bean named 'integrationHeaderChannelRegistry' has been explicitly defined. Therefore, a default DefaultHeaderChannelRegistry will be created.
2022-06-29 01:13:11.320  INFO 12152 --- [    Test worker] trationDelegate$BeanPostProcessorChecker : Bean 'integrationChannelResolver' of type [org.springframework.integration.support.channel.BeanFactoryChannelResolver] is not eligible for getting processed by all BeanPostProcessors (for example: not eligible for auto-proxying)
2022-06-29 01:13:11.336  INFO 12152 --- [    Test worker] trationDelegate$BeanPostProcessorChecker : Bean 'integrationDisposableAutoCreatedBeans' of type [org.springframework.integration.config.annotation.Disposables] is not eligible for getting processed by all BeanPostProcessors (for example: not eligible for auto-proxying)
2022-06-29 01:13:11.399  INFO 12152 --- [    Test worker] trationDelegate$BeanPostProcessorChecker : Bean 'org.springframework.integration.config.IntegrationManagementConfiguration' of type [org.springframework.integration.config.IntegrationManagementConfiguration] is not eligible for getting processed by all BeanPostProcessors (for example: not eligible for auto-proxying)
2022-06-29 01:13:11.441  INFO 12152 --- [    Test worker] trationDelegate$BeanPostProcessorChecker : Bean 'org.springframework.cloud.client.loadbalancer.reactive.LoadBalancerBeanPostProcessorAutoConfiguration' of type [org.springframework.cloud.client.loadbalancer.reactive.LoadBalancerBeanPostProcessorAutoConfiguration] is not eligible for getting processed by all BeanPostProcessors (for example: not eligible for auto-proxying)
2022-06-29 01:13:11.441  INFO 12152 --- [    Test worker] trationDelegate$BeanPostProcessorChecker : Bean 'org.springframework.cloud.client.loadbalancer.reactive.LoadBalancerBeanPostProcessorAutoConfiguration$ReactiveLoadBalancerConfig' of type [org.springframework.cloud.client.loadbalancer.reactive.LoadBalancerBeanPostProcessorAutoConfiguration$ReactiveLoadBalancerConfig] is not eligible for getting processed by all BeanPostProcessors (for example: not eligible for auto-proxying)
2022-06-29 01:13:11.441  INFO 12152 --- [    Test worker] trationDelegate$BeanPostProcessorChecker : Bean 'deferringLoadBalancerExchangeFilterFunction' of type [org.springframework.cloud.client.loadbalancer.reactive.DeferringLoadBalancerExchangeFilterFunction] is not eligible for getting processed by all BeanPostProcessors (for example: not eligible for auto-proxying)
2022-06-29 01:13:12.111  INFO 12152 --- [    Test worker] o.s.s.concurrent.ThreadPoolTaskExecutor  : Initializing ExecutorService 'applicationTaskExecutor'
2022-06-29 01:13:12.235  INFO 12152 --- [    Test worker] o.s.s.c.ThreadPoolTaskScheduler          : Initializing ExecutorService 'taskScheduler'
2022-06-29 01:13:12.356  INFO 12152 --- [    Test worker] m.m.c.i.InsuranceOfferServiceApplication : Creates a jdbcScheduler with connectionPoolSize = 10
2022-06-29 01:13:12.363  INFO 12152 --- [         task-1] o.hibernate.jpa.internal.util.LogHelper  : HHH000204: Processing PersistenceUnitInfo [name: default]
2022-06-29 01:13:12.503  INFO 12152 --- [         task-1] org.hibernate.Version                    : HHH000412: Hibernate ORM core version 5.4.18.Final
2022-06-29 01:13:12.858  INFO 12152 --- [         task-1] o.hibernate.annotations.common.Version   : HCANN000001: Hibernate Commons Annotations {5.1.0.Final}
2022-06-29 01:13:12.999  WARN 12152 --- [    Test worker] c.n.c.sources.URLConfigurationSource     : No URLs will be polled as dynamic configuration sources.
2022-06-29 01:13:12.999  INFO 12152 --- [    Test worker] c.n.c.sources.URLConfigurationSource     : To enable URLs as dynamic configuration sources, define System property archaius.configurationSource.additionalUrls or make config.properties available on classpath.
2022-06-29 01:13:13.016  WARN 12152 --- [    Test worker] c.n.c.sources.URLConfigurationSource     : No URLs will be polled as dynamic configuration sources.
2022-06-29 01:13:13.016  INFO 12152 --- [    Test worker] c.n.c.sources.URLConfigurationSource     : To enable URLs as dynamic configuration sources, define System property archaius.configurationSource.additionalUrls or make config.properties available on classpath.
2022-06-29 01:13:13.096  INFO 12152 --- [         task-1] com.zaxxer.hikari.HikariDataSource       : HikariPool-1 - Starting...
2022-06-29 01:13:13.496  INFO 12152 --- [         task-1] com.zaxxer.hikari.HikariDataSource       : HikariPool-1 - Start completed.
2022-06-29 01:13:13.566  INFO 12152 --- [         task-1] org.hibernate.dialect.Dialect            : HHH000400: Using dialect: org.hibernate.dialect.H2Dialect
2022-06-29 01:13:15.608 DEBUG 12152 --- [         task-1] org.hibernate.SQL                        : create table insurance_offers (id integer not null, currency_offer varchar(255), insurance_company_id integer not null, insurance_offer_id integer not null, offer_name varchar(255), price double not null, type_insurance_coverage varchar(255), type_offer_program varchar(255), version integer not null, primary key (id))
2022-06-29 01:13:15.613 DEBUG 12152 --- [         task-1] org.hibernate.SQL                        : alter table insurance_offers drop constraint if exists insuranceOffers_unique_idx
2022-06-29 01:13:15.613 DEBUG 12152 --- [         task-1] org.hibernate.SQL                        : alter table insurance_offers add constraint insuranceOffers_unique_idx unique (insurance_company_id, insurance_offer_id)
2022-06-29 01:13:15.629 DEBUG 12152 --- [         task-1] org.hibernate.SQL                        : create sequence hibernate_sequence start with 1 increment by 1
2022-06-29 01:13:15.635  INFO 12152 --- [         task-1] o.h.e.t.j.p.i.JtaPlatformInitiator       : HHH000490: Using JtaPlatform implementation: [org.hibernate.engine.transaction.jta.platform.internal.NoJtaPlatform]
2022-06-29 01:13:15.652  INFO 12152 --- [         task-1] j.LocalContainerEntityManagerFactoryBean : Initialized JPA EntityManagerFactory for persistence unit 'default'
2022-06-29 01:13:16.109  INFO 12152 --- [    Test worker] o.s.b.a.e.web.EndpointLinksResolver      : Exposing 2 endpoint(s) beneath base path '/actuator'
2022-06-29 01:13:16.661  INFO 12152 --- [    Test worker] onConfiguration$FunctionBindingRegistrar : Functional binding is disabled due to the presense of @EnableBinding annotation in your configuration
2022-06-29 01:13:18.136  WARN 12152 --- [    Test worker] ockingLoadBalancerClientRibbonWarnLogger : You already have RibbonLoadBalancerClient on your classpath. It will be used by default. As Spring Cloud Ribbon is in maintenance mode. We recommend switching to BlockingLoadBalancerClient instead. In order to use it, set the value of `spring.cloud.loadbalancer.ribbon.enabled` to `false` or remove spring-cloud-starter-netflix-ribbon from your project.
2022-06-29 01:13:18.199  WARN 12152 --- [    Test worker] eactorLoadBalancerClientRibbonWarnLogger : You have RibbonLoadBalancerClient on your classpath. LoadBalancerExchangeFilterFunction that uses it under the hood will be used by default. Spring Cloud Ribbon is now in maintenance mode, so we suggest switching to ReactorLoadBalancerExchangeFilterFunction instead. In order to use it, set the value of `spring.cloud.loadbalancer.ribbon.enabled` to `false` or remove spring-cloud-starter-netflix-ribbon from your project.
2022-06-29 01:13:18.816  INFO 12152 --- [    Test worker] o.s.c.s.m.DirectWithAttributesChannel    : Channel 'application-1.input' has 1 subscriber(s).
2022-06-29 01:13:18.848  INFO 12152 --- [    Test worker] o.s.i.endpoint.EventDrivenConsumer       : Adding {logging-channel-adapter:_org.springframework.integration.errorLogger} as a subscriber to the 'errorChannel' channel
2022-06-29 01:13:18.848  INFO 12152 --- [    Test worker] o.s.i.channel.PublishSubscribeChannel    : Channel 'application-1.errorChannel' has 1 subscriber(s).
2022-06-29 01:13:18.848  INFO 12152 --- [    Test worker] o.s.i.endpoint.EventDrivenConsumer       : started bean '_org.springframework.integration.errorLogger'
2022-06-29 01:13:19.599  INFO 12152 --- [    Test worker] o.s.b.web.embedded.netty.NettyWebServer  : Netty started on port(s): 58225
2022-06-29 01:13:20.237  INFO 12152 --- [    Test worker] DeferredRepositoryInitializationListener : Triggering deferred initialization of Spring Data repositories…
2022-06-29 01:13:20.762  INFO 12152 --- [    Test worker] DeferredRepositoryInitializationListener : Spring Data repositories initialized!
2022-06-29 01:13:20.778  INFO 12152 --- [    Test worker] .i.InsuranceOfferServiceApplicationTests : Started InsuranceOfferServiceApplicationTests in 13.354 seconds (JVM running for 15.078)
2022-06-29 01:13:21.177 DEBUG 12152 --- [    Test worker] org.hibernate.SQL                        : select insuranceo0_.id as id1_0_, insuranceo0_.currency_offer as currency2_0_, insuranceo0_.insurance_company_id as insuranc3_0_, insuranceo0_.insurance_offer_id as insuranc4_0_, insuranceo0_.offer_name as offer_na5_0_, insuranceo0_.price as price6_0_, insuranceo0_.type_insurance_coverage as type_ins7_0_, insuranceo0_.type_offer_program as type_off8_0_, insuranceo0_.version as version9_0_ from insurance_offers insuranceo0_
2022-06-29 01:13:21.193  INFO 12152 --- [    Test worker] s.m.m.c.i.services.MessageProcessor      : Process message created at 2022-06-29T01:13:21.193...
2022-06-29 01:13:21.193  INFO 12152 --- [    Test worker] s.m.m.c.i.services.MessageProcessor      : Create insuranceOffer with ID: 1
2022-06-29 01:13:21.209 DEBUG 12152 --- [    Test worker] org.hibernate.SQL                        : call next value for hibernate_sequence
2022-06-29 01:13:21.257 DEBUG 12152 --- [    Test worker] org.hibernate.SQL                        : insert into insurance_offers (currency_offer, insurance_company_id, insurance_offer_id, offer_name, price, type_insurance_coverage, type_offer_program, version, id) values (?, ?, ?, ?, ?, ?, ?, ?, ?)
2022-06-29 01:13:21.273 TRACE 12152 --- [    Test worker] o.h.type.descriptor.sql.BasicBinder      : binding parameter [1] as [VARCHAR] - [CurrencyOffer 1]
2022-06-29 01:13:21.273 TRACE 12152 --- [    Test worker] o.h.type.descriptor.sql.BasicBinder      : binding parameter [2] as [INTEGER] - [1]
2022-06-29 01:13:21.273 TRACE 12152 --- [    Test worker] o.h.type.descriptor.sql.BasicBinder      : binding parameter [3] as [INTEGER] - [1]
2022-06-29 01:13:21.273 TRACE 12152 --- [    Test worker] o.h.type.descriptor.sql.BasicBinder      : binding parameter [4] as [VARCHAR] - [OfferName 1]
2022-06-29 01:13:21.273 TRACE 12152 --- [    Test worker] o.h.type.descriptor.sql.BasicBinder      : binding parameter [5] as [DOUBLE] - [505.52]
2022-06-29 01:13:21.273 TRACE 12152 --- [    Test worker] o.h.type.descriptor.sql.BasicBinder      : binding parameter [6] as [VARCHAR] - [null]
2022-06-29 01:13:21.273 TRACE 12152 --- [    Test worker] o.h.type.descriptor.sql.BasicBinder      : binding parameter [7] as [VARCHAR] - [null]
2022-06-29 01:13:21.273 TRACE 12152 --- [    Test worker] o.h.type.descriptor.sql.BasicBinder      : binding parameter [8] as [INTEGER] - [0]
2022-06-29 01:13:21.273 TRACE 12152 --- [    Test worker] o.h.type.descriptor.sql.BasicBinder      : binding parameter [9] as [INTEGER] - [1]
2022-06-29 01:13:21.273 DEBUG 12152 --- [    Test worker] s.m.m.c.i.s.InsuranceOfferServiceImpl    : createInsuranceOffer: created a insurance offer entity: 1/1
2022-06-29 01:13:21.273  INFO 12152 --- [    Test worker] s.m.m.c.i.services.MessageProcessor      : Message processing done!
2022-06-29 01:13:21.304 DEBUG 12152 --- [    Test worker] org.hibernate.SQL                        : select insuranceo0_.id as id1_0_, insuranceo0_.currency_offer as currency2_0_, insuranceo0_.insurance_company_id as insuranc3_0_, insuranceo0_.insurance_offer_id as insuranc4_0_, insuranceo0_.offer_name as offer_na5_0_, insuranceo0_.price as price6_0_, insuranceo0_.type_insurance_coverage as type_ins7_0_, insuranceo0_.type_offer_program as type_off8_0_, insuranceo0_.version as version9_0_ from insurance_offers insuranceo0_ where insuranceo0_.insurance_company_id=?
2022-06-29 01:13:21.304 TRACE 12152 --- [    Test worker] o.h.type.descriptor.sql.BasicBinder      : binding parameter [1] as [INTEGER] - [1]
2022-06-29 01:13:21.338  INFO 12152 --- [    Test worker] s.m.m.c.i.services.MessageProcessor      : Process message created at 2022-06-29T01:13:21.338...
2022-06-29 01:13:21.338  INFO 12152 --- [    Test worker] s.m.m.c.i.services.MessageProcessor      : Delete insurance offers with insuranceCompanyId: 1
2022-06-29 01:13:21.338 DEBUG 12152 --- [    Test worker] s.m.m.c.i.s.InsuranceOfferServiceImpl    : deleteInsuranceOffers: tries to delete insurance offers for the insurance company with insuranceCompanyId: 1
2022-06-29 01:13:21.338 DEBUG 12152 --- [    Test worker] org.hibernate.SQL                        : select insuranceo0_.id as id1_0_, insuranceo0_.currency_offer as currency2_0_, insuranceo0_.insurance_company_id as insuranc3_0_, insuranceo0_.insurance_offer_id as insuranc4_0_, insuranceo0_.offer_name as offer_na5_0_, insuranceo0_.price as price6_0_, insuranceo0_.type_insurance_coverage as type_ins7_0_, insuranceo0_.type_offer_program as type_off8_0_, insuranceo0_.version as version9_0_ from insurance_offers insuranceo0_ where insuranceo0_.insurance_company_id=?
2022-06-29 01:13:21.338 TRACE 12152 --- [    Test worker] o.h.type.descriptor.sql.BasicBinder      : binding parameter [1] as [INTEGER] - [1]
2022-06-29 01:13:21.354 DEBUG 12152 --- [    Test worker] org.hibernate.SQL                        : select insuranceo0_.id as id1_0_0_, insuranceo0_.currency_offer as currency2_0_0_, insuranceo0_.insurance_company_id as insuranc3_0_0_, insuranceo0_.insurance_offer_id as insuranc4_0_0_, insuranceo0_.offer_name as offer_na5_0_0_, insuranceo0_.price as price6_0_0_, insuranceo0_.type_insurance_coverage as type_ins7_0_0_, insuranceo0_.type_offer_program as type_off8_0_0_, insuranceo0_.version as version9_0_0_ from insurance_offers insuranceo0_ where insuranceo0_.id=?
2022-06-29 01:13:21.354 TRACE 12152 --- [    Test worker] o.h.type.descriptor.sql.BasicBinder      : binding parameter [1] as [INTEGER] - [1]
2022-06-29 01:13:21.370 DEBUG 12152 --- [    Test worker] org.hibernate.SQL                        : delete from insurance_offers where id=? and version=?
2022-06-29 01:13:21.370 TRACE 12152 --- [    Test worker] o.h.type.descriptor.sql.BasicBinder      : binding parameter [1] as [INTEGER] - [1]
2022-06-29 01:13:21.370 TRACE 12152 --- [    Test worker] o.h.type.descriptor.sql.BasicBinder      : binding parameter [2] as [INTEGER] - [0]
2022-06-29 01:13:21.386  INFO 12152 --- [    Test worker] s.m.m.c.i.services.MessageProcessor      : Message processing done!
2022-06-29 01:13:21.386 DEBUG 12152 --- [    Test worker] org.hibernate.SQL                        : select insuranceo0_.id as id1_0_, insuranceo0_.currency_offer as currency2_0_, insuranceo0_.insurance_company_id as insuranc3_0_, insuranceo0_.insurance_offer_id as insuranc4_0_, insuranceo0_.offer_name as offer_na5_0_, insuranceo0_.price as price6_0_, insuranceo0_.type_insurance_coverage as type_ins7_0_, insuranceo0_.type_offer_program as type_off8_0_, insuranceo0_.version as version9_0_ from insurance_offers insuranceo0_ where insuranceo0_.insurance_company_id=?
2022-06-29 01:13:21.386 TRACE 12152 --- [    Test worker] o.h.type.descriptor.sql.BasicBinder      : binding parameter [1] as [INTEGER] - [1]
2022-06-29 01:13:21.386  INFO 12152 --- [    Test worker] s.m.m.c.i.services.MessageProcessor      : Process message created at 2022-06-29T01:13:21.386...
2022-06-29 01:13:21.386  INFO 12152 --- [    Test worker] s.m.m.c.i.services.MessageProcessor      : Delete insurance offers with insuranceCompanyId: 1
2022-06-29 01:13:21.386 DEBUG 12152 --- [    Test worker] s.m.m.c.i.s.InsuranceOfferServiceImpl    : deleteInsuranceOffers: tries to delete insurance offers for the insurance company with insuranceCompanyId: 1
2022-06-29 01:13:21.386 DEBUG 12152 --- [    Test worker] org.hibernate.SQL                        : select insuranceo0_.id as id1_0_, insuranceo0_.currency_offer as currency2_0_, insuranceo0_.insurance_company_id as insuranc3_0_, insuranceo0_.insurance_offer_id as insuranc4_0_, insuranceo0_.offer_name as offer_na5_0_, insuranceo0_.price as price6_0_, insuranceo0_.type_insurance_coverage as type_ins7_0_, insuranceo0_.type_offer_program as type_off8_0_, insuranceo0_.version as version9_0_ from insurance_offers insuranceo0_ where insuranceo0_.insurance_company_id=?
2022-06-29 01:13:21.386 TRACE 12152 --- [    Test worker] o.h.type.descriptor.sql.BasicBinder      : binding parameter [1] as [INTEGER] - [1]
2022-06-29 01:13:21.386  INFO 12152 --- [    Test worker] s.m.m.c.i.services.MessageProcessor      : Message processing done!
2022-06-29 01:13:21.402 DEBUG 12152 --- [    Test worker] org.hibernate.SQL                        : select insuranceo0_.id as id1_0_, insuranceo0_.currency_offer as currency2_0_, insuranceo0_.insurance_company_id as insuranc3_0_, insuranceo0_.insurance_offer_id as insuranc4_0_, insuranceo0_.offer_name as offer_na5_0_, insuranceo0_.price as price6_0_, insuranceo0_.type_insurance_coverage as type_ins7_0_, insuranceo0_.type_offer_program as type_off8_0_, insuranceo0_.version as version9_0_ from insurance_offers insuranceo0_
2022-06-29 01:13:21.402 DEBUG 12152 --- [    Test worker] org.hibernate.SQL                        : select insuranceo0_.id as id1_0_, insuranceo0_.currency_offer as currency2_0_, insuranceo0_.insurance_company_id as insuranc3_0_, insuranceo0_.insurance_offer_id as insuranc4_0_, insuranceo0_.offer_name as offer_na5_0_, insuranceo0_.price as price6_0_, insuranceo0_.type_insurance_coverage as type_ins7_0_, insuranceo0_.type_offer_program as type_off8_0_, insuranceo0_.version as version9_0_ from insurance_offers insuranceo0_ where insuranceo0_.insurance_company_id=?
2022-06-29 01:13:21.402 TRACE 12152 --- [    Test worker] o.h.type.descriptor.sql.BasicBinder      : binding parameter [1] as [INTEGER] - [1]
2022-06-29 01:13:21.402  INFO 12152 --- [    Test worker] s.m.m.c.i.services.MessageProcessor      : Process message created at 2022-06-29T01:13:21.402...
2022-06-29 01:13:21.402  INFO 12152 --- [    Test worker] s.m.m.c.i.services.MessageProcessor      : Create insuranceOffer with ID: 1
2022-06-29 01:13:21.402 DEBUG 12152 --- [    Test worker] org.hibernate.SQL                        : call next value for hibernate_sequence
2022-06-29 01:13:21.402 DEBUG 12152 --- [    Test worker] org.hibernate.SQL                        : insert into insurance_offers (currency_offer, insurance_company_id, insurance_offer_id, offer_name, price, type_insurance_coverage, type_offer_program, version, id) values (?, ?, ?, ?, ?, ?, ?, ?, ?)
2022-06-29 01:13:21.402 TRACE 12152 --- [    Test worker] o.h.type.descriptor.sql.BasicBinder      : binding parameter [1] as [VARCHAR] - [CurrencyOffer 1]
2022-06-29 01:13:21.417 TRACE 12152 --- [    Test worker] o.h.type.descriptor.sql.BasicBinder      : binding parameter [2] as [INTEGER] - [1]
2022-06-29 01:13:21.417 TRACE 12152 --- [    Test worker] o.h.type.descriptor.sql.BasicBinder      : binding parameter [3] as [INTEGER] - [1]
2022-06-29 01:13:21.417 TRACE 12152 --- [    Test worker] o.h.type.descriptor.sql.BasicBinder      : binding parameter [4] as [VARCHAR] - [OfferName 1]
2022-06-29 01:13:21.417 TRACE 12152 --- [    Test worker] o.h.type.descriptor.sql.BasicBinder      : binding parameter [5] as [DOUBLE] - [505.52]
2022-06-29 01:13:21.417 TRACE 12152 --- [    Test worker] o.h.type.descriptor.sql.BasicBinder      : binding parameter [6] as [VARCHAR] - [null]
2022-06-29 01:13:21.417 TRACE 12152 --- [    Test worker] o.h.type.descriptor.sql.BasicBinder      : binding parameter [7] as [VARCHAR] - [null]
2022-06-29 01:13:21.417 TRACE 12152 --- [    Test worker] o.h.type.descriptor.sql.BasicBinder      : binding parameter [8] as [INTEGER] - [0]
2022-06-29 01:13:21.417 TRACE 12152 --- [    Test worker] o.h.type.descriptor.sql.BasicBinder      : binding parameter [9] as [INTEGER] - [2]
2022-06-29 01:13:21.417 DEBUG 12152 --- [    Test worker] s.m.m.c.i.s.InsuranceOfferServiceImpl    : createInsuranceOffer: created a insurance offer entity: 1/1
2022-06-29 01:13:21.417  INFO 12152 --- [    Test worker] s.m.m.c.i.services.MessageProcessor      : Message processing done!
2022-06-29 01:13:21.417  INFO 12152 --- [    Test worker] s.m.m.c.i.services.MessageProcessor      : Process message created at 2022-06-29T01:13:21.417...
2022-06-29 01:13:21.417  INFO 12152 --- [    Test worker] s.m.m.c.i.services.MessageProcessor      : Create insuranceOffer with ID: 2
2022-06-29 01:13:21.417 DEBUG 12152 --- [    Test worker] org.hibernate.SQL                        : call next value for hibernate_sequence
2022-06-29 01:13:21.417 DEBUG 12152 --- [    Test worker] org.hibernate.SQL                        : insert into insurance_offers (currency_offer, insurance_company_id, insurance_offer_id, offer_name, price, type_insurance_coverage, type_offer_program, version, id) values (?, ?, ?, ?, ?, ?, ?, ?, ?)
2022-06-29 01:13:21.417 TRACE 12152 --- [    Test worker] o.h.type.descriptor.sql.BasicBinder      : binding parameter [1] as [VARCHAR] - [CurrencyOffer 2]
2022-06-29 01:13:21.417 TRACE 12152 --- [    Test worker] o.h.type.descriptor.sql.BasicBinder      : binding parameter [2] as [INTEGER] - [1]
2022-06-29 01:13:21.417 TRACE 12152 --- [    Test worker] o.h.type.descriptor.sql.BasicBinder      : binding parameter [3] as [INTEGER] - [2]
2022-06-29 01:13:21.417 TRACE 12152 --- [    Test worker] o.h.type.descriptor.sql.BasicBinder      : binding parameter [4] as [VARCHAR] - [OfferName 2]
2022-06-29 01:13:21.417 TRACE 12152 --- [    Test worker] o.h.type.descriptor.sql.BasicBinder      : binding parameter [5] as [DOUBLE] - [505.52]
2022-06-29 01:13:21.423 TRACE 12152 --- [    Test worker] o.h.type.descriptor.sql.BasicBinder      : binding parameter [6] as [VARCHAR] - [null]
2022-06-29 01:13:21.423 TRACE 12152 --- [    Test worker] o.h.type.descriptor.sql.BasicBinder      : binding parameter [7] as [VARCHAR] - [null]
2022-06-29 01:13:21.424 TRACE 12152 --- [    Test worker] o.h.type.descriptor.sql.BasicBinder      : binding parameter [8] as [INTEGER] - [0]
2022-06-29 01:13:21.424 TRACE 12152 --- [    Test worker] o.h.type.descriptor.sql.BasicBinder      : binding parameter [9] as [INTEGER] - [3]
2022-06-29 01:13:21.424 DEBUG 12152 --- [    Test worker] s.m.m.c.i.s.InsuranceOfferServiceImpl    : createInsuranceOffer: created a insurance offer entity: 1/2
2022-06-29 01:13:21.424  INFO 12152 --- [    Test worker] s.m.m.c.i.services.MessageProcessor      : Message processing done!
2022-06-29 01:13:21.424  INFO 12152 --- [    Test worker] s.m.m.c.i.services.MessageProcessor      : Process message created at 2022-06-29T01:13:21.424...
2022-06-29 01:13:21.424  INFO 12152 --- [    Test worker] s.m.m.c.i.services.MessageProcessor      : Create insuranceOffer with ID: 3
2022-06-29 01:13:21.424 DEBUG 12152 --- [    Test worker] org.hibernate.SQL                        : call next value for hibernate_sequence
2022-06-29 01:13:21.424 DEBUG 12152 --- [    Test worker] org.hibernate.SQL                        : insert into insurance_offers (currency_offer, insurance_company_id, insurance_offer_id, offer_name, price, type_insurance_coverage, type_offer_program, version, id) values (?, ?, ?, ?, ?, ?, ?, ?, ?)
2022-06-29 01:13:21.424 TRACE 12152 --- [    Test worker] o.h.type.descriptor.sql.BasicBinder      : binding parameter [1] as [VARCHAR] - [CurrencyOffer 3]
2022-06-29 01:13:21.424 TRACE 12152 --- [    Test worker] o.h.type.descriptor.sql.BasicBinder      : binding parameter [2] as [INTEGER] - [1]
2022-06-29 01:13:21.424 TRACE 12152 --- [    Test worker] o.h.type.descriptor.sql.BasicBinder      : binding parameter [3] as [INTEGER] - [3]
2022-06-29 01:13:21.424 TRACE 12152 --- [    Test worker] o.h.type.descriptor.sql.BasicBinder      : binding parameter [4] as [VARCHAR] - [OfferName 3]
2022-06-29 01:13:21.424 TRACE 12152 --- [    Test worker] o.h.type.descriptor.sql.BasicBinder      : binding parameter [5] as [DOUBLE] - [505.52]
2022-06-29 01:13:21.424 TRACE 12152 --- [    Test worker] o.h.type.descriptor.sql.BasicBinder      : binding parameter [6] as [VARCHAR] - [null]
2022-06-29 01:13:21.430 TRACE 12152 --- [    Test worker] o.h.type.descriptor.sql.BasicBinder      : binding parameter [7] as [VARCHAR] - [null]
2022-06-29 01:13:21.430 TRACE 12152 --- [    Test worker] o.h.type.descriptor.sql.BasicBinder      : binding parameter [8] as [INTEGER] - [0]
2022-06-29 01:13:21.430 TRACE 12152 --- [    Test worker] o.h.type.descriptor.sql.BasicBinder      : binding parameter [9] as [INTEGER] - [4]
2022-06-29 01:13:21.430 DEBUG 12152 --- [    Test worker] s.m.m.c.i.s.InsuranceOfferServiceImpl    : createInsuranceOffer: created a insurance offer entity: 1/3
2022-06-29 01:13:21.430  INFO 12152 --- [    Test worker] s.m.m.c.i.services.MessageProcessor      : Message processing done!
2022-06-29 01:13:21.430 DEBUG 12152 --- [    Test worker] org.hibernate.SQL                        : select insuranceo0_.id as id1_0_, insuranceo0_.currency_offer as currency2_0_, insuranceo0_.insurance_company_id as insuranc3_0_, insuranceo0_.insurance_offer_id as insuranc4_0_, insuranceo0_.offer_name as offer_na5_0_, insuranceo0_.price as price6_0_, insuranceo0_.type_insurance_coverage as type_ins7_0_, insuranceo0_.type_offer_program as type_off8_0_, insuranceo0_.version as version9_0_ from insurance_offers insuranceo0_ where insuranceo0_.insurance_company_id=?
2022-06-29 01:13:21.430 TRACE 12152 --- [    Test worker] o.h.type.descriptor.sql.BasicBinder      : binding parameter [1] as [INTEGER] - [1]
2022-06-29 01:13:21.858  INFO 12152 --- [ctor-http-nio-3] s.m.m.c.i.s.InsuranceOfferServiceImpl    : Will get insurance offers for insurance company with id=1
2022-06-29 01:13:21.953 DEBUG 12152 --- [pool-1-thread-1] org.hibernate.SQL                        : select insuranceo0_.id as id1_0_, insuranceo0_.currency_offer as currency2_0_, insuranceo0_.insurance_company_id as insuranc3_0_, insuranceo0_.insurance_offer_id as insuranc4_0_, insuranceo0_.offer_name as offer_na5_0_, insuranceo0_.price as price6_0_, insuranceo0_.type_insurance_coverage as type_ins7_0_, insuranceo0_.type_offer_program as type_off8_0_, insuranceo0_.version as version9_0_ from insurance_offers insuranceo0_ where insuranceo0_.insurance_company_id=?
2022-06-29 01:13:21.953 TRACE 12152 --- [pool-1-thread-1] o.h.type.descriptor.sql.BasicBinder      : binding parameter [1] as [INTEGER] - [1]
2022-06-29 01:13:21.953 DEBUG 12152 --- [pool-1-thread-1] s.m.m.c.i.s.InsuranceOfferServiceImpl    : getInsuranceOffers: response size: 3
2022-06-29 01:13:22.173 DEBUG 12152 --- [    Test worker] org.hibernate.SQL                        : select insuranceo0_.id as id1_0_, insuranceo0_.currency_offer as currency2_0_, insuranceo0_.insurance_company_id as insuranc3_0_, insuranceo0_.insurance_offer_id as insuranc4_0_, insuranceo0_.offer_name as offer_na5_0_, insuranceo0_.price as price6_0_, insuranceo0_.type_insurance_coverage as type_ins7_0_, insuranceo0_.type_offer_program as type_off8_0_, insuranceo0_.version as version9_0_ from insurance_offers insuranceo0_
2022-06-29 01:13:22.173 DEBUG 12152 --- [    Test worker] org.hibernate.SQL                        : delete from insurance_offers where id=? and version=?
2022-06-29 01:13:22.173 TRACE 12152 --- [    Test worker] o.h.type.descriptor.sql.BasicBinder      : binding parameter [1] as [INTEGER] - [2]
2022-06-29 01:13:22.173 TRACE 12152 --- [    Test worker] o.h.type.descriptor.sql.BasicBinder      : binding parameter [2] as [INTEGER] - [0]
2022-06-29 01:13:22.173 DEBUG 12152 --- [    Test worker] org.hibernate.SQL                        : delete from insurance_offers where id=? and version=?
2022-06-29 01:13:22.173 TRACE 12152 --- [    Test worker] o.h.type.descriptor.sql.BasicBinder      : binding parameter [1] as [INTEGER] - [3]
2022-06-29 01:13:22.173 TRACE 12152 --- [    Test worker] o.h.type.descriptor.sql.BasicBinder      : binding parameter [2] as [INTEGER] - [0]
2022-06-29 01:13:22.173 DEBUG 12152 --- [    Test worker] org.hibernate.SQL                        : delete from insurance_offers where id=? and version=?
2022-06-29 01:13:22.173 TRACE 12152 --- [    Test worker] o.h.type.descriptor.sql.BasicBinder      : binding parameter [1] as [INTEGER] - [4]
2022-06-29 01:13:22.173 TRACE 12152 --- [    Test worker] o.h.type.descriptor.sql.BasicBinder      : binding parameter [2] as [INTEGER] - [0]
2022-06-29 01:13:22.221 DEBUG 12152 --- [    Test worker] org.hibernate.SQL                        : select insuranceo0_.id as id1_0_, insuranceo0_.currency_offer as currency2_0_, insuranceo0_.insurance_company_id as insuranc3_0_, insuranceo0_.insurance_offer_id as insuranc4_0_, insuranceo0_.offer_name as offer_na5_0_, insuranceo0_.price as price6_0_, insuranceo0_.type_insurance_coverage as type_ins7_0_, insuranceo0_.type_offer_program as type_off8_0_, insuranceo0_.version as version9_0_ from insurance_offers insuranceo0_
2022-06-29 01:13:22.236 DEBUG 12152 --- [ctor-http-nio-3] s.m.u.h.GlobalControllerExceptionHandler : Returning HTTP status: 422 UNPROCESSABLE_ENTITY for path: /insuranceOffer, message: Invalid insuranceCompanyId: -1
2022-06-29 01:13:22.252 DEBUG 12152 --- [    Test worker] org.hibernate.SQL                        : select insuranceo0_.id as id1_0_, insuranceo0_.currency_offer as currency2_0_, insuranceo0_.insurance_company_id as insuranc3_0_, insuranceo0_.insurance_offer_id as insuranc4_0_, insuranceo0_.offer_name as offer_na5_0_, insuranceo0_.price as price6_0_, insuranceo0_.type_insurance_coverage as type_ins7_0_, insuranceo0_.type_offer_program as type_off8_0_, insuranceo0_.version as version9_0_ from insurance_offers insuranceo0_
2022-06-29 01:13:22.252  INFO 12152 --- [ctor-http-nio-3] s.m.m.c.i.s.InsuranceOfferServiceImpl    : Will get insurance offers for insurance company with id=213
2022-06-29 01:13:22.252 DEBUG 12152 --- [pool-1-thread-2] org.hibernate.SQL                        : select insuranceo0_.id as id1_0_, insuranceo0_.currency_offer as currency2_0_, insuranceo0_.insurance_company_id as insuranc3_0_, insuranceo0_.insurance_offer_id as insuranc4_0_, insuranceo0_.offer_name as offer_na5_0_, insuranceo0_.price as price6_0_, insuranceo0_.type_insurance_coverage as type_ins7_0_, insuranceo0_.type_offer_program as type_off8_0_, insuranceo0_.version as version9_0_ from insurance_offers insuranceo0_ where insuranceo0_.insurance_company_id=?
2022-06-29 01:13:22.252 TRACE 12152 --- [pool-1-thread-2] o.h.type.descriptor.sql.BasicBinder      : binding parameter [1] as [INTEGER] - [213]
2022-06-29 01:13:22.252 DEBUG 12152 --- [pool-1-thread-2] s.m.m.c.i.s.InsuranceOfferServiceImpl    : getInsuranceOffers: response size: 0
2022-06-29 01:13:22.267 DEBUG 12152 --- [    Test worker] org.hibernate.SQL                        : select insuranceo0_.id as id1_0_, insuranceo0_.currency_offer as currency2_0_, insuranceo0_.insurance_company_id as insuranc3_0_, insuranceo0_.insurance_offer_id as insuranc4_0_, insuranceo0_.offer_name as offer_na5_0_, insuranceo0_.price as price6_0_, insuranceo0_.type_insurance_coverage as type_ins7_0_, insuranceo0_.type_offer_program as type_off8_0_, insuranceo0_.version as version9_0_ from insurance_offers insuranceo0_
]]></system-out>
  <system-err><![CDATA[]]></system-err>
</testsuite>
