<?xml version="1.0" encoding="UTF-8"?>
<testsuite name="se.magnus.microservices.core.employee.EmployeeServiceApplicationTests" tests="7" skipped="0" failures="0" errors="0" timestamp="2022-06-17T14:13:23" hostname="DESKTOP-HJGV6OB" time="1.098">
  <properties/>
  <testcase name="getEmployeesByInsuranceCompanyId" classname="se.magnus.microservices.core.employee.EmployeeServiceApplicationTests" time="0.879"/>
  <testcase name="deleteEmployees" classname="se.magnus.microservices.core.employee.EmployeeServiceApplicationTests" time="0.052"/>
  <testcase name="getEmployeesNotFound" classname="se.magnus.microservices.core.employee.EmployeeServiceApplicationTests" time="0.07"/>
  <testcase name="getEmployeesMissingParameter" classname="se.magnus.microservices.core.employee.EmployeeServiceApplicationTests" time="0.038"/>
  <testcase name="postEmployee" classname="se.magnus.microservices.core.employee.EmployeeServiceApplicationTests" time="0.018"/>
  <testcase name="getEmployeesInvalidParameterNegativeValue" classname="se.magnus.microservices.core.employee.EmployeeServiceApplicationTests" time="0.027"/>
  <testcase name="getEmployeesInvalidParameter" classname="se.magnus.microservices.core.employee.EmployeeServiceApplicationTests" time="0.01"/>
  <system-out><![CDATA[16:13:17.180 [Test worker] DEBUG org.springframework.test.annotation.ProfileValueUtils - Retrieved @ProfileValueSourceConfiguration [null] for test class [se.magnus.microservices.core.employee.EmployeeServiceApplicationTests]
16:13:17.180 [Test worker] DEBUG org.springframework.test.annotation.ProfileValueUtils - Retrieved ProfileValueSource type [class org.springframework.test.annotation.SystemProfileValueSource] for class [se.magnus.microservices.core.employee.EmployeeServiceApplicationTests]
16:13:17.180 [Test worker] DEBUG org.springframework.test.annotation.ProfileValueUtils - Retrieved @ProfileValueSourceConfiguration [null] for test class [se.magnus.microservices.core.employee.EmployeeServiceApplicationTests]
16:13:17.180 [Test worker] DEBUG org.springframework.test.annotation.ProfileValueUtils - Retrieved ProfileValueSource type [class org.springframework.test.annotation.SystemProfileValueSource] for class [se.magnus.microservices.core.employee.EmployeeServiceApplicationTests]
16:13:17.180 [Test worker] DEBUG org.springframework.test.context.support.AbstractDirtiesContextTestExecutionListener - Before test class: context [DefaultTestContext@1de026ff testClass = EmployeeServiceApplicationTests, testInstance = [null], testMethod = [null], testException = [null], mergedContextConfiguration = [ReactiveWebMergedContextConfiguration@397e0682 testClass = EmployeeServiceApplicationTests, locations = '{}', classes = '{class se.magnus.microservices.core.employee.EmployeeServiceApplication}', contextInitializerClasses = '[]', activeProfiles = '{}', propertySourceLocations = '{}', propertySourceProperties = '{spring.data.mongodb.port: 0, org.springframework.boot.test.context.SpringBootTestContextBootstrapper=true, server.port=0}', contextCustomizers = set[org.springframework.boot.test.autoconfigure.properties.PropertyMappingContextCustomizer@0, org.springframework.boot.test.autoconfigure.web.servlet.WebDriverContextCustomizerFactory$Customizer@4a5a4480, org.springframework.boot.test.context.filter.ExcludeFilterContextCustomizer@3afc0871, org.springframework.boot.test.json.DuplicateJsonObjectContextCustomizerFactory$DuplicateJsonObjectContextCustomizer@6ba64314, org.springframework.boot.test.mock.mockito.MockitoContextCustomizer@0, org.springframework.boot.test.web.client.TestRestTemplateContextCustomizer@3b8fd770, org.springframework.boot.test.web.reactive.server.WebTestClientContextCustomizer@56cbe1f5, org.springframework.boot.test.context.SpringBootTestArgs@1], contextLoader = 'org.springframework.boot.test.context.SpringBootContextLoader', parent = [null]], attributes = map['org.springframework.test.context.web.ServletTestExecutionListener.activateListener' -> false]], class annotated with @DirtiesContext [false] with mode [null].
16:13:17.180 [Test worker] DEBUG org.springframework.test.annotation.ProfileValueUtils - Retrieved @ProfileValueSourceConfiguration [null] for test class [se.magnus.microservices.core.employee.EmployeeServiceApplicationTests]
16:13:17.180 [Test worker] DEBUG org.springframework.test.annotation.ProfileValueUtils - Retrieved ProfileValueSource type [class org.springframework.test.annotation.SystemProfileValueSource] for class [se.magnus.microservices.core.employee.EmployeeServiceApplicationTests]
16:13:17.196 [Test worker] DEBUG org.springframework.test.context.support.DependencyInjectionTestExecutionListener - Performing dependency injection for test context [[DefaultTestContext@1de026ff testClass = EmployeeServiceApplicationTests, testInstance = se.magnus.microservices.core.employee.EmployeeServiceApplicationTests@75fed22e, testMethod = [null], testException = [null], mergedContextConfiguration = [ReactiveWebMergedContextConfiguration@397e0682 testClass = EmployeeServiceApplicationTests, locations = '{}', classes = '{class se.magnus.microservices.core.employee.EmployeeServiceApplication}', contextInitializerClasses = '[]', activeProfiles = '{}', propertySourceLocations = '{}', propertySourceProperties = '{spring.data.mongodb.port: 0, org.springframework.boot.test.context.SpringBootTestContextBootstrapper=true, server.port=0}', contextCustomizers = set[org.springframework.boot.test.autoconfigure.properties.PropertyMappingContextCustomizer@0, org.springframework.boot.test.autoconfigure.web.servlet.WebDriverContextCustomizerFactory$Customizer@4a5a4480, org.springframework.boot.test.context.filter.ExcludeFilterContextCustomizer@3afc0871, org.springframework.boot.test.json.DuplicateJsonObjectContextCustomizerFactory$DuplicateJsonObjectContextCustomizer@6ba64314, org.springframework.boot.test.mock.mockito.MockitoContextCustomizer@0, org.springframework.boot.test.web.client.TestRestTemplateContextCustomizer@3b8fd770, org.springframework.boot.test.web.reactive.server.WebTestClientContextCustomizer@56cbe1f5, org.springframework.boot.test.context.SpringBootTestArgs@1], contextLoader = 'org.springframework.boot.test.context.SpringBootContextLoader', parent = [null]], attributes = map['org.springframework.test.context.web.ServletTestExecutionListener.activateListener' -> false]]].
16:13:17.212 [Test worker] DEBUG org.springframework.test.context.support.TestPropertySourceUtils - Adding inlined properties to environment: {spring.jmx.enabled=false, spring.data.mongodb.port: 0, org.springframework.boot.test.context.SpringBootTestContextBootstrapper=true, server.port=0}

  .   ____          _            __ _ _
 /\\ / ___'_ __ _ _(_)_ __  __ _ \ \ \ \
( ( )\___ | '_ | '_| | '_ \/ _` | \ \ \ \
 \\/  ___)| |_)| | | | | || (_| |  ) ) ) )
  '  |____| .__|_| |_|_| |_\__, | / / / /
 =========|_|==============|___/=/_/_/_/
 :: Spring Boot ::        (v2.3.2.RELEASE)

2022-06-17 16:13:17.720  INFO 14264 --- [    Test worker] .m.m.c.e.EmployeeServiceApplicationTests : Starting EmployeeServiceApplicationTests on DESKTOP-HJGV6OB with PID 14264 (started by user in C:\Users\user\git\InsuranceCompanyMicroservices_DIS\DIS_projekat\microservices\employee-service)
2022-06-17 16:13:17.720 DEBUG 14264 --- [    Test worker] .m.m.c.e.EmployeeServiceApplicationTests : Running with Spring Boot v2.3.2.RELEASE, Spring v5.2.8.RELEASE
2022-06-17 16:13:17.720  INFO 14264 --- [    Test worker] .m.m.c.e.EmployeeServiceApplicationTests : No active profile set, falling back to default profiles: default
2022-06-17 16:13:18.733  INFO 14264 --- [    Test worker] .s.d.r.c.RepositoryConfigurationDelegate : Bootstrapping Spring Data MongoDB repositories in DEFAULT mode.
2022-06-17 16:13:18.912  INFO 14264 --- [    Test worker] .s.d.r.c.RepositoryConfigurationDelegate : Finished Spring Data repository scanning in 175ms. Found 1 MongoDB repository interfaces.
2022-06-17 16:13:20.328  INFO 14264 --- [       Thread-4] o.s.b.a.mongo.embedded.EmbeddedMongo     : note: noprealloc may hurt performance in many applications
2022-06-17 16:13:20.381  INFO 14264 --- [       Thread-4] o.s.b.a.mongo.embedded.EmbeddedMongo     : 2022-06-17T16:13:20.381+0200 I CONTROL  [initandlisten] MongoDB starting : pid=6932 port=53918 dbpath=C:\Users\user\AppData\Local\Temp\embedmongo-db-a6858ac5-2cbb-4dbc-88e3-26e7d9bbda04 64-bit host=DESKTOP-HJGV6OB
2022-06-17 16:13:20.381  INFO 14264 --- [       Thread-4] o.s.b.a.mongo.embedded.EmbeddedMongo     : 2022-06-17T16:13:20.381+0200 I CONTROL  [initandlisten] targetMinOS: Windows Vista/Windows Server 2008
2022-06-17 16:13:20.381  INFO 14264 --- [       Thread-4] o.s.b.a.mongo.embedded.EmbeddedMongo     : 2022-06-17T16:13:20.381+0200 I CONTROL  [initandlisten] db version v3.5.5
2022-06-17 16:13:20.381  INFO 14264 --- [       Thread-4] o.s.b.a.mongo.embedded.EmbeddedMongo     : 2022-06-17T16:13:20.381+0200 I CONTROL  [initandlisten] git version: 98515c812b6fa893613f063dae568ff8319cbfbd
2022-06-17 16:13:20.381  INFO 14264 --- [       Thread-4] o.s.b.a.mongo.embedded.EmbeddedMongo     : 2022-06-17T16:13:20.381+0200 I CONTROL  [initandlisten] allocator: tcmalloc
2022-06-17 16:13:20.382  INFO 14264 --- [       Thread-4] o.s.b.a.mongo.embedded.EmbeddedMongo     : 2022-06-17T16:13:20.381+0200 I CONTROL  [initandlisten] modules: none
2022-06-17 16:13:20.382  INFO 14264 --- [       Thread-4] o.s.b.a.mongo.embedded.EmbeddedMongo     : 2022-06-17T16:13:20.381+0200 I CONTROL  [initandlisten] build environment:
2022-06-17 16:13:20.382  INFO 14264 --- [       Thread-4] o.s.b.a.mongo.embedded.EmbeddedMongo     : 2022-06-17T16:13:20.381+0200 I CONTROL  [initandlisten]     distarch: x86_64
2022-06-17 16:13:20.382  INFO 14264 --- [       Thread-4] o.s.b.a.mongo.embedded.EmbeddedMongo     : 2022-06-17T16:13:20.381+0200 I CONTROL  [initandlisten]     target_arch: x86_64
2022-06-17 16:13:20.382  INFO 14264 --- [       Thread-4] o.s.b.a.mongo.embedded.EmbeddedMongo     : 2022-06-17T16:13:20.381+0200 I CONTROL  [initandlisten] options: { net: { bindIp: "127.0.0.1", http: { enabled: false }, port: 53918 }, security: { authorization: "disabled" }, storage: { dbPath: "C:\Users\user\AppData\Local\Temp\embedmongo-db-a6858ac5-2cbb-4dbc-88e3-26e7d9bbda04", journal: { enabled: false }, mmapv1: { preallocDataFiles: false, smallFiles: true }, syncPeriodSecs: 0.0 } }
2022-06-17 16:13:20.383  INFO 14264 --- [       Thread-4] o.s.b.a.mongo.embedded.EmbeddedMongo     : 2022-06-17T16:13:20.382+0200 I STORAGE  [initandlisten] wiredtiger_open config: create,cache_size=3474M,session_max=20000,eviction=(threads_min=4,threads_max=4),config_base=false,statistics=(fast),log=(enabled=true,archive=true,path=journal,compressor=snappy),file_manager=(close_idle_time=100000),checkpoint=(wait=0,log_size=2GB),statistics_log=(wait=0),verbose=(recovery_progress),,log=(enabled=false),
2022-06-17 16:13:20.449  INFO 14264 --- [       Thread-4] o.s.b.a.mongo.embedded.EmbeddedMongo     : 2022-06-17T16:13:20.449+0200 W STORAGE  [initandlisten] Detected configuration for non-active storage engine mmapv1 when current storage engine is wiredTiger
2022-06-17 16:13:20.449  INFO 14264 --- [       Thread-4] o.s.b.a.mongo.embedded.EmbeddedMongo     : 2022-06-17T16:13:20.449+0200 I CONTROL  [initandlisten] 
2022-06-17 16:13:20.450  INFO 14264 --- [       Thread-4] o.s.b.a.mongo.embedded.EmbeddedMongo     : 2022-06-17T16:13:20.449+0200 I CONTROL  [initandlisten] ** NOTE: This is a development version (3.5.5) of MongoDB.
2022-06-17 16:13:20.450  INFO 14264 --- [       Thread-4] o.s.b.a.mongo.embedded.EmbeddedMongo     : 2022-06-17T16:13:20.449+0200 I CONTROL  [initandlisten] **       Not recommended for production.
2022-06-17 16:13:20.450  INFO 14264 --- [       Thread-4] o.s.b.a.mongo.embedded.EmbeddedMongo     : 2022-06-17T16:13:20.449+0200 I CONTROL  [initandlisten] 
2022-06-17 16:13:20.836  INFO 14264 --- [       Thread-4] o.s.b.a.mongo.embedded.EmbeddedMongo     : 2022-06-17T16:13:20.836+0200 I FTDC     [initandlisten] Initializing full-time diagnostic data capture with directory 'C:/Users/user/AppData/Local/Temp/embedmongo-db-a6858ac5-2cbb-4dbc-88e3-26e7d9bbda04/diagnostic.data'
2022-06-17 16:13:20.865  INFO 14264 --- [       Thread-4] o.s.b.a.mongo.embedded.EmbeddedMongo     : 2022-06-17T16:13:20.865+0200 I INDEX    [initandlisten] build index on: admin.system.version properties: { v: 2, key: { version: 1 }, name: "incompatible_with_version_32", ns: "admin.system.version" }
2022-06-17 16:13:20.865  INFO 14264 --- [       Thread-4] o.s.b.a.mongo.embedded.EmbeddedMongo     : 2022-06-17T16:13:20.865+0200 I INDEX    [initandlisten] 	 building index using bulk method; build may temporarily use up to 500 megabytes of RAM
2022-06-17 16:13:20.868  INFO 14264 --- [       Thread-4] o.s.b.a.mongo.embedded.EmbeddedMongo     : 2022-06-17T16:13:20.868+0200 I INDEX    [initandlisten] build index done.  scanned 0 total records. 0 secs
2022-06-17 16:13:20.870  INFO 14264 --- [       Thread-4] o.s.b.a.mongo.embedded.EmbeddedMongo     : 2022-06-17T16:13:20.870+0200 I COMMAND  [initandlisten] setting featureCompatibilityVersion to 3.4
2022-06-17 16:13:20.871  INFO 14264 --- [       Thread-4] o.s.b.a.mongo.embedded.EmbeddedMongo     : 2022-06-17T16:13:20.871+0200 I NETWORK  [thread1] waiting for connections on port 53918
2022-06-17 16:13:20.872  INFO 14264 --- [    Test worker] d.f.embed.mongo.MongodExecutable         : start de.flapdoodle.embed.mongo.config.MongodConfigBuilder$ImmutableMongodConfig@33a1ea55
2022-06-17 16:13:20.951  INFO 14264 --- [    Test worker] org.mongodb.driver.cluster               : Cluster created with settings {hosts=[localhost:53918], mode=SINGLE, requiredClusterType=UNKNOWN, serverSelectionTimeout='30000 ms'}
2022-06-17 16:13:20.999  INFO 14264 --- [       Thread-4] o.s.b.a.mongo.embedded.EmbeddedMongo     : 2022-06-17T16:13:20.999+0200 I NETWORK  [thread1] connection accepted from 127.0.0.1:53921 #1 (1 connection now open)
2022-06-17 16:13:21.016  INFO 14264 --- [       Thread-4] o.s.b.a.mongo.embedded.EmbeddedMongo     : 2022-06-17T16:13:21.015+0200 I NETWORK  [conn1] received client metadata from 127.0.0.1:53921 conn1: { driver: { name: "mongo-java-driver|sync|spring-boot", version: "4.0.5" }, os: { type: "Windows", name: "Windows 10", architecture: "amd64", version: "10.0" }, platform: "Java/Oracle Corporation/11.0.9+7-LTS" }
2022-06-17 16:13:21.034  INFO 14264 --- [localhost:53918] org.mongodb.driver.connection            : Opened connection [connectionId{localValue:1, serverValue:1}] to localhost:53918
2022-06-17 16:13:21.037  INFO 14264 --- [localhost:53918] org.mongodb.driver.cluster               : Monitor thread successfully connected to server with description ServerDescription{address=localhost:53918, type=STANDALONE, state=CONNECTED, ok=true, minWireVersion=0, maxWireVersion=5, maxDocumentSize=16777216, logicalSessionTimeoutMinutes=null, roundTripTimeNanos=1501900}
2022-06-17 16:13:21.985  INFO 14264 --- [    Test worker] o.s.b.a.e.web.EndpointLinksResolver      : Exposing 2 endpoint(s) beneath base path '/actuator'
2022-06-17 16:13:23.252  INFO 14264 --- [    Test worker] o.s.b.web.embedded.netty.NettyWebServer  : Netty started on port(s): 53940
2022-06-17 16:13:23.312  INFO 14264 --- [       Thread-4] o.s.b.a.mongo.embedded.EmbeddedMongo     : 2022-06-17T16:13:23.312+0200 I NETWORK  [thread1] connection accepted from 127.0.0.1:53941 #2 (2 connections now open)
2022-06-17 16:13:23.313  INFO 14264 --- [       Thread-4] o.s.b.a.mongo.embedded.EmbeddedMongo     : 2022-06-17T16:13:23.313+0200 I NETWORK  [conn2] received client metadata from 127.0.0.1:53941 conn2: { driver: { name: "mongo-java-driver|sync|spring-boot", version: "4.0.5" }, os: { type: "Windows", name: "Windows 10", architecture: "amd64", version: "10.0" }, platform: "Java/Oracle Corporation/11.0.9+7-LTS" }
2022-06-17 16:13:23.314  INFO 14264 --- [    Test worker] org.mongodb.driver.connection            : Opened connection [connectionId{localValue:2, serverValue:2}] to localhost:53918
2022-06-17 16:13:23.355  INFO 14264 --- [       Thread-4] o.s.b.a.mongo.embedded.EmbeddedMongo     : 2022-06-17T16:13:23.355+0200 I INDEX    [conn2] build index on: employee-db.employees properties: { v: 2, unique: true, key: { insuranceCompanyId: 1, employeeId: 1 }, name: "incom-empl-id", ns: "employee-db.employees" }
2022-06-17 16:13:23.355  INFO 14264 --- [       Thread-4] o.s.b.a.mongo.embedded.EmbeddedMongo     : 2022-06-17T16:13:23.355+0200 I INDEX    [conn2] 	 building index using bulk method; build may temporarily use up to 500 megabytes of RAM
2022-06-17 16:13:23.359  INFO 14264 --- [       Thread-4] o.s.b.a.mongo.embedded.EmbeddedMongo     : 2022-06-17T16:13:23.359+0200 I INDEX    [conn2] build index done.  scanned 0 total records. 0 secs
2022-06-17 16:13:23.378  INFO 14264 --- [    Test worker] .m.m.c.e.EmployeeServiceApplicationTests : Started EmployeeServiceApplicationTests in 6.154 seconds (JVM running for 8.061)
2022-06-17 16:13:23.784 DEBUG 14264 --- [    Test worker] o.s.data.mongodb.core.MongoTemplate      : Remove using query: {} in collection: employees.
2022-06-17 16:13:24.183 DEBUG 14264 --- [ctor-http-nio-3] o.s.data.mongodb.core.MongoTemplate      : Inserting Document containing fields: [version, insuranceCompanyId, employeeId, name, surname, education, specialization, _class] in collection: employees
2022-06-17 16:13:24.196 DEBUG 14264 --- [ctor-http-nio-3] s.m.m.c.e.services.EmployeeServiceImpl   : createEmployee: created a employee entity: 1/1
2022-06-17 16:13:24.234 DEBUG 14264 --- [ctor-http-nio-3] o.s.data.mongodb.core.MongoTemplate      : Inserting Document containing fields: [version, insuranceCompanyId, employeeId, name, surname, education, specialization, _class] in collection: employees
2022-06-17 16:13:24.235 DEBUG 14264 --- [ctor-http-nio-3] s.m.m.c.e.services.EmployeeServiceImpl   : createEmployee: created a employee entity: 1/2
2022-06-17 16:13:24.244 DEBUG 14264 --- [ctor-http-nio-3] o.s.data.mongodb.core.MongoTemplate      : Inserting Document containing fields: [version, insuranceCompanyId, employeeId, name, surname, education, specialization, _class] in collection: employees
2022-06-17 16:13:24.245 DEBUG 14264 --- [ctor-http-nio-3] s.m.m.c.e.services.EmployeeServiceImpl   : createEmployee: created a employee entity: 1/3
2022-06-17 16:13:24.266 DEBUG 14264 --- [    Test worker] o.s.data.mongodb.core.MongoTemplate      : find using query: { "insuranceCompanyId" : 1} fields: Document{{}} for class: class se.magnus.microservices.core.employee.persistence.EmployeeEntity in collection: employees
2022-06-17 16:13:24.320 DEBUG 14264 --- [    Test worker] o.s.data.mongodb.core.MongoTemplate      : Remove using query: {} in collection: employees.
2022-06-17 16:13:24.327 DEBUG 14264 --- [ctor-http-nio-3] o.s.data.mongodb.core.MongoTemplate      : Inserting Document containing fields: [version, insuranceCompanyId, employeeId, name, surname, education, specialization, _class] in collection: employees
2022-06-17 16:13:24.328 DEBUG 14264 --- [ctor-http-nio-3] s.m.m.c.e.services.EmployeeServiceImpl   : createEmployee: created a employee entity: 1/1
2022-06-17 16:13:24.332 DEBUG 14264 --- [    Test worker] o.s.data.mongodb.core.MongoTemplate      : find using query: { "insuranceCompanyId" : 1} fields: Document{{}} for class: class se.magnus.microservices.core.employee.persistence.EmployeeEntity in collection: employees
2022-06-17 16:13:24.347 DEBUG 14264 --- [ctor-http-nio-3] s.m.m.c.e.services.EmployeeServiceImpl   : deleteEmployees: tries to delete employees for the insurance company with insuranceCompanyId: 1
2022-06-17 16:13:24.348 DEBUG 14264 --- [ctor-http-nio-3] o.s.data.mongodb.core.MongoTemplate      : find using query: { "insuranceCompanyId" : 1} fields: Document{{}} for class: class se.magnus.microservices.core.employee.persistence.EmployeeEntity in collection: employees
2022-06-17 16:13:24.351 DEBUG 14264 --- [ctor-http-nio-3] o.s.data.mongodb.core.MongoTemplate      : Remove using query: { "_id" : { "$oid" : "62ac8c043e766620619dbfb5"}, "version" : 0} in collection: employees.
2022-06-17 16:13:24.355 DEBUG 14264 --- [    Test worker] o.s.data.mongodb.core.MongoTemplate      : find using query: { "insuranceCompanyId" : 1} fields: Document{{}} for class: class se.magnus.microservices.core.employee.persistence.EmployeeEntity in collection: employees
2022-06-17 16:13:24.363 DEBUG 14264 --- [ctor-http-nio-3] s.m.m.c.e.services.EmployeeServiceImpl   : deleteEmployees: tries to delete employees for the insurance company with insuranceCompanyId: 1
2022-06-17 16:13:24.365 DEBUG 14264 --- [ctor-http-nio-3] o.s.data.mongodb.core.MongoTemplate      : find using query: { "insuranceCompanyId" : 1} fields: Document{{}} for class: class se.magnus.microservices.core.employee.persistence.EmployeeEntity in collection: employees
2022-06-17 16:13:24.372 DEBUG 14264 --- [    Test worker] o.s.data.mongodb.core.MongoTemplate      : Remove using query: {} in collection: employees.
2022-06-17 16:13:24.378 DEBUG 14264 --- [ctor-http-nio-3] o.s.data.mongodb.core.MongoTemplate      : find using query: { "insuranceCompanyId" : 113} fields: Document{{}} for class: class se.magnus.microservices.core.employee.persistence.EmployeeEntity in collection: employees
2022-06-17 16:13:24.381 DEBUG 14264 --- [ctor-http-nio-3] s.m.m.c.e.services.EmployeeServiceImpl   : getEmployees: response size: 0
2022-06-17 16:13:24.443 DEBUG 14264 --- [    Test worker] o.s.data.mongodb.core.MongoTemplate      : Remove using query: {} in collection: employees.
2022-06-17 16:13:24.481 DEBUG 14264 --- [    Test worker] o.s.data.mongodb.core.MongoTemplate      : Remove using query: {} in collection: employees.
2022-06-17 16:13:24.487 DEBUG 14264 --- [ctor-http-nio-3] o.s.data.mongodb.core.MongoTemplate      : Inserting Document containing fields: [version, insuranceCompanyId, employeeId, name, surname, education, specialization, _class] in collection: employees
2022-06-17 16:13:24.489 DEBUG 14264 --- [ctor-http-nio-3] s.m.m.c.e.services.EmployeeServiceImpl   : createEmployee: created a employee entity: 1/1
2022-06-17 16:13:24.493 DEBUG 14264 --- [    Test worker] o.s.data.mongodb.core.MongoTemplate      : find using query: { "employeeId" : 1} fields: Document{{}} for class: class se.magnus.microservices.core.employee.persistence.EmployeeEntity in collection: employees
2022-06-17 16:13:24.499 DEBUG 14264 --- [    Test worker] o.s.data.mongodb.core.MongoTemplate      : Remove using query: {} in collection: employees.
2022-06-17 16:13:24.508 DEBUG 14264 --- [ctor-http-nio-3] s.m.u.h.GlobalControllerExceptionHandler : Returning HTTP status: 422 UNPROCESSABLE_ENTITY for path: /employee, message: Invalid insuranceCompanyId: -1
2022-06-17 16:13:24.526 DEBUG 14264 --- [    Test worker] o.s.data.mongodb.core.MongoTemplate      : Remove using query: {} in collection: employees.
]]></system-out>
  <system-err><![CDATA[]]></system-err>
</testsuite>
