<?xml version="1.0" encoding="UTF-8"?>
<testsuite name="se.magnus.microservices.core.employee.PersistenceTests" tests="5" skipped="0" failures="0" errors="0" timestamp="2022-07-04T11:58:30" hostname="DESKTOP-HJGV6OB" time="0.183">
  <properties/>
  <testcase name="optimisticLockError" classname="se.magnus.microservices.core.employee.PersistenceTests" time="0.09"/>
  <testcase name="deleteEmployee" classname="se.magnus.microservices.core.employee.PersistenceTests" time="0.019"/>
  <testcase name="getByInsuranceCompanyId" classname="se.magnus.microservices.core.employee.PersistenceTests" time="0.021"/>
  <testcase name="updateEmployee" classname="se.magnus.microservices.core.employee.PersistenceTests" time="0.016"/>
  <testcase name="createEmployee" classname="se.magnus.microservices.core.employee.PersistenceTests" time="0.034"/>
  <system-out><![CDATA[
  .   ____          _            __ _ _
 /\\ / ___'_ __ _ _(_)_ __  __ _ \ \ \ \
( ( )\___ | '_ | '_| | '_ \/ _` | \ \ \ \
 \\/  ___)| |_)| | | | | || (_| |  ) ) ) )
  '  |____| .__|_| |_|_| |_\__, | / / / /
 =========|_|==============|___/=/_/_/_/
 :: Spring Boot ::        (v2.3.2.RELEASE)

2022-07-04 13:58:28.451  INFO 12464 --- [    Test worker] s.m.m.core.employee.PersistenceTests     : No active profile set, falling back to default profiles: default
2022-07-04 13:58:28.603  INFO 12464 --- [    Test worker] .s.d.r.c.RepositoryConfigurationDelegate : Bootstrapping Spring Data Reactive MongoDB repositories in DEFAULT mode.
2022-07-04 13:58:28.622  INFO 12464 --- [    Test worker] .s.d.r.c.RepositoryConfigurationDelegate : Finished Spring Data repository scanning in 18ms. Found 1 Reactive MongoDB repository interfaces.
2022-07-04 13:58:28.630  INFO 12464 --- [    Test worker] faultConfiguringBeanFactoryPostProcessor : No bean named 'errorChannel' has been explicitly defined. Therefore, a default PublishSubscribeChannel will be created.
2022-07-04 13:58:28.630  INFO 12464 --- [    Test worker] faultConfiguringBeanFactoryPostProcessor : No bean named 'taskScheduler' has been explicitly defined. Therefore, a default ThreadPoolTaskScheduler will be created.
2022-07-04 13:58:28.633  INFO 12464 --- [    Test worker] faultConfiguringBeanFactoryPostProcessor : No bean named 'integrationHeaderChannelRegistry' has been explicitly defined. Therefore, a default DefaultHeaderChannelRegistry will be created.
2022-07-04 13:58:28.650  INFO 12464 --- [    Test worker] trationDelegate$BeanPostProcessorChecker : Bean 'integrationChannelResolver' of type [org.springframework.integration.support.channel.BeanFactoryChannelResolver] is not eligible for getting processed by all BeanPostProcessors (for example: not eligible for auto-proxying)
2022-07-04 13:58:28.660  INFO 12464 --- [    Test worker] trationDelegate$BeanPostProcessorChecker : Bean 'integrationDisposableAutoCreatedBeans' of type [org.springframework.integration.config.annotation.Disposables] is not eligible for getting processed by all BeanPostProcessors (for example: not eligible for auto-proxying)
2022-07-04 13:58:29.415  INFO 12464 --- [      Thread-21] o.s.b.a.mongo.embedded.EmbeddedMongo     : note: noprealloc may hurt performance in many applications
2022-07-04 13:58:29.484  INFO 12464 --- [      Thread-21] o.s.b.a.mongo.embedded.EmbeddedMongo     : 2022-07-04T13:58:29.484+0200 I CONTROL  [initandlisten] MongoDB starting : pid=7604 port=27017 dbpath=C:\Users\user\AppData\Local\Temp\embedmongo-db-3b5be614-2c9d-4b83-90dc-f3bfe22941b5 64-bit host=DESKTOP-HJGV6OB
2022-07-04 13:58:29.484  INFO 12464 --- [      Thread-21] o.s.b.a.mongo.embedded.EmbeddedMongo     : 2022-07-04T13:58:29.485+0200 I CONTROL  [initandlisten] targetMinOS: Windows Vista/Windows Server 2008
2022-07-04 13:58:29.485  INFO 12464 --- [      Thread-21] o.s.b.a.mongo.embedded.EmbeddedMongo     : 2022-07-04T13:58:29.485+0200 I CONTROL  [initandlisten] db version v3.5.5
2022-07-04 13:58:29.486  INFO 12464 --- [      Thread-21] o.s.b.a.mongo.embedded.EmbeddedMongo     : 2022-07-04T13:58:29.485+0200 I CONTROL  [initandlisten] git version: 98515c812b6fa893613f063dae568ff8319cbfbd
2022-07-04 13:58:29.486  INFO 12464 --- [      Thread-21] o.s.b.a.mongo.embedded.EmbeddedMongo     : 2022-07-04T13:58:29.485+0200 I CONTROL  [initandlisten] allocator: tcmalloc
2022-07-04 13:58:29.486  INFO 12464 --- [      Thread-21] o.s.b.a.mongo.embedded.EmbeddedMongo     : 2022-07-04T13:58:29.485+0200 I CONTROL  [initandlisten] modules: none
2022-07-04 13:58:29.486  INFO 12464 --- [      Thread-21] o.s.b.a.mongo.embedded.EmbeddedMongo     : 2022-07-04T13:58:29.485+0200 I CONTROL  [initandlisten] build environment:
2022-07-04 13:58:29.486  INFO 12464 --- [      Thread-21] o.s.b.a.mongo.embedded.EmbeddedMongo     : 2022-07-04T13:58:29.485+0200 I CONTROL  [initandlisten]     distarch: x86_64
2022-07-04 13:58:29.487  INFO 12464 --- [      Thread-21] o.s.b.a.mongo.embedded.EmbeddedMongo     : 2022-07-04T13:58:29.485+0200 I CONTROL  [initandlisten]     target_arch: x86_64
2022-07-04 13:58:29.487  INFO 12464 --- [      Thread-21] o.s.b.a.mongo.embedded.EmbeddedMongo     : 2022-07-04T13:58:29.485+0200 I CONTROL  [initandlisten] options: { net: { bindIp: "127.0.0.1", http: { enabled: false }, port: 27017 }, security: { authorization: "disabled" }, storage: { dbPath: "C:\Users\user\AppData\Local\Temp\embedmongo-db-3b5be614-2c9d-4b83-90dc-f3bfe22941b5", journal: { enabled: false }, mmapv1: { preallocDataFiles: false, smallFiles: true }, syncPeriodSecs: 0.0 } }
2022-07-04 13:58:29.488  INFO 12464 --- [      Thread-21] o.s.b.a.mongo.embedded.EmbeddedMongo     : 2022-07-04T13:58:29.488+0200 I STORAGE  [initandlisten] wiredtiger_open config: create,cache_size=3474M,session_max=20000,eviction=(threads_min=4,threads_max=4),config_base=false,statistics=(fast),log=(enabled=true,archive=true,path=journal,compressor=snappy),file_manager=(close_idle_time=100000),checkpoint=(wait=0,log_size=2GB),statistics_log=(wait=0),verbose=(recovery_progress),,log=(enabled=false),
2022-07-04 13:58:29.571  INFO 12464 --- [      Thread-21] o.s.b.a.mongo.embedded.EmbeddedMongo     : 2022-07-04T13:58:29.572+0200 W STORAGE  [initandlisten] Detected configuration for non-active storage engine mmapv1 when current storage engine is wiredTiger
2022-07-04 13:58:29.572  INFO 12464 --- [      Thread-21] o.s.b.a.mongo.embedded.EmbeddedMongo     : 2022-07-04T13:58:29.572+0200 I CONTROL  [initandlisten] 
2022-07-04 13:58:29.572  INFO 12464 --- [      Thread-21] o.s.b.a.mongo.embedded.EmbeddedMongo     : 2022-07-04T13:58:29.572+0200 I CONTROL  [initandlisten] ** NOTE: This is a development version (3.5.5) of MongoDB.
2022-07-04 13:58:29.572  INFO 12464 --- [      Thread-21] o.s.b.a.mongo.embedded.EmbeddedMongo     : 2022-07-04T13:58:29.572+0200 I CONTROL  [initandlisten] **       Not recommended for production.
2022-07-04 13:58:29.572  INFO 12464 --- [      Thread-21] o.s.b.a.mongo.embedded.EmbeddedMongo     : 2022-07-04T13:58:29.572+0200 I CONTROL  [initandlisten] 
2022-07-04 13:58:29.935  INFO 12464 --- [      Thread-21] o.s.b.a.mongo.embedded.EmbeddedMongo     : 2022-07-04T13:58:29.935+0200 I FTDC     [initandlisten] Initializing full-time diagnostic data capture with directory 'C:/Users/user/AppData/Local/Temp/embedmongo-db-3b5be614-2c9d-4b83-90dc-f3bfe22941b5/diagnostic.data'
2022-07-04 13:58:29.970  INFO 12464 --- [      Thread-21] o.s.b.a.mongo.embedded.EmbeddedMongo     : 2022-07-04T13:58:29.971+0200 I INDEX    [initandlisten] build index on: admin.system.version properties: { v: 2, key: { version: 1 }, name: "incompatible_with_version_32", ns: "admin.system.version" }
2022-07-04 13:58:29.970  INFO 12464 --- [      Thread-21] o.s.b.a.mongo.embedded.EmbeddedMongo     : 2022-07-04T13:58:29.971+0200 I INDEX    [initandlisten] 	 building index using bulk method; build may temporarily use up to 500 megabytes of RAM
2022-07-04 13:58:29.974  INFO 12464 --- [      Thread-21] o.s.b.a.mongo.embedded.EmbeddedMongo     : 2022-07-04T13:58:29.974+0200 I INDEX    [initandlisten] build index done.  scanned 0 total records. 0 secs
2022-07-04 13:58:29.976  INFO 12464 --- [      Thread-21] o.s.b.a.mongo.embedded.EmbeddedMongo     : 2022-07-04T13:58:29.976+0200 I COMMAND  [initandlisten] setting featureCompatibilityVersion to 3.4
2022-07-04 13:58:29.978  INFO 12464 --- [      Thread-21] o.s.b.a.mongo.embedded.EmbeddedMongo     : 2022-07-04T13:58:29.978+0200 I NETWORK  [thread1] waiting for connections on port 27017
2022-07-04 13:58:29.978  INFO 12464 --- [    Test worker] d.f.embed.mongo.MongodExecutable         : start de.flapdoodle.embed.mongo.config.MongodConfigBuilder$ImmutableMongodConfig@27f08382
2022-07-04 13:58:30.006  INFO 12464 --- [    Test worker] org.mongodb.driver.cluster               : Cluster created with settings {hosts=[localhost:27017], mode=SINGLE, requiredClusterType=UNKNOWN, serverSelectionTimeout='30000 ms'}
2022-07-04 13:58:30.011  INFO 12464 --- [      Thread-21] o.s.b.a.mongo.embedded.EmbeddedMongo     : 2022-07-04T13:58:30.011+0200 I NETWORK  [thread1] connection accepted from 127.0.0.1:59599 #1 (1 connection now open)
2022-07-04 13:58:30.014  INFO 12464 --- [      Thread-21] o.s.b.a.mongo.embedded.EmbeddedMongo     : 2022-07-04T13:58:30.015+0200 I NETWORK  [conn1] received client metadata from 127.0.0.1:59599 conn1: { driver: { name: "mongo-java-driver|reactive-streams|spring-boot", version: "4.0.5" }, os: { type: "Windows", name: "Windows 10", architecture: "amd64", version: "10.0" }, platform: "Java/Oracle Corporation/1.8.0_271-b09" }
2022-07-04 13:58:30.019  INFO 12464 --- [localhost:27017] org.mongodb.driver.connection            : Opened connection [connectionId{localValue:3, serverValue:1}] to localhost:27017
2022-07-04 13:58:30.023  INFO 12464 --- [localhost:27017] org.mongodb.driver.cluster               : Monitor thread successfully connected to server with description ServerDescription{address=localhost:27017, type=STANDALONE, state=CONNECTED, ok=true, minWireVersion=0, maxWireVersion=5, maxDocumentSize=16777216, logicalSessionTimeoutMinutes=null, roundTripTimeNanos=2523100}
2022-07-04 13:58:30.029  WARN 12464 --- [    Test worker] o.s.data.convert.CustomConversions       : Registering converter from class java.time.LocalDateTime to class org.joda.time.LocalDateTime as reading converter although it doesn't convert from a store-supported type! You might want to check your annotation setup at the converter implementation.
2022-07-04 13:58:30.056  WARN 12464 --- [    Test worker] o.s.data.convert.CustomConversions       : Registering converter from class java.time.LocalDateTime to class org.joda.time.LocalDateTime as reading converter although it doesn't convert from a store-supported type! You might want to check your annotation setup at the converter implementation.
2022-07-04 13:58:30.442  INFO 12464 --- [    Test worker] o.s.s.c.ThreadPoolTaskScheduler          : Initializing ExecutorService 'taskScheduler'
2022-07-04 13:58:30.503  INFO 12464 --- [    Test worker] o.s.i.endpoint.EventDrivenConsumer       : Adding {logging-channel-adapter:_org.springframework.integration.errorLogger} as a subscriber to the 'errorChannel' channel
2022-07-04 13:58:30.503  INFO 12464 --- [    Test worker] o.s.i.channel.PublishSubscribeChannel    : Channel 'application-1.errorChannel' has 1 subscriber(s).
2022-07-04 13:58:30.503  INFO 12464 --- [    Test worker] o.s.i.endpoint.EventDrivenConsumer       : started bean '_org.springframework.integration.errorLogger'
2022-07-04 13:58:30.505  INFO 12464 --- [    Test worker] s.m.m.core.employee.PersistenceTests     : Started PersistenceTests in 3.105 seconds (JVM running for 21.677)
2022-07-04 13:58:30.517  INFO 12464 --- [      Thread-21] o.s.b.a.mongo.embedded.EmbeddedMongo     : 2022-07-04T13:58:30.517+0200 I NETWORK  [thread1] connection accepted from 127.0.0.1:59600 #2 (2 connections now open)
2022-07-04 13:58:30.518  INFO 12464 --- [      Thread-21] o.s.b.a.mongo.embedded.EmbeddedMongo     : 2022-07-04T13:58:30.518+0200 I NETWORK  [conn2] received client metadata from 127.0.0.1:59600 conn2: { driver: { name: "mongo-java-driver|reactive-streams|spring-boot", version: "4.0.5" }, os: { type: "Windows", name: "Windows 10", architecture: "amd64", version: "10.0" }, platform: "Java/Oracle Corporation/1.8.0_271-b09" }
2022-07-04 13:58:30.519  INFO 12464 --- [ntLoopGroup-4-2] org.mongodb.driver.connection            : Opened connection [connectionId{localValue:4, serverValue:2}] to localhost:27017
]]></system-out>
  <system-err><![CDATA[]]></system-err>
</testsuite>
