<?xml version="1.0" encoding="UTF-8"?>
<testsuite name="se.magnus.microservices.core.employee.EmployeeServiceApplicationTests" tests="6" skipped="0" failures="0" errors="0" timestamp="2022-06-20T14:42:22" hostname="DESKTOP-HJGV6OB" time="1.446">
  <properties/>
  <testcase name="getEmployeesByInsuranceCompanyId" classname="se.magnus.microservices.core.employee.EmployeeServiceApplicationTests" time="0.829"/>
  <testcase name="deleteEmployees" classname="se.magnus.microservices.core.employee.EmployeeServiceApplicationTests" time="0.041"/>
  <testcase name="getEmployeesNotFound" classname="se.magnus.microservices.core.employee.EmployeeServiceApplicationTests" time="0.453"/>
  <testcase name="getEmployeesMissingParameter" classname="se.magnus.microservices.core.employee.EmployeeServiceApplicationTests" time="0.074"/>
  <testcase name="getEmployeesInvalidParameterNegativeValue" classname="se.magnus.microservices.core.employee.EmployeeServiceApplicationTests" time="0.026"/>
  <testcase name="getEmployeesInvalidParameter" classname="se.magnus.microservices.core.employee.EmployeeServiceApplicationTests" time="0.016"/>
  <system-out><![CDATA[16:42:13.949 [Test worker] DEBUG org.springframework.test.annotation.ProfileValueUtils - Retrieved @ProfileValueSourceConfiguration [null] for test class [se.magnus.microservices.core.employee.EmployeeServiceApplicationTests]
16:42:13.950 [Test worker] DEBUG org.springframework.test.annotation.ProfileValueUtils - Retrieved ProfileValueSource type [class org.springframework.test.annotation.SystemProfileValueSource] for class [se.magnus.microservices.core.employee.EmployeeServiceApplicationTests]
16:42:13.951 [Test worker] DEBUG org.springframework.test.annotation.ProfileValueUtils - Retrieved @ProfileValueSourceConfiguration [null] for test class [se.magnus.microservices.core.employee.EmployeeServiceApplicationTests]
16:42:13.951 [Test worker] DEBUG org.springframework.test.annotation.ProfileValueUtils - Retrieved ProfileValueSource type [class org.springframework.test.annotation.SystemProfileValueSource] for class [se.magnus.microservices.core.employee.EmployeeServiceApplicationTests]
16:42:13.958 [Test worker] DEBUG org.springframework.test.context.support.AbstractDirtiesContextTestExecutionListener - Before test class: context [DefaultTestContext@53d1a312 testClass = EmployeeServiceApplicationTests, testInstance = [null], testMethod = [null], testException = [null], mergedContextConfiguration = [ReactiveWebMergedContextConfiguration@65930560 testClass = EmployeeServiceApplicationTests, locations = '{}', classes = '{class se.magnus.microservices.core.employee.EmployeeServiceApplication}', contextInitializerClasses = '[]', activeProfiles = '{}', propertySourceLocations = '{}', propertySourceProperties = '{spring.data.mongodb.port: 0, org.springframework.boot.test.context.SpringBootTestContextBootstrapper=true, server.port=0}', contextCustomizers = set[org.springframework.boot.test.autoconfigure.properties.PropertyMappingContextCustomizer@0, org.springframework.boot.test.autoconfigure.web.servlet.WebDriverContextCustomizerFactory$Customizer@2b0b663e, org.springframework.boot.test.context.filter.ExcludeFilterContextCustomizer@23179b0b, org.springframework.boot.test.json.DuplicateJsonObjectContextCustomizerFactory$DuplicateJsonObjectContextCustomizer@366f7c2a, org.springframework.boot.test.mock.mockito.MockitoContextCustomizer@0, org.springframework.boot.test.web.client.TestRestTemplateContextCustomizer@1ea2b4a8, org.springframework.boot.test.web.reactive.server.WebTestClientContextCustomizer@2926435c, org.springframework.boot.test.context.SpringBootTestArgs@1], contextLoader = 'org.springframework.boot.test.context.SpringBootContextLoader', parent = [null]], attributes = map['org.springframework.test.context.web.ServletTestExecutionListener.activateListener' -> false]], class annotated with @DirtiesContext [false] with mode [null].
16:42:13.960 [Test worker] DEBUG org.springframework.test.annotation.ProfileValueUtils - Retrieved @ProfileValueSourceConfiguration [null] for test class [se.magnus.microservices.core.employee.EmployeeServiceApplicationTests]
16:42:13.960 [Test worker] DEBUG org.springframework.test.annotation.ProfileValueUtils - Retrieved ProfileValueSource type [class org.springframework.test.annotation.SystemProfileValueSource] for class [se.magnus.microservices.core.employee.EmployeeServiceApplicationTests]
16:42:13.964 [Test worker] DEBUG org.springframework.test.context.support.DependencyInjectionTestExecutionListener - Performing dependency injection for test context [[DefaultTestContext@53d1a312 testClass = EmployeeServiceApplicationTests, testInstance = se.magnus.microservices.core.employee.EmployeeServiceApplicationTests@1562f480, testMethod = [null], testException = [null], mergedContextConfiguration = [ReactiveWebMergedContextConfiguration@65930560 testClass = EmployeeServiceApplicationTests, locations = '{}', classes = '{class se.magnus.microservices.core.employee.EmployeeServiceApplication}', contextInitializerClasses = '[]', activeProfiles = '{}', propertySourceLocations = '{}', propertySourceProperties = '{spring.data.mongodb.port: 0, org.springframework.boot.test.context.SpringBootTestContextBootstrapper=true, server.port=0}', contextCustomizers = set[org.springframework.boot.test.autoconfigure.properties.PropertyMappingContextCustomizer@0, org.springframework.boot.test.autoconfigure.web.servlet.WebDriverContextCustomizerFactory$Customizer@2b0b663e, org.springframework.boot.test.context.filter.ExcludeFilterContextCustomizer@23179b0b, org.springframework.boot.test.json.DuplicateJsonObjectContextCustomizerFactory$DuplicateJsonObjectContextCustomizer@366f7c2a, org.springframework.boot.test.mock.mockito.MockitoContextCustomizer@0, org.springframework.boot.test.web.client.TestRestTemplateContextCustomizer@1ea2b4a8, org.springframework.boot.test.web.reactive.server.WebTestClientContextCustomizer@2926435c, org.springframework.boot.test.context.SpringBootTestArgs@1], contextLoader = 'org.springframework.boot.test.context.SpringBootContextLoader', parent = [null]], attributes = map['org.springframework.test.context.web.ServletTestExecutionListener.activateListener' -> false]]].
16:42:14.000 [Test worker] DEBUG org.springframework.test.context.support.TestPropertySourceUtils - Adding inlined properties to environment: {spring.jmx.enabled=false, spring.data.mongodb.port: 0, org.springframework.boot.test.context.SpringBootTestContextBootstrapper=true, server.port=0}

  .   ____          _            __ _ _
 /\\ / ___'_ __ _ _(_)_ __  __ _ \ \ \ \
( ( )\___ | '_ | '_| | '_ \/ _` | \ \ \ \
 \\/  ___)| |_)| | | | | || (_| |  ) ) ) )
  '  |____| .__|_| |_|_| |_\__, | / / / /
 =========|_|==============|___/=/_/_/_/
 :: Spring Boot ::        (v2.3.2.RELEASE)

2022-06-20 16:42:14.514  INFO 9316 --- [    Test worker] .m.m.c.e.EmployeeServiceApplicationTests : Starting EmployeeServiceApplicationTests on DESKTOP-HJGV6OB with PID 9316 (started by user in C:\Users\user\git\InsuranceCompanyMicroservices_DIS\DIS_projekat\microservices\employee-service)
2022-06-20 16:42:14.516 DEBUG 9316 --- [    Test worker] .m.m.c.e.EmployeeServiceApplicationTests : Running with Spring Boot v2.3.2.RELEASE, Spring v5.2.8.RELEASE
2022-06-20 16:42:14.516  INFO 9316 --- [    Test worker] .m.m.c.e.EmployeeServiceApplicationTests : No active profile set, falling back to default profiles: default
2022-06-20 16:42:15.960  INFO 9316 --- [    Test worker] .s.d.r.c.RepositoryConfigurationDelegate : Bootstrapping Spring Data Reactive MongoDB repositories in DEFAULT mode.
2022-06-20 16:42:16.138  INFO 9316 --- [    Test worker] .s.d.r.c.RepositoryConfigurationDelegate : Finished Spring Data repository scanning in 172ms. Found 1 Reactive MongoDB repository interfaces.
2022-06-20 16:42:16.434  INFO 9316 --- [    Test worker] faultConfiguringBeanFactoryPostProcessor : No bean named 'errorChannel' has been explicitly defined. Therefore, a default PublishSubscribeChannel will be created.
2022-06-20 16:42:16.439  INFO 9316 --- [    Test worker] faultConfiguringBeanFactoryPostProcessor : No bean named 'taskScheduler' has been explicitly defined. Therefore, a default ThreadPoolTaskScheduler will be created.
2022-06-20 16:42:16.446  INFO 9316 --- [    Test worker] faultConfiguringBeanFactoryPostProcessor : No bean named 'integrationHeaderChannelRegistry' has been explicitly defined. Therefore, a default DefaultHeaderChannelRegistry will be created.
2022-06-20 16:42:16.583  INFO 9316 --- [    Test worker] trationDelegate$BeanPostProcessorChecker : Bean 'integrationChannelResolver' of type [org.springframework.integration.support.channel.BeanFactoryChannelResolver] is not eligible for getting processed by all BeanPostProcessors (for example: not eligible for auto-proxying)
2022-06-20 16:42:16.595  INFO 9316 --- [    Test worker] trationDelegate$BeanPostProcessorChecker : Bean 'integrationDisposableAutoCreatedBeans' of type [org.springframework.integration.config.annotation.Disposables] is not eligible for getting processed by all BeanPostProcessors (for example: not eligible for auto-proxying)
2022-06-20 16:42:16.637  INFO 9316 --- [    Test worker] trationDelegate$BeanPostProcessorChecker : Bean 'org.springframework.integration.config.IntegrationManagementConfiguration' of type [org.springframework.integration.config.IntegrationManagementConfiguration] is not eligible for getting processed by all BeanPostProcessors (for example: not eligible for auto-proxying)
2022-06-20 16:42:17.796  INFO 9316 --- [       Thread-4] o.s.b.a.mongo.embedded.EmbeddedMongo     : note: noprealloc may hurt performance in many applications
2022-06-20 16:42:17.850  INFO 9316 --- [       Thread-4] o.s.b.a.mongo.embedded.EmbeddedMongo     : 2022-06-20T16:42:17.850+0200 I CONTROL  [initandlisten] MongoDB starting : pid=12836 port=63063 dbpath=C:\Users\user\AppData\Local\Temp\embedmongo-db-54f4f9fa-1a32-4cdf-9c71-0ce6d32c0884 64-bit host=DESKTOP-HJGV6OB
2022-06-20 16:42:17.850  INFO 9316 --- [       Thread-4] o.s.b.a.mongo.embedded.EmbeddedMongo     : 2022-06-20T16:42:17.851+0200 I CONTROL  [initandlisten] targetMinOS: Windows Vista/Windows Server 2008
2022-06-20 16:42:17.850  INFO 9316 --- [       Thread-4] o.s.b.a.mongo.embedded.EmbeddedMongo     : 2022-06-20T16:42:17.851+0200 I CONTROL  [initandlisten] db version v3.5.5
2022-06-20 16:42:17.851  INFO 9316 --- [       Thread-4] o.s.b.a.mongo.embedded.EmbeddedMongo     : 2022-06-20T16:42:17.851+0200 I CONTROL  [initandlisten] git version: 98515c812b6fa893613f063dae568ff8319cbfbd
2022-06-20 16:42:17.852  INFO 9316 --- [       Thread-4] o.s.b.a.mongo.embedded.EmbeddedMongo     : 2022-06-20T16:42:17.851+0200 I CONTROL  [initandlisten] allocator: tcmalloc
2022-06-20 16:42:17.852  INFO 9316 --- [       Thread-4] o.s.b.a.mongo.embedded.EmbeddedMongo     : 2022-06-20T16:42:17.851+0200 I CONTROL  [initandlisten] modules: none
2022-06-20 16:42:17.852  INFO 9316 --- [       Thread-4] o.s.b.a.mongo.embedded.EmbeddedMongo     : 2022-06-20T16:42:17.851+0200 I CONTROL  [initandlisten] build environment:
2022-06-20 16:42:17.852  INFO 9316 --- [       Thread-4] o.s.b.a.mongo.embedded.EmbeddedMongo     : 2022-06-20T16:42:17.851+0200 I CONTROL  [initandlisten]     distarch: x86_64
2022-06-20 16:42:17.852  INFO 9316 --- [       Thread-4] o.s.b.a.mongo.embedded.EmbeddedMongo     : 2022-06-20T16:42:17.851+0200 I CONTROL  [initandlisten]     target_arch: x86_64
2022-06-20 16:42:17.852  INFO 9316 --- [       Thread-4] o.s.b.a.mongo.embedded.EmbeddedMongo     : 2022-06-20T16:42:17.851+0200 I CONTROL  [initandlisten] options: { net: { bindIp: "127.0.0.1", http: { enabled: false }, port: 63063 }, security: { authorization: "disabled" }, storage: { dbPath: "C:\Users\user\AppData\Local\Temp\embedmongo-db-54f4f9fa-1a32-4cdf-9c71-0ce6d32c0884", journal: { enabled: false }, mmapv1: { preallocDataFiles: false, smallFiles: true }, syncPeriodSecs: 0.0 } }
2022-06-20 16:42:17.853  INFO 9316 --- [       Thread-4] o.s.b.a.mongo.embedded.EmbeddedMongo     : 2022-06-20T16:42:17.852+0200 I STORAGE  [initandlisten] wiredtiger_open config: create,cache_size=3474M,session_max=20000,eviction=(threads_min=4,threads_max=4),config_base=false,statistics=(fast),log=(enabled=true,archive=true,path=journal,compressor=snappy),file_manager=(close_idle_time=100000),checkpoint=(wait=0,log_size=2GB),statistics_log=(wait=0),verbose=(recovery_progress),,log=(enabled=false),
2022-06-20 16:42:17.920  INFO 9316 --- [       Thread-4] o.s.b.a.mongo.embedded.EmbeddedMongo     : 2022-06-20T16:42:17.920+0200 W STORAGE  [initandlisten] Detected configuration for non-active storage engine mmapv1 when current storage engine is wiredTiger
2022-06-20 16:42:17.920  INFO 9316 --- [       Thread-4] o.s.b.a.mongo.embedded.EmbeddedMongo     : 2022-06-20T16:42:17.920+0200 I CONTROL  [initandlisten] 
2022-06-20 16:42:17.921  INFO 9316 --- [       Thread-4] o.s.b.a.mongo.embedded.EmbeddedMongo     : 2022-06-20T16:42:17.920+0200 I CONTROL  [initandlisten] ** NOTE: This is a development version (3.5.5) of MongoDB.
2022-06-20 16:42:17.921  INFO 9316 --- [       Thread-4] o.s.b.a.mongo.embedded.EmbeddedMongo     : 2022-06-20T16:42:17.920+0200 I CONTROL  [initandlisten] **       Not recommended for production.
2022-06-20 16:42:17.921  INFO 9316 --- [       Thread-4] o.s.b.a.mongo.embedded.EmbeddedMongo     : 2022-06-20T16:42:17.920+0200 I CONTROL  [initandlisten] 
2022-06-20 16:42:18.237  INFO 9316 --- [       Thread-4] o.s.b.a.mongo.embedded.EmbeddedMongo     : 2022-06-20T16:42:18.237+0200 I FTDC     [initandlisten] Initializing full-time diagnostic data capture with directory 'C:/Users/user/AppData/Local/Temp/embedmongo-db-54f4f9fa-1a32-4cdf-9c71-0ce6d32c0884/diagnostic.data'
2022-06-20 16:42:18.273  INFO 9316 --- [       Thread-4] o.s.b.a.mongo.embedded.EmbeddedMongo     : 2022-06-20T16:42:18.273+0200 I INDEX    [initandlisten] build index on: admin.system.version properties: { v: 2, key: { version: 1 }, name: "incompatible_with_version_32", ns: "admin.system.version" }
2022-06-20 16:42:18.273  INFO 9316 --- [       Thread-4] o.s.b.a.mongo.embedded.EmbeddedMongo     : 2022-06-20T16:42:18.273+0200 I INDEX    [initandlisten] 	 building index using bulk method; build may temporarily use up to 500 megabytes of RAM
2022-06-20 16:42:18.277  INFO 9316 --- [       Thread-4] o.s.b.a.mongo.embedded.EmbeddedMongo     : 2022-06-20T16:42:18.277+0200 I INDEX    [initandlisten] build index done.  scanned 0 total records. 0 secs
2022-06-20 16:42:18.279  INFO 9316 --- [       Thread-4] o.s.b.a.mongo.embedded.EmbeddedMongo     : 2022-06-20T16:42:18.279+0200 I COMMAND  [initandlisten] setting featureCompatibilityVersion to 3.4
2022-06-20 16:42:18.280  INFO 9316 --- [       Thread-4] o.s.b.a.mongo.embedded.EmbeddedMongo     : 2022-06-20T16:42:18.280+0200 I NETWORK  [thread1] waiting for connections on port 63063
2022-06-20 16:42:18.281  INFO 9316 --- [    Test worker] d.f.embed.mongo.MongodExecutable         : start de.flapdoodle.embed.mongo.config.MongodConfigBuilder$ImmutableMongodConfig@7882c633
2022-06-20 16:42:18.444  INFO 9316 --- [    Test worker] org.mongodb.driver.cluster               : Cluster created with settings {hosts=[localhost:63063], mode=SINGLE, requiredClusterType=UNKNOWN, serverSelectionTimeout='30000 ms'}
2022-06-20 16:42:19.285  INFO 9316 --- [       Thread-4] o.s.b.a.mongo.embedded.EmbeddedMongo     : 2022-06-20T16:42:19.285+0200 I NETWORK  [thread1] connection accepted from 127.0.0.1:63104 #1 (1 connection now open)
2022-06-20 16:42:19.388  INFO 9316 --- [       Thread-4] o.s.b.a.mongo.embedded.EmbeddedMongo     : 2022-06-20T16:42:19.387+0200 I NETWORK  [conn1] received client metadata from 127.0.0.1:63104 conn1: { driver: { name: "mongo-java-driver|reactive-streams|spring-boot", version: "4.0.5" }, os: { type: "Windows", name: "Windows 10", architecture: "amd64", version: "10.0" }, platform: "Java/Oracle Corporation/11.0.9+7-LTS" }
2022-06-20 16:42:19.443  INFO 9316 --- [localhost:63063] org.mongodb.driver.connection            : Opened connection [connectionId{localValue:1, serverValue:1}] to localhost:63063
2022-06-20 16:42:19.450  INFO 9316 --- [localhost:63063] org.mongodb.driver.cluster               : Monitor thread successfully connected to server with description ServerDescription{address=localhost:63063, type=STANDALONE, state=CONNECTED, ok=true, minWireVersion=0, maxWireVersion=5, maxDocumentSize=16777216, logicalSessionTimeoutMinutes=null, roundTripTimeNanos=3854300}
2022-06-20 16:42:21.210  INFO 9316 --- [    Test worker] o.s.s.c.ThreadPoolTaskScheduler          : Initializing ExecutorService 'taskScheduler'
2022-06-20 16:42:21.285  INFO 9316 --- [    Test worker] o.s.b.a.e.web.EndpointLinksResolver      : Exposing 16 endpoint(s) beneath base path '/actuator'
2022-06-20 16:42:21.757  INFO 9316 --- [    Test worker] onConfiguration$FunctionBindingRegistrar : Functional binding is disabled due to the presense of @EnableBinding annotation in your configuration
2022-06-20 16:42:22.577  INFO 9316 --- [    Test worker] o.s.c.s.m.DirectWithAttributesChannel    : Channel 'application.input' has 1 subscriber(s).
2022-06-20 16:42:22.600  INFO 9316 --- [    Test worker] o.s.i.endpoint.EventDrivenConsumer       : Adding {logging-channel-adapter:_org.springframework.integration.errorLogger} as a subscriber to the 'errorChannel' channel
2022-06-20 16:42:22.601  INFO 9316 --- [    Test worker] o.s.i.channel.PublishSubscribeChannel    : Channel 'application.errorChannel' has 1 subscriber(s).
2022-06-20 16:42:22.601  INFO 9316 --- [    Test worker] o.s.i.endpoint.EventDrivenConsumer       : started bean '_org.springframework.integration.errorLogger'
2022-06-20 16:42:22.802  INFO 9316 --- [    Test worker] o.s.b.web.embedded.netty.NettyWebServer  : Netty started on port(s): 63123
2022-06-20 16:42:22.896  INFO 9316 --- [    Test worker] .m.m.c.e.EmployeeServiceApplicationTests : Started EmployeeServiceApplicationTests in 8.892 seconds (JVM running for 10.79)
2022-06-20 16:42:23.536  INFO 9316 --- [       Thread-4] o.s.b.a.mongo.embedded.EmbeddedMongo     : 2022-06-20T16:42:23.536+0200 I NETWORK  [thread1] connection accepted from 127.0.0.1:63124 #2 (2 connections now open)
2022-06-20 16:42:23.549  INFO 9316 --- [       Thread-4] o.s.b.a.mongo.embedded.EmbeddedMongo     : 2022-06-20T16:42:23.549+0200 I NETWORK  [conn2] received client metadata from 127.0.0.1:63124 conn2: { driver: { name: "mongo-java-driver|reactive-streams|spring-boot", version: "4.0.5" }, os: { type: "Windows", name: "Windows 10", architecture: "amd64", version: "10.0" }, platform: "Java/Oracle Corporation/11.0.9+7-LTS" }
2022-06-20 16:42:23.553  INFO 9316 --- [ntLoopGroup-3-2] org.mongodb.driver.connection            : Opened connection [connectionId{localValue:2, serverValue:2}] to localhost:63063
2022-06-20 16:42:23.591  INFO 9316 --- [    Test worker] s.m.m.c.e.services.MessageProcessor      : Process message created at 2022-06-20T16:42:23.586659700...
2022-06-20 16:42:23.592  INFO 9316 --- [    Test worker] s.m.m.c.e.services.MessageProcessor      : Create employee with ID: 1
2022-06-20 16:42:23.623  INFO 9316 --- [    Test worker] reactor.Mono.FlatMap.1                   : | onSubscribe([Fuseable] MonoFlatMap.FlatMapMain)
2022-06-20 16:42:23.624  INFO 9316 --- [    Test worker] reactor.Mono.FlatMap.1                   : | request(unbounded)
2022-06-20 16:42:23.690  INFO 9316 --- [ntLoopGroup-3-2] reactor.Mono.FlatMap.1                   : | onNext(se.magnus.microservices.core.employee.persistence.EmployeeEntity@5ceca66a)
2022-06-20 16:42:23.690  INFO 9316 --- [    Test worker] s.m.m.c.e.services.MessageProcessor      : Message processing done!
2022-06-20 16:42:23.691  INFO 9316 --- [ntLoopGroup-3-2] reactor.Mono.FlatMap.1                   : | onComplete()
2022-06-20 16:42:23.694  INFO 9316 --- [    Test worker] s.m.m.c.e.services.MessageProcessor      : Process message created at 2022-06-20T16:42:23.694980700...
2022-06-20 16:42:23.694  INFO 9316 --- [    Test worker] s.m.m.c.e.services.MessageProcessor      : Create employee with ID: 2
2022-06-20 16:42:23.695  INFO 9316 --- [    Test worker] reactor.Mono.FlatMap.2                   : | onSubscribe([Fuseable] MonoFlatMap.FlatMapMain)
2022-06-20 16:42:23.695  INFO 9316 --- [    Test worker] reactor.Mono.FlatMap.2                   : | request(unbounded)
2022-06-20 16:42:23.701  INFO 9316 --- [ntLoopGroup-3-2] reactor.Mono.FlatMap.2                   : | onNext(se.magnus.microservices.core.employee.persistence.EmployeeEntity@3e21d2d7)
2022-06-20 16:42:23.702  INFO 9316 --- [ntLoopGroup-3-2] reactor.Mono.FlatMap.2                   : | onComplete()
2022-06-20 16:42:23.702  INFO 9316 --- [    Test worker] s.m.m.c.e.services.MessageProcessor      : Message processing done!
2022-06-20 16:42:23.702  INFO 9316 --- [    Test worker] s.m.m.c.e.services.MessageProcessor      : Process message created at 2022-06-20T16:42:23.702528100...
2022-06-20 16:42:23.702  INFO 9316 --- [    Test worker] s.m.m.c.e.services.MessageProcessor      : Create employee with ID: 3
2022-06-20 16:42:23.703  INFO 9316 --- [    Test worker] reactor.Mono.FlatMap.3                   : | onSubscribe([Fuseable] MonoFlatMap.FlatMapMain)
2022-06-20 16:42:23.703  INFO 9316 --- [    Test worker] reactor.Mono.FlatMap.3                   : | request(unbounded)
2022-06-20 16:42:23.706  INFO 9316 --- [ntLoopGroup-3-2] reactor.Mono.FlatMap.3                   : | onNext(se.magnus.microservices.core.employee.persistence.EmployeeEntity@12ff64db)
2022-06-20 16:42:23.707  INFO 9316 --- [ntLoopGroup-3-2] reactor.Mono.FlatMap.3                   : | onComplete()
2022-06-20 16:42:23.707  INFO 9316 --- [    Test worker] s.m.m.c.e.services.MessageProcessor      : Message processing done!
2022-06-20 16:42:23.822  INFO 9316 --- [    Test worker] s.m.m.c.e.services.MessageProcessor      : Process message created at 2022-06-20T16:42:23.822728200...
2022-06-20 16:42:23.823  INFO 9316 --- [    Test worker] s.m.m.c.e.services.MessageProcessor      : Create employee with ID: 1
2022-06-20 16:42:23.823  INFO 9316 --- [    Test worker] reactor.Mono.FlatMap.4                   : | onSubscribe([Fuseable] MonoFlatMap.FlatMapMain)
2022-06-20 16:42:23.823  INFO 9316 --- [    Test worker] reactor.Mono.FlatMap.4                   : | request(unbounded)
2022-06-20 16:42:23.827  INFO 9316 --- [ntLoopGroup-3-2] reactor.Mono.FlatMap.4                   : | onNext(se.magnus.microservices.core.employee.persistence.EmployeeEntity@1b33ee3f)
2022-06-20 16:42:23.827  INFO 9316 --- [ntLoopGroup-3-2] reactor.Mono.FlatMap.4                   : | onComplete()
2022-06-20 16:42:23.827  INFO 9316 --- [    Test worker] s.m.m.c.e.services.MessageProcessor      : Message processing done!
2022-06-20 16:42:23.836  INFO 9316 --- [    Test worker] s.m.m.c.e.services.MessageProcessor      : Process message created at 2022-06-20T16:42:23.835874400...
2022-06-20 16:42:23.836  INFO 9316 --- [    Test worker] s.m.m.c.e.services.MessageProcessor      : Delete employees with insuranceCompanyId: 1
2022-06-20 16:42:23.836 DEBUG 9316 --- [    Test worker] s.m.m.c.e.services.EmployeeServiceImpl   : deleteEmployees: tries to delete employees for the insurance company with insuranceCompanyId: 1
2022-06-20 16:42:23.848  INFO 9316 --- [    Test worker] s.m.m.c.e.services.MessageProcessor      : Message processing done!
2022-06-20 16:42:23.851  INFO 9316 --- [    Test worker] s.m.m.c.e.services.MessageProcessor      : Process message created at 2022-06-20T16:42:23.851995900...
2022-06-20 16:42:23.851  INFO 9316 --- [    Test worker] s.m.m.c.e.services.MessageProcessor      : Delete employees with insuranceCompanyId: 1
2022-06-20 16:42:23.851 DEBUG 9316 --- [    Test worker] s.m.m.c.e.services.EmployeeServiceImpl   : deleteEmployees: tries to delete employees for the insurance company with insuranceCompanyId: 1
2022-06-20 16:42:23.855  INFO 9316 --- [    Test worker] s.m.m.c.e.services.MessageProcessor      : Message processing done!
2022-06-20 16:42:24.177  INFO 9316 --- [ctor-http-nio-3] reactor.Flux.OnErrorResume.5             : onSubscribe(FluxOnErrorResume.ResumeSubscriber)
2022-06-20 16:42:24.178  INFO 9316 --- [ctor-http-nio-3] reactor.Flux.OnErrorResume.5             : request(unbounded)
2022-06-20 16:42:24.181  INFO 9316 --- [ntLoopGroup-3-2] reactor.Flux.OnErrorResume.5             : onComplete()
2022-06-20 16:42:24.407 DEBUG 9316 --- [ctor-http-nio-3] s.m.u.h.GlobalControllerExceptionHandler : Returning HTTP status: 422 UNPROCESSABLE_ENTITY for path: /employee, message: Invalid insuranceCompanyId: -1
]]></system-out>
  <system-err><![CDATA[]]></system-err>
</testsuite>
