<?xml version="1.0" encoding="UTF-8"?>
<testsuite name="se.magnus.microservices.core.employee.PersistenceTests" tests="5" skipped="0" failures="0" errors="0" timestamp="2022-06-17T14:13:26" hostname="DESKTOP-HJGV6OB" time="0.15">
  <properties/>
  <testcase name="optimisticLockError" classname="se.magnus.microservices.core.employee.PersistenceTests" time="0.058"/>
  <testcase name="deleteEmployee" classname="se.magnus.microservices.core.employee.PersistenceTests" time="0.03"/>
  <testcase name="getByInsuranceCompanyId" classname="se.magnus.microservices.core.employee.PersistenceTests" time="0.022"/>
  <testcase name="updateEmployee" classname="se.magnus.microservices.core.employee.PersistenceTests" time="0.02"/>
  <testcase name="createEmployee" classname="se.magnus.microservices.core.employee.PersistenceTests" time="0.017"/>
  <system-out><![CDATA[
  .   ____          _            __ _ _
 /\\ / ___'_ __ _ _(_)_ __  __ _ \ \ \ \
( ( )\___ | '_ | '_| | '_ \/ _` | \ \ \ \
 \\/  ___)| |_)| | | | | || (_| |  ) ) ) )
  '  |____| .__|_| |_|_| |_\__, | / / / /
 =========|_|==============|___/=/_/_/_/
 :: Spring Boot ::        (v2.3.2.RELEASE)

2022-06-17 16:13:24.589  INFO 14264 --- [    Test worker] s.m.m.core.employee.PersistenceTests     : Starting PersistenceTests on DESKTOP-HJGV6OB with PID 14264 (started by user in C:\Users\user\git\InsuranceCompanyMicroservices_DIS\DIS_projekat\microservices\employee-service)
2022-06-17 16:13:24.589 DEBUG 14264 --- [    Test worker] s.m.m.core.employee.PersistenceTests     : Running with Spring Boot v2.3.2.RELEASE, Spring v5.2.8.RELEASE
2022-06-17 16:13:24.590  INFO 14264 --- [    Test worker] s.m.m.core.employee.PersistenceTests     : No active profile set, falling back to default profiles: default
2022-06-17 16:13:24.723  INFO 14264 --- [    Test worker] .s.d.r.c.RepositoryConfigurationDelegate : Bootstrapping Spring Data MongoDB repositories in DEFAULT mode.
2022-06-17 16:13:24.744  INFO 14264 --- [    Test worker] .s.d.r.c.RepositoryConfigurationDelegate : Finished Spring Data repository scanning in 19ms. Found 1 MongoDB repository interfaces.
2022-06-17 16:13:25.623  INFO 14264 --- [      Thread-15] o.s.b.a.mongo.embedded.EmbeddedMongo     : note: noprealloc may hurt performance in many applications
2022-06-17 16:13:25.672  INFO 14264 --- [      Thread-15] o.s.b.a.mongo.embedded.EmbeddedMongo     : 2022-06-17T16:13:25.672+0200 I CONTROL  [initandlisten] MongoDB starting : pid=11896 port=27017 dbpath=C:\Users\user\AppData\Local\Temp\embedmongo-db-f39d8bee-8975-4311-9b62-8819670283c1 64-bit host=DESKTOP-HJGV6OB
2022-06-17 16:13:25.672  INFO 14264 --- [      Thread-15] o.s.b.a.mongo.embedded.EmbeddedMongo     : 2022-06-17T16:13:25.672+0200 I CONTROL  [initandlisten] targetMinOS: Windows Vista/Windows Server 2008
2022-06-17 16:13:25.672  INFO 14264 --- [      Thread-15] o.s.b.a.mongo.embedded.EmbeddedMongo     : 2022-06-17T16:13:25.672+0200 I CONTROL  [initandlisten] db version v3.5.5
2022-06-17 16:13:25.672  INFO 14264 --- [      Thread-15] o.s.b.a.mongo.embedded.EmbeddedMongo     : 2022-06-17T16:13:25.672+0200 I CONTROL  [initandlisten] git version: 98515c812b6fa893613f063dae568ff8319cbfbd
2022-06-17 16:13:25.672  INFO 14264 --- [      Thread-15] o.s.b.a.mongo.embedded.EmbeddedMongo     : 2022-06-17T16:13:25.672+0200 I CONTROL  [initandlisten] allocator: tcmalloc
2022-06-17 16:13:25.672  INFO 14264 --- [      Thread-15] o.s.b.a.mongo.embedded.EmbeddedMongo     : 2022-06-17T16:13:25.672+0200 I CONTROL  [initandlisten] modules: none
2022-06-17 16:13:25.673  INFO 14264 --- [      Thread-15] o.s.b.a.mongo.embedded.EmbeddedMongo     : 2022-06-17T16:13:25.672+0200 I CONTROL  [initandlisten] build environment:
2022-06-17 16:13:25.673  INFO 14264 --- [      Thread-15] o.s.b.a.mongo.embedded.EmbeddedMongo     : 2022-06-17T16:13:25.672+0200 I CONTROL  [initandlisten]     distarch: x86_64
2022-06-17 16:13:25.673  INFO 14264 --- [      Thread-15] o.s.b.a.mongo.embedded.EmbeddedMongo     : 2022-06-17T16:13:25.672+0200 I CONTROL  [initandlisten]     target_arch: x86_64
2022-06-17 16:13:25.673  INFO 14264 --- [      Thread-15] o.s.b.a.mongo.embedded.EmbeddedMongo     : 2022-06-17T16:13:25.672+0200 I CONTROL  [initandlisten] options: { net: { bindIp: "127.0.0.1", http: { enabled: false }, port: 27017 }, security: { authorization: "disabled" }, storage: { dbPath: "C:\Users\user\AppData\Local\Temp\embedmongo-db-f39d8bee-8975-4311-9b62-8819670283c1", journal: { enabled: false }, mmapv1: { preallocDataFiles: false, smallFiles: true }, syncPeriodSecs: 0.0 } }
2022-06-17 16:13:25.673  INFO 14264 --- [      Thread-15] o.s.b.a.mongo.embedded.EmbeddedMongo     : 2022-06-17T16:13:25.674+0200 I STORAGE  [initandlisten] wiredtiger_open config: create,cache_size=3474M,session_max=20000,eviction=(threads_min=4,threads_max=4),config_base=false,statistics=(fast),log=(enabled=true,archive=true,path=journal,compressor=snappy),file_manager=(close_idle_time=100000),checkpoint=(wait=0,log_size=2GB),statistics_log=(wait=0),verbose=(recovery_progress),,log=(enabled=false),
2022-06-17 16:13:25.739  INFO 14264 --- [      Thread-15] o.s.b.a.mongo.embedded.EmbeddedMongo     : 2022-06-17T16:13:25.740+0200 W STORAGE  [initandlisten] Detected configuration for non-active storage engine mmapv1 when current storage engine is wiredTiger
2022-06-17 16:13:25.740  INFO 14264 --- [      Thread-15] o.s.b.a.mongo.embedded.EmbeddedMongo     : 2022-06-17T16:13:25.740+0200 I CONTROL  [initandlisten] 
2022-06-17 16:13:25.740  INFO 14264 --- [      Thread-15] o.s.b.a.mongo.embedded.EmbeddedMongo     : 2022-06-17T16:13:25.740+0200 I CONTROL  [initandlisten] ** NOTE: This is a development version (3.5.5) of MongoDB.
2022-06-17 16:13:25.740  INFO 14264 --- [      Thread-15] o.s.b.a.mongo.embedded.EmbeddedMongo     : 2022-06-17T16:13:25.740+0200 I CONTROL  [initandlisten] **       Not recommended for production.
2022-06-17 16:13:25.740  INFO 14264 --- [      Thread-15] o.s.b.a.mongo.embedded.EmbeddedMongo     : 2022-06-17T16:13:25.740+0200 I CONTROL  [initandlisten] 
2022-06-17 16:13:26.011  INFO 14264 --- [      Thread-15] o.s.b.a.mongo.embedded.EmbeddedMongo     : 2022-06-17T16:13:26.011+0200 I FTDC     [initandlisten] Initializing full-time diagnostic data capture with directory 'C:/Users/user/AppData/Local/Temp/embedmongo-db-f39d8bee-8975-4311-9b62-8819670283c1/diagnostic.data'
2022-06-17 16:13:26.043  INFO 14264 --- [      Thread-15] o.s.b.a.mongo.embedded.EmbeddedMongo     : 2022-06-17T16:13:26.043+0200 I INDEX    [initandlisten] build index on: admin.system.version properties: { v: 2, key: { version: 1 }, name: "incompatible_with_version_32", ns: "admin.system.version" }
2022-06-17 16:13:26.044  INFO 14264 --- [      Thread-15] o.s.b.a.mongo.embedded.EmbeddedMongo     : 2022-06-17T16:13:26.043+0200 I INDEX    [initandlisten] 	 building index using bulk method; build may temporarily use up to 500 megabytes of RAM
2022-06-17 16:13:26.047  INFO 14264 --- [      Thread-15] o.s.b.a.mongo.embedded.EmbeddedMongo     : 2022-06-17T16:13:26.047+0200 I INDEX    [initandlisten] build index done.  scanned 0 total records. 0 secs
2022-06-17 16:13:26.048  INFO 14264 --- [      Thread-15] o.s.b.a.mongo.embedded.EmbeddedMongo     : 2022-06-17T16:13:26.049+0200 I COMMAND  [initandlisten] setting featureCompatibilityVersion to 3.4
2022-06-17 16:13:26.050  INFO 14264 --- [      Thread-15] o.s.b.a.mongo.embedded.EmbeddedMongo     : 2022-06-17T16:13:26.050+0200 I NETWORK  [thread1] waiting for connections on port 27017
2022-06-17 16:13:26.050  INFO 14264 --- [    Test worker] d.f.embed.mongo.MongodExecutable         : start de.flapdoodle.embed.mongo.config.MongodConfigBuilder$ImmutableMongodConfig@21bbbb69
2022-06-17 16:13:26.054  INFO 14264 --- [    Test worker] org.mongodb.driver.cluster               : Cluster created with settings {hosts=[localhost:27017], mode=SINGLE, requiredClusterType=UNKNOWN, serverSelectionTimeout='30000 ms'}
2022-06-17 16:13:26.056  INFO 14264 --- [      Thread-15] o.s.b.a.mongo.embedded.EmbeddedMongo     : 2022-06-17T16:13:26.056+0200 I NETWORK  [thread1] connection accepted from 127.0.0.1:53953 #1 (1 connection now open)
2022-06-17 16:13:26.056  INFO 14264 --- [      Thread-15] o.s.b.a.mongo.embedded.EmbeddedMongo     : 2022-06-17T16:13:26.057+0200 I NETWORK  [conn1] received client metadata from 127.0.0.1:53953 conn1: { driver: { name: "mongo-java-driver|sync|spring-boot", version: "4.0.5" }, os: { type: "Windows", name: "Windows 10", architecture: "amd64", version: "10.0" }, platform: "Java/Oracle Corporation/11.0.9+7-LTS" }
2022-06-17 16:13:26.058  INFO 14264 --- [localhost:27017] org.mongodb.driver.connection            : Opened connection [connectionId{localValue:3, serverValue:1}] to localhost:27017
2022-06-17 16:13:26.059  INFO 14264 --- [localhost:27017] org.mongodb.driver.cluster               : Monitor thread successfully connected to server with description ServerDescription{address=localhost:27017, type=STANDALONE, state=CONNECTED, ok=true, minWireVersion=0, maxWireVersion=5, maxDocumentSize=16777216, logicalSessionTimeoutMinutes=null, roundTripTimeNanos=674400}
2022-06-17 16:13:26.157  INFO 14264 --- [      Thread-15] o.s.b.a.mongo.embedded.EmbeddedMongo     : 2022-06-17T16:13:26.157+0200 I NETWORK  [thread1] connection accepted from 127.0.0.1:53954 #2 (2 connections now open)
2022-06-17 16:13:26.157  INFO 14264 --- [      Thread-15] o.s.b.a.mongo.embedded.EmbeddedMongo     : 2022-06-17T16:13:26.157+0200 I NETWORK  [conn2] received client metadata from 127.0.0.1:53954 conn2: { driver: { name: "mongo-java-driver|sync|spring-boot", version: "4.0.5" }, os: { type: "Windows", name: "Windows 10", architecture: "amd64", version: "10.0" }, platform: "Java/Oracle Corporation/11.0.9+7-LTS" }
2022-06-17 16:13:26.159  INFO 14264 --- [    Test worker] org.mongodb.driver.connection            : Opened connection [connectionId{localValue:4, serverValue:2}] to localhost:27017
2022-06-17 16:13:26.192  INFO 14264 --- [      Thread-15] o.s.b.a.mongo.embedded.EmbeddedMongo     : 2022-06-17T16:13:26.191+0200 I INDEX    [conn2] build index on: employee-db.employees properties: { v: 2, unique: true, key: { insuranceCompanyId: 1, employeeId: 1 }, name: "incom-empl-id", ns: "employee-db.employees" }
2022-06-17 16:13:26.192  INFO 14264 --- [      Thread-15] o.s.b.a.mongo.embedded.EmbeddedMongo     : 2022-06-17T16:13:26.191+0200 I INDEX    [conn2] 	 building index using bulk method; build may temporarily use up to 500 megabytes of RAM
2022-06-17 16:13:26.195  INFO 14264 --- [      Thread-15] o.s.b.a.mongo.embedded.EmbeddedMongo     : 2022-06-17T16:13:26.195+0200 I INDEX    [conn2] build index done.  scanned 0 total records. 0 secs
2022-06-17 16:13:26.196  INFO 14264 --- [    Test worker] s.m.m.core.employee.PersistenceTests     : Started PersistenceTests in 1.654 seconds (JVM running for 10.879)
2022-06-17 16:13:26.202 DEBUG 14264 --- [    Test worker] o.s.data.mongodb.core.MongoTemplate      : Remove using query: {} in collection: employees.
2022-06-17 16:13:26.213 DEBUG 14264 --- [    Test worker] o.s.data.mongodb.core.MongoTemplate      : Inserting Document containing fields: [version, insuranceCompanyId, employeeId, name, surname, education, specialization, _class] in collection: employees
2022-06-17 16:13:26.217 DEBUG 14264 --- [    Test worker] o.s.data.mongodb.core.MongoTemplate      : findOne using query: { "id" : "62ac8c063e766620619dbfb8"} fields: Document{{}} for class: class se.magnus.microservices.core.employee.persistence.EmployeeEntity in collection: employees
2022-06-17 16:13:26.221 DEBUG 14264 --- [    Test worker] o.s.data.mongodb.core.MongoTemplate      : findOne using query: { "_id" : { "$oid" : "62ac8c063e766620619dbfb8"}} fields: {} in db.collection: employee-db.employees
2022-06-17 16:13:26.226 DEBUG 14264 --- [    Test worker] o.s.data.mongodb.core.MongoTemplate      : findOne using query: { "id" : "62ac8c063e766620619dbfb8"} fields: Document{{}} for class: class se.magnus.microservices.core.employee.persistence.EmployeeEntity in collection: employees
2022-06-17 16:13:26.226 DEBUG 14264 --- [    Test worker] o.s.data.mongodb.core.MongoTemplate      : findOne using query: { "_id" : { "$oid" : "62ac8c063e766620619dbfb8"}} fields: {} in db.collection: employee-db.employees
2022-06-17 16:13:26.237 DEBUG 14264 --- [    Test worker] o.s.data.mongodb.core.MongoTemplate      : Calling update using query: { "_id" : { "$oid" : "62ac8c063e766620619dbfb8"}, "version" : 0} and update: { "version" : 1, "insuranceCompanyId" : 1, "employeeId" : 1, "name" : "name2", "surname" : "surname1", "education" : "education1", "specialization" : "specialization1", "_class" : "se.magnus.microservices.core.employee.persistence.EmployeeEntity"} in collection: employees
2022-06-17 16:13:26.246 DEBUG 14264 --- [    Test worker] o.s.data.mongodb.core.MongoTemplate      : Calling update using query: { "_id" : { "$oid" : "62ac8c063e766620619dbfb8"}, "version" : 0} and update: { "version" : 1, "insuranceCompanyId" : 1, "employeeId" : 1, "name" : "name3", "surname" : "surname1", "education" : "education1", "specialization" : "specialization1", "_class" : "se.magnus.microservices.core.employee.persistence.EmployeeEntity"} in collection: employees
2022-06-17 16:13:26.249 DEBUG 14264 --- [    Test worker] o.s.data.mongodb.core.MongoTemplate      : findOne using query: { "id" : "62ac8c063e766620619dbfb8"} fields: Document{{}} for class: class se.magnus.microservices.core.employee.persistence.EmployeeEntity in collection: employees
2022-06-17 16:13:26.250 DEBUG 14264 --- [    Test worker] o.s.data.mongodb.core.MongoTemplate      : findOne using query: { "_id" : { "$oid" : "62ac8c063e766620619dbfb8"}} fields: {} in db.collection: employee-db.employees
2022-06-17 16:13:26.260 DEBUG 14264 --- [    Test worker] o.s.data.mongodb.core.MongoTemplate      : Remove using query: {} in collection: employees.
2022-06-17 16:13:26.262 DEBUG 14264 --- [    Test worker] o.s.data.mongodb.core.MongoTemplate      : Inserting Document containing fields: [version, insuranceCompanyId, employeeId, name, surname, education, specialization, _class] in collection: employees
2022-06-17 16:13:26.267 DEBUG 14264 --- [    Test worker] o.s.data.mongodb.core.MongoTemplate      : Remove using query: { "_id" : { "$oid" : "62ac8c063e766620619dbfb9"}, "version" : 0} in collection: employees.
2022-06-17 16:13:26.272 DEBUG 14264 --- [    Test worker] o.s.data.mongodb.core.MongoTemplate      : Executing count: { "_id" : { "$oid" : "62ac8c063e766620619dbfb9"}} in collection: employees
2022-06-17 16:13:26.292 DEBUG 14264 --- [    Test worker] o.s.data.mongodb.core.MongoTemplate      : Remove using query: {} in collection: employees.
2022-06-17 16:13:26.294 DEBUG 14264 --- [    Test worker] o.s.data.mongodb.core.MongoTemplate      : Inserting Document containing fields: [version, insuranceCompanyId, employeeId, name, surname, education, specialization, _class] in collection: employees
2022-06-17 16:13:26.297 DEBUG 14264 --- [    Test worker] o.s.data.mongodb.core.MongoTemplate      : find using query: { "insuranceCompanyId" : 1} fields: Document{{}} for class: class se.magnus.microservices.core.employee.persistence.EmployeeEntity in collection: employees
2022-06-17 16:13:26.313 DEBUG 14264 --- [    Test worker] o.s.data.mongodb.core.MongoTemplate      : Remove using query: {} in collection: employees.
2022-06-17 16:13:26.315 DEBUG 14264 --- [    Test worker] o.s.data.mongodb.core.MongoTemplate      : Inserting Document containing fields: [version, insuranceCompanyId, employeeId, name, surname, education, specialization, _class] in collection: employees
2022-06-17 16:13:26.319 DEBUG 14264 --- [    Test worker] o.s.data.mongodb.core.MongoTemplate      : Calling update using query: { "_id" : { "$oid" : "62ac8c063e766620619dbfbb"}, "version" : 0} and update: { "version" : 1, "insuranceCompanyId" : 1, "employeeId" : 1, "name" : "name2", "surname" : "surname1", "education" : "education1", "specialization" : "specialization1", "_class" : "se.magnus.microservices.core.employee.persistence.EmployeeEntity"} in collection: employees
2022-06-17 16:13:26.327 DEBUG 14264 --- [    Test worker] o.s.data.mongodb.core.MongoTemplate      : findOne using query: { "id" : "62ac8c063e766620619dbfbb"} fields: Document{{}} for class: class se.magnus.microservices.core.employee.persistence.EmployeeEntity in collection: employees
2022-06-17 16:13:26.328 DEBUG 14264 --- [    Test worker] o.s.data.mongodb.core.MongoTemplate      : findOne using query: { "_id" : { "$oid" : "62ac8c063e766620619dbfbb"}} fields: {} in db.collection: employee-db.employees
2022-06-17 16:13:26.334 DEBUG 14264 --- [    Test worker] o.s.data.mongodb.core.MongoTemplate      : Remove using query: {} in collection: employees.
2022-06-17 16:13:26.336 DEBUG 14264 --- [    Test worker] o.s.data.mongodb.core.MongoTemplate      : Inserting Document containing fields: [version, insuranceCompanyId, employeeId, name, surname, education, specialization, _class] in collection: employees
2022-06-17 16:13:26.337 DEBUG 14264 --- [    Test worker] o.s.data.mongodb.core.MongoTemplate      : Inserting Document containing fields: [version, insuranceCompanyId, employeeId, name, surname, education, specialization, _class] in collection: employees
2022-06-17 16:13:26.340 DEBUG 14264 --- [    Test worker] o.s.data.mongodb.core.MongoTemplate      : findOne using query: { "id" : "62ac8c063e766620619dbfbd"} fields: Document{{}} for class: class se.magnus.microservices.core.employee.persistence.EmployeeEntity in collection: employees
2022-06-17 16:13:26.340 DEBUG 14264 --- [    Test worker] o.s.data.mongodb.core.MongoTemplate      : findOne using query: { "_id" : { "$oid" : "62ac8c063e766620619dbfbd"}} fields: {} in db.collection: employee-db.employees
2022-06-17 16:13:26.345 DEBUG 14264 --- [    Test worker] o.s.data.mongodb.core.MongoTemplate      : Executing count: {} in collection: employees
]]></system-out>
  <system-err><![CDATA[]]></system-err>
</testsuite>
