<?xml version="1.0" encoding="UTF-8"?>
<testsuite name="se.magnus.microservices.core.employee.EmployeeServiceApplicationTests" tests="7" skipped="0" failures="0" errors="0" timestamp="2022-05-28T12:08:04" hostname="DESKTOP-HJGV6OB" time="1.204">
  <properties/>
  <testcase name="getEmployeesByInsuranceCompanyId" classname="se.magnus.microservices.core.employee.EmployeeServiceApplicationTests" time="0.989"/>
  <testcase name="deleteEmployees" classname="se.magnus.microservices.core.employee.EmployeeServiceApplicationTests" time="0.056"/>
  <testcase name="getEmployeesNotFound" classname="se.magnus.microservices.core.employee.EmployeeServiceApplicationTests" time="0.064"/>
  <testcase name="getEmployeesMissingParameter" classname="se.magnus.microservices.core.employee.EmployeeServiceApplicationTests" time="0.035"/>
  <testcase name="postEmployee" classname="se.magnus.microservices.core.employee.EmployeeServiceApplicationTests" time="0.019"/>
  <testcase name="getEmployeesInvalidParameterNegativeValue" classname="se.magnus.microservices.core.employee.EmployeeServiceApplicationTests" time="0.024"/>
  <testcase name="getEmployeesInvalidParameter" classname="se.magnus.microservices.core.employee.EmployeeServiceApplicationTests" time="0.013"/>
  <system-out><![CDATA[14:07:56.495 [Test worker] DEBUG org.springframework.test.annotation.ProfileValueUtils - Retrieved @ProfileValueSourceConfiguration [null] for test class [se.magnus.microservices.core.employee.EmployeeServiceApplicationTests]
14:07:56.495 [Test worker] DEBUG org.springframework.test.annotation.ProfileValueUtils - Retrieved ProfileValueSource type [class org.springframework.test.annotation.SystemProfileValueSource] for class [se.magnus.microservices.core.employee.EmployeeServiceApplicationTests]
14:07:56.496 [Test worker] DEBUG org.springframework.test.annotation.ProfileValueUtils - Retrieved @ProfileValueSourceConfiguration [null] for test class [se.magnus.microservices.core.employee.EmployeeServiceApplicationTests]
14:07:56.497 [Test worker] DEBUG org.springframework.test.annotation.ProfileValueUtils - Retrieved ProfileValueSource type [class org.springframework.test.annotation.SystemProfileValueSource] for class [se.magnus.microservices.core.employee.EmployeeServiceApplicationTests]
14:07:56.505 [Test worker] DEBUG org.springframework.test.context.support.AbstractDirtiesContextTestExecutionListener - Before test class: context [DefaultTestContext@54e60d51 testClass = EmployeeServiceApplicationTests, testInstance = [null], testMethod = [null], testException = [null], mergedContextConfiguration = [ReactiveWebMergedContextConfiguration@14f5b2a9 testClass = EmployeeServiceApplicationTests, locations = '{}', classes = '{class se.magnus.microservices.core.employee.EmployeeServiceApplication}', contextInitializerClasses = '[]', activeProfiles = '{}', propertySourceLocations = '{}', propertySourceProperties = '{spring.data.mongodb.port: 0, org.springframework.boot.test.context.SpringBootTestContextBootstrapper=true, server.port=0}', contextCustomizers = set[org.springframework.boot.test.autoconfigure.properties.PropertyMappingContextCustomizer@0, org.springframework.boot.test.autoconfigure.web.servlet.WebDriverContextCustomizerFactory$Customizer@3afc9de4, org.springframework.boot.test.context.filter.ExcludeFilterContextCustomizer@5298c1a5, org.springframework.boot.test.json.DuplicateJsonObjectContextCustomizerFactory$DuplicateJsonObjectContextCustomizer@624a9bf7, org.springframework.boot.test.mock.mockito.MockitoContextCustomizer@0, org.springframework.boot.test.web.client.TestRestTemplateContextCustomizer@2963e713, org.springframework.boot.test.web.reactive.server.WebTestClientContextCustomizer@6c1433e4, org.springframework.boot.test.context.SpringBootTestArgs@1], contextLoader = 'org.springframework.boot.test.context.SpringBootContextLoader', parent = [null]], attributes = map['org.springframework.test.context.web.ServletTestExecutionListener.activateListener' -> false]], class annotated with @DirtiesContext [false] with mode [null].
14:07:56.507 [Test worker] DEBUG org.springframework.test.annotation.ProfileValueUtils - Retrieved @ProfileValueSourceConfiguration [null] for test class [se.magnus.microservices.core.employee.EmployeeServiceApplicationTests]
14:07:56.507 [Test worker] DEBUG org.springframework.test.annotation.ProfileValueUtils - Retrieved ProfileValueSource type [class org.springframework.test.annotation.SystemProfileValueSource] for class [se.magnus.microservices.core.employee.EmployeeServiceApplicationTests]
14:07:56.514 [Test worker] DEBUG org.springframework.test.context.support.DependencyInjectionTestExecutionListener - Performing dependency injection for test context [[DefaultTestContext@54e60d51 testClass = EmployeeServiceApplicationTests, testInstance = se.magnus.microservices.core.employee.EmployeeServiceApplicationTests@4cbab1fb, testMethod = [null], testException = [null], mergedContextConfiguration = [ReactiveWebMergedContextConfiguration@14f5b2a9 testClass = EmployeeServiceApplicationTests, locations = '{}', classes = '{class se.magnus.microservices.core.employee.EmployeeServiceApplication}', contextInitializerClasses = '[]', activeProfiles = '{}', propertySourceLocations = '{}', propertySourceProperties = '{spring.data.mongodb.port: 0, org.springframework.boot.test.context.SpringBootTestContextBootstrapper=true, server.port=0}', contextCustomizers = set[org.springframework.boot.test.autoconfigure.properties.PropertyMappingContextCustomizer@0, org.springframework.boot.test.autoconfigure.web.servlet.WebDriverContextCustomizerFactory$Customizer@3afc9de4, org.springframework.boot.test.context.filter.ExcludeFilterContextCustomizer@5298c1a5, org.springframework.boot.test.json.DuplicateJsonObjectContextCustomizerFactory$DuplicateJsonObjectContextCustomizer@624a9bf7, org.springframework.boot.test.mock.mockito.MockitoContextCustomizer@0, org.springframework.boot.test.web.client.TestRestTemplateContextCustomizer@2963e713, org.springframework.boot.test.web.reactive.server.WebTestClientContextCustomizer@6c1433e4, org.springframework.boot.test.context.SpringBootTestArgs@1], contextLoader = 'org.springframework.boot.test.context.SpringBootContextLoader', parent = [null]], attributes = map['org.springframework.test.context.web.ServletTestExecutionListener.activateListener' -> false]]].
14:07:56.545 [Test worker] DEBUG org.springframework.test.context.support.TestPropertySourceUtils - Adding inlined properties to environment: {spring.jmx.enabled=false, spring.data.mongodb.port: 0, org.springframework.boot.test.context.SpringBootTestContextBootstrapper=true, server.port=0}

  .   ____          _            __ _ _
 /\\ / ___'_ __ _ _(_)_ __  __ _ \ \ \ \
( ( )\___ | '_ | '_| | '_ \/ _` | \ \ \ \
 \\/  ___)| |_)| | | | | || (_| |  ) ) ) )
  '  |____| .__|_| |_|_| |_\__, | / / / /
 =========|_|==============|___/=/_/_/_/
 :: Spring Boot ::        (v2.3.2.RELEASE)

2022-05-28 14:07:57.031  INFO 9368 --- [    Test worker] .m.m.c.e.EmployeeServiceApplicationTests : Starting EmployeeServiceApplicationTests on DESKTOP-HJGV6OB with PID 9368 (started by user in C:\Users\user\git\InsuranceCompanyMicroservices_DIS\DIS_projekat\microservices\employee-service)
2022-05-28 14:07:57.032 DEBUG 9368 --- [    Test worker] .m.m.c.e.EmployeeServiceApplicationTests : Running with Spring Boot v2.3.2.RELEASE, Spring v5.2.8.RELEASE
2022-05-28 14:07:57.033  INFO 9368 --- [    Test worker] .m.m.c.e.EmployeeServiceApplicationTests : No active profile set, falling back to default profiles: default
2022-05-28 14:07:58.066  INFO 9368 --- [    Test worker] .s.d.r.c.RepositoryConfigurationDelegate : Bootstrapping Spring Data MongoDB repositories in DEFAULT mode.
2022-05-28 14:07:58.254  INFO 9368 --- [    Test worker] .s.d.r.c.RepositoryConfigurationDelegate : Finished Spring Data repository scanning in 180ms. Found 1 MongoDB repository interfaces.
2022-05-28 14:08:00.834  INFO 9368 --- [       Thread-4] o.s.b.a.mongo.embedded.EmbeddedMongo     : note: noprealloc may hurt performance in many applications
2022-05-28 14:08:00.887  INFO 9368 --- [       Thread-4] o.s.b.a.mongo.embedded.EmbeddedMongo     : 2022-05-28T14:08:00.887+0200 I CONTROL  [initandlisten] MongoDB starting : pid=13448 port=55163 dbpath=C:\Users\user\AppData\Local\Temp\embedmongo-db-3778ead3-50d6-4d62-bc86-25e6c83d648d 64-bit host=DESKTOP-HJGV6OB
2022-05-28 14:08:00.888  INFO 9368 --- [       Thread-4] o.s.b.a.mongo.embedded.EmbeddedMongo     : 2022-05-28T14:08:00.888+0200 I CONTROL  [initandlisten] targetMinOS: Windows Vista/Windows Server 2008
2022-05-28 14:08:00.888  INFO 9368 --- [       Thread-4] o.s.b.a.mongo.embedded.EmbeddedMongo     : 2022-05-28T14:08:00.888+0200 I CONTROL  [initandlisten] db version v3.5.5
2022-05-28 14:08:00.888  INFO 9368 --- [       Thread-4] o.s.b.a.mongo.embedded.EmbeddedMongo     : 2022-05-28T14:08:00.888+0200 I CONTROL  [initandlisten] git version: 98515c812b6fa893613f063dae568ff8319cbfbd
2022-05-28 14:08:00.888  INFO 9368 --- [       Thread-4] o.s.b.a.mongo.embedded.EmbeddedMongo     : 2022-05-28T14:08:00.888+0200 I CONTROL  [initandlisten] allocator: tcmalloc
2022-05-28 14:08:00.889  INFO 9368 --- [       Thread-4] o.s.b.a.mongo.embedded.EmbeddedMongo     : 2022-05-28T14:08:00.888+0200 I CONTROL  [initandlisten] modules: none
2022-05-28 14:08:00.889  INFO 9368 --- [       Thread-4] o.s.b.a.mongo.embedded.EmbeddedMongo     : 2022-05-28T14:08:00.888+0200 I CONTROL  [initandlisten] build environment:
2022-05-28 14:08:00.889  INFO 9368 --- [       Thread-4] o.s.b.a.mongo.embedded.EmbeddedMongo     : 2022-05-28T14:08:00.888+0200 I CONTROL  [initandlisten]     distarch: x86_64
2022-05-28 14:08:00.889  INFO 9368 --- [       Thread-4] o.s.b.a.mongo.embedded.EmbeddedMongo     : 2022-05-28T14:08:00.888+0200 I CONTROL  [initandlisten]     target_arch: x86_64
2022-05-28 14:08:00.890  INFO 9368 --- [       Thread-4] o.s.b.a.mongo.embedded.EmbeddedMongo     : 2022-05-28T14:08:00.888+0200 I CONTROL  [initandlisten] options: { net: { bindIp: "127.0.0.1", http: { enabled: false }, port: 55163 }, security: { authorization: "disabled" }, storage: { dbPath: "C:\Users\user\AppData\Local\Temp\embedmongo-db-3778ead3-50d6-4d62-bc86-25e6c83d648d", journal: { enabled: false }, mmapv1: { preallocDataFiles: false, smallFiles: true }, syncPeriodSecs: 0.0 } }
2022-05-28 14:08:00.891  INFO 9368 --- [       Thread-4] o.s.b.a.mongo.embedded.EmbeddedMongo     : 2022-05-28T14:08:00.889+0200 I STORAGE  [initandlisten] wiredtiger_open config: create,cache_size=3474M,session_max=20000,eviction=(threads_min=4,threads_max=4),config_base=false,statistics=(fast),log=(enabled=true,archive=true,path=journal,compressor=snappy),file_manager=(close_idle_time=100000),checkpoint=(wait=0,log_size=2GB),statistics_log=(wait=0),verbose=(recovery_progress),,log=(enabled=false),
2022-05-28 14:08:00.974  INFO 9368 --- [       Thread-4] o.s.b.a.mongo.embedded.EmbeddedMongo     : 2022-05-28T14:08:00.974+0200 W STORAGE  [initandlisten] Detected configuration for non-active storage engine mmapv1 when current storage engine is wiredTiger
2022-05-28 14:08:00.974  INFO 9368 --- [       Thread-4] o.s.b.a.mongo.embedded.EmbeddedMongo     : 2022-05-28T14:08:00.974+0200 I CONTROL  [initandlisten] 
2022-05-28 14:08:00.974  INFO 9368 --- [       Thread-4] o.s.b.a.mongo.embedded.EmbeddedMongo     : 2022-05-28T14:08:00.974+0200 I CONTROL  [initandlisten] ** NOTE: This is a development version (3.5.5) of MongoDB.
2022-05-28 14:08:00.975  INFO 9368 --- [       Thread-4] o.s.b.a.mongo.embedded.EmbeddedMongo     : 2022-05-28T14:08:00.974+0200 I CONTROL  [initandlisten] **       Not recommended for production.
2022-05-28 14:08:00.975  INFO 9368 --- [       Thread-4] o.s.b.a.mongo.embedded.EmbeddedMongo     : 2022-05-28T14:08:00.974+0200 I CONTROL  [initandlisten] 
2022-05-28 14:08:01.625  INFO 9368 --- [       Thread-4] o.s.b.a.mongo.embedded.EmbeddedMongo     : 2022-05-28T14:08:01.625+0200 I FTDC     [initandlisten] Initializing full-time diagnostic data capture with directory 'C:/Users/user/AppData/Local/Temp/embedmongo-db-3778ead3-50d6-4d62-bc86-25e6c83d648d/diagnostic.data'
2022-05-28 14:08:01.664  INFO 9368 --- [       Thread-4] o.s.b.a.mongo.embedded.EmbeddedMongo     : 2022-05-28T14:08:01.664+0200 I INDEX    [initandlisten] build index on: admin.system.version properties: { v: 2, key: { version: 1 }, name: "incompatible_with_version_32", ns: "admin.system.version" }
2022-05-28 14:08:01.665  INFO 9368 --- [       Thread-4] o.s.b.a.mongo.embedded.EmbeddedMongo     : 2022-05-28T14:08:01.664+0200 I INDEX    [initandlisten] 	 building index using bulk method; build may temporarily use up to 500 megabytes of RAM
2022-05-28 14:08:01.668  INFO 9368 --- [       Thread-4] o.s.b.a.mongo.embedded.EmbeddedMongo     : 2022-05-28T14:08:01.668+0200 I INDEX    [initandlisten] build index done.  scanned 0 total records. 0 secs
2022-05-28 14:08:01.671  INFO 9368 --- [       Thread-4] o.s.b.a.mongo.embedded.EmbeddedMongo     : 2022-05-28T14:08:01.671+0200 I COMMAND  [initandlisten] setting featureCompatibilityVersion to 3.4
2022-05-28 14:08:01.672  INFO 9368 --- [       Thread-4] o.s.b.a.mongo.embedded.EmbeddedMongo     : 2022-05-28T14:08:01.672+0200 I NETWORK  [thread1] waiting for connections on port 55163
2022-05-28 14:08:01.673  INFO 9368 --- [    Test worker] d.f.embed.mongo.MongodExecutable         : start de.flapdoodle.embed.mongo.config.MongodConfigBuilder$ImmutableMongodConfig@167d82
2022-05-28 14:08:01.750  INFO 9368 --- [    Test worker] org.mongodb.driver.cluster               : Cluster created with settings {hosts=[localhost:55163], mode=SINGLE, requiredClusterType=UNKNOWN, serverSelectionTimeout='30000 ms'}
2022-05-28 14:08:01.798  INFO 9368 --- [       Thread-4] o.s.b.a.mongo.embedded.EmbeddedMongo     : 2022-05-28T14:08:01.798+0200 I NETWORK  [thread1] connection accepted from 127.0.0.1:55166 #1 (1 connection now open)
2022-05-28 14:08:01.812  INFO 9368 --- [       Thread-4] o.s.b.a.mongo.embedded.EmbeddedMongo     : 2022-05-28T14:08:01.812+0200 I NETWORK  [conn1] received client metadata from 127.0.0.1:55166 conn1: { driver: { name: "mongo-java-driver|sync|spring-boot", version: "4.0.5" }, os: { type: "Windows", name: "Windows 10", architecture: "amd64", version: "10.0" }, platform: "Java/Oracle Corporation/11.0.9+7-LTS" }
2022-05-28 14:08:01.831  INFO 9368 --- [localhost:55163] org.mongodb.driver.connection            : Opened connection [connectionId{localValue:1, serverValue:1}] to localhost:55163
2022-05-28 14:08:01.836  INFO 9368 --- [localhost:55163] org.mongodb.driver.cluster               : Monitor thread successfully connected to server with description ServerDescription{address=localhost:55163, type=STANDALONE, state=CONNECTED, ok=true, minWireVersion=0, maxWireVersion=5, maxDocumentSize=16777216, logicalSessionTimeoutMinutes=null, roundTripTimeNanos=1865800}
2022-05-28 14:08:02.827  INFO 9368 --- [    Test worker] o.s.b.a.e.web.EndpointLinksResolver      : Exposing 2 endpoint(s) beneath base path '/actuator'
2022-05-28 14:08:03.969  INFO 9368 --- [    Test worker] o.s.b.web.embedded.netty.NettyWebServer  : Netty started on port(s): 55185
2022-05-28 14:08:04.021  INFO 9368 --- [       Thread-4] o.s.b.a.mongo.embedded.EmbeddedMongo     : 2022-05-28T14:08:04.022+0200 I NETWORK  [thread1] connection accepted from 127.0.0.1:55186 #2 (2 connections now open)
2022-05-28 14:08:04.022  INFO 9368 --- [       Thread-4] o.s.b.a.mongo.embedded.EmbeddedMongo     : 2022-05-28T14:08:04.022+0200 I NETWORK  [conn2] received client metadata from 127.0.0.1:55186 conn2: { driver: { name: "mongo-java-driver|sync|spring-boot", version: "4.0.5" }, os: { type: "Windows", name: "Windows 10", architecture: "amd64", version: "10.0" }, platform: "Java/Oracle Corporation/11.0.9+7-LTS" }
2022-05-28 14:08:04.024  INFO 9368 --- [    Test worker] org.mongodb.driver.connection            : Opened connection [connectionId{localValue:2, serverValue:2}] to localhost:55163
2022-05-28 14:08:04.069  INFO 9368 --- [       Thread-4] o.s.b.a.mongo.embedded.EmbeddedMongo     : 2022-05-28T14:08:04.068+0200 I INDEX    [conn2] build index on: employee-db.employees properties: { v: 2, unique: true, key: { insuranceCompanyId: 1, employeeId: 1 }, name: "incom-empl-id", ns: "employee-db.employees" }
2022-05-28 14:08:04.069  INFO 9368 --- [       Thread-4] o.s.b.a.mongo.embedded.EmbeddedMongo     : 2022-05-28T14:08:04.068+0200 I INDEX    [conn2] 	 building index using bulk method; build may temporarily use up to 500 megabytes of RAM
2022-05-28 14:08:04.072  INFO 9368 --- [       Thread-4] o.s.b.a.mongo.embedded.EmbeddedMongo     : 2022-05-28T14:08:04.072+0200 I INDEX    [conn2] build index done.  scanned 0 total records. 0 secs
2022-05-28 14:08:04.087  INFO 9368 --- [    Test worker] .m.m.c.e.EmployeeServiceApplicationTests : Started EmployeeServiceApplicationTests in 7.537 seconds (JVM running for 9.345)
2022-05-28 14:08:04.545 DEBUG 9368 --- [    Test worker] o.s.data.mongodb.core.MongoTemplate      : Remove using query: {} in collection: employees.
2022-05-28 14:08:05.006 DEBUG 9368 --- [ctor-http-nio-3] o.s.data.mongodb.core.MongoTemplate      : Inserting Document containing fields: [version, insuranceCompanyId, employeeId, name, surname, education, specialization, _class] in collection: employees
2022-05-28 14:08:05.017 DEBUG 9368 --- [ctor-http-nio-3] s.m.m.c.e.services.EmployeeServiceImpl   : createEmployee: created a employee entity: 1/1
2022-05-28 14:08:05.058 DEBUG 9368 --- [ctor-http-nio-3] o.s.data.mongodb.core.MongoTemplate      : Inserting Document containing fields: [version, insuranceCompanyId, employeeId, name, surname, education, specialization, _class] in collection: employees
2022-05-28 14:08:05.060 DEBUG 9368 --- [ctor-http-nio-3] s.m.m.c.e.services.EmployeeServiceImpl   : createEmployee: created a employee entity: 1/2
2022-05-28 14:08:05.068 DEBUG 9368 --- [ctor-http-nio-3] o.s.data.mongodb.core.MongoTemplate      : Inserting Document containing fields: [version, insuranceCompanyId, employeeId, name, surname, education, specialization, _class] in collection: employees
2022-05-28 14:08:05.070 DEBUG 9368 --- [ctor-http-nio-3] s.m.m.c.e.services.EmployeeServiceImpl   : createEmployee: created a employee entity: 1/3
2022-05-28 14:08:05.091 DEBUG 9368 --- [    Test worker] o.s.data.mongodb.core.MongoTemplate      : find using query: { "insuranceCompanyId" : 1} fields: Document{{}} for class: class se.magnus.microservices.core.employee.persistence.EmployeeEntity in collection: employees
2022-05-28 14:08:05.138 DEBUG 9368 --- [    Test worker] o.s.data.mongodb.core.MongoTemplate      : Remove using query: {} in collection: employees.
2022-05-28 14:08:05.145 DEBUG 9368 --- [ctor-http-nio-3] o.s.data.mongodb.core.MongoTemplate      : Inserting Document containing fields: [version, insuranceCompanyId, employeeId, name, surname, education, specialization, _class] in collection: employees
2022-05-28 14:08:05.147 DEBUG 9368 --- [ctor-http-nio-3] s.m.m.c.e.services.EmployeeServiceImpl   : createEmployee: created a employee entity: 1/1
2022-05-28 14:08:05.151 DEBUG 9368 --- [    Test worker] o.s.data.mongodb.core.MongoTemplate      : find using query: { "insuranceCompanyId" : 1} fields: Document{{}} for class: class se.magnus.microservices.core.employee.persistence.EmployeeEntity in collection: employees
2022-05-28 14:08:05.166 DEBUG 9368 --- [ctor-http-nio-3] s.m.m.c.e.services.EmployeeServiceImpl   : deleteEmployees: tries to delete employees for the insurance company with insuranceCompanyId: 1
2022-05-28 14:08:05.168 DEBUG 9368 --- [ctor-http-nio-3] o.s.data.mongodb.core.MongoTemplate      : find using query: { "insuranceCompanyId" : 1} fields: Document{{}} for class: class se.magnus.microservices.core.employee.persistence.EmployeeEntity in collection: employees
2022-05-28 14:08:05.173 DEBUG 9368 --- [ctor-http-nio-3] o.s.data.mongodb.core.MongoTemplate      : Remove using query: { "_id" : { "$oid" : "629210a532db6c2df9302b24"}, "version" : 0} in collection: employees.
2022-05-28 14:08:05.179 DEBUG 9368 --- [    Test worker] o.s.data.mongodb.core.MongoTemplate      : find using query: { "insuranceCompanyId" : 1} fields: Document{{}} for class: class se.magnus.microservices.core.employee.persistence.EmployeeEntity in collection: employees
2022-05-28 14:08:05.185 DEBUG 9368 --- [ctor-http-nio-3] s.m.m.c.e.services.EmployeeServiceImpl   : deleteEmployees: tries to delete employees for the insurance company with insuranceCompanyId: 1
2022-05-28 14:08:05.186 DEBUG 9368 --- [ctor-http-nio-3] o.s.data.mongodb.core.MongoTemplate      : find using query: { "insuranceCompanyId" : 1} fields: Document{{}} for class: class se.magnus.microservices.core.employee.persistence.EmployeeEntity in collection: employees
2022-05-28 14:08:05.194 DEBUG 9368 --- [    Test worker] o.s.data.mongodb.core.MongoTemplate      : Remove using query: {} in collection: employees.
2022-05-28 14:08:05.200 DEBUG 9368 --- [ctor-http-nio-3] o.s.data.mongodb.core.MongoTemplate      : find using query: { "insuranceCompanyId" : 113} fields: Document{{}} for class: class se.magnus.microservices.core.employee.persistence.EmployeeEntity in collection: employees
2022-05-28 14:08:05.202 DEBUG 9368 --- [ctor-http-nio-3] s.m.m.c.e.services.EmployeeServiceImpl   : getEmployees: response size: 0
2022-05-28 14:08:05.259 DEBUG 9368 --- [    Test worker] o.s.data.mongodb.core.MongoTemplate      : Remove using query: {} in collection: employees.
2022-05-28 14:08:05.294 DEBUG 9368 --- [    Test worker] o.s.data.mongodb.core.MongoTemplate      : Remove using query: {} in collection: employees.
2022-05-28 14:08:05.300 DEBUG 9368 --- [ctor-http-nio-3] o.s.data.mongodb.core.MongoTemplate      : Inserting Document containing fields: [version, insuranceCompanyId, employeeId, name, surname, education, specialization, _class] in collection: employees
2022-05-28 14:08:05.302 DEBUG 9368 --- [ctor-http-nio-3] s.m.m.c.e.services.EmployeeServiceImpl   : createEmployee: created a employee entity: 1/1
2022-05-28 14:08:05.307 DEBUG 9368 --- [    Test worker] o.s.data.mongodb.core.MongoTemplate      : find using query: { "employeeId" : 1} fields: Document{{}} for class: class se.magnus.microservices.core.employee.persistence.EmployeeEntity in collection: employees
2022-05-28 14:08:05.314 DEBUG 9368 --- [    Test worker] o.s.data.mongodb.core.MongoTemplate      : Remove using query: {} in collection: employees.
2022-05-28 14:08:05.323 DEBUG 9368 --- [ctor-http-nio-3] s.m.u.h.GlobalControllerExceptionHandler : Returning HTTP status: 422 UNPROCESSABLE_ENTITY for path: /employee, message: Invalid insuranceCompanyId: -1
2022-05-28 14:08:05.339 DEBUG 9368 --- [    Test worker] o.s.data.mongodb.core.MongoTemplate      : Remove using query: {} in collection: employees.
]]></system-out>
  <system-err><![CDATA[]]></system-err>
</testsuite>
