<?xml version="1.0" encoding="UTF-8"?>
<testsuite name="se.magnus.microservices.core.employee.PersistenceTests" tests="5" skipped="0" failures="0" errors="0" timestamp="2022-05-28T12:08:06" hostname="DESKTOP-HJGV6OB" time="0.122">
  <properties/>
  <testcase name="optimisticLockError" classname="se.magnus.microservices.core.employee.PersistenceTests" time="0.054"/>
  <testcase name="deleteEmployee" classname="se.magnus.microservices.core.employee.PersistenceTests" time="0.02"/>
  <testcase name="getByInsuranceCompanyId" classname="se.magnus.microservices.core.employee.PersistenceTests" time="0.015"/>
  <testcase name="updateEmployee" classname="se.magnus.microservices.core.employee.PersistenceTests" time="0.013"/>
  <testcase name="createEmployee" classname="se.magnus.microservices.core.employee.PersistenceTests" time="0.017"/>
  <system-out><![CDATA[
  .   ____          _            __ _ _
 /\\ / ___'_ __ _ _(_)_ __  __ _ \ \ \ \
( ( )\___ | '_ | '_| | '_ \/ _` | \ \ \ \
 \\/  ___)| |_)| | | | | || (_| |  ) ) ) )
  '  |____| .__|_| |_|_| |_\__, | / / / /
 =========|_|==============|___/=/_/_/_/
 :: Spring Boot ::        (v2.3.2.RELEASE)

2022-05-28 14:08:05.392  INFO 9368 --- [    Test worker] s.m.m.core.employee.PersistenceTests     : Starting PersistenceTests on DESKTOP-HJGV6OB with PID 9368 (started by user in C:\Users\user\git\InsuranceCompanyMicroservices_DIS\DIS_projekat\microservices\employee-service)
2022-05-28 14:08:05.392 DEBUG 9368 --- [    Test worker] s.m.m.core.employee.PersistenceTests     : Running with Spring Boot v2.3.2.RELEASE, Spring v5.2.8.RELEASE
2022-05-28 14:08:05.393  INFO 9368 --- [    Test worker] s.m.m.core.employee.PersistenceTests     : No active profile set, falling back to default profiles: default
2022-05-28 14:08:05.489  INFO 9368 --- [    Test worker] .s.d.r.c.RepositoryConfigurationDelegate : Bootstrapping Spring Data MongoDB repositories in DEFAULT mode.
2022-05-28 14:08:05.505  INFO 9368 --- [    Test worker] .s.d.r.c.RepositoryConfigurationDelegate : Finished Spring Data repository scanning in 15ms. Found 1 MongoDB repository interfaces.
2022-05-28 14:08:06.233  INFO 9368 --- [      Thread-15] o.s.b.a.mongo.embedded.EmbeddedMongo     : note: noprealloc may hurt performance in many applications
2022-05-28 14:08:06.302  INFO 9368 --- [      Thread-15] o.s.b.a.mongo.embedded.EmbeddedMongo     : 2022-05-28T14:08:06.302+0200 I CONTROL  [initandlisten] MongoDB starting : pid=18976 port=27017 dbpath=C:\Users\user\AppData\Local\Temp\embedmongo-db-1e306c7f-530f-485f-af9e-4567aca73c82 64-bit host=DESKTOP-HJGV6OB
2022-05-28 14:08:06.303  INFO 9368 --- [      Thread-15] o.s.b.a.mongo.embedded.EmbeddedMongo     : 2022-05-28T14:08:06.303+0200 I CONTROL  [initandlisten] targetMinOS: Windows Vista/Windows Server 2008
2022-05-28 14:08:06.303  INFO 9368 --- [      Thread-15] o.s.b.a.mongo.embedded.EmbeddedMongo     : 2022-05-28T14:08:06.303+0200 I CONTROL  [initandlisten] db version v3.5.5
2022-05-28 14:08:06.303  INFO 9368 --- [      Thread-15] o.s.b.a.mongo.embedded.EmbeddedMongo     : 2022-05-28T14:08:06.303+0200 I CONTROL  [initandlisten] git version: 98515c812b6fa893613f063dae568ff8319cbfbd
2022-05-28 14:08:06.303  INFO 9368 --- [      Thread-15] o.s.b.a.mongo.embedded.EmbeddedMongo     : 2022-05-28T14:08:06.303+0200 I CONTROL  [initandlisten] allocator: tcmalloc
2022-05-28 14:08:06.303  INFO 9368 --- [      Thread-15] o.s.b.a.mongo.embedded.EmbeddedMongo     : 2022-05-28T14:08:06.303+0200 I CONTROL  [initandlisten] modules: none
2022-05-28 14:08:06.303  INFO 9368 --- [      Thread-15] o.s.b.a.mongo.embedded.EmbeddedMongo     : 2022-05-28T14:08:06.303+0200 I CONTROL  [initandlisten] build environment:
2022-05-28 14:08:06.303  INFO 9368 --- [      Thread-15] o.s.b.a.mongo.embedded.EmbeddedMongo     : 2022-05-28T14:08:06.303+0200 I CONTROL  [initandlisten]     distarch: x86_64
2022-05-28 14:08:06.303  INFO 9368 --- [      Thread-15] o.s.b.a.mongo.embedded.EmbeddedMongo     : 2022-05-28T14:08:06.303+0200 I CONTROL  [initandlisten]     target_arch: x86_64
2022-05-28 14:08:06.304  INFO 9368 --- [      Thread-15] o.s.b.a.mongo.embedded.EmbeddedMongo     : 2022-05-28T14:08:06.303+0200 I CONTROL  [initandlisten] options: { net: { bindIp: "127.0.0.1", http: { enabled: false }, port: 27017 }, security: { authorization: "disabled" }, storage: { dbPath: "C:\Users\user\AppData\Local\Temp\embedmongo-db-1e306c7f-530f-485f-af9e-4567aca73c82", journal: { enabled: false }, mmapv1: { preallocDataFiles: false, smallFiles: true }, syncPeriodSecs: 0.0 } }
2022-05-28 14:08:06.304  INFO 9368 --- [      Thread-15] o.s.b.a.mongo.embedded.EmbeddedMongo     : 2022-05-28T14:08:06.305+0200 I STORAGE  [initandlisten] wiredtiger_open config: create,cache_size=3474M,session_max=20000,eviction=(threads_min=4,threads_max=4),config_base=false,statistics=(fast),log=(enabled=true,archive=true,path=journal,compressor=snappy),file_manager=(close_idle_time=100000),checkpoint=(wait=0,log_size=2GB),statistics_log=(wait=0),verbose=(recovery_progress),,log=(enabled=false),
2022-05-28 14:08:06.389  INFO 9368 --- [      Thread-15] o.s.b.a.mongo.embedded.EmbeddedMongo     : 2022-05-28T14:08:06.389+0200 W STORAGE  [initandlisten] Detected configuration for non-active storage engine mmapv1 when current storage engine is wiredTiger
2022-05-28 14:08:06.389  INFO 9368 --- [      Thread-15] o.s.b.a.mongo.embedded.EmbeddedMongo     : 2022-05-28T14:08:06.389+0200 I CONTROL  [initandlisten] 
2022-05-28 14:08:06.389  INFO 9368 --- [      Thread-15] o.s.b.a.mongo.embedded.EmbeddedMongo     : 2022-05-28T14:08:06.389+0200 I CONTROL  [initandlisten] ** NOTE: This is a development version (3.5.5) of MongoDB.
2022-05-28 14:08:06.389  INFO 9368 --- [      Thread-15] o.s.b.a.mongo.embedded.EmbeddedMongo     : 2022-05-28T14:08:06.389+0200 I CONTROL  [initandlisten] **       Not recommended for production.
2022-05-28 14:08:06.389  INFO 9368 --- [      Thread-15] o.s.b.a.mongo.embedded.EmbeddedMongo     : 2022-05-28T14:08:06.389+0200 I CONTROL  [initandlisten] 
2022-05-28 14:08:06.679  INFO 9368 --- [      Thread-15] o.s.b.a.mongo.embedded.EmbeddedMongo     : 2022-05-28T14:08:06.679+0200 I FTDC     [initandlisten] Initializing full-time diagnostic data capture with directory 'C:/Users/user/AppData/Local/Temp/embedmongo-db-1e306c7f-530f-485f-af9e-4567aca73c82/diagnostic.data'
2022-05-28 14:08:06.719  INFO 9368 --- [      Thread-15] o.s.b.a.mongo.embedded.EmbeddedMongo     : 2022-05-28T14:08:06.719+0200 I INDEX    [initandlisten] build index on: admin.system.version properties: { v: 2, key: { version: 1 }, name: "incompatible_with_version_32", ns: "admin.system.version" }
2022-05-28 14:08:06.719  INFO 9368 --- [      Thread-15] o.s.b.a.mongo.embedded.EmbeddedMongo     : 2022-05-28T14:08:06.719+0200 I INDEX    [initandlisten] 	 building index using bulk method; build may temporarily use up to 500 megabytes of RAM
2022-05-28 14:08:06.723  INFO 9368 --- [      Thread-15] o.s.b.a.mongo.embedded.EmbeddedMongo     : 2022-05-28T14:08:06.724+0200 I INDEX    [initandlisten] build index done.  scanned 0 total records. 0 secs
2022-05-28 14:08:06.726  INFO 9368 --- [      Thread-15] o.s.b.a.mongo.embedded.EmbeddedMongo     : 2022-05-28T14:08:06.727+0200 I COMMAND  [initandlisten] setting featureCompatibilityVersion to 3.4
2022-05-28 14:08:06.728  INFO 9368 --- [      Thread-15] o.s.b.a.mongo.embedded.EmbeddedMongo     : 2022-05-28T14:08:06.728+0200 I NETWORK  [thread1] waiting for connections on port 27017
2022-05-28 14:08:06.728  INFO 9368 --- [    Test worker] d.f.embed.mongo.MongodExecutable         : start de.flapdoodle.embed.mongo.config.MongodConfigBuilder$ImmutableMongodConfig@542e3df6
2022-05-28 14:08:06.732  INFO 9368 --- [    Test worker] org.mongodb.driver.cluster               : Cluster created with settings {hosts=[localhost:27017], mode=SINGLE, requiredClusterType=UNKNOWN, serverSelectionTimeout='30000 ms'}
2022-05-28 14:08:06.736  INFO 9368 --- [      Thread-15] o.s.b.a.mongo.embedded.EmbeddedMongo     : 2022-05-28T14:08:06.736+0200 I NETWORK  [thread1] connection accepted from 127.0.0.1:55198 #1 (1 connection now open)
2022-05-28 14:08:06.737  INFO 9368 --- [      Thread-15] o.s.b.a.mongo.embedded.EmbeddedMongo     : 2022-05-28T14:08:06.737+0200 I NETWORK  [conn1] received client metadata from 127.0.0.1:55198 conn1: { driver: { name: "mongo-java-driver|sync|spring-boot", version: "4.0.5" }, os: { type: "Windows", name: "Windows 10", architecture: "amd64", version: "10.0" }, platform: "Java/Oracle Corporation/11.0.9+7-LTS" }
2022-05-28 14:08:06.739  INFO 9368 --- [localhost:27017] org.mongodb.driver.connection            : Opened connection [connectionId{localValue:3, serverValue:1}] to localhost:27017
2022-05-28 14:08:06.740  INFO 9368 --- [localhost:27017] org.mongodb.driver.cluster               : Monitor thread successfully connected to server with description ServerDescription{address=localhost:27017, type=STANDALONE, state=CONNECTED, ok=true, minWireVersion=0, maxWireVersion=5, maxDocumentSize=16777216, logicalSessionTimeoutMinutes=null, roundTripTimeNanos=618700}
2022-05-28 14:08:06.823  INFO 9368 --- [      Thread-15] o.s.b.a.mongo.embedded.EmbeddedMongo     : 2022-05-28T14:08:06.823+0200 I NETWORK  [thread1] connection accepted from 127.0.0.1:55199 #2 (2 connections now open)
2022-05-28 14:08:06.824  INFO 9368 --- [      Thread-15] o.s.b.a.mongo.embedded.EmbeddedMongo     : 2022-05-28T14:08:06.824+0200 I NETWORK  [conn2] received client metadata from 127.0.0.1:55199 conn2: { driver: { name: "mongo-java-driver|sync|spring-boot", version: "4.0.5" }, os: { type: "Windows", name: "Windows 10", architecture: "amd64", version: "10.0" }, platform: "Java/Oracle Corporation/11.0.9+7-LTS" }
2022-05-28 14:08:06.825  INFO 9368 --- [    Test worker] org.mongodb.driver.connection            : Opened connection [connectionId{localValue:4, serverValue:2}] to localhost:27017
2022-05-28 14:08:06.858  INFO 9368 --- [      Thread-15] o.s.b.a.mongo.embedded.EmbeddedMongo     : 2022-05-28T14:08:06.858+0200 I INDEX    [conn2] build index on: employee-db.employees properties: { v: 2, unique: true, key: { insuranceCompanyId: 1, employeeId: 1 }, name: "incom-empl-id", ns: "employee-db.employees" }
2022-05-28 14:08:06.858  INFO 9368 --- [      Thread-15] o.s.b.a.mongo.embedded.EmbeddedMongo     : 2022-05-28T14:08:06.858+0200 I INDEX    [conn2] 	 building index using bulk method; build may temporarily use up to 500 megabytes of RAM
2022-05-28 14:08:06.862  INFO 9368 --- [      Thread-15] o.s.b.a.mongo.embedded.EmbeddedMongo     : 2022-05-28T14:08:06.862+0200 I INDEX    [conn2] build index done.  scanned 0 total records. 0 secs
2022-05-28 14:08:06.864  INFO 9368 --- [    Test worker] s.m.m.core.employee.PersistenceTests     : Started PersistenceTests in 1.507 seconds (JVM running for 12.122)
2022-05-28 14:08:06.871 DEBUG 9368 --- [    Test worker] o.s.data.mongodb.core.MongoTemplate      : Remove using query: {} in collection: employees.
2022-05-28 14:08:06.883 DEBUG 9368 --- [    Test worker] o.s.data.mongodb.core.MongoTemplate      : Inserting Document containing fields: [version, insuranceCompanyId, employeeId, name, surname, education, specialization, _class] in collection: employees
2022-05-28 14:08:06.888 DEBUG 9368 --- [    Test worker] o.s.data.mongodb.core.MongoTemplate      : findOne using query: { "id" : "629210a632db6c2df9302b27"} fields: Document{{}} for class: class se.magnus.microservices.core.employee.persistence.EmployeeEntity in collection: employees
2022-05-28 14:08:06.890 DEBUG 9368 --- [    Test worker] o.s.data.mongodb.core.MongoTemplate      : findOne using query: { "_id" : { "$oid" : "629210a632db6c2df9302b27"}} fields: {} in db.collection: employee-db.employees
2022-05-28 14:08:06.894 DEBUG 9368 --- [    Test worker] o.s.data.mongodb.core.MongoTemplate      : findOne using query: { "id" : "629210a632db6c2df9302b27"} fields: Document{{}} for class: class se.magnus.microservices.core.employee.persistence.EmployeeEntity in collection: employees
2022-05-28 14:08:06.895 DEBUG 9368 --- [    Test worker] o.s.data.mongodb.core.MongoTemplate      : findOne using query: { "_id" : { "$oid" : "629210a632db6c2df9302b27"}} fields: {} in db.collection: employee-db.employees
2022-05-28 14:08:06.909 DEBUG 9368 --- [    Test worker] o.s.data.mongodb.core.MongoTemplate      : Calling update using query: { "_id" : { "$oid" : "629210a632db6c2df9302b27"}, "version" : 0} and update: { "version" : 1, "insuranceCompanyId" : 1, "employeeId" : 1, "name" : "name2", "surname" : "surname1", "education" : "education1", "specialization" : "specialization1", "_class" : "se.magnus.microservices.core.employee.persistence.EmployeeEntity"} in collection: employees
2022-05-28 14:08:06.916 DEBUG 9368 --- [    Test worker] o.s.data.mongodb.core.MongoTemplate      : Calling update using query: { "_id" : { "$oid" : "629210a632db6c2df9302b27"}, "version" : 0} and update: { "version" : 1, "insuranceCompanyId" : 1, "employeeId" : 1, "name" : "name3", "surname" : "surname1", "education" : "education1", "specialization" : "specialization1", "_class" : "se.magnus.microservices.core.employee.persistence.EmployeeEntity"} in collection: employees
2022-05-28 14:08:06.918 DEBUG 9368 --- [    Test worker] o.s.data.mongodb.core.MongoTemplate      : findOne using query: { "id" : "629210a632db6c2df9302b27"} fields: Document{{}} for class: class se.magnus.microservices.core.employee.persistence.EmployeeEntity in collection: employees
2022-05-28 14:08:06.919 DEBUG 9368 --- [    Test worker] o.s.data.mongodb.core.MongoTemplate      : findOne using query: { "_id" : { "$oid" : "629210a632db6c2df9302b27"}} fields: {} in db.collection: employee-db.employees
2022-05-28 14:08:06.924 DEBUG 9368 --- [    Test worker] o.s.data.mongodb.core.MongoTemplate      : Remove using query: {} in collection: employees.
2022-05-28 14:08:06.926 DEBUG 9368 --- [    Test worker] o.s.data.mongodb.core.MongoTemplate      : Inserting Document containing fields: [version, insuranceCompanyId, employeeId, name, surname, education, specialization, _class] in collection: employees
2022-05-28 14:08:06.928 DEBUG 9368 --- [    Test worker] o.s.data.mongodb.core.MongoTemplate      : Remove using query: { "_id" : { "$oid" : "629210a632db6c2df9302b28"}, "version" : 0} in collection: employees.
2022-05-28 14:08:06.931 DEBUG 9368 --- [    Test worker] o.s.data.mongodb.core.MongoTemplate      : Executing count: { "_id" : { "$oid" : "629210a632db6c2df9302b28"}} in collection: employees
2022-05-28 14:08:06.946 DEBUG 9368 --- [    Test worker] o.s.data.mongodb.core.MongoTemplate      : Remove using query: {} in collection: employees.
2022-05-28 14:08:06.946 DEBUG 9368 --- [    Test worker] o.s.data.mongodb.core.MongoTemplate      : Inserting Document containing fields: [version, insuranceCompanyId, employeeId, name, surname, education, specialization, _class] in collection: employees
2022-05-28 14:08:06.949 DEBUG 9368 --- [    Test worker] o.s.data.mongodb.core.MongoTemplate      : find using query: { "insuranceCompanyId" : 1} fields: Document{{}} for class: class se.magnus.microservices.core.employee.persistence.EmployeeEntity in collection: employees
2022-05-28 14:08:06.960 DEBUG 9368 --- [    Test worker] o.s.data.mongodb.core.MongoTemplate      : Remove using query: {} in collection: employees.
2022-05-28 14:08:06.963 DEBUG 9368 --- [    Test worker] o.s.data.mongodb.core.MongoTemplate      : Inserting Document containing fields: [version, insuranceCompanyId, employeeId, name, surname, education, specialization, _class] in collection: employees
2022-05-28 14:08:06.966 DEBUG 9368 --- [    Test worker] o.s.data.mongodb.core.MongoTemplate      : Calling update using query: { "_id" : { "$oid" : "629210a632db6c2df9302b2a"}, "version" : 0} and update: { "version" : 1, "insuranceCompanyId" : 1, "employeeId" : 1, "name" : "name2", "surname" : "surname1", "education" : "education1", "specialization" : "specialization1", "_class" : "se.magnus.microservices.core.employee.persistence.EmployeeEntity"} in collection: employees
2022-05-28 14:08:06.967 DEBUG 9368 --- [    Test worker] o.s.data.mongodb.core.MongoTemplate      : findOne using query: { "id" : "629210a632db6c2df9302b2a"} fields: Document{{}} for class: class se.magnus.microservices.core.employee.persistence.EmployeeEntity in collection: employees
2022-05-28 14:08:06.968 DEBUG 9368 --- [    Test worker] o.s.data.mongodb.core.MongoTemplate      : findOne using query: { "_id" : { "$oid" : "629210a632db6c2df9302b2a"}} fields: {} in db.collection: employee-db.employees
2022-05-28 14:08:06.975 DEBUG 9368 --- [    Test worker] o.s.data.mongodb.core.MongoTemplate      : Remove using query: {} in collection: employees.
2022-05-28 14:08:06.977 DEBUG 9368 --- [    Test worker] o.s.data.mongodb.core.MongoTemplate      : Inserting Document containing fields: [version, insuranceCompanyId, employeeId, name, surname, education, specialization, _class] in collection: employees
2022-05-28 14:08:06.980 DEBUG 9368 --- [    Test worker] o.s.data.mongodb.core.MongoTemplate      : Inserting Document containing fields: [version, insuranceCompanyId, employeeId, name, surname, education, specialization, _class] in collection: employees
2022-05-28 14:08:06.982 DEBUG 9368 --- [    Test worker] o.s.data.mongodb.core.MongoTemplate      : findOne using query: { "id" : "629210a632db6c2df9302b2c"} fields: Document{{}} for class: class se.magnus.microservices.core.employee.persistence.EmployeeEntity in collection: employees
2022-05-28 14:08:06.983 DEBUG 9368 --- [    Test worker] o.s.data.mongodb.core.MongoTemplate      : findOne using query: { "_id" : { "$oid" : "629210a632db6c2df9302b2c"}} fields: {} in db.collection: employee-db.employees
2022-05-28 14:08:06.987 DEBUG 9368 --- [    Test worker] o.s.data.mongodb.core.MongoTemplate      : Executing count: {} in collection: employees
]]></system-out>
  <system-err><![CDATA[]]></system-err>
</testsuite>
