<?xml version="1.0" encoding="UTF-8"?>
<testsuite name="se.magnus.microservices.core.employee.EmployeeServiceApplicationTests" tests="5" skipped="0" failures="0" errors="0" timestamp="2022-05-19T21:44:09" hostname="DESKTOP-HJGV6OB" time="0.893">
  <properties/>
  <testcase name="getEmployeesByInsuranceCompanyId" classname="se.magnus.microservices.core.employee.EmployeeServiceApplicationTests" time="0.801"/>
  <testcase name="getEmployeesNotFound" classname="se.magnus.microservices.core.employee.EmployeeServiceApplicationTests" time="0.01"/>
  <testcase name="getEmployeesMissingParameter" classname="se.magnus.microservices.core.employee.EmployeeServiceApplicationTests" time="0.044"/>
  <testcase name="getEmployeesInvalidParameterNegativeValue" classname="se.magnus.microservices.core.employee.EmployeeServiceApplicationTests" time="0.024"/>
  <testcase name="getEmployeesInvalidParameter" classname="se.magnus.microservices.core.employee.EmployeeServiceApplicationTests" time="0.01"/>
  <system-out><![CDATA[23:44:06.579 [Test worker] DEBUG org.springframework.test.annotation.ProfileValueUtils - Retrieved @ProfileValueSourceConfiguration [null] for test class [se.magnus.microservices.core.employee.EmployeeServiceApplicationTests]
23:44:06.579 [Test worker] DEBUG org.springframework.test.annotation.ProfileValueUtils - Retrieved ProfileValueSource type [class org.springframework.test.annotation.SystemProfileValueSource] for class [se.magnus.microservices.core.employee.EmployeeServiceApplicationTests]
23:44:06.580 [Test worker] DEBUG org.springframework.test.annotation.ProfileValueUtils - Retrieved @ProfileValueSourceConfiguration [null] for test class [se.magnus.microservices.core.employee.EmployeeServiceApplicationTests]
23:44:06.581 [Test worker] DEBUG org.springframework.test.annotation.ProfileValueUtils - Retrieved ProfileValueSource type [class org.springframework.test.annotation.SystemProfileValueSource] for class [se.magnus.microservices.core.employee.EmployeeServiceApplicationTests]
23:44:06.588 [Test worker] DEBUG org.springframework.test.context.support.AbstractDirtiesContextTestExecutionListener - Before test class: context [DefaultTestContext@493b8246 testClass = EmployeeServiceApplicationTests, testInstance = [null], testMethod = [null], testException = [null], mergedContextConfiguration = [ReactiveWebMergedContextConfiguration@16432ea4 testClass = EmployeeServiceApplicationTests, locations = '{}', classes = '{class se.magnus.microservices.core.employee.EmployeeServiceApplication}', contextInitializerClasses = '[]', activeProfiles = '{}', propertySourceLocations = '{}', propertySourceProperties = '{org.springframework.boot.test.context.SpringBootTestContextBootstrapper=true, server.port=0}', contextCustomizers = set[org.springframework.boot.test.autoconfigure.properties.PropertyMappingContextCustomizer@0, org.springframework.boot.test.autoconfigure.web.servlet.WebDriverContextCustomizerFactory$Customizer@67365183, org.springframework.boot.test.context.filter.ExcludeFilterContextCustomizer@7f5f3e15, org.springframework.boot.test.json.DuplicateJsonObjectContextCustomizerFactory$DuplicateJsonObjectContextCustomizer@245742d3, org.springframework.boot.test.mock.mockito.MockitoContextCustomizer@0, org.springframework.boot.test.web.client.TestRestTemplateContextCustomizer@61797462, org.springframework.boot.test.web.reactive.server.WebTestClientContextCustomizer@4c8559dc, org.springframework.boot.test.context.SpringBootTestArgs@1], contextLoader = 'org.springframework.boot.test.context.SpringBootContextLoader', parent = [null]], attributes = map['org.springframework.test.context.web.ServletTestExecutionListener.activateListener' -> false]], class annotated with @DirtiesContext [false] with mode [null].
23:44:06.591 [Test worker] DEBUG org.springframework.test.annotation.ProfileValueUtils - Retrieved @ProfileValueSourceConfiguration [null] for test class [se.magnus.microservices.core.employee.EmployeeServiceApplicationTests]
23:44:06.591 [Test worker] DEBUG org.springframework.test.annotation.ProfileValueUtils - Retrieved ProfileValueSource type [class org.springframework.test.annotation.SystemProfileValueSource] for class [se.magnus.microservices.core.employee.EmployeeServiceApplicationTests]
23:44:06.596 [Test worker] DEBUG org.springframework.test.context.support.DependencyInjectionTestExecutionListener - Performing dependency injection for test context [[DefaultTestContext@493b8246 testClass = EmployeeServiceApplicationTests, testInstance = se.magnus.microservices.core.employee.EmployeeServiceApplicationTests@36294315, testMethod = [null], testException = [null], mergedContextConfiguration = [ReactiveWebMergedContextConfiguration@16432ea4 testClass = EmployeeServiceApplicationTests, locations = '{}', classes = '{class se.magnus.microservices.core.employee.EmployeeServiceApplication}', contextInitializerClasses = '[]', activeProfiles = '{}', propertySourceLocations = '{}', propertySourceProperties = '{org.springframework.boot.test.context.SpringBootTestContextBootstrapper=true, server.port=0}', contextCustomizers = set[org.springframework.boot.test.autoconfigure.properties.PropertyMappingContextCustomizer@0, org.springframework.boot.test.autoconfigure.web.servlet.WebDriverContextCustomizerFactory$Customizer@67365183, org.springframework.boot.test.context.filter.ExcludeFilterContextCustomizer@7f5f3e15, org.springframework.boot.test.json.DuplicateJsonObjectContextCustomizerFactory$DuplicateJsonObjectContextCustomizer@245742d3, org.springframework.boot.test.mock.mockito.MockitoContextCustomizer@0, org.springframework.boot.test.web.client.TestRestTemplateContextCustomizer@61797462, org.springframework.boot.test.web.reactive.server.WebTestClientContextCustomizer@4c8559dc, org.springframework.boot.test.context.SpringBootTestArgs@1], contextLoader = 'org.springframework.boot.test.context.SpringBootContextLoader', parent = [null]], attributes = map['org.springframework.test.context.web.ServletTestExecutionListener.activateListener' -> false]]].
23:44:06.623 [Test worker] DEBUG org.springframework.test.context.support.TestPropertySourceUtils - Adding inlined properties to environment: {spring.jmx.enabled=false, org.springframework.boot.test.context.SpringBootTestContextBootstrapper=true, server.port=0}

  .   ____          _            __ _ _
 /\\ / ___'_ __ _ _(_)_ __  __ _ \ \ \ \
( ( )\___ | '_ | '_| | '_ \/ _` | \ \ \ \
 \\/  ___)| |_)| | | | | || (_| |  ) ) ) )
  '  |____| .__|_| |_|_| |_\__, | / / / /
 =========|_|==============|___/=/_/_/_/
 :: Spring Boot ::        (v2.3.0.RELEASE)

2022-05-19 23:44:07.069  INFO 13540 --- [    Test worker] .m.m.c.e.EmployeeServiceApplicationTests : Starting EmployeeServiceApplicationTests on DESKTOP-HJGV6OB with PID 13540 (started by user in C:\Users\user\git\InsuranceCompanyMicroservices_DIS\DIS_projekat\microservices\employee-service)
2022-05-19 23:44:07.071 DEBUG 13540 --- [    Test worker] .m.m.c.e.EmployeeServiceApplicationTests : Running with Spring Boot v2.3.0.RELEASE, Spring v5.2.6.RELEASE
2022-05-19 23:44:07.072  INFO 13540 --- [    Test worker] .m.m.c.e.EmployeeServiceApplicationTests : No active profile set, falling back to default profiles: default
2022-05-19 23:44:08.937  INFO 13540 --- [    Test worker] o.s.b.a.e.web.EndpointLinksResolver      : Exposing 2 endpoint(s) beneath base path '/actuator'
2022-05-19 23:44:09.920  INFO 13540 --- [    Test worker] o.s.b.web.embedded.netty.NettyWebServer  : Netty started on port(s): 53383
2022-05-19 23:44:09.934  INFO 13540 --- [    Test worker] .m.m.c.e.EmployeeServiceApplicationTests : Started EmployeeServiceApplicationTests in 3.307 seconds (JVM running for 4.719)
2022-05-19 23:44:10.626 DEBUG 13540 --- [ctor-http-nio-3] s.m.m.c.e.services.EmployeeServiceImpl   : /employee response size: 3
2022-05-19 23:44:10.795 DEBUG 13540 --- [ctor-http-nio-3] s.m.m.c.e.services.EmployeeServiceImpl   : No employees found for insuranceCompanyId: 113
2022-05-19 23:44:10.855 DEBUG 13540 --- [ctor-http-nio-3] s.m.u.h.GlobalControllerExceptionHandler : Returning HTTP status: 422 UNPROCESSABLE_ENTITY for path: /employee, message: Invalid insuranceCompanyId: -1
]]></system-out>
  <system-err><![CDATA[]]></system-err>
</testsuite>
