<?xml version="1.0" encoding="UTF-8"?>
<testsuite name="se.magnus.microservices.core.employee.EmployeeServiceApplicationTests" tests="7" skipped="0" failures="0" errors="0" timestamp="2022-05-28T00:29:03" hostname="DESKTOP-HJGV6OB" time="1.078">
  <properties/>
  <testcase name="getEmployeesByInsuranceCompanyId" classname="se.magnus.microservices.core.employee.EmployeeServiceApplicationTests" time="0.869"/>
  <testcase name="deleteEmployees" classname="se.magnus.microservices.core.employee.EmployeeServiceApplicationTests" time="0.049"/>
  <testcase name="getEmployeesNotFound" classname="se.magnus.microservices.core.employee.EmployeeServiceApplicationTests" time="0.064"/>
  <testcase name="getEmployeesMissingParameter" classname="se.magnus.microservices.core.employee.EmployeeServiceApplicationTests" time="0.036"/>
  <testcase name="postEmployee" classname="se.magnus.microservices.core.employee.EmployeeServiceApplicationTests" time="0.019"/>
  <testcase name="getEmployeesInvalidParameterNegativeValue" classname="se.magnus.microservices.core.employee.EmployeeServiceApplicationTests" time="0.024"/>
  <testcase name="getEmployeesInvalidParameter" classname="se.magnus.microservices.core.employee.EmployeeServiceApplicationTests" time="0.012"/>
  <system-out><![CDATA[02:28:57.920 [Test worker] DEBUG org.springframework.test.annotation.ProfileValueUtils - Retrieved @ProfileValueSourceConfiguration [null] for test class [se.magnus.microservices.core.employee.EmployeeServiceApplicationTests]
02:28:57.920 [Test worker] DEBUG org.springframework.test.annotation.ProfileValueUtils - Retrieved ProfileValueSource type [class org.springframework.test.annotation.SystemProfileValueSource] for class [se.magnus.microservices.core.employee.EmployeeServiceApplicationTests]
02:28:57.921 [Test worker] DEBUG org.springframework.test.annotation.ProfileValueUtils - Retrieved @ProfileValueSourceConfiguration [null] for test class [se.magnus.microservices.core.employee.EmployeeServiceApplicationTests]
02:28:57.921 [Test worker] DEBUG org.springframework.test.annotation.ProfileValueUtils - Retrieved ProfileValueSource type [class org.springframework.test.annotation.SystemProfileValueSource] for class [se.magnus.microservices.core.employee.EmployeeServiceApplicationTests]
02:28:57.929 [Test worker] DEBUG org.springframework.test.context.support.AbstractDirtiesContextTestExecutionListener - Before test class: context [DefaultTestContext@5e025673 testClass = EmployeeServiceApplicationTests, testInstance = [null], testMethod = [null], testException = [null], mergedContextConfiguration = [ReactiveWebMergedContextConfiguration@427da70e testClass = EmployeeServiceApplicationTests, locations = '{}', classes = '{class se.magnus.microservices.core.employee.EmployeeServiceApplication}', contextInitializerClasses = '[]', activeProfiles = '{}', propertySourceLocations = '{}', propertySourceProperties = '{spring.data.mongodb.port: 0, org.springframework.boot.test.context.SpringBootTestContextBootstrapper=true, server.port=0}', contextCustomizers = set[org.springframework.boot.test.autoconfigure.properties.PropertyMappingContextCustomizer@0, org.springframework.boot.test.autoconfigure.web.servlet.WebDriverContextCustomizerFactory$Customizer@315eb719, org.springframework.boot.test.context.filter.ExcludeFilterContextCustomizer@4676dcb7, org.springframework.boot.test.json.DuplicateJsonObjectContextCustomizerFactory$DuplicateJsonObjectContextCustomizer@11c84f0b, org.springframework.boot.test.mock.mockito.MockitoContextCustomizer@0, org.springframework.boot.test.web.client.TestRestTemplateContextCustomizer@39a8c6e5, org.springframework.boot.test.web.reactive.server.WebTestClientContextCustomizer@3dc28add, org.springframework.boot.test.context.SpringBootTestArgs@1], contextLoader = 'org.springframework.boot.test.context.SpringBootContextLoader', parent = [null]], attributes = map['org.springframework.test.context.web.ServletTestExecutionListener.activateListener' -> false]], class annotated with @DirtiesContext [false] with mode [null].
02:28:57.931 [Test worker] DEBUG org.springframework.test.annotation.ProfileValueUtils - Retrieved @ProfileValueSourceConfiguration [null] for test class [se.magnus.microservices.core.employee.EmployeeServiceApplicationTests]
02:28:57.931 [Test worker] DEBUG org.springframework.test.annotation.ProfileValueUtils - Retrieved ProfileValueSource type [class org.springframework.test.annotation.SystemProfileValueSource] for class [se.magnus.microservices.core.employee.EmployeeServiceApplicationTests]
02:28:57.938 [Test worker] DEBUG org.springframework.test.context.support.DependencyInjectionTestExecutionListener - Performing dependency injection for test context [[DefaultTestContext@5e025673 testClass = EmployeeServiceApplicationTests, testInstance = se.magnus.microservices.core.employee.EmployeeServiceApplicationTests@840cdee, testMethod = [null], testException = [null], mergedContextConfiguration = [ReactiveWebMergedContextConfiguration@427da70e testClass = EmployeeServiceApplicationTests, locations = '{}', classes = '{class se.magnus.microservices.core.employee.EmployeeServiceApplication}', contextInitializerClasses = '[]', activeProfiles = '{}', propertySourceLocations = '{}', propertySourceProperties = '{spring.data.mongodb.port: 0, org.springframework.boot.test.context.SpringBootTestContextBootstrapper=true, server.port=0}', contextCustomizers = set[org.springframework.boot.test.autoconfigure.properties.PropertyMappingContextCustomizer@0, org.springframework.boot.test.autoconfigure.web.servlet.WebDriverContextCustomizerFactory$Customizer@315eb719, org.springframework.boot.test.context.filter.ExcludeFilterContextCustomizer@4676dcb7, org.springframework.boot.test.json.DuplicateJsonObjectContextCustomizerFactory$DuplicateJsonObjectContextCustomizer@11c84f0b, org.springframework.boot.test.mock.mockito.MockitoContextCustomizer@0, org.springframework.boot.test.web.client.TestRestTemplateContextCustomizer@39a8c6e5, org.springframework.boot.test.web.reactive.server.WebTestClientContextCustomizer@3dc28add, org.springframework.boot.test.context.SpringBootTestArgs@1], contextLoader = 'org.springframework.boot.test.context.SpringBootContextLoader', parent = [null]], attributes = map['org.springframework.test.context.web.ServletTestExecutionListener.activateListener' -> false]]].
02:28:57.967 [Test worker] DEBUG org.springframework.test.context.support.TestPropertySourceUtils - Adding inlined properties to environment: {spring.jmx.enabled=false, spring.data.mongodb.port: 0, org.springframework.boot.test.context.SpringBootTestContextBootstrapper=true, server.port=0}

  .   ____          _            __ _ _
 /\\ / ___'_ __ _ _(_)_ __  __ _ \ \ \ \
( ( )\___ | '_ | '_| | '_ \/ _` | \ \ \ \
 \\/  ___)| |_)| | | | | || (_| |  ) ) ) )
  '  |____| .__|_| |_|_| |_\__, | / / / /
 =========|_|==============|___/=/_/_/_/
 :: Spring Boot ::        (v2.3.2.RELEASE)

2022-05-28 02:28:58.443  INFO 17140 --- [    Test worker] .m.m.c.e.EmployeeServiceApplicationTests : Starting EmployeeServiceApplicationTests on DESKTOP-HJGV6OB with PID 17140 (started by user in C:\Users\user\git\InsuranceCompanyMicroservices_DIS\DIS_projekat\microservices\employee-service)
2022-05-28 02:28:58.444 DEBUG 17140 --- [    Test worker] .m.m.c.e.EmployeeServiceApplicationTests : Running with Spring Boot v2.3.2.RELEASE, Spring v5.2.8.RELEASE
2022-05-28 02:28:58.445  INFO 17140 --- [    Test worker] .m.m.c.e.EmployeeServiceApplicationTests : No active profile set, falling back to default profiles: default
2022-05-28 02:28:59.455  INFO 17140 --- [    Test worker] .s.d.r.c.RepositoryConfigurationDelegate : Bootstrapping Spring Data MongoDB repositories in DEFAULT mode.
2022-05-28 02:28:59.626  INFO 17140 --- [    Test worker] .s.d.r.c.RepositoryConfigurationDelegate : Finished Spring Data repository scanning in 164ms. Found 1 MongoDB repository interfaces.
2022-05-28 02:29:00.678  INFO 17140 --- [       Thread-4] o.s.b.a.mongo.embedded.EmbeddedMongo     : note: noprealloc may hurt performance in many applications
2022-05-28 02:29:00.727  INFO 17140 --- [       Thread-4] o.s.b.a.mongo.embedded.EmbeddedMongo     : 2022-05-28T02:29:00.726+0200 I CONTROL  [initandlisten] MongoDB starting : pid=2928 port=59932 dbpath=C:\Users\user\AppData\Local\Temp\embedmongo-db-8bc77bdc-019a-4c49-9f26-783845f94ff5 64-bit host=DESKTOP-HJGV6OB
2022-05-28 02:29:00.727  INFO 17140 --- [       Thread-4] o.s.b.a.mongo.embedded.EmbeddedMongo     : 2022-05-28T02:29:00.727+0200 I CONTROL  [initandlisten] targetMinOS: Windows Vista/Windows Server 2008
2022-05-28 02:29:00.728  INFO 17140 --- [       Thread-4] o.s.b.a.mongo.embedded.EmbeddedMongo     : 2022-05-28T02:29:00.727+0200 I CONTROL  [initandlisten] db version v3.5.5
2022-05-28 02:29:00.728  INFO 17140 --- [       Thread-4] o.s.b.a.mongo.embedded.EmbeddedMongo     : 2022-05-28T02:29:00.727+0200 I CONTROL  [initandlisten] git version: 98515c812b6fa893613f063dae568ff8319cbfbd
2022-05-28 02:29:00.729  INFO 17140 --- [       Thread-4] o.s.b.a.mongo.embedded.EmbeddedMongo     : 2022-05-28T02:29:00.727+0200 I CONTROL  [initandlisten] allocator: tcmalloc
2022-05-28 02:29:00.729  INFO 17140 --- [       Thread-4] o.s.b.a.mongo.embedded.EmbeddedMongo     : 2022-05-28T02:29:00.727+0200 I CONTROL  [initandlisten] modules: none
2022-05-28 02:29:00.729  INFO 17140 --- [       Thread-4] o.s.b.a.mongo.embedded.EmbeddedMongo     : 2022-05-28T02:29:00.727+0200 I CONTROL  [initandlisten] build environment:
2022-05-28 02:29:00.729  INFO 17140 --- [       Thread-4] o.s.b.a.mongo.embedded.EmbeddedMongo     : 2022-05-28T02:29:00.727+0200 I CONTROL  [initandlisten]     distarch: x86_64
2022-05-28 02:29:00.729  INFO 17140 --- [       Thread-4] o.s.b.a.mongo.embedded.EmbeddedMongo     : 2022-05-28T02:29:00.727+0200 I CONTROL  [initandlisten]     target_arch: x86_64
2022-05-28 02:29:00.729  INFO 17140 --- [       Thread-4] o.s.b.a.mongo.embedded.EmbeddedMongo     : 2022-05-28T02:29:00.727+0200 I CONTROL  [initandlisten] options: { net: { bindIp: "127.0.0.1", http: { enabled: false }, port: 59932 }, security: { authorization: "disabled" }, storage: { dbPath: "C:\Users\user\AppData\Local\Temp\embedmongo-db-8bc77bdc-019a-4c49-9f26-783845f94ff5", journal: { enabled: false }, mmapv1: { preallocDataFiles: false, smallFiles: true }, syncPeriodSecs: 0.0 } }
2022-05-28 02:29:00.729  INFO 17140 --- [       Thread-4] o.s.b.a.mongo.embedded.EmbeddedMongo     : 2022-05-28T02:29:00.728+0200 I STORAGE  [initandlisten] wiredtiger_open config: create,cache_size=3474M,session_max=20000,eviction=(threads_min=4,threads_max=4),config_base=false,statistics=(fast),log=(enabled=true,archive=true,path=journal,compressor=snappy),file_manager=(close_idle_time=100000),checkpoint=(wait=0,log_size=2GB),statistics_log=(wait=0),verbose=(recovery_progress),,log=(enabled=false),
2022-05-28 02:29:00.794  INFO 17140 --- [       Thread-4] o.s.b.a.mongo.embedded.EmbeddedMongo     : 2022-05-28T02:29:00.795+0200 W STORAGE  [initandlisten] Detected configuration for non-active storage engine mmapv1 when current storage engine is wiredTiger
2022-05-28 02:29:00.795  INFO 17140 --- [       Thread-4] o.s.b.a.mongo.embedded.EmbeddedMongo     : 2022-05-28T02:29:00.795+0200 I CONTROL  [initandlisten] 
2022-05-28 02:29:00.796  INFO 17140 --- [       Thread-4] o.s.b.a.mongo.embedded.EmbeddedMongo     : 2022-05-28T02:29:00.795+0200 I CONTROL  [initandlisten] ** NOTE: This is a development version (3.5.5) of MongoDB.
2022-05-28 02:29:00.796  INFO 17140 --- [       Thread-4] o.s.b.a.mongo.embedded.EmbeddedMongo     : 2022-05-28T02:29:00.795+0200 I CONTROL  [initandlisten] **       Not recommended for production.
2022-05-28 02:29:00.796  INFO 17140 --- [       Thread-4] o.s.b.a.mongo.embedded.EmbeddedMongo     : 2022-05-28T02:29:00.795+0200 I CONTROL  [initandlisten] 
2022-05-28 02:29:01.069  INFO 17140 --- [       Thread-4] o.s.b.a.mongo.embedded.EmbeddedMongo     : 2022-05-28T02:29:01.069+0200 I FTDC     [initandlisten] Initializing full-time diagnostic data capture with directory 'C:/Users/user/AppData/Local/Temp/embedmongo-db-8bc77bdc-019a-4c49-9f26-783845f94ff5/diagnostic.data'
2022-05-28 02:29:01.103  INFO 17140 --- [       Thread-4] o.s.b.a.mongo.embedded.EmbeddedMongo     : 2022-05-28T02:29:01.103+0200 I INDEX    [initandlisten] build index on: admin.system.version properties: { v: 2, key: { version: 1 }, name: "incompatible_with_version_32", ns: "admin.system.version" }
2022-05-28 02:29:01.104  INFO 17140 --- [       Thread-4] o.s.b.a.mongo.embedded.EmbeddedMongo     : 2022-05-28T02:29:01.103+0200 I INDEX    [initandlisten] 	 building index using bulk method; build may temporarily use up to 500 megabytes of RAM
2022-05-28 02:29:01.106  INFO 17140 --- [       Thread-4] o.s.b.a.mongo.embedded.EmbeddedMongo     : 2022-05-28T02:29:01.107+0200 I INDEX    [initandlisten] build index done.  scanned 0 total records. 0 secs
2022-05-28 02:29:01.107  INFO 17140 --- [       Thread-4] o.s.b.a.mongo.embedded.EmbeddedMongo     : 2022-05-28T02:29:01.108+0200 I COMMAND  [initandlisten] setting featureCompatibilityVersion to 3.4
2022-05-28 02:29:01.108  INFO 17140 --- [       Thread-4] o.s.b.a.mongo.embedded.EmbeddedMongo     : 2022-05-28T02:29:01.109+0200 I NETWORK  [thread1] waiting for connections on port 59932
2022-05-28 02:29:01.110  INFO 17140 --- [    Test worker] d.f.embed.mongo.MongodExecutable         : start de.flapdoodle.embed.mongo.config.MongodConfigBuilder$ImmutableMongodConfig@66853cb8
2022-05-28 02:29:01.183  INFO 17140 --- [    Test worker] org.mongodb.driver.cluster               : Cluster created with settings {hosts=[localhost:59932], mode=SINGLE, requiredClusterType=UNKNOWN, serverSelectionTimeout='30000 ms'}
2022-05-28 02:29:01.230  INFO 17140 --- [       Thread-4] o.s.b.a.mongo.embedded.EmbeddedMongo     : 2022-05-28T02:29:01.230+0200 I NETWORK  [thread1] connection accepted from 127.0.0.1:59940 #1 (1 connection now open)
2022-05-28 02:29:01.241  INFO 17140 --- [       Thread-4] o.s.b.a.mongo.embedded.EmbeddedMongo     : 2022-05-28T02:29:01.241+0200 I NETWORK  [conn1] received client metadata from 127.0.0.1:59940 conn1: { driver: { name: "mongo-java-driver|sync|spring-boot", version: "4.0.5" }, os: { type: "Windows", name: "Windows 10", architecture: "amd64", version: "10.0" }, platform: "Java/Oracle Corporation/11.0.9+7-LTS" }
2022-05-28 02:29:01.259  INFO 17140 --- [localhost:59932] org.mongodb.driver.connection            : Opened connection [connectionId{localValue:1, serverValue:1}] to localhost:59932
2022-05-28 02:29:01.262  INFO 17140 --- [localhost:59932] org.mongodb.driver.cluster               : Monitor thread successfully connected to server with description ServerDescription{address=localhost:59932, type=STANDALONE, state=CONNECTED, ok=true, minWireVersion=0, maxWireVersion=5, maxDocumentSize=16777216, logicalSessionTimeoutMinutes=null, roundTripTimeNanos=1400300}
2022-05-28 02:29:02.214  INFO 17140 --- [    Test worker] o.s.b.a.e.web.EndpointLinksResolver      : Exposing 2 endpoint(s) beneath base path '/actuator'
2022-05-28 02:29:03.428  INFO 17140 --- [    Test worker] o.s.b.web.embedded.netty.NettyWebServer  : Netty started on port(s): 59959
2022-05-28 02:29:03.478  INFO 17140 --- [       Thread-4] o.s.b.a.mongo.embedded.EmbeddedMongo     : 2022-05-28T02:29:03.479+0200 I NETWORK  [thread1] connection accepted from 127.0.0.1:59960 #2 (2 connections now open)
2022-05-28 02:29:03.479  INFO 17140 --- [       Thread-4] o.s.b.a.mongo.embedded.EmbeddedMongo     : 2022-05-28T02:29:03.480+0200 I NETWORK  [conn2] received client metadata from 127.0.0.1:59960 conn2: { driver: { name: "mongo-java-driver|sync|spring-boot", version: "4.0.5" }, os: { type: "Windows", name: "Windows 10", architecture: "amd64", version: "10.0" }, platform: "Java/Oracle Corporation/11.0.9+7-LTS" }
2022-05-28 02:29:03.480  INFO 17140 --- [    Test worker] org.mongodb.driver.connection            : Opened connection [connectionId{localValue:2, serverValue:2}] to localhost:59932
2022-05-28 02:29:03.518  INFO 17140 --- [       Thread-4] o.s.b.a.mongo.embedded.EmbeddedMongo     : 2022-05-28T02:29:03.518+0200 I INDEX    [conn2] build index on: employee-db.employees properties: { v: 2, unique: true, key: { insuranceCompanyId: 1, employeeId: 1 }, name: "incom-empl-id", ns: "employee-db.employees" }
2022-05-28 02:29:03.518  INFO 17140 --- [       Thread-4] o.s.b.a.mongo.embedded.EmbeddedMongo     : 2022-05-28T02:29:03.518+0200 I INDEX    [conn2] 	 building index using bulk method; build may temporarily use up to 500 megabytes of RAM
2022-05-28 02:29:03.521  INFO 17140 --- [       Thread-4] o.s.b.a.mongo.embedded.EmbeddedMongo     : 2022-05-28T02:29:03.521+0200 I INDEX    [conn2] build index done.  scanned 0 total records. 0 secs
2022-05-28 02:29:03.534  INFO 17140 --- [    Test worker] .m.m.c.e.EmployeeServiceApplicationTests : Started EmployeeServiceApplicationTests in 5.564 seconds (JVM running for 7.295)
2022-05-28 02:29:03.932 DEBUG 17140 --- [    Test worker] o.s.data.mongodb.core.MongoTemplate      : Remove using query: {} in collection: employees.
2022-05-28 02:29:04.340 DEBUG 17140 --- [ctor-http-nio-3] o.s.data.mongodb.core.MongoTemplate      : Inserting Document containing fields: [version, insuranceCompanyId, employeeId, name, surname, education, specialization, _class] in collection: employees
2022-05-28 02:29:04.351 DEBUG 17140 --- [ctor-http-nio-3] s.m.m.c.e.services.EmployeeServiceImpl   : createEmployee: created a employee entity: 1/1
2022-05-28 02:29:04.388 DEBUG 17140 --- [ctor-http-nio-3] o.s.data.mongodb.core.MongoTemplate      : Inserting Document containing fields: [version, insuranceCompanyId, employeeId, name, surname, education, specialization, _class] in collection: employees
2022-05-28 02:29:04.390 DEBUG 17140 --- [ctor-http-nio-3] s.m.m.c.e.services.EmployeeServiceImpl   : createEmployee: created a employee entity: 1/2
2022-05-28 02:29:04.398 DEBUG 17140 --- [ctor-http-nio-3] o.s.data.mongodb.core.MongoTemplate      : Inserting Document containing fields: [version, insuranceCompanyId, employeeId, name, surname, education, specialization, _class] in collection: employees
2022-05-28 02:29:04.400 DEBUG 17140 --- [ctor-http-nio-3] s.m.m.c.e.services.EmployeeServiceImpl   : createEmployee: created a employee entity: 1/3
2022-05-28 02:29:04.418 DEBUG 17140 --- [    Test worker] o.s.data.mongodb.core.MongoTemplate      : find using query: { "insuranceCompanyId" : 1} fields: Document{{}} for class: class se.magnus.microservices.core.employee.persistence.EmployeeEntity in collection: employees
2022-05-28 02:29:04.457 DEBUG 17140 --- [    Test worker] o.s.data.mongodb.core.MongoTemplate      : Remove using query: {} in collection: employees.
2022-05-28 02:29:04.464 DEBUG 17140 --- [ctor-http-nio-3] o.s.data.mongodb.core.MongoTemplate      : Inserting Document containing fields: [version, insuranceCompanyId, employeeId, name, surname, education, specialization, _class] in collection: employees
2022-05-28 02:29:04.466 DEBUG 17140 --- [ctor-http-nio-3] s.m.m.c.e.services.EmployeeServiceImpl   : createEmployee: created a employee entity: 1/1
2022-05-28 02:29:04.469 DEBUG 17140 --- [    Test worker] o.s.data.mongodb.core.MongoTemplate      : find using query: { "insuranceCompanyId" : 1} fields: Document{{}} for class: class se.magnus.microservices.core.employee.persistence.EmployeeEntity in collection: employees
2022-05-28 02:29:04.484 DEBUG 17140 --- [ctor-http-nio-3] s.m.m.c.e.services.EmployeeServiceImpl   : deleteEmployees: tries to delete employees for the insurance company with insuranceCompanyId: 1
2022-05-28 02:29:04.485 DEBUG 17140 --- [ctor-http-nio-3] o.s.data.mongodb.core.MongoTemplate      : find using query: { "insuranceCompanyId" : 1} fields: Document{{}} for class: class se.magnus.microservices.core.employee.persistence.EmployeeEntity in collection: employees
2022-05-28 02:29:04.489 DEBUG 17140 --- [ctor-http-nio-3] o.s.data.mongodb.core.MongoTemplate      : Remove using query: { "_id" : { "$oid" : "62916cd0be089f6f5e6782c4"}, "version" : 0} in collection: employees.
2022-05-28 02:29:04.494 DEBUG 17140 --- [    Test worker] o.s.data.mongodb.core.MongoTemplate      : find using query: { "insuranceCompanyId" : 1} fields: Document{{}} for class: class se.magnus.microservices.core.employee.persistence.EmployeeEntity in collection: employees
2022-05-28 02:29:04.499 DEBUG 17140 --- [ctor-http-nio-3] s.m.m.c.e.services.EmployeeServiceImpl   : deleteEmployees: tries to delete employees for the insurance company with insuranceCompanyId: 1
2022-05-28 02:29:04.500 DEBUG 17140 --- [ctor-http-nio-3] o.s.data.mongodb.core.MongoTemplate      : find using query: { "insuranceCompanyId" : 1} fields: Document{{}} for class: class se.magnus.microservices.core.employee.persistence.EmployeeEntity in collection: employees
2022-05-28 02:29:04.508 DEBUG 17140 --- [    Test worker] o.s.data.mongodb.core.MongoTemplate      : Remove using query: {} in collection: employees.
2022-05-28 02:29:04.513 DEBUG 17140 --- [ctor-http-nio-3] o.s.data.mongodb.core.MongoTemplate      : find using query: { "insuranceCompanyId" : 113} fields: Document{{}} for class: class se.magnus.microservices.core.employee.persistence.EmployeeEntity in collection: employees
2022-05-28 02:29:04.515 DEBUG 17140 --- [ctor-http-nio-3] s.m.m.c.e.services.EmployeeServiceImpl   : getEmployees: response size: 0
2022-05-28 02:29:04.572 DEBUG 17140 --- [    Test worker] o.s.data.mongodb.core.MongoTemplate      : Remove using query: {} in collection: employees.
2022-05-28 02:29:04.610 DEBUG 17140 --- [    Test worker] o.s.data.mongodb.core.MongoTemplate      : Remove using query: {} in collection: employees.
2022-05-28 02:29:04.616 DEBUG 17140 --- [ctor-http-nio-3] o.s.data.mongodb.core.MongoTemplate      : Inserting Document containing fields: [version, insuranceCompanyId, employeeId, name, surname, education, specialization, _class] in collection: employees
2022-05-28 02:29:04.618 DEBUG 17140 --- [ctor-http-nio-3] s.m.m.c.e.services.EmployeeServiceImpl   : createEmployee: created a employee entity: 1/1
2022-05-28 02:29:04.623 DEBUG 17140 --- [    Test worker] o.s.data.mongodb.core.MongoTemplate      : find using query: { "employeeId" : 1} fields: Document{{}} for class: class se.magnus.microservices.core.employee.persistence.EmployeeEntity in collection: employees
2022-05-28 02:29:04.629 DEBUG 17140 --- [    Test worker] o.s.data.mongodb.core.MongoTemplate      : Remove using query: {} in collection: employees.
2022-05-28 02:29:04.639 DEBUG 17140 --- [ctor-http-nio-3] s.m.u.h.GlobalControllerExceptionHandler : Returning HTTP status: 422 UNPROCESSABLE_ENTITY for path: /employee, message: Invalid insuranceCompanyId: -1
2022-05-28 02:29:04.654 DEBUG 17140 --- [    Test worker] o.s.data.mongodb.core.MongoTemplate      : Remove using query: {} in collection: employees.
]]></system-out>
  <system-err><![CDATA[]]></system-err>
</testsuite>
