<?xml version="1.0" encoding="UTF-8"?>
<testsuite name="se.magnus.microservices.core.employee.EmployeeServiceApplicationTests" tests="6" skipped="0" failures="0" errors="0" timestamp="2022-06-27T21:11:38" hostname="DESKTOP-HJGV6OB" time="1.648">
  <properties/>
  <testcase name="getEmployeesByInsuranceCompanyId" classname="se.magnus.microservices.core.employee.EmployeeServiceApplicationTests" time="1.407"/>
  <testcase name="deleteEmployees" classname="se.magnus.microservices.core.employee.EmployeeServiceApplicationTests" time="0.056"/>
  <testcase name="getEmployeesNotFound" classname="se.magnus.microservices.core.employee.EmployeeServiceApplicationTests" time="0.028"/>
  <testcase name="getEmployeesMissingParameter" classname="se.magnus.microservices.core.employee.EmployeeServiceApplicationTests" time="0.087"/>
  <testcase name="getEmployeesInvalidParameterNegativeValue" classname="se.magnus.microservices.core.employee.EmployeeServiceApplicationTests" time="0.04"/>
  <testcase name="getEmployeesInvalidParameter" classname="se.magnus.microservices.core.employee.EmployeeServiceApplicationTests" time="0.022"/>
  <system-out><![CDATA[23:11:26.491 [Test worker] DEBUG org.springframework.test.annotation.ProfileValueUtils - Retrieved @ProfileValueSourceConfiguration [null] for test class [se.magnus.microservices.core.employee.EmployeeServiceApplicationTests]
23:11:26.491 [Test worker] DEBUG org.springframework.test.annotation.ProfileValueUtils - Retrieved ProfileValueSource type [class org.springframework.test.annotation.SystemProfileValueSource] for class [se.magnus.microservices.core.employee.EmployeeServiceApplicationTests]
23:11:26.491 [Test worker] DEBUG org.springframework.test.annotation.ProfileValueUtils - Retrieved @ProfileValueSourceConfiguration [null] for test class [se.magnus.microservices.core.employee.EmployeeServiceApplicationTests]
23:11:26.491 [Test worker] DEBUG org.springframework.test.annotation.ProfileValueUtils - Retrieved ProfileValueSource type [class org.springframework.test.annotation.SystemProfileValueSource] for class [se.magnus.microservices.core.employee.EmployeeServiceApplicationTests]
23:11:26.506 [Test worker] DEBUG org.springframework.test.context.support.AbstractDirtiesContextTestExecutionListener - Before test class: context [DefaultTestContext@66bcbb7 testClass = EmployeeServiceApplicationTests, testInstance = [null], testMethod = [null], testException = [null], mergedContextConfiguration = [ReactiveWebMergedContextConfiguration@1a7d4871 testClass = EmployeeServiceApplicationTests, locations = '{}', classes = '{class se.magnus.microservices.core.employee.EmployeeServiceApplication}', contextInitializerClasses = '[]', activeProfiles = '{}', propertySourceLocations = '{}', propertySourceProperties = '{spring.data.mongodb.port: 0, org.springframework.boot.test.context.SpringBootTestContextBootstrapper=true, server.port=0}', contextCustomizers = set[org.springframework.boot.test.autoconfigure.properties.PropertyMappingContextCustomizer@0, org.springframework.boot.test.autoconfigure.web.servlet.WebDriverContextCustomizerFactory$Customizer@161a71d2, org.springframework.boot.test.context.filter.ExcludeFilterContextCustomizer@67f2e202, org.springframework.boot.test.json.DuplicateJsonObjectContextCustomizerFactory$DuplicateJsonObjectContextCustomizer@7f9a7182, org.springframework.boot.test.mock.mockito.MockitoContextCustomizer@0, org.springframework.boot.test.web.client.TestRestTemplateContextCustomizer@58aa3bd2, org.springframework.boot.test.web.reactive.server.WebTestClientContextCustomizer@10f94972, org.springframework.boot.test.context.SpringBootTestArgs@1], contextLoader = 'org.springframework.boot.test.context.SpringBootContextLoader', parent = [null]], attributes = map['org.springframework.test.context.web.ServletTestExecutionListener.activateListener' -> false]], class annotated with @DirtiesContext [false] with mode [null].
23:11:26.506 [Test worker] DEBUG org.springframework.test.annotation.ProfileValueUtils - Retrieved @ProfileValueSourceConfiguration [null] for test class [se.magnus.microservices.core.employee.EmployeeServiceApplicationTests]
23:11:26.506 [Test worker] DEBUG org.springframework.test.annotation.ProfileValueUtils - Retrieved ProfileValueSource type [class org.springframework.test.annotation.SystemProfileValueSource] for class [se.magnus.microservices.core.employee.EmployeeServiceApplicationTests]
23:11:26.506 [Test worker] DEBUG org.springframework.test.context.support.DependencyInjectionTestExecutionListener - Performing dependency injection for test context [[DefaultTestContext@66bcbb7 testClass = EmployeeServiceApplicationTests, testInstance = se.magnus.microservices.core.employee.EmployeeServiceApplicationTests@43fa1d94, testMethod = [null], testException = [null], mergedContextConfiguration = [ReactiveWebMergedContextConfiguration@1a7d4871 testClass = EmployeeServiceApplicationTests, locations = '{}', classes = '{class se.magnus.microservices.core.employee.EmployeeServiceApplication}', contextInitializerClasses = '[]', activeProfiles = '{}', propertySourceLocations = '{}', propertySourceProperties = '{spring.data.mongodb.port: 0, org.springframework.boot.test.context.SpringBootTestContextBootstrapper=true, server.port=0}', contextCustomizers = set[org.springframework.boot.test.autoconfigure.properties.PropertyMappingContextCustomizer@0, org.springframework.boot.test.autoconfigure.web.servlet.WebDriverContextCustomizerFactory$Customizer@161a71d2, org.springframework.boot.test.context.filter.ExcludeFilterContextCustomizer@67f2e202, org.springframework.boot.test.json.DuplicateJsonObjectContextCustomizerFactory$DuplicateJsonObjectContextCustomizer@7f9a7182, org.springframework.boot.test.mock.mockito.MockitoContextCustomizer@0, org.springframework.boot.test.web.client.TestRestTemplateContextCustomizer@58aa3bd2, org.springframework.boot.test.web.reactive.server.WebTestClientContextCustomizer@10f94972, org.springframework.boot.test.context.SpringBootTestArgs@1], contextLoader = 'org.springframework.boot.test.context.SpringBootContextLoader', parent = [null]], attributes = map['org.springframework.test.context.web.ServletTestExecutionListener.activateListener' -> false]]].
23:11:26.538 [Test worker] DEBUG org.springframework.test.context.support.TestPropertySourceUtils - Adding inlined properties to environment: {spring.jmx.enabled=false, spring.data.mongodb.port: 0, org.springframework.boot.test.context.SpringBootTestContextBootstrapper=true, server.port=0}

  .   ____          _            __ _ _
 /\\ / ___'_ __ _ _(_)_ __  __ _ \ \ \ \
( ( )\___ | '_ | '_| | '_ \/ _` | \ \ \ \
 \\/  ___)| |_)| | | | | || (_| |  ) ) ) )
  '  |____| .__|_| |_|_| |_\__, | / / / /
 =========|_|==============|___/=/_/_/_/
 :: Spring Boot ::        (v2.3.2.RELEASE)

2022-06-27 23:11:27.078  INFO 7792 --- [    Test worker] .m.m.c.e.EmployeeServiceApplicationTests : Starting EmployeeServiceApplicationTests on DESKTOP-HJGV6OB with PID 7792 (started by user in C:\Users\user\git\InsuranceCompanyMicroservices_DIS\DIS_projekat\microservices\employee-service)
2022-06-27 23:11:27.078 DEBUG 7792 --- [    Test worker] .m.m.c.e.EmployeeServiceApplicationTests : Running with Spring Boot v2.3.2.RELEASE, Spring v5.2.8.RELEASE
2022-06-27 23:11:27.078  INFO 7792 --- [    Test worker] .m.m.c.e.EmployeeServiceApplicationTests : No active profile set, falling back to default profiles: default
2022-06-27 23:11:28.563  INFO 7792 --- [    Test worker] .s.d.r.c.RepositoryConfigurationDelegate : Bootstrapping Spring Data Reactive MongoDB repositories in DEFAULT mode.
2022-06-27 23:11:28.777  INFO 7792 --- [    Test worker] .s.d.r.c.RepositoryConfigurationDelegate : Finished Spring Data repository scanning in 201ms. Found 1 Reactive MongoDB repository interfaces.
2022-06-27 23:11:29.232  INFO 7792 --- [    Test worker] faultConfiguringBeanFactoryPostProcessor : No bean named 'errorChannel' has been explicitly defined. Therefore, a default PublishSubscribeChannel will be created.
2022-06-27 23:11:29.242  INFO 7792 --- [    Test worker] faultConfiguringBeanFactoryPostProcessor : No bean named 'taskScheduler' has been explicitly defined. Therefore, a default ThreadPoolTaskScheduler will be created.
2022-06-27 23:11:29.256  INFO 7792 --- [    Test worker] faultConfiguringBeanFactoryPostProcessor : No bean named 'integrationHeaderChannelRegistry' has been explicitly defined. Therefore, a default DefaultHeaderChannelRegistry will be created.
2022-06-27 23:11:29.395  INFO 7792 --- [    Test worker] trationDelegate$BeanPostProcessorChecker : Bean 'integrationChannelResolver' of type [org.springframework.integration.support.channel.BeanFactoryChannelResolver] is not eligible for getting processed by all BeanPostProcessors (for example: not eligible for auto-proxying)
2022-06-27 23:11:29.395  INFO 7792 --- [    Test worker] trationDelegate$BeanPostProcessorChecker : Bean 'integrationDisposableAutoCreatedBeans' of type [org.springframework.integration.config.annotation.Disposables] is not eligible for getting processed by all BeanPostProcessors (for example: not eligible for auto-proxying)
2022-06-27 23:11:29.443  INFO 7792 --- [    Test worker] trationDelegate$BeanPostProcessorChecker : Bean 'org.springframework.integration.config.IntegrationManagementConfiguration' of type [org.springframework.integration.config.IntegrationManagementConfiguration] is not eligible for getting processed by all BeanPostProcessors (for example: not eligible for auto-proxying)
2022-06-27 23:11:32.281  INFO 7792 --- [       Thread-5] o.s.b.a.mongo.embedded.EmbeddedMongo     : note: noprealloc may hurt performance in many applications
2022-06-27 23:11:32.348  INFO 7792 --- [       Thread-5] o.s.b.a.mongo.embedded.EmbeddedMongo     : 2022-06-27T23:11:32.348+0200 I CONTROL  [initandlisten] MongoDB starting : pid=17128 port=65387 dbpath=C:\Users\user\AppData\Local\Temp\embedmongo-db-07e6535e-8931-4947-a2c7-4ca94c5833b3 64-bit host=DESKTOP-HJGV6OB
2022-06-27 23:11:32.349  INFO 7792 --- [       Thread-5] o.s.b.a.mongo.embedded.EmbeddedMongo     : 2022-06-27T23:11:32.348+0200 I CONTROL  [initandlisten] targetMinOS: Windows Vista/Windows Server 2008
2022-06-27 23:11:32.350  INFO 7792 --- [       Thread-5] o.s.b.a.mongo.embedded.EmbeddedMongo     : 2022-06-27T23:11:32.348+0200 I CONTROL  [initandlisten] db version v3.5.5
2022-06-27 23:11:32.350  INFO 7792 --- [       Thread-5] o.s.b.a.mongo.embedded.EmbeddedMongo     : 2022-06-27T23:11:32.348+0200 I CONTROL  [initandlisten] git version: 98515c812b6fa893613f063dae568ff8319cbfbd
2022-06-27 23:11:32.350  INFO 7792 --- [       Thread-5] o.s.b.a.mongo.embedded.EmbeddedMongo     : 2022-06-27T23:11:32.348+0200 I CONTROL  [initandlisten] allocator: tcmalloc
2022-06-27 23:11:32.350  INFO 7792 --- [       Thread-5] o.s.b.a.mongo.embedded.EmbeddedMongo     : 2022-06-27T23:11:32.348+0200 I CONTROL  [initandlisten] modules: none
2022-06-27 23:11:32.350  INFO 7792 --- [       Thread-5] o.s.b.a.mongo.embedded.EmbeddedMongo     : 2022-06-27T23:11:32.348+0200 I CONTROL  [initandlisten] build environment:
2022-06-27 23:11:32.350  INFO 7792 --- [       Thread-5] o.s.b.a.mongo.embedded.EmbeddedMongo     : 2022-06-27T23:11:32.348+0200 I CONTROL  [initandlisten]     distarch: x86_64
2022-06-27 23:11:32.350  INFO 7792 --- [       Thread-5] o.s.b.a.mongo.embedded.EmbeddedMongo     : 2022-06-27T23:11:32.348+0200 I CONTROL  [initandlisten]     target_arch: x86_64
2022-06-27 23:11:32.350  INFO 7792 --- [       Thread-5] o.s.b.a.mongo.embedded.EmbeddedMongo     : 2022-06-27T23:11:32.349+0200 I CONTROL  [initandlisten] options: { net: { bindIp: "127.0.0.1", http: { enabled: false }, port: 65387 }, security: { authorization: "disabled" }, storage: { dbPath: "C:\Users\user\AppData\Local\Temp\embedmongo-db-07e6535e-8931-4947-a2c7-4ca94c5833b3", journal: { enabled: false }, mmapv1: { preallocDataFiles: false, smallFiles: true }, syncPeriodSecs: 0.0 } }
2022-06-27 23:11:32.352  INFO 7792 --- [       Thread-5] o.s.b.a.mongo.embedded.EmbeddedMongo     : 2022-06-27T23:11:32.351+0200 I STORAGE  [initandlisten] wiredtiger_open config: create,cache_size=3474M,session_max=20000,eviction=(threads_min=4,threads_max=4),config_base=false,statistics=(fast),log=(enabled=true,archive=true,path=journal,compressor=snappy),file_manager=(close_idle_time=100000),checkpoint=(wait=0,log_size=2GB),statistics_log=(wait=0),verbose=(recovery_progress),,log=(enabled=false),
2022-06-27 23:11:32.464  INFO 7792 --- [       Thread-5] o.s.b.a.mongo.embedded.EmbeddedMongo     : 2022-06-27T23:11:32.464+0200 W STORAGE  [initandlisten] Detected configuration for non-active storage engine mmapv1 when current storage engine is wiredTiger
2022-06-27 23:11:32.465  INFO 7792 --- [       Thread-5] o.s.b.a.mongo.embedded.EmbeddedMongo     : 2022-06-27T23:11:32.465+0200 I CONTROL  [initandlisten] 
2022-06-27 23:11:32.465  INFO 7792 --- [       Thread-5] o.s.b.a.mongo.embedded.EmbeddedMongo     : 2022-06-27T23:11:32.465+0200 I CONTROL  [initandlisten] ** NOTE: This is a development version (3.5.5) of MongoDB.
2022-06-27 23:11:32.466  INFO 7792 --- [       Thread-5] o.s.b.a.mongo.embedded.EmbeddedMongo     : 2022-06-27T23:11:32.465+0200 I CONTROL  [initandlisten] **       Not recommended for production.
2022-06-27 23:11:32.466  INFO 7792 --- [       Thread-5] o.s.b.a.mongo.embedded.EmbeddedMongo     : 2022-06-27T23:11:32.465+0200 I CONTROL  [initandlisten] 
2022-06-27 23:11:33.176  INFO 7792 --- [       Thread-5] o.s.b.a.mongo.embedded.EmbeddedMongo     : 2022-06-27T23:11:33.176+0200 I FTDC     [initandlisten] Initializing full-time diagnostic data capture with directory 'C:/Users/user/AppData/Local/Temp/embedmongo-db-07e6535e-8931-4947-a2c7-4ca94c5833b3/diagnostic.data'
2022-06-27 23:11:33.211  INFO 7792 --- [       Thread-5] o.s.b.a.mongo.embedded.EmbeddedMongo     : 2022-06-27T23:11:33.212+0200 I INDEX    [initandlisten] build index on: admin.system.version properties: { v: 2, key: { version: 1 }, name: "incompatible_with_version_32", ns: "admin.system.version" }
2022-06-27 23:11:33.212  INFO 7792 --- [       Thread-5] o.s.b.a.mongo.embedded.EmbeddedMongo     : 2022-06-27T23:11:33.212+0200 I INDEX    [initandlisten] 	 building index using bulk method; build may temporarily use up to 500 megabytes of RAM
2022-06-27 23:11:33.216  INFO 7792 --- [       Thread-5] o.s.b.a.mongo.embedded.EmbeddedMongo     : 2022-06-27T23:11:33.216+0200 I INDEX    [initandlisten] build index done.  scanned 0 total records. 0 secs
2022-06-27 23:11:33.219  INFO 7792 --- [       Thread-5] o.s.b.a.mongo.embedded.EmbeddedMongo     : 2022-06-27T23:11:33.219+0200 I COMMAND  [initandlisten] setting featureCompatibilityVersion to 3.4
2022-06-27 23:11:33.220  INFO 7792 --- [       Thread-5] o.s.b.a.mongo.embedded.EmbeddedMongo     : 2022-06-27T23:11:33.220+0200 I NETWORK  [thread1] waiting for connections on port 65387
2022-06-27 23:11:33.221  INFO 7792 --- [    Test worker] d.f.embed.mongo.MongodExecutable         : start de.flapdoodle.embed.mongo.config.MongodConfigBuilder$ImmutableMongodConfig@724751a2
2022-06-27 23:11:33.376  INFO 7792 --- [    Test worker] org.mongodb.driver.cluster               : Cluster created with settings {hosts=[localhost:65387], mode=SINGLE, requiredClusterType=UNKNOWN, serverSelectionTimeout='30000 ms'}
2022-06-27 23:11:34.364  INFO 7792 --- [       Thread-5] o.s.b.a.mongo.embedded.EmbeddedMongo     : 2022-06-27T23:11:34.364+0200 I NETWORK  [thread1] connection accepted from 127.0.0.1:65427 #1 (1 connection now open)
2022-06-27 23:11:34.456  INFO 7792 --- [       Thread-5] o.s.b.a.mongo.embedded.EmbeddedMongo     : 2022-06-27T23:11:34.457+0200 I NETWORK  [conn1] received client metadata from 127.0.0.1:65427 conn1: { driver: { name: "mongo-java-driver|reactive-streams|spring-boot", version: "4.0.5" }, os: { type: "Windows", name: "Windows 10", architecture: "amd64", version: "10.0" }, platform: "Java/Oracle Corporation/1.8.0_271-b09" }
2022-06-27 23:11:34.503  INFO 7792 --- [localhost:65387] org.mongodb.driver.connection            : Opened connection [connectionId{localValue:1, serverValue:1}] to localhost:65387
2022-06-27 23:11:34.512  INFO 7792 --- [localhost:65387] org.mongodb.driver.cluster               : Monitor thread successfully connected to server with description ServerDescription{address=localhost:65387, type=STANDALONE, state=CONNECTED, ok=true, minWireVersion=0, maxWireVersion=5, maxDocumentSize=16777216, logicalSessionTimeoutMinutes=null, roundTripTimeNanos=4579100}
2022-06-27 23:11:36.744  INFO 7792 --- [    Test worker] o.s.s.c.ThreadPoolTaskScheduler          : Initializing ExecutorService 'taskScheduler'
2022-06-27 23:11:36.821  INFO 7792 --- [    Test worker] o.s.b.a.e.web.EndpointLinksResolver      : Exposing 16 endpoint(s) beneath base path '/actuator'
2022-06-27 23:11:37.272  INFO 7792 --- [    Test worker] onConfiguration$FunctionBindingRegistrar : Functional binding is disabled due to the presense of @EnableBinding annotation in your configuration
2022-06-27 23:11:38.228  INFO 7792 --- [    Test worker] o.s.c.s.m.DirectWithAttributesChannel    : Channel 'application.input' has 1 subscriber(s).
2022-06-27 23:11:38.249  INFO 7792 --- [    Test worker] o.s.i.endpoint.EventDrivenConsumer       : Adding {logging-channel-adapter:_org.springframework.integration.errorLogger} as a subscriber to the 'errorChannel' channel
2022-06-27 23:11:38.249  INFO 7792 --- [    Test worker] o.s.i.channel.PublishSubscribeChannel    : Channel 'application.errorChannel' has 1 subscriber(s).
2022-06-27 23:11:38.250  INFO 7792 --- [    Test worker] o.s.i.endpoint.EventDrivenConsumer       : started bean '_org.springframework.integration.errorLogger'
2022-06-27 23:11:38.423  INFO 7792 --- [    Test worker] o.s.b.web.embedded.netty.NettyWebServer  : Netty started on port(s): 65446
2022-06-27 23:11:38.510  INFO 7792 --- [    Test worker] .m.m.c.e.EmployeeServiceApplicationTests : Started EmployeeServiceApplicationTests in 11.968 seconds (JVM running for 13.637)
2022-06-27 23:11:39.016  INFO 7792 --- [       Thread-5] o.s.b.a.mongo.embedded.EmbeddedMongo     : 2022-06-27T23:11:39.016+0200 I NETWORK  [thread1] connection accepted from 127.0.0.1:65447 #2 (2 connections now open)
2022-06-27 23:11:39.022  INFO 7792 --- [       Thread-5] o.s.b.a.mongo.embedded.EmbeddedMongo     : 2022-06-27T23:11:39.022+0200 I NETWORK  [conn2] received client metadata from 127.0.0.1:65447 conn2: { driver: { name: "mongo-java-driver|reactive-streams|spring-boot", version: "4.0.5" }, os: { type: "Windows", name: "Windows 10", architecture: "amd64", version: "10.0" }, platform: "Java/Oracle Corporation/1.8.0_271-b09" }
2022-06-27 23:11:39.028  INFO 7792 --- [ntLoopGroup-3-2] org.mongodb.driver.connection            : Opened connection [connectionId{localValue:2, serverValue:2}] to localhost:65387
2022-06-27 23:11:39.073  INFO 7792 --- [    Test worker] s.m.m.c.e.services.MessageProcessor      : Process message created at 2022-06-27T23:11:39.069...
2022-06-27 23:11:39.074  INFO 7792 --- [    Test worker] s.m.m.c.e.services.MessageProcessor      : Create employee with ID: 1
2022-06-27 23:11:39.106  INFO 7792 --- [    Test worker] reactor.Mono.FlatMap.1                   : | onSubscribe([Fuseable] MonoFlatMap.FlatMapMain)
2022-06-27 23:11:39.107  INFO 7792 --- [    Test worker] reactor.Mono.FlatMap.1                   : | request(unbounded)
2022-06-27 23:11:39.165  INFO 7792 --- [ntLoopGroup-3-2] reactor.Mono.FlatMap.1                   : | onNext(EmployeeEntity: 1/1)
2022-06-27 23:11:39.165  INFO 7792 --- [    Test worker] s.m.m.c.e.services.MessageProcessor      : Message processing done!
2022-06-27 23:11:39.165  INFO 7792 --- [ntLoopGroup-3-2] reactor.Mono.FlatMap.1                   : | onComplete()
2022-06-27 23:11:39.170  INFO 7792 --- [    Test worker] s.m.m.c.e.services.MessageProcessor      : Process message created at 2022-06-27T23:11:39.170...
2022-06-27 23:11:39.170  INFO 7792 --- [    Test worker] s.m.m.c.e.services.MessageProcessor      : Create employee with ID: 2
2022-06-27 23:11:39.171  INFO 7792 --- [    Test worker] reactor.Mono.FlatMap.2                   : | onSubscribe([Fuseable] MonoFlatMap.FlatMapMain)
2022-06-27 23:11:39.171  INFO 7792 --- [    Test worker] reactor.Mono.FlatMap.2                   : | request(unbounded)
2022-06-27 23:11:39.176  INFO 7792 --- [ntLoopGroup-3-2] reactor.Mono.FlatMap.2                   : | onNext(EmployeeEntity: 1/2)
2022-06-27 23:11:39.177  INFO 7792 --- [ntLoopGroup-3-2] reactor.Mono.FlatMap.2                   : | onComplete()
2022-06-27 23:11:39.177  INFO 7792 --- [    Test worker] s.m.m.c.e.services.MessageProcessor      : Message processing done!
2022-06-27 23:11:39.177  INFO 7792 --- [    Test worker] s.m.m.c.e.services.MessageProcessor      : Process message created at 2022-06-27T23:11:39.177...
2022-06-27 23:11:39.177  INFO 7792 --- [    Test worker] s.m.m.c.e.services.MessageProcessor      : Create employee with ID: 3
2022-06-27 23:11:39.178  INFO 7792 --- [    Test worker] reactor.Mono.FlatMap.3                   : | onSubscribe([Fuseable] MonoFlatMap.FlatMapMain)
2022-06-27 23:11:39.178  INFO 7792 --- [    Test worker] reactor.Mono.FlatMap.3                   : | request(unbounded)
2022-06-27 23:11:39.182  INFO 7792 --- [ntLoopGroup-3-2] reactor.Mono.FlatMap.3                   : | onNext(EmployeeEntity: 1/3)
2022-06-27 23:11:39.182  INFO 7792 --- [ntLoopGroup-3-2] reactor.Mono.FlatMap.3                   : | onComplete()
2022-06-27 23:11:39.182  INFO 7792 --- [    Test worker] s.m.m.c.e.services.MessageProcessor      : Message processing done!
2022-06-27 23:11:39.710  INFO 7792 --- [ctor-http-nio-3] reactor.Flux.OnErrorResume.4             : onSubscribe(FluxOnErrorResume.ResumeSubscriber)
2022-06-27 23:11:39.713  INFO 7792 --- [ctor-http-nio-3] reactor.Flux.OnErrorResume.4             : request(unbounded)
2022-06-27 23:11:39.720  INFO 7792 --- [ntLoopGroup-3-2] reactor.Flux.OnErrorResume.4             : onNext(EmployeeEntity: 1/1)
2022-06-27 23:11:39.722  INFO 7792 --- [ntLoopGroup-3-2] reactor.Flux.OnErrorResume.4             : onNext(EmployeeEntity: 1/2)
2022-06-27 23:11:39.723  INFO 7792 --- [ntLoopGroup-3-2] reactor.Flux.OnErrorResume.4             : onNext(EmployeeEntity: 1/3)
2022-06-27 23:11:39.723  INFO 7792 --- [ntLoopGroup-3-2] reactor.Flux.OnErrorResume.4             : onComplete()
2022-06-27 23:11:40.015  INFO 7792 --- [    Test worker] s.m.m.c.e.services.MessageProcessor      : Process message created at 2022-06-27T23:11:40.015...
2022-06-27 23:11:40.016  INFO 7792 --- [    Test worker] s.m.m.c.e.services.MessageProcessor      : Create employee with ID: 1
2022-06-27 23:11:40.017  INFO 7792 --- [    Test worker] reactor.Mono.FlatMap.5                   : | onSubscribe([Fuseable] MonoFlatMap.FlatMapMain)
2022-06-27 23:11:40.017  INFO 7792 --- [    Test worker] reactor.Mono.FlatMap.5                   : | request(unbounded)
2022-06-27 23:11:40.022  INFO 7792 --- [ntLoopGroup-3-2] reactor.Mono.FlatMap.5                   : | onNext(EmployeeEntity: 1/1)
2022-06-27 23:11:40.023  INFO 7792 --- [ntLoopGroup-3-2] reactor.Mono.FlatMap.5                   : | onComplete()
2022-06-27 23:11:40.023  INFO 7792 --- [    Test worker] s.m.m.c.e.services.MessageProcessor      : Message processing done!
2022-06-27 23:11:40.030  INFO 7792 --- [    Test worker] s.m.m.c.e.services.MessageProcessor      : Process message created at 2022-06-27T23:11:40.029...
2022-06-27 23:11:40.030  INFO 7792 --- [    Test worker] s.m.m.c.e.services.MessageProcessor      : Delete employees with insuranceCompanyId: 1
2022-06-27 23:11:40.031 DEBUG 7792 --- [    Test worker] s.m.m.c.e.services.EmployeeServiceImpl   : deleteEmployees: tries to delete employees for the insurance company with insuranceCompanyId: 1
2022-06-27 23:11:40.048  INFO 7792 --- [    Test worker] s.m.m.c.e.services.MessageProcessor      : Message processing done!
2022-06-27 23:11:40.052  INFO 7792 --- [    Test worker] s.m.m.c.e.services.MessageProcessor      : Process message created at 2022-06-27T23:11:40.052...
2022-06-27 23:11:40.052  INFO 7792 --- [    Test worker] s.m.m.c.e.services.MessageProcessor      : Delete employees with insuranceCompanyId: 1
2022-06-27 23:11:40.053 DEBUG 7792 --- [    Test worker] s.m.m.c.e.services.EmployeeServiceImpl   : deleteEmployees: tries to delete employees for the insurance company with insuranceCompanyId: 1
2022-06-27 23:11:40.057  INFO 7792 --- [    Test worker] s.m.m.c.e.services.MessageProcessor      : Message processing done!
2022-06-27 23:11:40.079  INFO 7792 --- [ctor-http-nio-3] reactor.Flux.OnErrorResume.6             : onSubscribe(FluxOnErrorResume.ResumeSubscriber)
2022-06-27 23:11:40.079  INFO 7792 --- [ctor-http-nio-3] reactor.Flux.OnErrorResume.6             : request(unbounded)
2022-06-27 23:11:40.082  INFO 7792 --- [ntLoopGroup-3-2] reactor.Flux.OnErrorResume.6             : onComplete()
2022-06-27 23:11:40.208 DEBUG 7792 --- [ctor-http-nio-3] s.m.u.h.GlobalControllerExceptionHandler : Returning HTTP status: 422 UNPROCESSABLE_ENTITY for path: /employee, message: Invalid insuranceCompanyId: -1
]]></system-out>
  <system-err><![CDATA[]]></system-err>
</testsuite>
