<?xml version="1.0" encoding="UTF-8"?>
<testsuite name="se.magnus.microservices.core.employee.EmployeeServiceApplicationTests" tests="6" skipped="0" failures="0" errors="0" timestamp="2022-07-05T22:05:47" hostname="DESKTOP-HJGV6OB" time="3.025">
  <properties/>
  <testcase name="getEmployeesByInsuranceCompanyId" classname="se.magnus.microservices.core.employee.EmployeeServiceApplicationTests" time="2.622"/>
  <testcase name="deleteEmployees" classname="se.magnus.microservices.core.employee.EmployeeServiceApplicationTests" time="0.098"/>
  <testcase name="getEmployeesNotFound" classname="se.magnus.microservices.core.employee.EmployeeServiceApplicationTests" time="0.05"/>
  <testcase name="getEmployeesMissingParameter" classname="se.magnus.microservices.core.employee.EmployeeServiceApplicationTests" time="0.133"/>
  <testcase name="getEmployeesInvalidParameterNegativeValue" classname="se.magnus.microservices.core.employee.EmployeeServiceApplicationTests" time="0.068"/>
  <testcase name="getEmployeesInvalidParameter" classname="se.magnus.microservices.core.employee.EmployeeServiceApplicationTests" time="0.042"/>
  <system-out><![CDATA[00:05:22.680 [Test worker] DEBUG org.springframework.test.annotation.ProfileValueUtils - Retrieved @ProfileValueSourceConfiguration [null] for test class [se.magnus.microservices.core.employee.EmployeeServiceApplicationTests]
00:05:22.680 [Test worker] DEBUG org.springframework.test.annotation.ProfileValueUtils - Retrieved ProfileValueSource type [class org.springframework.test.annotation.SystemProfileValueSource] for class [se.magnus.microservices.core.employee.EmployeeServiceApplicationTests]
00:05:22.681 [Test worker] DEBUG org.springframework.test.annotation.ProfileValueUtils - Retrieved @ProfileValueSourceConfiguration [null] for test class [se.magnus.microservices.core.employee.EmployeeServiceApplicationTests]
00:05:22.681 [Test worker] DEBUG org.springframework.test.annotation.ProfileValueUtils - Retrieved ProfileValueSource type [class org.springframework.test.annotation.SystemProfileValueSource] for class [se.magnus.microservices.core.employee.EmployeeServiceApplicationTests]
00:05:22.681 [Test worker] DEBUG org.springframework.test.context.support.AbstractDirtiesContextTestExecutionListener - Before test class: context [DefaultTestContext@101af487 testClass = EmployeeServiceApplicationTests, testInstance = [null], testMethod = [null], testException = [null], mergedContextConfiguration = [ReactiveWebMergedContextConfiguration@7a564122 testClass = EmployeeServiceApplicationTests, locations = '{}', classes = '{class se.magnus.microservices.core.employee.EmployeeServiceApplication}', contextInitializerClasses = '[]', activeProfiles = '{}', propertySourceLocations = '{}', propertySourceProperties = '{eureka.client.enabled=false, spring.data.mongodb.port: 0, org.springframework.boot.test.context.SpringBootTestContextBootstrapper=true, server.port=0}', contextCustomizers = set[org.springframework.boot.test.autoconfigure.properties.PropertyMappingContextCustomizer@0, org.springframework.boot.test.autoconfigure.web.servlet.WebDriverContextCustomizerFactory$Customizer@7bd78335, org.springframework.boot.test.context.filter.ExcludeFilterContextCustomizer@61964e32, org.springframework.boot.test.json.DuplicateJsonObjectContextCustomizerFactory$DuplicateJsonObjectContextCustomizer@6eb5169, org.springframework.boot.test.mock.mockito.MockitoContextCustomizer@0, org.springframework.boot.test.web.client.TestRestTemplateContextCustomizer@27ee4138, org.springframework.boot.test.web.reactive.server.WebTestClientContextCustomizer@b4f1edc, org.springframework.boot.test.context.SpringBootTestArgs@1], contextLoader = 'org.springframework.boot.test.context.SpringBootContextLoader', parent = [null]], attributes = map['org.springframework.test.context.web.ServletTestExecutionListener.activateListener' -> false]], class annotated with @DirtiesContext [false] with mode [null].
00:05:22.689 [Test worker] DEBUG org.springframework.test.annotation.ProfileValueUtils - Retrieved @ProfileValueSourceConfiguration [null] for test class [se.magnus.microservices.core.employee.EmployeeServiceApplicationTests]
00:05:22.689 [Test worker] DEBUG org.springframework.test.annotation.ProfileValueUtils - Retrieved ProfileValueSource type [class org.springframework.test.annotation.SystemProfileValueSource] for class [se.magnus.microservices.core.employee.EmployeeServiceApplicationTests]
00:05:22.692 [Test worker] DEBUG org.springframework.test.context.support.DependencyInjectionTestExecutionListener - Performing dependency injection for test context [[DefaultTestContext@101af487 testClass = EmployeeServiceApplicationTests, testInstance = se.magnus.microservices.core.employee.EmployeeServiceApplicationTests@36609c40, testMethod = [null], testException = [null], mergedContextConfiguration = [ReactiveWebMergedContextConfiguration@7a564122 testClass = EmployeeServiceApplicationTests, locations = '{}', classes = '{class se.magnus.microservices.core.employee.EmployeeServiceApplication}', contextInitializerClasses = '[]', activeProfiles = '{}', propertySourceLocations = '{}', propertySourceProperties = '{eureka.client.enabled=false, spring.data.mongodb.port: 0, org.springframework.boot.test.context.SpringBootTestContextBootstrapper=true, server.port=0}', contextCustomizers = set[org.springframework.boot.test.autoconfigure.properties.PropertyMappingContextCustomizer@0, org.springframework.boot.test.autoconfigure.web.servlet.WebDriverContextCustomizerFactory$Customizer@7bd78335, org.springframework.boot.test.context.filter.ExcludeFilterContextCustomizer@61964e32, org.springframework.boot.test.json.DuplicateJsonObjectContextCustomizerFactory$DuplicateJsonObjectContextCustomizer@6eb5169, org.springframework.boot.test.mock.mockito.MockitoContextCustomizer@0, org.springframework.boot.test.web.client.TestRestTemplateContextCustomizer@27ee4138, org.springframework.boot.test.web.reactive.server.WebTestClientContextCustomizer@b4f1edc, org.springframework.boot.test.context.SpringBootTestArgs@1], contextLoader = 'org.springframework.boot.test.context.SpringBootContextLoader', parent = [null]], attributes = map['org.springframework.test.context.web.ServletTestExecutionListener.activateListener' -> false]]].
00:05:22.726 [Test worker] DEBUG org.springframework.test.context.support.TestPropertySourceUtils - Adding inlined properties to environment: {spring.jmx.enabled=false, eureka.client.enabled=false, spring.data.mongodb.port: 0, org.springframework.boot.test.context.SpringBootTestContextBootstrapper=true, server.port=0}

  .   ____          _            __ _ _
 /\\ / ___'_ __ _ _(_)_ __  __ _ \ \ \ \
( ( )\___ | '_ | '_| | '_ \/ _` | \ \ \ \
 \\/  ___)| |_)| | | | | || (_| |  ) ) ) )
  '  |____| .__|_| |_|_| |_\__, | / / / /
 =========|_|==============|___/=/_/_/_/
 :: Spring Boot ::        (v2.3.2.RELEASE)

2022-07-06 00:05:25.437  INFO 536 --- [    Test worker] .m.m.c.e.EmployeeServiceApplicationTests : No active profile set, falling back to default profiles: default
2022-07-06 00:05:27.900  INFO 536 --- [    Test worker] .s.d.r.c.RepositoryConfigurationDelegate : Bootstrapping Spring Data Reactive MongoDB repositories in DEFAULT mode.
2022-07-06 00:05:28.360  INFO 536 --- [    Test worker] .s.d.r.c.RepositoryConfigurationDelegate : Finished Spring Data repository scanning in 448ms. Found 1 Reactive MongoDB repository interfaces.
2022-07-06 00:05:29.088  INFO 536 --- [    Test worker] o.s.cloud.context.scope.GenericScope     : BeanFactory id=5103b050-5855-3860-b17d-9a4aaf25b821
2022-07-06 00:05:29.192  INFO 536 --- [    Test worker] faultConfiguringBeanFactoryPostProcessor : No bean named 'errorChannel' has been explicitly defined. Therefore, a default PublishSubscribeChannel will be created.
2022-07-06 00:05:29.209  INFO 536 --- [    Test worker] faultConfiguringBeanFactoryPostProcessor : No bean named 'taskScheduler' has been explicitly defined. Therefore, a default ThreadPoolTaskScheduler will be created.
2022-07-06 00:05:29.224  INFO 536 --- [    Test worker] faultConfiguringBeanFactoryPostProcessor : No bean named 'integrationHeaderChannelRegistry' has been explicitly defined. Therefore, a default DefaultHeaderChannelRegistry will be created.
2022-07-06 00:05:29.657  INFO 536 --- [    Test worker] trationDelegate$BeanPostProcessorChecker : Bean 'integrationChannelResolver' of type [org.springframework.integration.support.channel.BeanFactoryChannelResolver] is not eligible for getting processed by all BeanPostProcessors (for example: not eligible for auto-proxying)
2022-07-06 00:05:29.673  INFO 536 --- [    Test worker] trationDelegate$BeanPostProcessorChecker : Bean 'integrationDisposableAutoCreatedBeans' of type [org.springframework.integration.config.annotation.Disposables] is not eligible for getting processed by all BeanPostProcessors (for example: not eligible for auto-proxying)
2022-07-06 00:05:29.767  INFO 536 --- [    Test worker] trationDelegate$BeanPostProcessorChecker : Bean 'org.springframework.integration.config.IntegrationManagementConfiguration' of type [org.springframework.integration.config.IntegrationManagementConfiguration] is not eligible for getting processed by all BeanPostProcessors (for example: not eligible for auto-proxying)
2022-07-06 00:05:29.814  INFO 536 --- [    Test worker] trationDelegate$BeanPostProcessorChecker : Bean 'org.springframework.cloud.client.loadbalancer.reactive.LoadBalancerBeanPostProcessorAutoConfiguration' of type [org.springframework.cloud.client.loadbalancer.reactive.LoadBalancerBeanPostProcessorAutoConfiguration] is not eligible for getting processed by all BeanPostProcessors (for example: not eligible for auto-proxying)
2022-07-06 00:05:29.814  INFO 536 --- [    Test worker] trationDelegate$BeanPostProcessorChecker : Bean 'org.springframework.cloud.client.loadbalancer.reactive.LoadBalancerBeanPostProcessorAutoConfiguration$ReactiveLoadBalancerConfig' of type [org.springframework.cloud.client.loadbalancer.reactive.LoadBalancerBeanPostProcessorAutoConfiguration$ReactiveLoadBalancerConfig] is not eligible for getting processed by all BeanPostProcessors (for example: not eligible for auto-proxying)
2022-07-06 00:05:29.830  INFO 536 --- [    Test worker] trationDelegate$BeanPostProcessorChecker : Bean 'deferringLoadBalancerExchangeFilterFunction' of type [org.springframework.cloud.client.loadbalancer.reactive.DeferringLoadBalancerExchangeFilterFunction] is not eligible for getting processed by all BeanPostProcessors (for example: not eligible for auto-proxying)
2022-07-06 00:05:31.664  INFO 536 --- [       Thread-7] o.s.b.a.mongo.embedded.EmbeddedMongo     : note: noprealloc may hurt performance in many applications
2022-07-06 00:05:31.760  INFO 536 --- [       Thread-7] o.s.b.a.mongo.embedded.EmbeddedMongo     : 2022-07-06T00:05:31.760+0200 I CONTROL  [initandlisten] MongoDB starting : pid=6128 port=52419 dbpath=C:\Users\user\AppData\Local\Temp\embedmongo-db-46ee3053-47df-414f-a77a-dab35431849f 64-bit host=DESKTOP-HJGV6OB
2022-07-06 00:05:31.762  INFO 536 --- [       Thread-7] o.s.b.a.mongo.embedded.EmbeddedMongo     : 2022-07-06T00:05:31.761+0200 I CONTROL  [initandlisten] targetMinOS: Windows Vista/Windows Server 2008
2022-07-06 00:05:31.762  INFO 536 --- [       Thread-7] o.s.b.a.mongo.embedded.EmbeddedMongo     : 2022-07-06T00:05:31.761+0200 I CONTROL  [initandlisten] db version v3.5.5
2022-07-06 00:05:31.762  INFO 536 --- [       Thread-7] o.s.b.a.mongo.embedded.EmbeddedMongo     : 2022-07-06T00:05:31.761+0200 I CONTROL  [initandlisten] git version: 98515c812b6fa893613f063dae568ff8319cbfbd
2022-07-06 00:05:31.762  INFO 536 --- [       Thread-7] o.s.b.a.mongo.embedded.EmbeddedMongo     : 2022-07-06T00:05:31.761+0200 I CONTROL  [initandlisten] allocator: tcmalloc
2022-07-06 00:05:31.762  INFO 536 --- [       Thread-7] o.s.b.a.mongo.embedded.EmbeddedMongo     : 2022-07-06T00:05:31.761+0200 I CONTROL  [initandlisten] modules: none
2022-07-06 00:05:31.763  INFO 536 --- [       Thread-7] o.s.b.a.mongo.embedded.EmbeddedMongo     : 2022-07-06T00:05:31.761+0200 I CONTROL  [initandlisten] build environment:
2022-07-06 00:05:31.763  INFO 536 --- [       Thread-7] o.s.b.a.mongo.embedded.EmbeddedMongo     : 2022-07-06T00:05:31.761+0200 I CONTROL  [initandlisten]     distarch: x86_64
2022-07-06 00:05:31.764  INFO 536 --- [       Thread-7] o.s.b.a.mongo.embedded.EmbeddedMongo     : 2022-07-06T00:05:31.761+0200 I CONTROL  [initandlisten]     target_arch: x86_64
2022-07-06 00:05:31.765  INFO 536 --- [       Thread-7] o.s.b.a.mongo.embedded.EmbeddedMongo     : 2022-07-06T00:05:31.761+0200 I CONTROL  [initandlisten] options: { net: { bindIp: "127.0.0.1", http: { enabled: false }, port: 52419 }, security: { authorization: "disabled" }, storage: { dbPath: "C:\Users\user\AppData\Local\Temp\embedmongo-db-46ee3053-47df-414f-a77a-dab35431849f", journal: { enabled: false }, mmapv1: { preallocDataFiles: false, smallFiles: true }, syncPeriodSecs: 0.0 } }
2022-07-06 00:05:31.765  INFO 536 --- [       Thread-7] o.s.b.a.mongo.embedded.EmbeddedMongo     : 2022-07-06T00:05:31.763+0200 I STORAGE  [initandlisten] wiredtiger_open config: create,cache_size=3474M,session_max=20000,eviction=(threads_min=4,threads_max=4),config_base=false,statistics=(fast),log=(enabled=true,archive=true,path=journal,compressor=snappy),file_manager=(close_idle_time=100000),checkpoint=(wait=0,log_size=2GB),statistics_log=(wait=0),verbose=(recovery_progress),,log=(enabled=false),
2022-07-06 00:05:31.943  INFO 536 --- [       Thread-7] o.s.b.a.mongo.embedded.EmbeddedMongo     : 2022-07-06T00:05:31.943+0200 W STORAGE  [initandlisten] Detected configuration for non-active storage engine mmapv1 when current storage engine is wiredTiger
2022-07-06 00:05:31.944  INFO 536 --- [       Thread-7] o.s.b.a.mongo.embedded.EmbeddedMongo     : 2022-07-06T00:05:31.943+0200 I CONTROL  [initandlisten] 
2022-07-06 00:05:31.944  INFO 536 --- [       Thread-7] o.s.b.a.mongo.embedded.EmbeddedMongo     : 2022-07-06T00:05:31.943+0200 I CONTROL  [initandlisten] ** NOTE: This is a development version (3.5.5) of MongoDB.
2022-07-06 00:05:31.944  INFO 536 --- [       Thread-7] o.s.b.a.mongo.embedded.EmbeddedMongo     : 2022-07-06T00:05:31.943+0200 I CONTROL  [initandlisten] **       Not recommended for production.
2022-07-06 00:05:31.944  INFO 536 --- [       Thread-7] o.s.b.a.mongo.embedded.EmbeddedMongo     : 2022-07-06T00:05:31.943+0200 I CONTROL  [initandlisten] 
2022-07-06 00:05:32.433  INFO 536 --- [       Thread-7] o.s.b.a.mongo.embedded.EmbeddedMongo     : 2022-07-06T00:05:32.433+0200 I FTDC     [initandlisten] Initializing full-time diagnostic data capture with directory 'C:/Users/user/AppData/Local/Temp/embedmongo-db-46ee3053-47df-414f-a77a-dab35431849f/diagnostic.data'
2022-07-06 00:05:32.462  INFO 536 --- [       Thread-7] o.s.b.a.mongo.embedded.EmbeddedMongo     : 2022-07-06T00:05:32.462+0200 I INDEX    [initandlisten] build index on: admin.system.version properties: { v: 2, key: { version: 1 }, name: "incompatible_with_version_32", ns: "admin.system.version" }
2022-07-06 00:05:32.463  INFO 536 --- [       Thread-7] o.s.b.a.mongo.embedded.EmbeddedMongo     : 2022-07-06T00:05:32.462+0200 I INDEX    [initandlisten] 	 building index using bulk method; build may temporarily use up to 500 megabytes of RAM
2022-07-06 00:05:32.466  INFO 536 --- [       Thread-7] o.s.b.a.mongo.embedded.EmbeddedMongo     : 2022-07-06T00:05:32.466+0200 I INDEX    [initandlisten] build index done.  scanned 0 total records. 0 secs
2022-07-06 00:05:32.469  INFO 536 --- [       Thread-7] o.s.b.a.mongo.embedded.EmbeddedMongo     : 2022-07-06T00:05:32.468+0200 I COMMAND  [initandlisten] setting featureCompatibilityVersion to 3.4
2022-07-06 00:05:32.470  INFO 536 --- [       Thread-7] o.s.b.a.mongo.embedded.EmbeddedMongo     : 2022-07-06T00:05:32.470+0200 I NETWORK  [thread1] waiting for connections on port 52419
2022-07-06 00:05:32.470  INFO 536 --- [    Test worker] d.f.embed.mongo.MongodExecutable         : start de.flapdoodle.embed.mongo.config.MongodConfigBuilder$ImmutableMongodConfig@2633d0e9
2022-07-06 00:05:32.981  INFO 536 --- [    Test worker] org.mongodb.driver.cluster               : Cluster created with settings {hosts=[localhost:52419], mode=SINGLE, requiredClusterType=UNKNOWN, serverSelectionTimeout='30000 ms'}
2022-07-06 00:05:33.447  WARN 536 --- [    Test worker] o.s.data.convert.CustomConversions       : Registering converter from class java.time.LocalDateTime to class org.joda.time.LocalDateTime as reading converter although it doesn't convert from a store-supported type! You might want to check your annotation setup at the converter implementation.
2022-07-06 00:05:33.710  WARN 536 --- [    Test worker] o.s.data.convert.CustomConversions       : Registering converter from class java.time.LocalDateTime to class org.joda.time.LocalDateTime as reading converter although it doesn't convert from a store-supported type! You might want to check your annotation setup at the converter implementation.
2022-07-06 00:05:34.524  INFO 536 --- [       Thread-7] o.s.b.a.mongo.embedded.EmbeddedMongo     : 2022-07-06T00:05:34.523+0200 I NETWORK  [thread1] connection accepted from 127.0.0.1:52456 #1 (1 connection now open)
2022-07-06 00:05:34.657  INFO 536 --- [       Thread-7] o.s.b.a.mongo.embedded.EmbeddedMongo     : 2022-07-06T00:05:34.657+0200 I NETWORK  [conn1] received client metadata from 127.0.0.1:52456 conn1: { driver: { name: "mongo-java-driver|reactive-streams|spring-boot", version: "4.0.5" }, os: { type: "Windows", name: "Windows 10", architecture: "amd64", version: "10.0" }, platform: "Java/Oracle Corporation/1.8.0_271-b09" }
2022-07-06 00:05:34.724  INFO 536 --- [localhost:52419] org.mongodb.driver.connection            : Opened connection [connectionId{localValue:1, serverValue:1}] to localhost:52419
2022-07-06 00:05:34.739  INFO 536 --- [localhost:52419] org.mongodb.driver.cluster               : Monitor thread successfully connected to server with description ServerDescription{address=localhost:52419, type=STANDALONE, state=CONNECTED, ok=true, minWireVersion=0, maxWireVersion=5, maxDocumentSize=16777216, logicalSessionTimeoutMinutes=null, roundTripTimeNanos=8961000}
2022-07-06 00:05:35.497  WARN 536 --- [    Test worker] c.n.c.sources.URLConfigurationSource     : No URLs will be polled as dynamic configuration sources.
2022-07-06 00:05:35.498  INFO 536 --- [    Test worker] c.n.c.sources.URLConfigurationSource     : To enable URLs as dynamic configuration sources, define System property archaius.configurationSource.additionalUrls or make config.properties available on classpath.
2022-07-06 00:05:35.523  WARN 536 --- [    Test worker] c.n.c.sources.URLConfigurationSource     : No URLs will be polled as dynamic configuration sources.
2022-07-06 00:05:35.524  INFO 536 --- [    Test worker] c.n.c.sources.URLConfigurationSource     : To enable URLs as dynamic configuration sources, define System property archaius.configurationSource.additionalUrls or make config.properties available on classpath.
2022-07-06 00:05:40.546  INFO 536 --- [    Test worker] o.s.s.c.ThreadPoolTaskScheduler          : Initializing ExecutorService 'taskScheduler'
2022-07-06 00:05:40.686  INFO 536 --- [    Test worker] o.s.b.a.e.web.EndpointLinksResolver      : Exposing 19 endpoint(s) beneath base path '/actuator'
2022-07-06 00:05:41.535  INFO 536 --- [    Test worker] onConfiguration$FunctionBindingRegistrar : Functional binding is disabled due to the presense of @EnableBinding annotation in your configuration
2022-07-06 00:05:44.156  WARN 536 --- [    Test worker] ockingLoadBalancerClientRibbonWarnLogger : You already have RibbonLoadBalancerClient on your classpath. It will be used by default. As Spring Cloud Ribbon is in maintenance mode. We recommend switching to BlockingLoadBalancerClient instead. In order to use it, set the value of `spring.cloud.loadbalancer.ribbon.enabled` to `false` or remove spring-cloud-starter-netflix-ribbon from your project.
2022-07-06 00:05:44.254  WARN 536 --- [    Test worker] eactorLoadBalancerClientRibbonWarnLogger : You have RibbonLoadBalancerClient on your classpath. LoadBalancerExchangeFilterFunction that uses it under the hood will be used by default. Spring Cloud Ribbon is now in maintenance mode, so we suggest switching to ReactorLoadBalancerExchangeFilterFunction instead. In order to use it, set the value of `spring.cloud.loadbalancer.ribbon.enabled` to `false` or remove spring-cloud-starter-netflix-ribbon from your project.
2022-07-06 00:05:45.298  INFO 536 --- [    Test worker] o.s.c.s.m.DirectWithAttributesChannel    : Channel 'application-1.input' has 1 subscriber(s).
2022-07-06 00:05:45.339  INFO 536 --- [    Test worker] o.s.i.endpoint.EventDrivenConsumer       : Adding {logging-channel-adapter:_org.springframework.integration.errorLogger} as a subscriber to the 'errorChannel' channel
2022-07-06 00:05:45.340  INFO 536 --- [    Test worker] o.s.i.channel.PublishSubscribeChannel    : Channel 'application-1.errorChannel' has 1 subscriber(s).
2022-07-06 00:05:45.341  INFO 536 --- [    Test worker] o.s.i.endpoint.EventDrivenConsumer       : started bean '_org.springframework.integration.errorLogger'
2022-07-06 00:05:45.781  INFO 536 --- [    Test worker] o.s.b.web.embedded.netty.NettyWebServer  : Netty started on port(s): 52475
2022-07-06 00:05:47.709  INFO 536 --- [    Test worker] .m.m.c.e.EmployeeServiceApplicationTests : Started EmployeeServiceApplicationTests in 24.972 seconds (JVM running for 26.947)
2022-07-06 00:05:48.955  INFO 536 --- [       Thread-7] o.s.b.a.mongo.embedded.EmbeddedMongo     : 2022-07-06T00:05:48.956+0200 I NETWORK  [thread1] connection accepted from 127.0.0.1:52476 #2 (2 connections now open)
2022-07-06 00:05:48.967  INFO 536 --- [       Thread-7] o.s.b.a.mongo.embedded.EmbeddedMongo     : 2022-07-06T00:05:48.967+0200 I NETWORK  [conn2] received client metadata from 127.0.0.1:52476 conn2: { driver: { name: "mongo-java-driver|reactive-streams|spring-boot", version: "4.0.5" }, os: { type: "Windows", name: "Windows 10", architecture: "amd64", version: "10.0" }, platform: "Java/Oracle Corporation/1.8.0_271-b09" }
2022-07-06 00:05:48.979  INFO 536 --- [ntLoopGroup-3-2] org.mongodb.driver.connection            : Opened connection [connectionId{localValue:2, serverValue:2}] to localhost:52419
2022-07-06 00:05:49.082  INFO 536 --- [    Test worker] s.m.m.c.e.services.MessageProcessor      : Process message created at 2022-07-06T00:05:49.070...
2022-07-06 00:05:49.084  INFO 536 --- [    Test worker] s.m.m.c.e.services.MessageProcessor      : Create employee with ID: 1
2022-07-06 00:05:49.135  INFO 536 --- [    Test worker] reactor.Mono.FlatMap.1                   : | onSubscribe([Fuseable] MonoFlatMap.FlatMapMain)
2022-07-06 00:05:49.138  INFO 536 --- [    Test worker] reactor.Mono.FlatMap.1                   : | request(unbounded)
2022-07-06 00:05:49.237  INFO 536 --- [ntLoopGroup-3-2] reactor.Mono.FlatMap.1                   : | onNext(EmployeeEntity: 1/1)
2022-07-06 00:05:49.238  INFO 536 --- [    Test worker] s.m.m.c.e.services.MessageProcessor      : Message processing done!
2022-07-06 00:05:49.238  INFO 536 --- [ntLoopGroup-3-2] reactor.Mono.FlatMap.1                   : | onComplete()
2022-07-06 00:05:49.243  INFO 536 --- [    Test worker] s.m.m.c.e.services.MessageProcessor      : Process message created at 2022-07-06T00:05:49.243...
2022-07-06 00:05:49.244  INFO 536 --- [    Test worker] s.m.m.c.e.services.MessageProcessor      : Create employee with ID: 2
2022-07-06 00:05:49.245  INFO 536 --- [    Test worker] reactor.Mono.FlatMap.2                   : | onSubscribe([Fuseable] MonoFlatMap.FlatMapMain)
2022-07-06 00:05:49.245  INFO 536 --- [    Test worker] reactor.Mono.FlatMap.2                   : | request(unbounded)
2022-07-06 00:05:49.253  INFO 536 --- [ntLoopGroup-3-2] reactor.Mono.FlatMap.2                   : | onNext(EmployeeEntity: 1/2)
2022-07-06 00:05:49.254  INFO 536 --- [    Test worker] s.m.m.c.e.services.MessageProcessor      : Message processing done!
2022-07-06 00:05:49.253  INFO 536 --- [ntLoopGroup-3-2] reactor.Mono.FlatMap.2                   : | onComplete()
2022-07-06 00:05:49.254  INFO 536 --- [    Test worker] s.m.m.c.e.services.MessageProcessor      : Process message created at 2022-07-06T00:05:49.254...
2022-07-06 00:05:49.255  INFO 536 --- [    Test worker] s.m.m.c.e.services.MessageProcessor      : Create employee with ID: 3
2022-07-06 00:05:49.255  INFO 536 --- [    Test worker] reactor.Mono.FlatMap.3                   : | onSubscribe([Fuseable] MonoFlatMap.FlatMapMain)
2022-07-06 00:05:49.256  INFO 536 --- [    Test worker] reactor.Mono.FlatMap.3                   : | request(unbounded)
2022-07-06 00:05:49.261  INFO 536 --- [ntLoopGroup-3-2] reactor.Mono.FlatMap.3                   : | onNext(EmployeeEntity: 1/3)
2022-07-06 00:05:49.261  INFO 536 --- [ntLoopGroup-3-2] reactor.Mono.FlatMap.3                   : | onComplete()
2022-07-06 00:05:49.261  INFO 536 --- [    Test worker] s.m.m.c.e.services.MessageProcessor      : Message processing done!
2022-07-06 00:05:50.141  INFO 536 --- [ctor-http-nio-3] reactor.Flux.OnErrorResume.4             : onSubscribe(FluxOnErrorResume.ResumeSubscriber)
2022-07-06 00:05:50.143  INFO 536 --- [ctor-http-nio-3] reactor.Flux.OnErrorResume.4             : request(unbounded)
2022-07-06 00:05:50.150  INFO 536 --- [ntLoopGroup-3-2] reactor.Flux.OnErrorResume.4             : onNext(EmployeeEntity: 1/1)
2022-07-06 00:05:50.153  INFO 536 --- [ntLoopGroup-3-2] reactor.Flux.OnErrorResume.4             : onNext(EmployeeEntity: 1/2)
2022-07-06 00:05:50.154  INFO 536 --- [ntLoopGroup-3-2] reactor.Flux.OnErrorResume.4             : onNext(EmployeeEntity: 1/3)
2022-07-06 00:05:50.154  INFO 536 --- [ntLoopGroup-3-2] reactor.Flux.OnErrorResume.4             : onComplete()
2022-07-06 00:05:50.596  INFO 536 --- [    Test worker] s.m.m.c.e.services.MessageProcessor      : Process message created at 2022-07-06T00:05:50.595...
2022-07-06 00:05:50.596  INFO 536 --- [    Test worker] s.m.m.c.e.services.MessageProcessor      : Create employee with ID: 1
2022-07-06 00:05:50.597  INFO 536 --- [    Test worker] reactor.Mono.FlatMap.5                   : | onSubscribe([Fuseable] MonoFlatMap.FlatMapMain)
2022-07-06 00:05:50.597  INFO 536 --- [    Test worker] reactor.Mono.FlatMap.5                   : | request(unbounded)
2022-07-06 00:05:50.603  INFO 536 --- [ntLoopGroup-3-2] reactor.Mono.FlatMap.5                   : | onNext(EmployeeEntity: 1/1)
2022-07-06 00:05:50.603  INFO 536 --- [    Test worker] s.m.m.c.e.services.MessageProcessor      : Message processing done!
2022-07-06 00:05:50.603  INFO 536 --- [ntLoopGroup-3-2] reactor.Mono.FlatMap.5                   : | onComplete()
2022-07-06 00:05:50.616  INFO 536 --- [    Test worker] s.m.m.c.e.services.MessageProcessor      : Process message created at 2022-07-06T00:05:50.616...
2022-07-06 00:05:50.616  INFO 536 --- [    Test worker] s.m.m.c.e.services.MessageProcessor      : Delete employees with insuranceCompanyId: 1
2022-07-06 00:05:50.616 DEBUG 536 --- [    Test worker] s.m.m.c.e.services.EmployeeServiceImpl   : deleteEmployees: tries to delete employees for the insurance company with insuranceCompanyId: 1
2022-07-06 00:05:50.646  INFO 536 --- [    Test worker] s.m.m.c.e.services.MessageProcessor      : Message processing done!
2022-07-06 00:05:50.652  INFO 536 --- [    Test worker] s.m.m.c.e.services.MessageProcessor      : Process message created at 2022-07-06T00:05:50.652...
2022-07-06 00:05:50.654  INFO 536 --- [    Test worker] s.m.m.c.e.services.MessageProcessor      : Delete employees with insuranceCompanyId: 1
2022-07-06 00:05:50.654 DEBUG 536 --- [    Test worker] s.m.m.c.e.services.EmployeeServiceImpl   : deleteEmployees: tries to delete employees for the insurance company with insuranceCompanyId: 1
2022-07-06 00:05:50.664  INFO 536 --- [    Test worker] s.m.m.c.e.services.MessageProcessor      : Message processing done!
2022-07-06 00:05:50.705  INFO 536 --- [ctor-http-nio-3] reactor.Flux.OnErrorResume.6             : onSubscribe(FluxOnErrorResume.ResumeSubscriber)
2022-07-06 00:05:50.705  INFO 536 --- [ctor-http-nio-3] reactor.Flux.OnErrorResume.6             : request(unbounded)
2022-07-06 00:05:50.713  INFO 536 --- [ntLoopGroup-3-2] reactor.Flux.OnErrorResume.6             : onComplete()
2022-07-06 00:05:50.903 DEBUG 536 --- [ctor-http-nio-3] s.m.u.h.GlobalControllerExceptionHandler : Returning HTTP status: 422 UNPROCESSABLE_ENTITY for path: /employee, message: Invalid insuranceCompanyId: -1
]]></system-out>
  <system-err><![CDATA[]]></system-err>
</testsuite>
