<?xml version="1.0" encoding="UTF-8"?>
<testsuite name="se.magnus.microservices.core.employee.PersistenceTests" tests="5" skipped="0" failures="0" errors="0" timestamp="2022-06-20T14:42:26" hostname="DESKTOP-HJGV6OB" time="0.224">
  <properties/>
  <testcase name="optimisticLockError" classname="se.magnus.microservices.core.employee.PersistenceTests" time="0.108"/>
  <testcase name="deleteEmployee" classname="se.magnus.microservices.core.employee.PersistenceTests" time="0.025"/>
  <testcase name="getByInsuranceCompanyId" classname="se.magnus.microservices.core.employee.PersistenceTests" time="0.02"/>
  <testcase name="updateEmployee" classname="se.magnus.microservices.core.employee.PersistenceTests" time="0.024"/>
  <testcase name="createEmployee" classname="se.magnus.microservices.core.employee.PersistenceTests" time="0.042"/>
  <system-out><![CDATA[
  .   ____          _            __ _ _
 /\\ / ___'_ __ _ _(_)_ __  __ _ \ \ \ \
( ( )\___ | '_ | '_| | '_ \/ _` | \ \ \ \
 \\/  ___)| |_)| | | | | || (_| |  ) ) ) )
  '  |____| .__|_| |_|_| |_\__, | / / / /
 =========|_|==============|___/=/_/_/_/
 :: Spring Boot ::        (v2.3.2.RELEASE)

2022-06-20 16:42:24.498  INFO 9316 --- [    Test worker] s.m.m.core.employee.PersistenceTests     : Starting PersistenceTests on DESKTOP-HJGV6OB with PID 9316 (started by user in C:\Users\user\git\InsuranceCompanyMicroservices_DIS\DIS_projekat\microservices\employee-service)
2022-06-20 16:42:24.498 DEBUG 9316 --- [    Test worker] s.m.m.core.employee.PersistenceTests     : Running with Spring Boot v2.3.2.RELEASE, Spring v5.2.8.RELEASE
2022-06-20 16:42:24.499  INFO 9316 --- [    Test worker] s.m.m.core.employee.PersistenceTests     : No active profile set, falling back to default profiles: default
2022-06-20 16:42:24.651  INFO 9316 --- [    Test worker] .s.d.r.c.RepositoryConfigurationDelegate : Bootstrapping Spring Data Reactive MongoDB repositories in DEFAULT mode.
2022-06-20 16:42:24.667  INFO 9316 --- [    Test worker] .s.d.r.c.RepositoryConfigurationDelegate : Finished Spring Data repository scanning in 16ms. Found 1 Reactive MongoDB repository interfaces.
2022-06-20 16:42:24.676  INFO 9316 --- [    Test worker] faultConfiguringBeanFactoryPostProcessor : No bean named 'errorChannel' has been explicitly defined. Therefore, a default PublishSubscribeChannel will be created.
2022-06-20 16:42:24.676  INFO 9316 --- [    Test worker] faultConfiguringBeanFactoryPostProcessor : No bean named 'taskScheduler' has been explicitly defined. Therefore, a default ThreadPoolTaskScheduler will be created.
2022-06-20 16:42:24.679  INFO 9316 --- [    Test worker] faultConfiguringBeanFactoryPostProcessor : No bean named 'integrationHeaderChannelRegistry' has been explicitly defined. Therefore, a default DefaultHeaderChannelRegistry will be created.
2022-06-20 16:42:24.690  INFO 9316 --- [    Test worker] trationDelegate$BeanPostProcessorChecker : Bean 'integrationChannelResolver' of type [org.springframework.integration.support.channel.BeanFactoryChannelResolver] is not eligible for getting processed by all BeanPostProcessors (for example: not eligible for auto-proxying)
2022-06-20 16:42:24.694  INFO 9316 --- [    Test worker] trationDelegate$BeanPostProcessorChecker : Bean 'integrationDisposableAutoCreatedBeans' of type [org.springframework.integration.config.annotation.Disposables] is not eligible for getting processed by all BeanPostProcessors (for example: not eligible for auto-proxying)
2022-06-20 16:42:25.349  INFO 9316 --- [      Thread-15] o.s.b.a.mongo.embedded.EmbeddedMongo     : note: noprealloc may hurt performance in many applications
2022-06-20 16:42:25.403  INFO 9316 --- [      Thread-15] o.s.b.a.mongo.embedded.EmbeddedMongo     : 2022-06-20T16:42:25.402+0200 I CONTROL  [initandlisten] MongoDB starting : pid=10544 port=27017 dbpath=C:\Users\user\AppData\Local\Temp\embedmongo-db-cc5066aa-1a78-452b-b5c0-5d373ec74e9a 64-bit host=DESKTOP-HJGV6OB
2022-06-20 16:42:25.403  INFO 9316 --- [      Thread-15] o.s.b.a.mongo.embedded.EmbeddedMongo     : 2022-06-20T16:42:25.402+0200 I CONTROL  [initandlisten] targetMinOS: Windows Vista/Windows Server 2008
2022-06-20 16:42:25.403  INFO 9316 --- [      Thread-15] o.s.b.a.mongo.embedded.EmbeddedMongo     : 2022-06-20T16:42:25.403+0200 I CONTROL  [initandlisten] db version v3.5.5
2022-06-20 16:42:25.403  INFO 9316 --- [      Thread-15] o.s.b.a.mongo.embedded.EmbeddedMongo     : 2022-06-20T16:42:25.403+0200 I CONTROL  [initandlisten] git version: 98515c812b6fa893613f063dae568ff8319cbfbd
2022-06-20 16:42:25.403  INFO 9316 --- [      Thread-15] o.s.b.a.mongo.embedded.EmbeddedMongo     : 2022-06-20T16:42:25.403+0200 I CONTROL  [initandlisten] allocator: tcmalloc
2022-06-20 16:42:25.403  INFO 9316 --- [      Thread-15] o.s.b.a.mongo.embedded.EmbeddedMongo     : 2022-06-20T16:42:25.403+0200 I CONTROL  [initandlisten] modules: none
2022-06-20 16:42:25.403  INFO 9316 --- [      Thread-15] o.s.b.a.mongo.embedded.EmbeddedMongo     : 2022-06-20T16:42:25.403+0200 I CONTROL  [initandlisten] build environment:
2022-06-20 16:42:25.404  INFO 9316 --- [      Thread-15] o.s.b.a.mongo.embedded.EmbeddedMongo     : 2022-06-20T16:42:25.403+0200 I CONTROL  [initandlisten]     distarch: x86_64
2022-06-20 16:42:25.404  INFO 9316 --- [      Thread-15] o.s.b.a.mongo.embedded.EmbeddedMongo     : 2022-06-20T16:42:25.403+0200 I CONTROL  [initandlisten]     target_arch: x86_64
2022-06-20 16:42:25.404  INFO 9316 --- [      Thread-15] o.s.b.a.mongo.embedded.EmbeddedMongo     : 2022-06-20T16:42:25.403+0200 I CONTROL  [initandlisten] options: { net: { bindIp: "127.0.0.1", http: { enabled: false }, port: 27017 }, security: { authorization: "disabled" }, storage: { dbPath: "C:\Users\user\AppData\Local\Temp\embedmongo-db-cc5066aa-1a78-452b-b5c0-5d373ec74e9a", journal: { enabled: false }, mmapv1: { preallocDataFiles: false, smallFiles: true }, syncPeriodSecs: 0.0 } }
2022-06-20 16:42:25.404  INFO 9316 --- [      Thread-15] o.s.b.a.mongo.embedded.EmbeddedMongo     : 2022-06-20T16:42:25.404+0200 I STORAGE  [initandlisten] wiredtiger_open config: create,cache_size=3474M,session_max=20000,eviction=(threads_min=4,threads_max=4),config_base=false,statistics=(fast),log=(enabled=true,archive=true,path=journal,compressor=snappy),file_manager=(close_idle_time=100000),checkpoint=(wait=0,log_size=2GB),statistics_log=(wait=0),verbose=(recovery_progress),,log=(enabled=false),
2022-06-20 16:42:25.478  INFO 9316 --- [      Thread-15] o.s.b.a.mongo.embedded.EmbeddedMongo     : 2022-06-20T16:42:25.479+0200 W STORAGE  [initandlisten] Detected configuration for non-active storage engine mmapv1 when current storage engine is wiredTiger
2022-06-20 16:42:25.479  INFO 9316 --- [      Thread-15] o.s.b.a.mongo.embedded.EmbeddedMongo     : 2022-06-20T16:42:25.479+0200 I CONTROL  [initandlisten] 
2022-06-20 16:42:25.479  INFO 9316 --- [      Thread-15] o.s.b.a.mongo.embedded.EmbeddedMongo     : 2022-06-20T16:42:25.479+0200 I CONTROL  [initandlisten] ** NOTE: This is a development version (3.5.5) of MongoDB.
2022-06-20 16:42:25.480  INFO 9316 --- [      Thread-15] o.s.b.a.mongo.embedded.EmbeddedMongo     : 2022-06-20T16:42:25.479+0200 I CONTROL  [initandlisten] **       Not recommended for production.
2022-06-20 16:42:25.480  INFO 9316 --- [      Thread-15] o.s.b.a.mongo.embedded.EmbeddedMongo     : 2022-06-20T16:42:25.479+0200 I CONTROL  [initandlisten] 
2022-06-20 16:42:25.802  INFO 9316 --- [      Thread-15] o.s.b.a.mongo.embedded.EmbeddedMongo     : 2022-06-20T16:42:25.802+0200 I FTDC     [initandlisten] Initializing full-time diagnostic data capture with directory 'C:/Users/user/AppData/Local/Temp/embedmongo-db-cc5066aa-1a78-452b-b5c0-5d373ec74e9a/diagnostic.data'
2022-06-20 16:42:25.838  INFO 9316 --- [      Thread-15] o.s.b.a.mongo.embedded.EmbeddedMongo     : 2022-06-20T16:42:25.838+0200 I INDEX    [initandlisten] build index on: admin.system.version properties: { v: 2, key: { version: 1 }, name: "incompatible_with_version_32", ns: "admin.system.version" }
2022-06-20 16:42:25.838  INFO 9316 --- [      Thread-15] o.s.b.a.mongo.embedded.EmbeddedMongo     : 2022-06-20T16:42:25.838+0200 I INDEX    [initandlisten] 	 building index using bulk method; build may temporarily use up to 500 megabytes of RAM
2022-06-20 16:42:25.842  INFO 9316 --- [      Thread-15] o.s.b.a.mongo.embedded.EmbeddedMongo     : 2022-06-20T16:42:25.842+0200 I INDEX    [initandlisten] build index done.  scanned 0 total records. 0 secs
2022-06-20 16:42:25.844  INFO 9316 --- [      Thread-15] o.s.b.a.mongo.embedded.EmbeddedMongo     : 2022-06-20T16:42:25.844+0200 I COMMAND  [initandlisten] setting featureCompatibilityVersion to 3.4
2022-06-20 16:42:25.846  INFO 9316 --- [      Thread-15] o.s.b.a.mongo.embedded.EmbeddedMongo     : 2022-06-20T16:42:25.846+0200 I NETWORK  [thread1] waiting for connections on port 27017
2022-06-20 16:42:25.846  INFO 9316 --- [    Test worker] d.f.embed.mongo.MongodExecutable         : start de.flapdoodle.embed.mongo.config.MongodConfigBuilder$ImmutableMongodConfig@57db7bfa
2022-06-20 16:42:25.866  INFO 9316 --- [    Test worker] org.mongodb.driver.cluster               : Cluster created with settings {hosts=[localhost:27017], mode=SINGLE, requiredClusterType=UNKNOWN, serverSelectionTimeout='30000 ms'}
2022-06-20 16:42:25.871  INFO 9316 --- [      Thread-15] o.s.b.a.mongo.embedded.EmbeddedMongo     : 2022-06-20T16:42:25.872+0200 I NETWORK  [thread1] connection accepted from 127.0.0.1:63168 #1 (1 connection now open)
2022-06-20 16:42:25.875  INFO 9316 --- [      Thread-15] o.s.b.a.mongo.embedded.EmbeddedMongo     : 2022-06-20T16:42:25.876+0200 I NETWORK  [conn1] received client metadata from 127.0.0.1:63168 conn1: { driver: { name: "mongo-java-driver|reactive-streams|spring-boot", version: "4.0.5" }, os: { type: "Windows", name: "Windows 10", architecture: "amd64", version: "10.0" }, platform: "Java/Oracle Corporation/11.0.9+7-LTS" }
2022-06-20 16:42:25.881  INFO 9316 --- [localhost:27017] org.mongodb.driver.connection            : Opened connection [connectionId{localValue:3, serverValue:1}] to localhost:27017
2022-06-20 16:42:25.884  INFO 9316 --- [localhost:27017] org.mongodb.driver.cluster               : Monitor thread successfully connected to server with description ServerDescription{address=localhost:27017, type=STANDALONE, state=CONNECTED, ok=true, minWireVersion=0, maxWireVersion=5, maxDocumentSize=16777216, logicalSessionTimeoutMinutes=null, roundTripTimeNanos=2834400}
2022-06-20 16:42:26.208  INFO 9316 --- [    Test worker] o.s.s.c.ThreadPoolTaskScheduler          : Initializing ExecutorService 'taskScheduler'
2022-06-20 16:42:26.271  INFO 9316 --- [    Test worker] o.s.i.endpoint.EventDrivenConsumer       : Adding {logging-channel-adapter:_org.springframework.integration.errorLogger} as a subscriber to the 'errorChannel' channel
2022-06-20 16:42:26.271  INFO 9316 --- [    Test worker] o.s.i.channel.PublishSubscribeChannel    : Channel 'application.errorChannel' has 1 subscriber(s).
2022-06-20 16:42:26.271  INFO 9316 --- [    Test worker] o.s.i.endpoint.EventDrivenConsumer       : started bean '_org.springframework.integration.errorLogger'
2022-06-20 16:42:26.274  INFO 9316 --- [    Test worker] s.m.m.core.employee.PersistenceTests     : Started PersistenceTests in 1.834 seconds (JVM running for 14.167)
2022-06-20 16:42:26.284  INFO 9316 --- [      Thread-15] o.s.b.a.mongo.embedded.EmbeddedMongo     : 2022-06-20T16:42:26.284+0200 I NETWORK  [thread1] connection accepted from 127.0.0.1:63169 #2 (2 connections now open)
2022-06-20 16:42:26.285  INFO 9316 --- [      Thread-15] o.s.b.a.mongo.embedded.EmbeddedMongo     : 2022-06-20T16:42:26.285+0200 I NETWORK  [conn2] received client metadata from 127.0.0.1:63169 conn2: { driver: { name: "mongo-java-driver|reactive-streams|spring-boot", version: "4.0.5" }, os: { type: "Windows", name: "Windows 10", architecture: "amd64", version: "10.0" }, platform: "Java/Oracle Corporation/11.0.9+7-LTS" }
2022-06-20 16:42:26.287  INFO 9316 --- [ntLoopGroup-4-2] org.mongodb.driver.connection            : Opened connection [connectionId{localValue:4, serverValue:2}] to localhost:27017
]]></system-out>
  <system-err><![CDATA[]]></system-err>
</testsuite>
