<?xml version="1.0" encoding="UTF-8"?>
<testsuite name="se.magnus.microservices.core.employee.EmployeeServiceApplicationTests" tests="6" skipped="0" failures="0" errors="0" timestamp="2022-06-23T15:41:47" hostname="DESKTOP-HJGV6OB" time="1.488">
  <properties/>
  <testcase name="getEmployeesByInsuranceCompanyId" classname="se.magnus.microservices.core.employee.EmployeeServiceApplicationTests" time="1.315"/>
  <testcase name="deleteEmployees" classname="se.magnus.microservices.core.employee.EmployeeServiceApplicationTests" time="0.04"/>
  <testcase name="getEmployeesNotFound" classname="se.magnus.microservices.core.employee.EmployeeServiceApplicationTests" time="0.02"/>
  <testcase name="getEmployeesMissingParameter" classname="se.magnus.microservices.core.employee.EmployeeServiceApplicationTests" time="0.057"/>
  <testcase name="getEmployeesInvalidParameterNegativeValue" classname="se.magnus.microservices.core.employee.EmployeeServiceApplicationTests" time="0.033"/>
  <testcase name="getEmployeesInvalidParameter" classname="se.magnus.microservices.core.employee.EmployeeServiceApplicationTests" time="0.019"/>
  <system-out><![CDATA[17:41:37.918 [Test worker] DEBUG org.springframework.test.annotation.ProfileValueUtils - Retrieved @ProfileValueSourceConfiguration [null] for test class [se.magnus.microservices.core.employee.EmployeeServiceApplicationTests]
17:41:37.918 [Test worker] DEBUG org.springframework.test.annotation.ProfileValueUtils - Retrieved ProfileValueSource type [class org.springframework.test.annotation.SystemProfileValueSource] for class [se.magnus.microservices.core.employee.EmployeeServiceApplicationTests]
17:41:37.918 [Test worker] DEBUG org.springframework.test.annotation.ProfileValueUtils - Retrieved @ProfileValueSourceConfiguration [null] for test class [se.magnus.microservices.core.employee.EmployeeServiceApplicationTests]
17:41:37.918 [Test worker] DEBUG org.springframework.test.annotation.ProfileValueUtils - Retrieved ProfileValueSource type [class org.springframework.test.annotation.SystemProfileValueSource] for class [se.magnus.microservices.core.employee.EmployeeServiceApplicationTests]
17:41:37.933 [Test worker] DEBUG org.springframework.test.context.support.AbstractDirtiesContextTestExecutionListener - Before test class: context [DefaultTestContext@22ae86a8 testClass = EmployeeServiceApplicationTests, testInstance = [null], testMethod = [null], testException = [null], mergedContextConfiguration = [ReactiveWebMergedContextConfiguration@347050e2 testClass = EmployeeServiceApplicationTests, locations = '{}', classes = '{class se.magnus.microservices.core.employee.EmployeeServiceApplication}', contextInitializerClasses = '[]', activeProfiles = '{}', propertySourceLocations = '{}', propertySourceProperties = '{spring.data.mongodb.port: 0, org.springframework.boot.test.context.SpringBootTestContextBootstrapper=true, server.port=0}', contextCustomizers = set[org.springframework.boot.test.autoconfigure.properties.PropertyMappingContextCustomizer@0, org.springframework.boot.test.autoconfigure.web.servlet.WebDriverContextCustomizerFactory$Customizer@6b99b57f, org.springframework.boot.test.context.filter.ExcludeFilterContextCustomizer@7c02cc5e, org.springframework.boot.test.json.DuplicateJsonObjectContextCustomizerFactory$DuplicateJsonObjectContextCustomizer@e992659, org.springframework.boot.test.mock.mockito.MockitoContextCustomizer@0, org.springframework.boot.test.web.client.TestRestTemplateContextCustomizer@5ddf104f, org.springframework.boot.test.web.reactive.server.WebTestClientContextCustomizer@6bb6a439, org.springframework.boot.test.context.SpringBootTestArgs@1], contextLoader = 'org.springframework.boot.test.context.SpringBootContextLoader', parent = [null]], attributes = map['org.springframework.test.context.web.ServletTestExecutionListener.activateListener' -> false]], class annotated with @DirtiesContext [false] with mode [null].
17:41:37.933 [Test worker] DEBUG org.springframework.test.annotation.ProfileValueUtils - Retrieved @ProfileValueSourceConfiguration [null] for test class [se.magnus.microservices.core.employee.EmployeeServiceApplicationTests]
17:41:37.933 [Test worker] DEBUG org.springframework.test.annotation.ProfileValueUtils - Retrieved ProfileValueSource type [class org.springframework.test.annotation.SystemProfileValueSource] for class [se.magnus.microservices.core.employee.EmployeeServiceApplicationTests]
17:41:37.933 [Test worker] DEBUG org.springframework.test.context.support.DependencyInjectionTestExecutionListener - Performing dependency injection for test context [[DefaultTestContext@22ae86a8 testClass = EmployeeServiceApplicationTests, testInstance = se.magnus.microservices.core.employee.EmployeeServiceApplicationTests@3618551c, testMethod = [null], testException = [null], mergedContextConfiguration = [ReactiveWebMergedContextConfiguration@347050e2 testClass = EmployeeServiceApplicationTests, locations = '{}', classes = '{class se.magnus.microservices.core.employee.EmployeeServiceApplication}', contextInitializerClasses = '[]', activeProfiles = '{}', propertySourceLocations = '{}', propertySourceProperties = '{spring.data.mongodb.port: 0, org.springframework.boot.test.context.SpringBootTestContextBootstrapper=true, server.port=0}', contextCustomizers = set[org.springframework.boot.test.autoconfigure.properties.PropertyMappingContextCustomizer@0, org.springframework.boot.test.autoconfigure.web.servlet.WebDriverContextCustomizerFactory$Customizer@6b99b57f, org.springframework.boot.test.context.filter.ExcludeFilterContextCustomizer@7c02cc5e, org.springframework.boot.test.json.DuplicateJsonObjectContextCustomizerFactory$DuplicateJsonObjectContextCustomizer@e992659, org.springframework.boot.test.mock.mockito.MockitoContextCustomizer@0, org.springframework.boot.test.web.client.TestRestTemplateContextCustomizer@5ddf104f, org.springframework.boot.test.web.reactive.server.WebTestClientContextCustomizer@6bb6a439, org.springframework.boot.test.context.SpringBootTestArgs@1], contextLoader = 'org.springframework.boot.test.context.SpringBootContextLoader', parent = [null]], attributes = map['org.springframework.test.context.web.ServletTestExecutionListener.activateListener' -> false]]].
17:41:37.966 [Test worker] DEBUG org.springframework.test.context.support.TestPropertySourceUtils - Adding inlined properties to environment: {spring.jmx.enabled=false, spring.data.mongodb.port: 0, org.springframework.boot.test.context.SpringBootTestContextBootstrapper=true, server.port=0}

  .   ____          _            __ _ _
 /\\ / ___'_ __ _ _(_)_ __  __ _ \ \ \ \
( ( )\___ | '_ | '_| | '_ \/ _` | \ \ \ \
 \\/  ___)| |_)| | | | | || (_| |  ) ) ) )
  '  |____| .__|_| |_|_| |_\__, | / / / /
 =========|_|==============|___/=/_/_/_/
 :: Spring Boot ::        (v2.3.2.RELEASE)

2022-06-23 17:41:38.512  INFO 14096 --- [    Test worker] .m.m.c.e.EmployeeServiceApplicationTests : Starting EmployeeServiceApplicationTests on DESKTOP-HJGV6OB with PID 14096 (started by user in C:\Users\user\git\InsuranceCompanyMicroservices_DIS\DIS_projekat\microservices\employee-service)
2022-06-23 17:41:38.513 DEBUG 14096 --- [    Test worker] .m.m.c.e.EmployeeServiceApplicationTests : Running with Spring Boot v2.3.2.RELEASE, Spring v5.2.8.RELEASE
2022-06-23 17:41:38.516  INFO 14096 --- [    Test worker] .m.m.c.e.EmployeeServiceApplicationTests : No active profile set, falling back to default profiles: default
2022-06-23 17:41:39.988  INFO 14096 --- [    Test worker] .s.d.r.c.RepositoryConfigurationDelegate : Bootstrapping Spring Data Reactive MongoDB repositories in DEFAULT mode.
2022-06-23 17:41:40.160  INFO 14096 --- [    Test worker] .s.d.r.c.RepositoryConfigurationDelegate : Finished Spring Data repository scanning in 162ms. Found 1 Reactive MongoDB repository interfaces.
2022-06-23 17:41:40.427  INFO 14096 --- [    Test worker] faultConfiguringBeanFactoryPostProcessor : No bean named 'errorChannel' has been explicitly defined. Therefore, a default PublishSubscribeChannel will be created.
2022-06-23 17:41:40.443  INFO 14096 --- [    Test worker] faultConfiguringBeanFactoryPostProcessor : No bean named 'taskScheduler' has been explicitly defined. Therefore, a default ThreadPoolTaskScheduler will be created.
2022-06-23 17:41:40.443  INFO 14096 --- [    Test worker] faultConfiguringBeanFactoryPostProcessor : No bean named 'integrationHeaderChannelRegistry' has been explicitly defined. Therefore, a default DefaultHeaderChannelRegistry will be created.
2022-06-23 17:41:40.597  INFO 14096 --- [    Test worker] trationDelegate$BeanPostProcessorChecker : Bean 'integrationChannelResolver' of type [org.springframework.integration.support.channel.BeanFactoryChannelResolver] is not eligible for getting processed by all BeanPostProcessors (for example: not eligible for auto-proxying)
2022-06-23 17:41:40.612  INFO 14096 --- [    Test worker] trationDelegate$BeanPostProcessorChecker : Bean 'integrationDisposableAutoCreatedBeans' of type [org.springframework.integration.config.annotation.Disposables] is not eligible for getting processed by all BeanPostProcessors (for example: not eligible for auto-proxying)
2022-06-23 17:41:40.665  INFO 14096 --- [    Test worker] trationDelegate$BeanPostProcessorChecker : Bean 'org.springframework.integration.config.IntegrationManagementConfiguration' of type [org.springframework.integration.config.IntegrationManagementConfiguration] is not eligible for getting processed by all BeanPostProcessors (for example: not eligible for auto-proxying)
2022-06-23 17:41:42.171  INFO 14096 --- [       Thread-4] o.s.b.a.mongo.embedded.EmbeddedMongo     : note: noprealloc may hurt performance in many applications
2022-06-23 17:41:42.251  INFO 14096 --- [       Thread-4] o.s.b.a.mongo.embedded.EmbeddedMongo     : 2022-06-23T17:41:42.250+0200 I CONTROL  [initandlisten] MongoDB starting : pid=2136 port=64538 dbpath=C:\Users\user\AppData\Local\Temp\embedmongo-db-6387b199-f025-41ed-ba7c-6cce98eccfaf 64-bit host=DESKTOP-HJGV6OB
2022-06-23 17:41:42.251  INFO 14096 --- [       Thread-4] o.s.b.a.mongo.embedded.EmbeddedMongo     : 2022-06-23T17:41:42.251+0200 I CONTROL  [initandlisten] targetMinOS: Windows Vista/Windows Server 2008
2022-06-23 17:41:42.251  INFO 14096 --- [       Thread-4] o.s.b.a.mongo.embedded.EmbeddedMongo     : 2022-06-23T17:41:42.251+0200 I CONTROL  [initandlisten] db version v3.5.5
2022-06-23 17:41:42.251  INFO 14096 --- [       Thread-4] o.s.b.a.mongo.embedded.EmbeddedMongo     : 2022-06-23T17:41:42.251+0200 I CONTROL  [initandlisten] git version: 98515c812b6fa893613f063dae568ff8319cbfbd
2022-06-23 17:41:42.252  INFO 14096 --- [       Thread-4] o.s.b.a.mongo.embedded.EmbeddedMongo     : 2022-06-23T17:41:42.251+0200 I CONTROL  [initandlisten] allocator: tcmalloc
2022-06-23 17:41:42.252  INFO 14096 --- [       Thread-4] o.s.b.a.mongo.embedded.EmbeddedMongo     : 2022-06-23T17:41:42.251+0200 I CONTROL  [initandlisten] modules: none
2022-06-23 17:41:42.253  INFO 14096 --- [       Thread-4] o.s.b.a.mongo.embedded.EmbeddedMongo     : 2022-06-23T17:41:42.251+0200 I CONTROL  [initandlisten] build environment:
2022-06-23 17:41:42.253  INFO 14096 --- [       Thread-4] o.s.b.a.mongo.embedded.EmbeddedMongo     : 2022-06-23T17:41:42.251+0200 I CONTROL  [initandlisten]     distarch: x86_64
2022-06-23 17:41:42.253  INFO 14096 --- [       Thread-4] o.s.b.a.mongo.embedded.EmbeddedMongo     : 2022-06-23T17:41:42.251+0200 I CONTROL  [initandlisten]     target_arch: x86_64
2022-06-23 17:41:42.253  INFO 14096 --- [       Thread-4] o.s.b.a.mongo.embedded.EmbeddedMongo     : 2022-06-23T17:41:42.251+0200 I CONTROL  [initandlisten] options: { net: { bindIp: "127.0.0.1", http: { enabled: false }, port: 64538 }, security: { authorization: "disabled" }, storage: { dbPath: "C:\Users\user\AppData\Local\Temp\embedmongo-db-6387b199-f025-41ed-ba7c-6cce98eccfaf", journal: { enabled: false }, mmapv1: { preallocDataFiles: false, smallFiles: true }, syncPeriodSecs: 0.0 } }
2022-06-23 17:41:42.253  INFO 14096 --- [       Thread-4] o.s.b.a.mongo.embedded.EmbeddedMongo     : 2022-06-23T17:41:42.253+0200 I STORAGE  [initandlisten] wiredtiger_open config: create,cache_size=3474M,session_max=20000,eviction=(threads_min=4,threads_max=4),config_base=false,statistics=(fast),log=(enabled=true,archive=true,path=journal,compressor=snappy),file_manager=(close_idle_time=100000),checkpoint=(wait=0,log_size=2GB),statistics_log=(wait=0),verbose=(recovery_progress),,log=(enabled=false),
2022-06-23 17:41:42.344  INFO 14096 --- [       Thread-4] o.s.b.a.mongo.embedded.EmbeddedMongo     : 2022-06-23T17:41:42.345+0200 W STORAGE  [initandlisten] Detected configuration for non-active storage engine mmapv1 when current storage engine is wiredTiger
2022-06-23 17:41:42.344  INFO 14096 --- [       Thread-4] o.s.b.a.mongo.embedded.EmbeddedMongo     : 2022-06-23T17:41:42.345+0200 I CONTROL  [initandlisten] 
2022-06-23 17:41:42.344  INFO 14096 --- [       Thread-4] o.s.b.a.mongo.embedded.EmbeddedMongo     : 2022-06-23T17:41:42.345+0200 I CONTROL  [initandlisten] ** NOTE: This is a development version (3.5.5) of MongoDB.
2022-06-23 17:41:42.344  INFO 14096 --- [       Thread-4] o.s.b.a.mongo.embedded.EmbeddedMongo     : 2022-06-23T17:41:42.345+0200 I CONTROL  [initandlisten] **       Not recommended for production.
2022-06-23 17:41:42.346  INFO 14096 --- [       Thread-4] o.s.b.a.mongo.embedded.EmbeddedMongo     : 2022-06-23T17:41:42.345+0200 I CONTROL  [initandlisten] 
2022-06-23 17:41:42.821  INFO 14096 --- [       Thread-4] o.s.b.a.mongo.embedded.EmbeddedMongo     : 2022-06-23T17:41:42.821+0200 I FTDC     [initandlisten] Initializing full-time diagnostic data capture with directory 'C:/Users/user/AppData/Local/Temp/embedmongo-db-6387b199-f025-41ed-ba7c-6cce98eccfaf/diagnostic.data'
2022-06-23 17:41:42.853  INFO 14096 --- [       Thread-4] o.s.b.a.mongo.embedded.EmbeddedMongo     : 2022-06-23T17:41:42.854+0200 I INDEX    [initandlisten] build index on: admin.system.version properties: { v: 2, key: { version: 1 }, name: "incompatible_with_version_32", ns: "admin.system.version" }
2022-06-23 17:41:42.854  INFO 14096 --- [       Thread-4] o.s.b.a.mongo.embedded.EmbeddedMongo     : 2022-06-23T17:41:42.854+0200 I INDEX    [initandlisten] 	 building index using bulk method; build may temporarily use up to 500 megabytes of RAM
2022-06-23 17:41:42.858  INFO 14096 --- [       Thread-4] o.s.b.a.mongo.embedded.EmbeddedMongo     : 2022-06-23T17:41:42.858+0200 I INDEX    [initandlisten] build index done.  scanned 0 total records. 0 secs
2022-06-23 17:41:42.861  INFO 14096 --- [       Thread-4] o.s.b.a.mongo.embedded.EmbeddedMongo     : 2022-06-23T17:41:42.862+0200 I COMMAND  [initandlisten] setting featureCompatibilityVersion to 3.4
2022-06-23 17:41:42.862  INFO 14096 --- [       Thread-4] o.s.b.a.mongo.embedded.EmbeddedMongo     : 2022-06-23T17:41:42.863+0200 I NETWORK  [thread1] waiting for connections on port 64538
2022-06-23 17:41:42.863  INFO 14096 --- [    Test worker] d.f.embed.mongo.MongodExecutable         : start de.flapdoodle.embed.mongo.config.MongodConfigBuilder$ImmutableMongodConfig@2eb409bc
2022-06-23 17:41:43.030  INFO 14096 --- [    Test worker] org.mongodb.driver.cluster               : Cluster created with settings {hosts=[localhost:64538], mode=SINGLE, requiredClusterType=UNKNOWN, serverSelectionTimeout='30000 ms'}
2022-06-23 17:41:43.899  INFO 14096 --- [       Thread-4] o.s.b.a.mongo.embedded.EmbeddedMongo     : 2022-06-23T17:41:43.899+0200 I NETWORK  [thread1] connection accepted from 127.0.0.1:64578 #1 (1 connection now open)
2022-06-23 17:41:44.010  INFO 14096 --- [       Thread-4] o.s.b.a.mongo.embedded.EmbeddedMongo     : 2022-06-23T17:41:44.010+0200 I NETWORK  [conn1] received client metadata from 127.0.0.1:64578 conn1: { driver: { name: "mongo-java-driver|reactive-streams|spring-boot", version: "4.0.5" }, os: { type: "Windows", name: "Windows 10", architecture: "amd64", version: "10.0" }, platform: "Java/Oracle Corporation/11.0.9+7-LTS" }
2022-06-23 17:41:44.072  INFO 14096 --- [localhost:64538] org.mongodb.driver.connection            : Opened connection [connectionId{localValue:1, serverValue:1}] to localhost:64538
2022-06-23 17:41:44.080  INFO 14096 --- [localhost:64538] org.mongodb.driver.cluster               : Monitor thread successfully connected to server with description ServerDescription{address=localhost:64538, type=STANDALONE, state=CONNECTED, ok=true, minWireVersion=0, maxWireVersion=5, maxDocumentSize=16777216, logicalSessionTimeoutMinutes=null, roundTripTimeNanos=3647600}
2022-06-23 17:41:45.774  INFO 14096 --- [    Test worker] o.s.s.c.ThreadPoolTaskScheduler          : Initializing ExecutorService 'taskScheduler'
2022-06-23 17:41:45.859  INFO 14096 --- [    Test worker] o.s.b.a.e.web.EndpointLinksResolver      : Exposing 16 endpoint(s) beneath base path '/actuator'
2022-06-23 17:41:46.305  INFO 14096 --- [    Test worker] onConfiguration$FunctionBindingRegistrar : Functional binding is disabled due to the presense of @EnableBinding annotation in your configuration
2022-06-23 17:41:47.139  INFO 14096 --- [    Test worker] o.s.c.s.m.DirectWithAttributesChannel    : Channel 'application.input' has 1 subscriber(s).
2022-06-23 17:41:47.161  INFO 14096 --- [    Test worker] o.s.i.endpoint.EventDrivenConsumer       : Adding {logging-channel-adapter:_org.springframework.integration.errorLogger} as a subscriber to the 'errorChannel' channel
2022-06-23 17:41:47.162  INFO 14096 --- [    Test worker] o.s.i.channel.PublishSubscribeChannel    : Channel 'application.errorChannel' has 1 subscriber(s).
2022-06-23 17:41:47.162  INFO 14096 --- [    Test worker] o.s.i.endpoint.EventDrivenConsumer       : started bean '_org.springframework.integration.errorLogger'
2022-06-23 17:41:47.362  INFO 14096 --- [    Test worker] o.s.b.web.embedded.netty.NettyWebServer  : Netty started on port(s): 64597
2022-06-23 17:41:47.454  INFO 14096 --- [    Test worker] .m.m.c.e.EmployeeServiceApplicationTests : Started EmployeeServiceApplicationTests in 9.481 seconds (JVM running for 11.442)
2022-06-23 17:41:48.146  INFO 14096 --- [       Thread-4] o.s.b.a.mongo.embedded.EmbeddedMongo     : 2022-06-23T17:41:48.146+0200 I NETWORK  [thread1] connection accepted from 127.0.0.1:64598 #2 (2 connections now open)
2022-06-23 17:41:48.154  INFO 14096 --- [       Thread-4] o.s.b.a.mongo.embedded.EmbeddedMongo     : 2022-06-23T17:41:48.154+0200 I NETWORK  [conn2] received client metadata from 127.0.0.1:64598 conn2: { driver: { name: "mongo-java-driver|reactive-streams|spring-boot", version: "4.0.5" }, os: { type: "Windows", name: "Windows 10", architecture: "amd64", version: "10.0" }, platform: "Java/Oracle Corporation/11.0.9+7-LTS" }
2022-06-23 17:41:48.158  INFO 14096 --- [ntLoopGroup-3-2] org.mongodb.driver.connection            : Opened connection [connectionId{localValue:2, serverValue:2}] to localhost:64538
2022-06-23 17:41:48.196  INFO 14096 --- [    Test worker] s.m.m.c.e.services.MessageProcessor      : Process message created at 2022-06-23T17:41:48.191176900...
2022-06-23 17:41:48.197  INFO 14096 --- [    Test worker] s.m.m.c.e.services.MessageProcessor      : Create employee with ID: 1
2022-06-23 17:41:48.231  INFO 14096 --- [    Test worker] reactor.Mono.FlatMap.1                   : | onSubscribe([Fuseable] MonoFlatMap.FlatMapMain)
2022-06-23 17:41:48.234  INFO 14096 --- [    Test worker] reactor.Mono.FlatMap.1                   : | request(unbounded)
2022-06-23 17:41:48.290  INFO 14096 --- [ntLoopGroup-3-2] reactor.Mono.FlatMap.1                   : | onNext(EmployeeEntity: 1/1)
2022-06-23 17:41:48.291  INFO 14096 --- [    Test worker] s.m.m.c.e.services.MessageProcessor      : Message processing done!
2022-06-23 17:41:48.291  INFO 14096 --- [ntLoopGroup-3-2] reactor.Mono.FlatMap.1                   : | onComplete()
2022-06-23 17:41:48.294  INFO 14096 --- [    Test worker] s.m.m.c.e.services.MessageProcessor      : Process message created at 2022-06-23T17:41:48.293971...
2022-06-23 17:41:48.294  INFO 14096 --- [    Test worker] s.m.m.c.e.services.MessageProcessor      : Create employee with ID: 2
2022-06-23 17:41:48.294  INFO 14096 --- [    Test worker] reactor.Mono.FlatMap.2                   : | onSubscribe([Fuseable] MonoFlatMap.FlatMapMain)
2022-06-23 17:41:48.294  INFO 14096 --- [    Test worker] reactor.Mono.FlatMap.2                   : | request(unbounded)
2022-06-23 17:41:48.301  INFO 14096 --- [ntLoopGroup-3-2] reactor.Mono.FlatMap.2                   : | onNext(EmployeeEntity: 1/2)
2022-06-23 17:41:48.301  INFO 14096 --- [ntLoopGroup-3-2] reactor.Mono.FlatMap.2                   : | onComplete()
2022-06-23 17:41:48.301  INFO 14096 --- [    Test worker] s.m.m.c.e.services.MessageProcessor      : Message processing done!
2022-06-23 17:41:48.301  INFO 14096 --- [    Test worker] s.m.m.c.e.services.MessageProcessor      : Process message created at 2022-06-23T17:41:48.301972900...
2022-06-23 17:41:48.301  INFO 14096 --- [    Test worker] s.m.m.c.e.services.MessageProcessor      : Create employee with ID: 3
2022-06-23 17:41:48.301  INFO 14096 --- [    Test worker] reactor.Mono.FlatMap.3                   : | onSubscribe([Fuseable] MonoFlatMap.FlatMapMain)
2022-06-23 17:41:48.301  INFO 14096 --- [    Test worker] reactor.Mono.FlatMap.3                   : | request(unbounded)
2022-06-23 17:41:48.309  INFO 14096 --- [ntLoopGroup-3-2] reactor.Mono.FlatMap.3                   : | onNext(EmployeeEntity: 1/3)
2022-06-23 17:41:48.309  INFO 14096 --- [ntLoopGroup-3-2] reactor.Mono.FlatMap.3                   : | onComplete()
2022-06-23 17:41:48.309  INFO 14096 --- [    Test worker] s.m.m.c.e.services.MessageProcessor      : Message processing done!
2022-06-23 17:41:48.706  INFO 14096 --- [ctor-http-nio-3] reactor.Flux.OnErrorResume.4             : onSubscribe(FluxOnErrorResume.ResumeSubscriber)
2022-06-23 17:41:48.706  INFO 14096 --- [ctor-http-nio-3] reactor.Flux.OnErrorResume.4             : request(unbounded)
2022-06-23 17:41:48.710  INFO 14096 --- [ntLoopGroup-3-2] reactor.Flux.OnErrorResume.4             : onNext(EmployeeEntity: 1/1)
2022-06-23 17:41:48.712  INFO 14096 --- [ntLoopGroup-3-2] reactor.Flux.OnErrorResume.4             : onNext(EmployeeEntity: 1/2)
2022-06-23 17:41:48.712  INFO 14096 --- [ntLoopGroup-3-2] reactor.Flux.OnErrorResume.4             : onNext(EmployeeEntity: 1/3)
2022-06-23 17:41:48.713  INFO 14096 --- [ntLoopGroup-3-2] reactor.Flux.OnErrorResume.4             : onComplete()
2022-06-23 17:41:48.857  INFO 14096 --- [    Test worker] s.m.m.c.e.services.MessageProcessor      : Process message created at 2022-06-23T17:41:48.857612...
2022-06-23 17:41:48.858  INFO 14096 --- [    Test worker] s.m.m.c.e.services.MessageProcessor      : Create employee with ID: 1
2022-06-23 17:41:48.858  INFO 14096 --- [    Test worker] reactor.Mono.FlatMap.5                   : | onSubscribe([Fuseable] MonoFlatMap.FlatMapMain)
2022-06-23 17:41:48.858  INFO 14096 --- [    Test worker] reactor.Mono.FlatMap.5                   : | request(unbounded)
2022-06-23 17:41:48.862  INFO 14096 --- [ntLoopGroup-3-2] reactor.Mono.FlatMap.5                   : | onNext(EmployeeEntity: 1/1)
2022-06-23 17:41:48.862  INFO 14096 --- [ntLoopGroup-3-2] reactor.Mono.FlatMap.5                   : | onComplete()
2022-06-23 17:41:48.862  INFO 14096 --- [    Test worker] s.m.m.c.e.services.MessageProcessor      : Message processing done!
2022-06-23 17:41:48.867  INFO 14096 --- [    Test worker] s.m.m.c.e.services.MessageProcessor      : Process message created at 2022-06-23T17:41:48.867453800...
2022-06-23 17:41:48.867  INFO 14096 --- [    Test worker] s.m.m.c.e.services.MessageProcessor      : Delete employees with insuranceCompanyId: 1
2022-06-23 17:41:48.867 DEBUG 14096 --- [    Test worker] s.m.m.c.e.services.EmployeeServiceImpl   : deleteEmployees: tries to delete employees for the insurance company with insuranceCompanyId: 1
2022-06-23 17:41:48.882  INFO 14096 --- [    Test worker] s.m.m.c.e.services.MessageProcessor      : Message processing done!
2022-06-23 17:41:48.885  INFO 14096 --- [    Test worker] s.m.m.c.e.services.MessageProcessor      : Process message created at 2022-06-23T17:41:48.885105400...
2022-06-23 17:41:48.886  INFO 14096 --- [    Test worker] s.m.m.c.e.services.MessageProcessor      : Delete employees with insuranceCompanyId: 1
2022-06-23 17:41:48.886 DEBUG 14096 --- [    Test worker] s.m.m.c.e.services.EmployeeServiceImpl   : deleteEmployees: tries to delete employees for the insurance company with insuranceCompanyId: 1
2022-06-23 17:41:48.889  INFO 14096 --- [    Test worker] s.m.m.c.e.services.MessageProcessor      : Message processing done!
2022-06-23 17:41:48.904  INFO 14096 --- [ctor-http-nio-3] reactor.Flux.OnErrorResume.6             : onSubscribe(FluxOnErrorResume.ResumeSubscriber)
2022-06-23 17:41:48.905  INFO 14096 --- [ctor-http-nio-3] reactor.Flux.OnErrorResume.6             : request(unbounded)
2022-06-23 17:41:48.907  INFO 14096 --- [ntLoopGroup-3-2] reactor.Flux.OnErrorResume.6             : onComplete()
2022-06-23 17:41:48.991 DEBUG 14096 --- [ctor-http-nio-3] s.m.u.h.GlobalControllerExceptionHandler : Returning HTTP status: 422 UNPROCESSABLE_ENTITY for path: /employee, message: Invalid insuranceCompanyId: -1
]]></system-out>
  <system-err><![CDATA[]]></system-err>
</testsuite>
