<?xml version="1.0" encoding="UTF-8"?>
<testsuite name="se.magnus.microservices.core.employee.PersistenceTests" tests="5" skipped="0" failures="0" errors="0" timestamp="2022-06-28T23:08:23" hostname="DESKTOP-HJGV6OB" time="0.181">
  <properties/>
  <testcase name="optimisticLockError" classname="se.magnus.microservices.core.employee.PersistenceTests" time="0.09"/>
  <testcase name="deleteEmployee" classname="se.magnus.microservices.core.employee.PersistenceTests" time="0.022"/>
  <testcase name="getByInsuranceCompanyId" classname="se.magnus.microservices.core.employee.PersistenceTests" time="0.022"/>
  <testcase name="updateEmployee" classname="se.magnus.microservices.core.employee.PersistenceTests" time="0.013"/>
  <testcase name="createEmployee" classname="se.magnus.microservices.core.employee.PersistenceTests" time="0.031"/>
  <system-out><![CDATA[
  .   ____          _            __ _ _
 /\\ / ___'_ __ _ _(_)_ __  __ _ \ \ \ \
( ( )\___ | '_ | '_| | '_ \/ _` | \ \ \ \
 \\/  ___)| |_)| | | | | || (_| |  ) ) ) )
  '  |____| .__|_| |_|_| |_\__, | / / / /
 =========|_|==============|___/=/_/_/_/
 :: Spring Boot ::        (v2.3.2.RELEASE)

2022-06-29 01:08:21.557  INFO 15572 --- [    Test worker] s.m.m.core.employee.PersistenceTests     : No active profile set, falling back to default profiles: default
2022-06-29 01:08:21.686  INFO 15572 --- [    Test worker] .s.d.r.c.RepositoryConfigurationDelegate : Bootstrapping Spring Data Reactive MongoDB repositories in DEFAULT mode.
2022-06-29 01:08:21.700  INFO 15572 --- [    Test worker] .s.d.r.c.RepositoryConfigurationDelegate : Finished Spring Data repository scanning in 13ms. Found 1 Reactive MongoDB repository interfaces.
2022-06-29 01:08:21.710  INFO 15572 --- [    Test worker] faultConfiguringBeanFactoryPostProcessor : No bean named 'errorChannel' has been explicitly defined. Therefore, a default PublishSubscribeChannel will be created.
2022-06-29 01:08:21.710  INFO 15572 --- [    Test worker] faultConfiguringBeanFactoryPostProcessor : No bean named 'taskScheduler' has been explicitly defined. Therefore, a default ThreadPoolTaskScheduler will be created.
2022-06-29 01:08:21.712  INFO 15572 --- [    Test worker] faultConfiguringBeanFactoryPostProcessor : No bean named 'integrationHeaderChannelRegistry' has been explicitly defined. Therefore, a default DefaultHeaderChannelRegistry will be created.
2022-06-29 01:08:21.730  INFO 15572 --- [    Test worker] trationDelegate$BeanPostProcessorChecker : Bean 'integrationChannelResolver' of type [org.springframework.integration.support.channel.BeanFactoryChannelResolver] is not eligible for getting processed by all BeanPostProcessors (for example: not eligible for auto-proxying)
2022-06-29 01:08:21.740  INFO 15572 --- [    Test worker] trationDelegate$BeanPostProcessorChecker : Bean 'integrationDisposableAutoCreatedBeans' of type [org.springframework.integration.config.annotation.Disposables] is not eligible for getting processed by all BeanPostProcessors (for example: not eligible for auto-proxying)
2022-06-29 01:08:22.572  INFO 15572 --- [      Thread-21] o.s.b.a.mongo.embedded.EmbeddedMongo     : note: noprealloc may hurt performance in many applications
2022-06-29 01:08:22.646  INFO 15572 --- [      Thread-21] o.s.b.a.mongo.embedded.EmbeddedMongo     : 2022-06-29T01:08:22.645+0200 I CONTROL  [initandlisten] MongoDB starting : pid=10620 port=27017 dbpath=C:\Users\user\AppData\Local\Temp\embedmongo-db-c4f34c42-ec2f-4cd9-b1d7-9cdcf5f5f6aa 64-bit host=DESKTOP-HJGV6OB
2022-06-29 01:08:22.646  INFO 15572 --- [      Thread-21] o.s.b.a.mongo.embedded.EmbeddedMongo     : 2022-06-29T01:08:22.646+0200 I CONTROL  [initandlisten] targetMinOS: Windows Vista/Windows Server 2008
2022-06-29 01:08:22.646  INFO 15572 --- [      Thread-21] o.s.b.a.mongo.embedded.EmbeddedMongo     : 2022-06-29T01:08:22.646+0200 I CONTROL  [initandlisten] db version v3.5.5
2022-06-29 01:08:22.646  INFO 15572 --- [      Thread-21] o.s.b.a.mongo.embedded.EmbeddedMongo     : 2022-06-29T01:08:22.646+0200 I CONTROL  [initandlisten] git version: 98515c812b6fa893613f063dae568ff8319cbfbd
2022-06-29 01:08:22.647  INFO 15572 --- [      Thread-21] o.s.b.a.mongo.embedded.EmbeddedMongo     : 2022-06-29T01:08:22.646+0200 I CONTROL  [initandlisten] allocator: tcmalloc
2022-06-29 01:08:22.647  INFO 15572 --- [      Thread-21] o.s.b.a.mongo.embedded.EmbeddedMongo     : 2022-06-29T01:08:22.646+0200 I CONTROL  [initandlisten] modules: none
2022-06-29 01:08:22.647  INFO 15572 --- [      Thread-21] o.s.b.a.mongo.embedded.EmbeddedMongo     : 2022-06-29T01:08:22.646+0200 I CONTROL  [initandlisten] build environment:
2022-06-29 01:08:22.647  INFO 15572 --- [      Thread-21] o.s.b.a.mongo.embedded.EmbeddedMongo     : 2022-06-29T01:08:22.646+0200 I CONTROL  [initandlisten]     distarch: x86_64
2022-06-29 01:08:22.647  INFO 15572 --- [      Thread-21] o.s.b.a.mongo.embedded.EmbeddedMongo     : 2022-06-29T01:08:22.646+0200 I CONTROL  [initandlisten]     target_arch: x86_64
2022-06-29 01:08:22.647  INFO 15572 --- [      Thread-21] o.s.b.a.mongo.embedded.EmbeddedMongo     : 2022-06-29T01:08:22.646+0200 I CONTROL  [initandlisten] options: { net: { bindIp: "127.0.0.1", http: { enabled: false }, port: 27017 }, security: { authorization: "disabled" }, storage: { dbPath: "C:\Users\user\AppData\Local\Temp\embedmongo-db-c4f34c42-ec2f-4cd9-b1d7-9cdcf5f5f6aa", journal: { enabled: false }, mmapv1: { preallocDataFiles: false, smallFiles: true }, syncPeriodSecs: 0.0 } }
2022-06-29 01:08:22.647  INFO 15572 --- [      Thread-21] o.s.b.a.mongo.embedded.EmbeddedMongo     : 2022-06-29T01:08:22.647+0200 I STORAGE  [initandlisten] wiredtiger_open config: create,cache_size=3474M,session_max=20000,eviction=(threads_min=4,threads_max=4),config_base=false,statistics=(fast),log=(enabled=true,archive=true,path=journal,compressor=snappy),file_manager=(close_idle_time=100000),checkpoint=(wait=0,log_size=2GB),statistics_log=(wait=0),verbose=(recovery_progress),,log=(enabled=false),
2022-06-29 01:08:22.738  INFO 15572 --- [      Thread-21] o.s.b.a.mongo.embedded.EmbeddedMongo     : 2022-06-29T01:08:22.738+0200 W STORAGE  [initandlisten] Detected configuration for non-active storage engine mmapv1 when current storage engine is wiredTiger
2022-06-29 01:08:22.739  INFO 15572 --- [      Thread-21] o.s.b.a.mongo.embedded.EmbeddedMongo     : 2022-06-29T01:08:22.738+0200 I CONTROL  [initandlisten] 
2022-06-29 01:08:22.739  INFO 15572 --- [      Thread-21] o.s.b.a.mongo.embedded.EmbeddedMongo     : 2022-06-29T01:08:22.738+0200 I CONTROL  [initandlisten] ** NOTE: This is a development version (3.5.5) of MongoDB.
2022-06-29 01:08:22.739  INFO 15572 --- [      Thread-21] o.s.b.a.mongo.embedded.EmbeddedMongo     : 2022-06-29T01:08:22.738+0200 I CONTROL  [initandlisten] **       Not recommended for production.
2022-06-29 01:08:22.739  INFO 15572 --- [      Thread-21] o.s.b.a.mongo.embedded.EmbeddedMongo     : 2022-06-29T01:08:22.738+0200 I CONTROL  [initandlisten] 
2022-06-29 01:08:23.036  INFO 15572 --- [      Thread-21] o.s.b.a.mongo.embedded.EmbeddedMongo     : 2022-06-29T01:08:23.037+0200 I FTDC     [initandlisten] Initializing full-time diagnostic data capture with directory 'C:/Users/user/AppData/Local/Temp/embedmongo-db-c4f34c42-ec2f-4cd9-b1d7-9cdcf5f5f6aa/diagnostic.data'
2022-06-29 01:08:23.072  INFO 15572 --- [      Thread-21] o.s.b.a.mongo.embedded.EmbeddedMongo     : 2022-06-29T01:08:23.072+0200 I INDEX    [initandlisten] build index on: admin.system.version properties: { v: 2, key: { version: 1 }, name: "incompatible_with_version_32", ns: "admin.system.version" }
2022-06-29 01:08:23.072  INFO 15572 --- [      Thread-21] o.s.b.a.mongo.embedded.EmbeddedMongo     : 2022-06-29T01:08:23.072+0200 I INDEX    [initandlisten] 	 building index using bulk method; build may temporarily use up to 500 megabytes of RAM
2022-06-29 01:08:23.076  INFO 15572 --- [      Thread-21] o.s.b.a.mongo.embedded.EmbeddedMongo     : 2022-06-29T01:08:23.076+0200 I INDEX    [initandlisten] build index done.  scanned 0 total records. 0 secs
2022-06-29 01:08:23.078  INFO 15572 --- [      Thread-21] o.s.b.a.mongo.embedded.EmbeddedMongo     : 2022-06-29T01:08:23.078+0200 I COMMAND  [initandlisten] setting featureCompatibilityVersion to 3.4
2022-06-29 01:08:23.079  INFO 15572 --- [      Thread-21] o.s.b.a.mongo.embedded.EmbeddedMongo     : 2022-06-29T01:08:23.079+0200 I NETWORK  [thread1] waiting for connections on port 27017
2022-06-29 01:08:23.079  INFO 15572 --- [    Test worker] d.f.embed.mongo.MongodExecutable         : start de.flapdoodle.embed.mongo.config.MongodConfigBuilder$ImmutableMongodConfig@22f2d333
2022-06-29 01:08:23.101  INFO 15572 --- [    Test worker] org.mongodb.driver.cluster               : Cluster created with settings {hosts=[localhost:27017], mode=SINGLE, requiredClusterType=UNKNOWN, serverSelectionTimeout='30000 ms'}
2022-06-29 01:08:23.106  INFO 15572 --- [      Thread-21] o.s.b.a.mongo.embedded.EmbeddedMongo     : 2022-06-29T01:08:23.106+0200 I NETWORK  [thread1] connection accepted from 127.0.0.1:57232 #1 (1 connection now open)
2022-06-29 01:08:23.108  INFO 15572 --- [      Thread-21] o.s.b.a.mongo.embedded.EmbeddedMongo     : 2022-06-29T01:08:23.108+0200 I NETWORK  [conn1] received client metadata from 127.0.0.1:57232 conn1: { driver: { name: "mongo-java-driver|reactive-streams|spring-boot", version: "4.0.5" }, os: { type: "Windows", name: "Windows 10", architecture: "amd64", version: "10.0" }, platform: "Java/Oracle Corporation/1.8.0_271-b09" }
2022-06-29 01:08:23.112  INFO 15572 --- [localhost:27017] org.mongodb.driver.connection            : Opened connection [connectionId{localValue:3, serverValue:1}] to localhost:27017
2022-06-29 01:08:23.115  INFO 15572 --- [localhost:27017] org.mongodb.driver.cluster               : Monitor thread successfully connected to server with description ServerDescription{address=localhost:27017, type=STANDALONE, state=CONNECTED, ok=true, minWireVersion=0, maxWireVersion=5, maxDocumentSize=16777216, logicalSessionTimeoutMinutes=null, roundTripTimeNanos=2589700}
2022-06-29 01:08:23.121  WARN 15572 --- [    Test worker] o.s.data.convert.CustomConversions       : Registering converter from class java.time.LocalDateTime to class org.joda.time.LocalDateTime as reading converter although it doesn't convert from a store-supported type! You might want to check your annotation setup at the converter implementation.
2022-06-29 01:08:23.143  WARN 15572 --- [    Test worker] o.s.data.convert.CustomConversions       : Registering converter from class java.time.LocalDateTime to class org.joda.time.LocalDateTime as reading converter although it doesn't convert from a store-supported type! You might want to check your annotation setup at the converter implementation.
2022-06-29 01:08:23.505  INFO 15572 --- [    Test worker] o.s.s.c.ThreadPoolTaskScheduler          : Initializing ExecutorService 'taskScheduler'
2022-06-29 01:08:23.560  INFO 15572 --- [    Test worker] o.s.i.endpoint.EventDrivenConsumer       : Adding {logging-channel-adapter:_org.springframework.integration.errorLogger} as a subscriber to the 'errorChannel' channel
2022-06-29 01:08:23.560  INFO 15572 --- [    Test worker] o.s.i.channel.PublishSubscribeChannel    : Channel 'application-1.errorChannel' has 1 subscriber(s).
2022-06-29 01:08:23.560  INFO 15572 --- [    Test worker] o.s.i.endpoint.EventDrivenConsumer       : started bean '_org.springframework.integration.errorLogger'
2022-06-29 01:08:23.563  INFO 15572 --- [    Test worker] s.m.m.core.employee.PersistenceTests     : Started PersistenceTests in 2.881 seconds (JVM running for 19.625)
2022-06-29 01:08:23.574  INFO 15572 --- [      Thread-21] o.s.b.a.mongo.embedded.EmbeddedMongo     : 2022-06-29T01:08:23.574+0200 I NETWORK  [thread1] connection accepted from 127.0.0.1:57233 #2 (2 connections now open)
2022-06-29 01:08:23.575  INFO 15572 --- [      Thread-21] o.s.b.a.mongo.embedded.EmbeddedMongo     : 2022-06-29T01:08:23.575+0200 I NETWORK  [conn2] received client metadata from 127.0.0.1:57233 conn2: { driver: { name: "mongo-java-driver|reactive-streams|spring-boot", version: "4.0.5" }, os: { type: "Windows", name: "Windows 10", architecture: "amd64", version: "10.0" }, platform: "Java/Oracle Corporation/1.8.0_271-b09" }
2022-06-29 01:08:23.576  INFO 15572 --- [ntLoopGroup-4-2] org.mongodb.driver.connection            : Opened connection [connectionId{localValue:4, serverValue:2}] to localhost:27017
]]></system-out>
  <system-err><![CDATA[]]></system-err>
</testsuite>
