<?xml version="1.0" encoding="UTF-8"?>
<testsuite name="se.magnus.microservices.core.employee.PersistenceTests" tests="5" skipped="0" failures="0" errors="0" timestamp="2022-05-27T01:14:37" hostname="DESKTOP-HJGV6OB" time="0.747">
  <properties/>
  <testcase name="optimisticLockError" classname="se.magnus.microservices.core.employee.PersistenceTests" time="0.647"/>
  <testcase name="deleteEmployee" classname="se.magnus.microservices.core.employee.PersistenceTests" time="0.028"/>
  <testcase name="getByInsuranceCompanyId" classname="se.magnus.microservices.core.employee.PersistenceTests" time="0.038"/>
  <testcase name="updateEmployee" classname="se.magnus.microservices.core.employee.PersistenceTests" time="0.014"/>
  <testcase name="createEmployee" classname="se.magnus.microservices.core.employee.PersistenceTests" time="0.014"/>
  <system-out><![CDATA[03:14:33.749 [Test worker] DEBUG org.springframework.test.annotation.ProfileValueUtils - Retrieved @ProfileValueSourceConfiguration [null] for test class [se.magnus.microservices.core.employee.PersistenceTests]
03:14:33.750 [Test worker] DEBUG org.springframework.test.annotation.ProfileValueUtils - Retrieved ProfileValueSource type [class org.springframework.test.annotation.SystemProfileValueSource] for class [se.magnus.microservices.core.employee.PersistenceTests]
03:14:33.751 [Test worker] DEBUG org.springframework.test.annotation.ProfileValueUtils - Retrieved @ProfileValueSourceConfiguration [null] for test class [se.magnus.microservices.core.employee.PersistenceTests]
03:14:33.751 [Test worker] DEBUG org.springframework.test.annotation.ProfileValueUtils - Retrieved ProfileValueSource type [class org.springframework.test.annotation.SystemProfileValueSource] for class [se.magnus.microservices.core.employee.PersistenceTests]
03:14:33.760 [Test worker] DEBUG org.springframework.test.context.support.AbstractDirtiesContextTestExecutionListener - Before test class: context [DefaultTestContext@74807caa testClass = PersistenceTests, testInstance = [null], testMethod = [null], testException = [null], mergedContextConfiguration = [MergedContextConfiguration@3c0edf03 testClass = PersistenceTests, locations = '{}', classes = '{class se.magnus.microservices.core.employee.EmployeeServiceApplication}', contextInitializerClasses = '[]', activeProfiles = '{}', propertySourceLocations = '{}', propertySourceProperties = '{org.springframework.boot.test.autoconfigure.data.mongo.DataMongoTestContextBootstrapper=true}', contextCustomizers = set[org.springframework.boot.test.autoconfigure.OverrideAutoConfigurationContextCustomizerFactory$DisableAutoConfigurationContextCustomizer@23695e0, org.springframework.boot.test.autoconfigure.filter.TypeExcludeFiltersContextCustomizer@351584c0, org.springframework.boot.test.autoconfigure.properties.PropertyMappingContextCustomizer@8b99c878, org.springframework.boot.test.autoconfigure.web.servlet.WebDriverContextCustomizerFactory$Customizer@2485c44e, [ImportsContextCustomizer@6d69f52f key = [org.springframework.boot.autoconfigure.cache.CacheAutoConfiguration, org.springframework.boot.autoconfigure.data.mongo.MongoDataAutoConfiguration, org.springframework.boot.autoconfigure.data.mongo.MongoReactiveDataAutoConfiguration, org.springframework.boot.autoconfigure.data.mongo.MongoReactiveRepositoriesAutoConfiguration, org.springframework.boot.autoconfigure.data.mongo.MongoRepositoriesAutoConfiguration, org.springframework.boot.autoconfigure.mongo.MongoAutoConfiguration, org.springframework.boot.autoconfigure.mongo.MongoReactiveAutoConfiguration, org.springframework.boot.autoconfigure.mongo.embedded.EmbeddedMongoAutoConfiguration, org.springframework.boot.autoconfigure.transaction.TransactionAutoConfiguration]], org.springframework.boot.test.context.filter.ExcludeFilterContextCustomizer@7c4a41fa, org.springframework.boot.test.json.DuplicateJsonObjectContextCustomizerFactory$DuplicateJsonObjectContextCustomizer@6378d083, org.springframework.boot.test.mock.mockito.MockitoContextCustomizer@0, org.springframework.boot.test.context.SpringBootTestArgs@1], contextLoader = 'org.springframework.boot.test.context.SpringBootContextLoader', parent = [null]], attributes = map[[empty]]], class annotated with @DirtiesContext [false] with mode [null].
03:14:33.763 [Test worker] DEBUG org.springframework.test.annotation.ProfileValueUtils - Retrieved @ProfileValueSourceConfiguration [null] for test class [se.magnus.microservices.core.employee.PersistenceTests]
03:14:33.764 [Test worker] DEBUG org.springframework.test.annotation.ProfileValueUtils - Retrieved ProfileValueSource type [class org.springframework.test.annotation.SystemProfileValueSource] for class [se.magnus.microservices.core.employee.PersistenceTests]
03:14:33.771 [Test worker] DEBUG org.springframework.test.context.support.DependencyInjectionTestExecutionListener - Performing dependency injection for test context [[DefaultTestContext@74807caa testClass = PersistenceTests, testInstance = se.magnus.microservices.core.employee.PersistenceTests@12bc1401, testMethod = [null], testException = [null], mergedContextConfiguration = [MergedContextConfiguration@3c0edf03 testClass = PersistenceTests, locations = '{}', classes = '{class se.magnus.microservices.core.employee.EmployeeServiceApplication}', contextInitializerClasses = '[]', activeProfiles = '{}', propertySourceLocations = '{}', propertySourceProperties = '{org.springframework.boot.test.autoconfigure.data.mongo.DataMongoTestContextBootstrapper=true}', contextCustomizers = set[org.springframework.boot.test.autoconfigure.OverrideAutoConfigurationContextCustomizerFactory$DisableAutoConfigurationContextCustomizer@23695e0, org.springframework.boot.test.autoconfigure.filter.TypeExcludeFiltersContextCustomizer@351584c0, org.springframework.boot.test.autoconfigure.properties.PropertyMappingContextCustomizer@8b99c878, org.springframework.boot.test.autoconfigure.web.servlet.WebDriverContextCustomizerFactory$Customizer@2485c44e, [ImportsContextCustomizer@6d69f52f key = [org.springframework.boot.autoconfigure.cache.CacheAutoConfiguration, org.springframework.boot.autoconfigure.data.mongo.MongoDataAutoConfiguration, org.springframework.boot.autoconfigure.data.mongo.MongoReactiveDataAutoConfiguration, org.springframework.boot.autoconfigure.data.mongo.MongoReactiveRepositoriesAutoConfiguration, org.springframework.boot.autoconfigure.data.mongo.MongoRepositoriesAutoConfiguration, org.springframework.boot.autoconfigure.mongo.MongoAutoConfiguration, org.springframework.boot.autoconfigure.mongo.MongoReactiveAutoConfiguration, org.springframework.boot.autoconfigure.mongo.embedded.EmbeddedMongoAutoConfiguration, org.springframework.boot.autoconfigure.transaction.TransactionAutoConfiguration]], org.springframework.boot.test.context.filter.ExcludeFilterContextCustomizer@7c4a41fa, org.springframework.boot.test.json.DuplicateJsonObjectContextCustomizerFactory$DuplicateJsonObjectContextCustomizer@6378d083, org.springframework.boot.test.mock.mockito.MockitoContextCustomizer@0, org.springframework.boot.test.context.SpringBootTestArgs@1], contextLoader = 'org.springframework.boot.test.context.SpringBootContextLoader', parent = [null]], attributes = map[[empty]]]].
03:14:33.815 [Test worker] DEBUG org.springframework.test.context.support.TestPropertySourceUtils - Adding inlined properties to environment: {spring.jmx.enabled=false, org.springframework.boot.test.autoconfigure.data.mongo.DataMongoTestContextBootstrapper=true}

  .   ____          _            __ _ _
 /\\ / ___'_ __ _ _(_)_ __  __ _ \ \ \ \
( ( )\___ | '_ | '_| | '_ \/ _` | \ \ \ \
 \\/  ___)| |_)| | | | | || (_| |  ) ) ) )
  '  |____| .__|_| |_|_| |_\__, | / / / /
 =========|_|==============|___/=/_/_/_/
 :: Spring Boot ::        (v2.3.2.RELEASE)

2022-05-27 03:14:34.463  INFO 2664 --- [    Test worker] s.m.m.core.employee.PersistenceTests     : Starting PersistenceTests on DESKTOP-HJGV6OB with PID 2664 (started by user in C:\Users\user\git\InsuranceCompanyMicroservices_DIS\DIS_projekat\microservices\employee-service)
2022-05-27 03:14:34.464 DEBUG 2664 --- [    Test worker] s.m.m.core.employee.PersistenceTests     : Running with Spring Boot v2.3.2.RELEASE, Spring v5.2.8.RELEASE
2022-05-27 03:14:34.467  INFO 2664 --- [    Test worker] s.m.m.core.employee.PersistenceTests     : No active profile set, falling back to default profiles: default
2022-05-27 03:14:35.003  INFO 2664 --- [    Test worker] .s.d.r.c.RepositoryConfigurationDelegate : Bootstrapping Spring Data MongoDB repositories in DEFAULT mode.
2022-05-27 03:14:35.212  INFO 2664 --- [    Test worker] .s.d.r.c.RepositoryConfigurationDelegate : Finished Spring Data repository scanning in 202ms. Found 1 MongoDB repository interfaces.
2022-05-27 03:14:36.077  INFO 2664 --- [       Thread-4] o.s.b.a.mongo.embedded.EmbeddedMongo     : note: noprealloc may hurt performance in many applications
2022-05-27 03:14:36.130  INFO 2664 --- [       Thread-4] o.s.b.a.mongo.embedded.EmbeddedMongo     : 2022-05-27T03:14:36.129+0200 I CONTROL  [initandlisten] MongoDB starting : pid=10812 port=63897 dbpath=C:\Users\user\AppData\Local\Temp\embedmongo-db-0caa367b-41c6-4434-8a5e-0f8026fb561b 64-bit host=DESKTOP-HJGV6OB
2022-05-27 03:14:36.130  INFO 2664 --- [       Thread-4] o.s.b.a.mongo.embedded.EmbeddedMongo     : 2022-05-27T03:14:36.130+0200 I CONTROL  [initandlisten] targetMinOS: Windows Vista/Windows Server 2008
2022-05-27 03:14:36.131  INFO 2664 --- [       Thread-4] o.s.b.a.mongo.embedded.EmbeddedMongo     : 2022-05-27T03:14:36.130+0200 I CONTROL  [initandlisten] db version v3.5.5
2022-05-27 03:14:36.131  INFO 2664 --- [       Thread-4] o.s.b.a.mongo.embedded.EmbeddedMongo     : 2022-05-27T03:14:36.130+0200 I CONTROL  [initandlisten] git version: 98515c812b6fa893613f063dae568ff8319cbfbd
2022-05-27 03:14:36.131  INFO 2664 --- [       Thread-4] o.s.b.a.mongo.embedded.EmbeddedMongo     : 2022-05-27T03:14:36.130+0200 I CONTROL  [initandlisten] allocator: tcmalloc
2022-05-27 03:14:36.132  INFO 2664 --- [       Thread-4] o.s.b.a.mongo.embedded.EmbeddedMongo     : 2022-05-27T03:14:36.130+0200 I CONTROL  [initandlisten] modules: none
2022-05-27 03:14:36.132  INFO 2664 --- [       Thread-4] o.s.b.a.mongo.embedded.EmbeddedMongo     : 2022-05-27T03:14:36.130+0200 I CONTROL  [initandlisten] build environment:
2022-05-27 03:14:36.132  INFO 2664 --- [       Thread-4] o.s.b.a.mongo.embedded.EmbeddedMongo     : 2022-05-27T03:14:36.130+0200 I CONTROL  [initandlisten]     distarch: x86_64
2022-05-27 03:14:36.133  INFO 2664 --- [       Thread-4] o.s.b.a.mongo.embedded.EmbeddedMongo     : 2022-05-27T03:14:36.130+0200 I CONTROL  [initandlisten]     target_arch: x86_64
2022-05-27 03:14:36.133  INFO 2664 --- [       Thread-4] o.s.b.a.mongo.embedded.EmbeddedMongo     : 2022-05-27T03:14:36.130+0200 I CONTROL  [initandlisten] options: { net: { bindIp: "127.0.0.1", http: { enabled: false }, port: 63897 }, security: { authorization: "disabled" }, storage: { dbPath: "C:\Users\user\AppData\Local\Temp\embedmongo-db-0caa367b-41c6-4434-8a5e-0f8026fb561b", journal: { enabled: false }, mmapv1: { preallocDataFiles: false, smallFiles: true }, syncPeriodSecs: 0.0 } }
2022-05-27 03:14:36.133  INFO 2664 --- [       Thread-4] o.s.b.a.mongo.embedded.EmbeddedMongo     : 2022-05-27T03:14:36.131+0200 I STORAGE  [initandlisten] wiredtiger_open config: create,cache_size=3474M,session_max=20000,eviction=(threads_min=4,threads_max=4),config_base=false,statistics=(fast),log=(enabled=true,archive=true,path=journal,compressor=snappy),file_manager=(close_idle_time=100000),checkpoint=(wait=0,log_size=2GB),statistics_log=(wait=0),verbose=(recovery_progress),,log=(enabled=false),
2022-05-27 03:14:36.196  INFO 2664 --- [       Thread-4] o.s.b.a.mongo.embedded.EmbeddedMongo     : 2022-05-27T03:14:36.197+0200 W STORAGE  [initandlisten] Detected configuration for non-active storage engine mmapv1 when current storage engine is wiredTiger
2022-05-27 03:14:36.197  INFO 2664 --- [       Thread-4] o.s.b.a.mongo.embedded.EmbeddedMongo     : 2022-05-27T03:14:36.197+0200 I CONTROL  [initandlisten] 
2022-05-27 03:14:36.197  INFO 2664 --- [       Thread-4] o.s.b.a.mongo.embedded.EmbeddedMongo     : 2022-05-27T03:14:36.197+0200 I CONTROL  [initandlisten] ** NOTE: This is a development version (3.5.5) of MongoDB.
2022-05-27 03:14:36.197  INFO 2664 --- [       Thread-4] o.s.b.a.mongo.embedded.EmbeddedMongo     : 2022-05-27T03:14:36.197+0200 I CONTROL  [initandlisten] **       Not recommended for production.
2022-05-27 03:14:36.197  INFO 2664 --- [       Thread-4] o.s.b.a.mongo.embedded.EmbeddedMongo     : 2022-05-27T03:14:36.197+0200 I CONTROL  [initandlisten] 
2022-05-27 03:14:36.474  INFO 2664 --- [       Thread-4] o.s.b.a.mongo.embedded.EmbeddedMongo     : 2022-05-27T03:14:36.474+0200 I FTDC     [initandlisten] Initializing full-time diagnostic data capture with directory 'C:/Users/user/AppData/Local/Temp/embedmongo-db-0caa367b-41c6-4434-8a5e-0f8026fb561b/diagnostic.data'
2022-05-27 03:14:36.505  INFO 2664 --- [       Thread-4] o.s.b.a.mongo.embedded.EmbeddedMongo     : 2022-05-27T03:14:36.505+0200 I INDEX    [initandlisten] build index on: admin.system.version properties: { v: 2, key: { version: 1 }, name: "incompatible_with_version_32", ns: "admin.system.version" }
2022-05-27 03:14:36.506  INFO 2664 --- [       Thread-4] o.s.b.a.mongo.embedded.EmbeddedMongo     : 2022-05-27T03:14:36.505+0200 I INDEX    [initandlisten] 	 building index using bulk method; build may temporarily use up to 500 megabytes of RAM
2022-05-27 03:14:36.509  INFO 2664 --- [       Thread-4] o.s.b.a.mongo.embedded.EmbeddedMongo     : 2022-05-27T03:14:36.509+0200 I INDEX    [initandlisten] build index done.  scanned 0 total records. 0 secs
2022-05-27 03:14:36.511  INFO 2664 --- [       Thread-4] o.s.b.a.mongo.embedded.EmbeddedMongo     : 2022-05-27T03:14:36.511+0200 I COMMAND  [initandlisten] setting featureCompatibilityVersion to 3.4
2022-05-27 03:14:36.512  INFO 2664 --- [       Thread-4] o.s.b.a.mongo.embedded.EmbeddedMongo     : 2022-05-27T03:14:36.513+0200 I NETWORK  [thread1] waiting for connections on port 63897
2022-05-27 03:14:36.512  INFO 2664 --- [    Test worker] d.f.embed.mongo.MongodExecutable         : start de.flapdoodle.embed.mongo.config.MongodConfigBuilder$ImmutableMongodConfig@6448214a
2022-05-27 03:14:36.612  INFO 2664 --- [    Test worker] org.mongodb.driver.cluster               : Cluster created with settings {hosts=[localhost:63897], mode=SINGLE, requiredClusterType=UNKNOWN, serverSelectionTimeout='30000 ms'}
2022-05-27 03:14:36.661  INFO 2664 --- [       Thread-4] o.s.b.a.mongo.embedded.EmbeddedMongo     : 2022-05-27T03:14:36.662+0200 I NETWORK  [thread1] connection accepted from 127.0.0.1:63899 #1 (1 connection now open)
2022-05-27 03:14:36.672  INFO 2664 --- [       Thread-4] o.s.b.a.mongo.embedded.EmbeddedMongo     : 2022-05-27T03:14:36.672+0200 I NETWORK  [conn1] received client metadata from 127.0.0.1:63899 conn1: { driver: { name: "mongo-java-driver|sync|spring-boot", version: "4.0.5" }, os: { type: "Windows", name: "Windows 10", architecture: "amd64", version: "10.0" }, platform: "Java/Oracle Corporation/11.0.9+7-LTS" }
2022-05-27 03:14:36.686  INFO 2664 --- [localhost:63897] org.mongodb.driver.connection            : Opened connection [connectionId{localValue:1, serverValue:1}] to localhost:63897
2022-05-27 03:14:36.689  INFO 2664 --- [localhost:63897] org.mongodb.driver.cluster               : Monitor thread successfully connected to server with description ServerDescription{address=localhost:63897, type=STANDALONE, state=CONNECTED, ok=true, minWireVersion=0, maxWireVersion=5, maxDocumentSize=16777216, logicalSessionTimeoutMinutes=null, roundTripTimeNanos=1542400}
2022-05-27 03:14:37.170  INFO 2664 --- [    Test worker] s.m.m.core.employee.PersistenceTests     : Started PersistenceTests in 3.351 seconds (JVM running for 4.996)
2022-05-27 03:14:37.643  INFO 2664 --- [       Thread-4] o.s.b.a.mongo.embedded.EmbeddedMongo     : 2022-05-27T03:14:37.644+0200 I NETWORK  [thread1] connection accepted from 127.0.0.1:63900 #2 (2 connections now open)
2022-05-27 03:14:37.644  INFO 2664 --- [       Thread-4] o.s.b.a.mongo.embedded.EmbeddedMongo     : 2022-05-27T03:14:37.644+0200 I NETWORK  [conn2] received client metadata from 127.0.0.1:63900 conn2: { driver: { name: "mongo-java-driver|sync|spring-boot", version: "4.0.5" }, os: { type: "Windows", name: "Windows 10", architecture: "amd64", version: "10.0" }, platform: "Java/Oracle Corporation/11.0.9+7-LTS" }
2022-05-27 03:14:37.645  INFO 2664 --- [    Test worker] org.mongodb.driver.connection            : Opened connection [connectionId{localValue:2, serverValue:2}] to localhost:63897
]]></system-out>
  <system-err><![CDATA[]]></system-err>
</testsuite>
