<?xml version="1.0" encoding="UTF-8"?>
<testsuite name="se.magnus.microservices.core.insurancecompany.InsuranceCompanyServiceApplicationTests" tests="4" skipped="0" failures="0" errors="0" timestamp="2022-05-25T15:11:56" hostname="DESKTOP-HJGV6OB" time="0.844">
  <properties/>
  <testcase name="getInsuranceCompanyNotFound" classname="se.magnus.microservices.core.insurancecompany.InsuranceCompanyServiceApplicationTests" time="0.772"/>
  <testcase name="getInsuranceCompanyInvalidParameter" classname="se.magnus.microservices.core.insurancecompany.InsuranceCompanyServiceApplicationTests" time="0.046"/>
  <testcase name="getInsuranceCompany" classname="se.magnus.microservices.core.insurancecompany.InsuranceCompanyServiceApplicationTests" time="0.013"/>
  <testcase name="getInsuranceCompanyInvalidParameterNegativeValue" classname="se.magnus.microservices.core.insurancecompany.InsuranceCompanyServiceApplicationTests" time="0.011"/>
  <system-out><![CDATA[17:11:53.119 [Test worker] DEBUG org.springframework.test.annotation.ProfileValueUtils - Retrieved @ProfileValueSourceConfiguration [null] for test class [se.magnus.microservices.core.insurancecompany.InsuranceCompanyServiceApplicationTests]
17:11:53.135 [Test worker] DEBUG org.springframework.test.annotation.ProfileValueUtils - Retrieved ProfileValueSource type [class org.springframework.test.annotation.SystemProfileValueSource] for class [se.magnus.microservices.core.insurancecompany.InsuranceCompanyServiceApplicationTests]
17:11:53.135 [Test worker] DEBUG org.springframework.test.annotation.ProfileValueUtils - Retrieved @ProfileValueSourceConfiguration [null] for test class [se.magnus.microservices.core.insurancecompany.InsuranceCompanyServiceApplicationTests]
17:11:53.135 [Test worker] DEBUG org.springframework.test.annotation.ProfileValueUtils - Retrieved ProfileValueSource type [class org.springframework.test.annotation.SystemProfileValueSource] for class [se.magnus.microservices.core.insurancecompany.InsuranceCompanyServiceApplicationTests]
17:11:53.135 [Test worker] DEBUG org.springframework.test.context.support.AbstractDirtiesContextTestExecutionListener - Before test class: context [DefaultTestContext@260b8588 testClass = InsuranceCompanyServiceApplicationTests, testInstance = [null], testMethod = [null], testException = [null], mergedContextConfiguration = [ReactiveWebMergedContextConfiguration@493b8246 testClass = InsuranceCompanyServiceApplicationTests, locations = '{}', classes = '{class se.magnus.microservices.core.insurancecompany.InsuranceCompanyServiceApplication}', contextInitializerClasses = '[]', activeProfiles = '{}', propertySourceLocations = '{}', propertySourceProperties = '{org.springframework.boot.test.context.SpringBootTestContextBootstrapper=true, server.port=0}', contextCustomizers = set[org.springframework.boot.test.autoconfigure.properties.PropertyMappingContextCustomizer@0, org.springframework.boot.test.autoconfigure.web.servlet.WebDriverContextCustomizerFactory$Customizer@67365183, org.springframework.boot.test.context.filter.ExcludeFilterContextCustomizer@7f5f3e15, org.springframework.boot.test.json.DuplicateJsonObjectContextCustomizerFactory$DuplicateJsonObjectContextCustomizer@245742d3, org.springframework.boot.test.mock.mockito.MockitoContextCustomizer@0, org.springframework.boot.test.web.client.TestRestTemplateContextCustomizer@61797462, org.springframework.boot.test.web.reactive.server.WebTestClientContextCustomizer@4c8559dc, org.springframework.boot.test.context.SpringBootTestArgs@1], contextLoader = 'org.springframework.boot.test.context.SpringBootContextLoader', parent = [null]], attributes = map['org.springframework.test.context.web.ServletTestExecutionListener.activateListener' -> false]], class annotated with @DirtiesContext [false] with mode [null].
17:11:53.135 [Test worker] DEBUG org.springframework.test.annotation.ProfileValueUtils - Retrieved @ProfileValueSourceConfiguration [null] for test class [se.magnus.microservices.core.insurancecompany.InsuranceCompanyServiceApplicationTests]
17:11:53.135 [Test worker] DEBUG org.springframework.test.annotation.ProfileValueUtils - Retrieved ProfileValueSource type [class org.springframework.test.annotation.SystemProfileValueSource] for class [se.magnus.microservices.core.insurancecompany.InsuranceCompanyServiceApplicationTests]
17:11:53.150 [Test worker] DEBUG org.springframework.test.context.support.DependencyInjectionTestExecutionListener - Performing dependency injection for test context [[DefaultTestContext@260b8588 testClass = InsuranceCompanyServiceApplicationTests, testInstance = se.magnus.microservices.core.insurancecompany.InsuranceCompanyServiceApplicationTests@9c01831, testMethod = [null], testException = [null], mergedContextConfiguration = [ReactiveWebMergedContextConfiguration@493b8246 testClass = InsuranceCompanyServiceApplicationTests, locations = '{}', classes = '{class se.magnus.microservices.core.insurancecompany.InsuranceCompanyServiceApplication}', contextInitializerClasses = '[]', activeProfiles = '{}', propertySourceLocations = '{}', propertySourceProperties = '{org.springframework.boot.test.context.SpringBootTestContextBootstrapper=true, server.port=0}', contextCustomizers = set[org.springframework.boot.test.autoconfigure.properties.PropertyMappingContextCustomizer@0, org.springframework.boot.test.autoconfigure.web.servlet.WebDriverContextCustomizerFactory$Customizer@67365183, org.springframework.boot.test.context.filter.ExcludeFilterContextCustomizer@7f5f3e15, org.springframework.boot.test.json.DuplicateJsonObjectContextCustomizerFactory$DuplicateJsonObjectContextCustomizer@245742d3, org.springframework.boot.test.mock.mockito.MockitoContextCustomizer@0, org.springframework.boot.test.web.client.TestRestTemplateContextCustomizer@61797462, org.springframework.boot.test.web.reactive.server.WebTestClientContextCustomizer@4c8559dc, org.springframework.boot.test.context.SpringBootTestArgs@1], contextLoader = 'org.springframework.boot.test.context.SpringBootContextLoader', parent = [null]], attributes = map['org.springframework.test.context.web.ServletTestExecutionListener.activateListener' -> false]]].
17:11:53.166 [Test worker] DEBUG org.springframework.test.context.support.TestPropertySourceUtils - Adding inlined properties to environment: {spring.jmx.enabled=false, org.springframework.boot.test.context.SpringBootTestContextBootstrapper=true, server.port=0}

  .   ____          _            __ _ _
 /\\ / ___'_ __ _ _(_)_ __  __ _ \ \ \ \
( ( )\___ | '_ | '_| | '_ \/ _` | \ \ \ \
 \\/  ___)| |_)| | | | | || (_| |  ) ) ) )
  '  |____| .__|_| |_|_| |_\__, | / / / /
 =========|_|==============|___/=/_/_/_/
 :: Spring Boot ::        (v2.3.0.RELEASE)

2022-05-25 17:11:53.608  INFO 16088 --- [    Test worker] .InsuranceCompanyServiceApplicationTests : Starting InsuranceCompanyServiceApplicationTests on DESKTOP-HJGV6OB with PID 16088 (started by user in C:\Users\user\git\InsuranceCompanyMicroservices_DIS\DIS_projekat\microservices\insurance-company-service)
2022-05-25 17:11:53.608 DEBUG 16088 --- [    Test worker] .InsuranceCompanyServiceApplicationTests : Running with Spring Boot v2.3.0.RELEASE, Spring v5.2.6.RELEASE
2022-05-25 17:11:53.608  INFO 16088 --- [    Test worker] .InsuranceCompanyServiceApplicationTests : No active profile set, falling back to default profiles: default
2022-05-25 17:11:55.502  INFO 16088 --- [    Test worker] o.s.b.a.e.web.EndpointLinksResolver      : Exposing 2 endpoint(s) beneath base path '/actuator'
2022-05-25 17:11:56.632  INFO 16088 --- [    Test worker] o.s.b.web.embedded.netty.NettyWebServer  : Netty started on port(s): 52104
2022-05-25 17:11:56.648  INFO 16088 --- [    Test worker] .InsuranceCompanyServiceApplicationTests : Started InsuranceCompanyServiceApplicationTests in 3.47 seconds (JVM running for 5.066)
2022-05-25 17:11:57.292 DEBUG 16088 --- [ctor-http-nio-3] s.m.m.c.i.s.InsuranceCompanyServiceImpl  : /insuranceCompany return the found insurance company for insuranceCompanyId=13
2022-05-25 17:11:57.309 DEBUG 16088 --- [ctor-http-nio-3] s.m.u.h.GlobalControllerExceptionHandler : Returning HTTP status: 404 NOT_FOUND for path: /insuranceCompany/13, message: No insurance company found for insuranceCompanyId: 13
2022-05-25 17:11:57.513 DEBUG 16088 --- [ctor-http-nio-3] s.m.m.c.i.s.InsuranceCompanyServiceImpl  : /insuranceCompany return the found insurance company for insuranceCompanyId=1
2022-05-25 17:11:57.529 DEBUG 16088 --- [ctor-http-nio-3] s.m.m.c.i.s.InsuranceCompanyServiceImpl  : /insuranceCompany return the found insurance company for insuranceCompanyId=-1
2022-05-25 17:11:57.529 DEBUG 16088 --- [ctor-http-nio-3] s.m.u.h.GlobalControllerExceptionHandler : Returning HTTP status: 422 UNPROCESSABLE_ENTITY for path: /insuranceCompany/-1, message: Invalid insuranceCompanyId: -1
]]></system-out>
  <system-err><![CDATA[]]></system-err>
</testsuite>
