<?xml version="1.0" encoding="UTF-8"?>
<testsuite name="se.magnus.microservices.core.insurancecompany.PersistenceTests" tests="6" skipped="0" failures="0" errors="0" timestamp="2022-06-17T14:13:42" hostname="DESKTOP-HJGV6OB" time="0.146">
  <properties/>
  <testcase name="optimisticLockError" classname="se.magnus.microservices.core.insurancecompany.PersistenceTests" time="0.041"/>
  <testcase name="paging" classname="se.magnus.microservices.core.insurancecompany.PersistenceTests" time="0.055"/>
  <testcase name="createInsuranceCompany" classname="se.magnus.microservices.core.insurancecompany.PersistenceTests" time="0.014"/>
  <testcase name="getByInsuranceCompanyId" classname="se.magnus.microservices.core.insurancecompany.PersistenceTests" time="0.009"/>
  <testcase name="deleteInsuranceCompany" classname="se.magnus.microservices.core.insurancecompany.PersistenceTests" time="0.012"/>
  <testcase name="updateInsuranceCompany" classname="se.magnus.microservices.core.insurancecompany.PersistenceTests" time="0.011"/>
  <system-out><![CDATA[
  .   ____          _            __ _ _
 /\\ / ___'_ __ _ _(_)_ __  __ _ \ \ \ \
( ( )\___ | '_ | '_| | '_ \/ _` | \ \ \ \
 \\/  ___)| |_)| | | | | || (_| |  ) ) ) )
  '  |____| .__|_| |_|_| |_\__, | / / / /
 =========|_|==============|___/=/_/_/_/
 :: Spring Boot ::        (v2.3.2.RELEASE)

2022-06-17 16:13:41.327  INFO 9228 --- [    Test worker] s.m.m.c.i.PersistenceTests               : Starting PersistenceTests on DESKTOP-HJGV6OB with PID 9228 (started by user in C:\Users\user\git\InsuranceCompanyMicroservices_DIS\DIS_projekat\microservices\insurance-company-service)
2022-06-17 16:13:41.327 DEBUG 9228 --- [    Test worker] s.m.m.c.i.PersistenceTests               : Running with Spring Boot v2.3.2.RELEASE, Spring v5.2.8.RELEASE
2022-06-17 16:13:41.328  INFO 9228 --- [    Test worker] s.m.m.c.i.PersistenceTests               : No active profile set, falling back to default profiles: default
2022-06-17 16:13:41.451  INFO 9228 --- [    Test worker] .s.d.r.c.RepositoryConfigurationDelegate : Bootstrapping Spring Data MongoDB repositories in DEFAULT mode.
2022-06-17 16:13:41.470  INFO 9228 --- [    Test worker] .s.d.r.c.RepositoryConfigurationDelegate : Finished Spring Data repository scanning in 18ms. Found 1 MongoDB repository interfaces.
2022-06-17 16:13:42.368  INFO 9228 --- [      Thread-15] o.s.b.a.mongo.embedded.EmbeddedMongo     : note: noprealloc may hurt performance in many applications
2022-06-17 16:13:42.413  INFO 9228 --- [      Thread-15] o.s.b.a.mongo.embedded.EmbeddedMongo     : 2022-06-17T16:13:42.413+0200 I CONTROL  [initandlisten] MongoDB starting : pid=8412 port=27017 dbpath=C:\Users\user\AppData\Local\Temp\embedmongo-db-f36bf1ee-ad77-40d3-bb64-9ecb081aeb66 64-bit host=DESKTOP-HJGV6OB
2022-06-17 16:13:42.413  INFO 9228 --- [      Thread-15] o.s.b.a.mongo.embedded.EmbeddedMongo     : 2022-06-17T16:13:42.414+0200 I CONTROL  [initandlisten] targetMinOS: Windows Vista/Windows Server 2008
2022-06-17 16:13:42.413  INFO 9228 --- [      Thread-15] o.s.b.a.mongo.embedded.EmbeddedMongo     : 2022-06-17T16:13:42.414+0200 I CONTROL  [initandlisten] db version v3.5.5
2022-06-17 16:13:42.413  INFO 9228 --- [      Thread-15] o.s.b.a.mongo.embedded.EmbeddedMongo     : 2022-06-17T16:13:42.414+0200 I CONTROL  [initandlisten] git version: 98515c812b6fa893613f063dae568ff8319cbfbd
2022-06-17 16:13:42.414  INFO 9228 --- [      Thread-15] o.s.b.a.mongo.embedded.EmbeddedMongo     : 2022-06-17T16:13:42.414+0200 I CONTROL  [initandlisten] allocator: tcmalloc
2022-06-17 16:13:42.414  INFO 9228 --- [      Thread-15] o.s.b.a.mongo.embedded.EmbeddedMongo     : 2022-06-17T16:13:42.414+0200 I CONTROL  [initandlisten] modules: none
2022-06-17 16:13:42.414  INFO 9228 --- [      Thread-15] o.s.b.a.mongo.embedded.EmbeddedMongo     : 2022-06-17T16:13:42.414+0200 I CONTROL  [initandlisten] build environment:
2022-06-17 16:13:42.414  INFO 9228 --- [      Thread-15] o.s.b.a.mongo.embedded.EmbeddedMongo     : 2022-06-17T16:13:42.414+0200 I CONTROL  [initandlisten]     distarch: x86_64
2022-06-17 16:13:42.414  INFO 9228 --- [      Thread-15] o.s.b.a.mongo.embedded.EmbeddedMongo     : 2022-06-17T16:13:42.414+0200 I CONTROL  [initandlisten]     target_arch: x86_64
2022-06-17 16:13:42.414  INFO 9228 --- [      Thread-15] o.s.b.a.mongo.embedded.EmbeddedMongo     : 2022-06-17T16:13:42.414+0200 I CONTROL  [initandlisten] options: { net: { bindIp: "127.0.0.1", http: { enabled: false }, port: 27017 }, security: { authorization: "disabled" }, storage: { dbPath: "C:\Users\user\AppData\Local\Temp\embedmongo-db-f36bf1ee-ad77-40d3-bb64-9ecb081aeb66", journal: { enabled: false }, mmapv1: { preallocDataFiles: false, smallFiles: true }, syncPeriodSecs: 0.0 } }
2022-06-17 16:13:42.414  INFO 9228 --- [      Thread-15] o.s.b.a.mongo.embedded.EmbeddedMongo     : 2022-06-17T16:13:42.415+0200 I STORAGE  [initandlisten] wiredtiger_open config: create,cache_size=3474M,session_max=20000,eviction=(threads_min=4,threads_max=4),config_base=false,statistics=(fast),log=(enabled=true,archive=true,path=journal,compressor=snappy),file_manager=(close_idle_time=100000),checkpoint=(wait=0,log_size=2GB),statistics_log=(wait=0),verbose=(recovery_progress),,log=(enabled=false),
2022-06-17 16:13:42.479  INFO 9228 --- [      Thread-15] o.s.b.a.mongo.embedded.EmbeddedMongo     : 2022-06-17T16:13:42.480+0200 W STORAGE  [initandlisten] Detected configuration for non-active storage engine mmapv1 when current storage engine is wiredTiger
2022-06-17 16:13:42.480  INFO 9228 --- [      Thread-15] o.s.b.a.mongo.embedded.EmbeddedMongo     : 2022-06-17T16:13:42.480+0200 I CONTROL  [initandlisten] 
2022-06-17 16:13:42.480  INFO 9228 --- [      Thread-15] o.s.b.a.mongo.embedded.EmbeddedMongo     : 2022-06-17T16:13:42.480+0200 I CONTROL  [initandlisten] ** NOTE: This is a development version (3.5.5) of MongoDB.
2022-06-17 16:13:42.480  INFO 9228 --- [      Thread-15] o.s.b.a.mongo.embedded.EmbeddedMongo     : 2022-06-17T16:13:42.480+0200 I CONTROL  [initandlisten] **       Not recommended for production.
2022-06-17 16:13:42.480  INFO 9228 --- [      Thread-15] o.s.b.a.mongo.embedded.EmbeddedMongo     : 2022-06-17T16:13:42.480+0200 I CONTROL  [initandlisten] 
2022-06-17 16:13:42.748  INFO 9228 --- [      Thread-15] o.s.b.a.mongo.embedded.EmbeddedMongo     : 2022-06-17T16:13:42.747+0200 I FTDC     [initandlisten] Initializing full-time diagnostic data capture with directory 'C:/Users/user/AppData/Local/Temp/embedmongo-db-f36bf1ee-ad77-40d3-bb64-9ecb081aeb66/diagnostic.data'
2022-06-17 16:13:42.783  INFO 9228 --- [      Thread-15] o.s.b.a.mongo.embedded.EmbeddedMongo     : 2022-06-17T16:13:42.782+0200 I INDEX    [initandlisten] build index on: admin.system.version properties: { v: 2, key: { version: 1 }, name: "incompatible_with_version_32", ns: "admin.system.version" }
2022-06-17 16:13:42.783  INFO 9228 --- [      Thread-15] o.s.b.a.mongo.embedded.EmbeddedMongo     : 2022-06-17T16:13:42.782+0200 I INDEX    [initandlisten] 	 building index using bulk method; build may temporarily use up to 500 megabytes of RAM
2022-06-17 16:13:42.785  INFO 9228 --- [      Thread-15] o.s.b.a.mongo.embedded.EmbeddedMongo     : 2022-06-17T16:13:42.785+0200 I INDEX    [initandlisten] build index done.  scanned 0 total records. 0 secs
2022-06-17 16:13:42.787  INFO 9228 --- [      Thread-15] o.s.b.a.mongo.embedded.EmbeddedMongo     : 2022-06-17T16:13:42.787+0200 I COMMAND  [initandlisten] setting featureCompatibilityVersion to 3.4
2022-06-17 16:13:42.788  INFO 9228 --- [      Thread-15] o.s.b.a.mongo.embedded.EmbeddedMongo     : 2022-06-17T16:13:42.788+0200 I NETWORK  [thread1] waiting for connections on port 27017
2022-06-17 16:13:42.789  INFO 9228 --- [    Test worker] d.f.embed.mongo.MongodExecutable         : start de.flapdoodle.embed.mongo.config.MongodConfigBuilder$ImmutableMongodConfig@619d51a0
2022-06-17 16:13:42.795  INFO 9228 --- [    Test worker] org.mongodb.driver.cluster               : Cluster created with settings {hosts=[localhost:27017], mode=SINGLE, requiredClusterType=UNKNOWN, serverSelectionTimeout='30000 ms'}
2022-06-17 16:13:42.797  INFO 9228 --- [      Thread-15] o.s.b.a.mongo.embedded.EmbeddedMongo     : 2022-06-17T16:13:42.797+0200 I NETWORK  [thread1] connection accepted from 127.0.0.1:54015 #1 (1 connection now open)
2022-06-17 16:13:42.798  INFO 9228 --- [      Thread-15] o.s.b.a.mongo.embedded.EmbeddedMongo     : 2022-06-17T16:13:42.798+0200 I NETWORK  [conn1] received client metadata from 127.0.0.1:54015 conn1: { driver: { name: "mongo-java-driver|sync|spring-boot", version: "4.0.5" }, os: { type: "Windows", name: "Windows 10", architecture: "amd64", version: "10.0" }, platform: "Java/Oracle Corporation/11.0.9+7-LTS" }
2022-06-17 16:13:42.799  INFO 9228 --- [localhost:27017] org.mongodb.driver.connection            : Opened connection [connectionId{localValue:3, serverValue:1}] to localhost:27017
2022-06-17 16:13:42.800  INFO 9228 --- [localhost:27017] org.mongodb.driver.cluster               : Monitor thread successfully connected to server with description ServerDescription{address=localhost:27017, type=STANDALONE, state=CONNECTED, ok=true, minWireVersion=0, maxWireVersion=5, maxDocumentSize=16777216, logicalSessionTimeoutMinutes=null, roundTripTimeNanos=631500}
2022-06-17 16:13:42.890  INFO 9228 --- [      Thread-15] o.s.b.a.mongo.embedded.EmbeddedMongo     : 2022-06-17T16:13:42.890+0200 I NETWORK  [thread1] connection accepted from 127.0.0.1:54016 #2 (2 connections now open)
2022-06-17 16:13:42.891  INFO 9228 --- [      Thread-15] o.s.b.a.mongo.embedded.EmbeddedMongo     : 2022-06-17T16:13:42.891+0200 I NETWORK  [conn2] received client metadata from 127.0.0.1:54016 conn2: { driver: { name: "mongo-java-driver|sync|spring-boot", version: "4.0.5" }, os: { type: "Windows", name: "Windows 10", architecture: "amd64", version: "10.0" }, platform: "Java/Oracle Corporation/11.0.9+7-LTS" }
2022-06-17 16:13:42.892  INFO 9228 --- [    Test worker] org.mongodb.driver.connection            : Opened connection [connectionId{localValue:4, serverValue:2}] to localhost:27017
2022-06-17 16:13:42.921  INFO 9228 --- [      Thread-15] o.s.b.a.mongo.embedded.EmbeddedMongo     : 2022-06-17T16:13:42.921+0200 I INDEX    [conn2] build index on: insurance-company-db.insuranceCompanys properties: { v: 2, unique: true, key: { insuranceCompanyId: 1 }, name: "insuranceCompanyId", ns: "insurance-company-db.insuranceCompanys" }
2022-06-17 16:13:42.922  INFO 9228 --- [      Thread-15] o.s.b.a.mongo.embedded.EmbeddedMongo     : 2022-06-17T16:13:42.921+0200 I INDEX    [conn2] 	 building index using bulk method; build may temporarily use up to 500 megabytes of RAM
2022-06-17 16:13:42.925  INFO 9228 --- [      Thread-15] o.s.b.a.mongo.embedded.EmbeddedMongo     : 2022-06-17T16:13:42.925+0200 I INDEX    [conn2] build index done.  scanned 0 total records. 0 secs
2022-06-17 16:13:42.926  INFO 9228 --- [    Test worker] s.m.m.c.i.PersistenceTests               : Started PersistenceTests in 1.635 seconds (JVM running for 10.571)
2022-06-17 16:13:42.932 DEBUG 9228 --- [    Test worker] o.s.data.mongodb.core.MongoTemplate      : Remove using query: {} in collection: insuranceCompanys.
2022-06-17 16:13:42.941 DEBUG 9228 --- [    Test worker] o.s.data.mongodb.core.MongoTemplate      : Inserting Document containing fields: [version, insuranceCompanyId, name, city, address, phoneNumber, _class] in collection: insuranceCompanys
2022-06-17 16:13:42.945 DEBUG 9228 --- [    Test worker] o.s.data.mongodb.core.MongoTemplate      : findOne using query: { "id" : "62ac8c16f60e2e3421bfda48"} fields: Document{{}} for class: class se.magnus.microservices.core.insurancecompany.persistence.InsuranceCompanyEntity in collection: insuranceCompanys
2022-06-17 16:13:42.947 DEBUG 9228 --- [    Test worker] o.s.data.mongodb.core.MongoTemplate      : findOne using query: { "_id" : { "$oid" : "62ac8c16f60e2e3421bfda48"}} fields: {} in db.collection: insurance-company-db.insuranceCompanys
2022-06-17 16:13:42.950 DEBUG 9228 --- [    Test worker] o.s.data.mongodb.core.MongoTemplate      : findOne using query: { "id" : "62ac8c16f60e2e3421bfda48"} fields: Document{{}} for class: class se.magnus.microservices.core.insurancecompany.persistence.InsuranceCompanyEntity in collection: insuranceCompanys
2022-06-17 16:13:42.951 DEBUG 9228 --- [    Test worker] o.s.data.mongodb.core.MongoTemplate      : findOne using query: { "_id" : { "$oid" : "62ac8c16f60e2e3421bfda48"}} fields: {} in db.collection: insurance-company-db.insuranceCompanys
2022-06-17 16:13:42.958 DEBUG 9228 --- [    Test worker] o.s.data.mongodb.core.MongoTemplate      : Calling update using query: { "_id" : { "$oid" : "62ac8c16f60e2e3421bfda48"}, "version" : 0} and update: { "version" : 1, "insuranceCompanyId" : 1, "name" : "n1", "city" : "city 1", "address" : "address 1", "phoneNumber" : "phone number 1", "_class" : "se.magnus.microservices.core.insurancecompany.persistence.InsuranceCompanyEntity"} in collection: insuranceCompanys
2022-06-17 16:13:42.964 DEBUG 9228 --- [    Test worker] o.s.data.mongodb.core.MongoTemplate      : Calling update using query: { "_id" : { "$oid" : "62ac8c16f60e2e3421bfda48"}, "version" : 0} and update: { "version" : 1, "insuranceCompanyId" : 1, "name" : "n2", "city" : "city 1", "address" : "address 1", "phoneNumber" : "phone number 1", "_class" : "se.magnus.microservices.core.insurancecompany.persistence.InsuranceCompanyEntity"} in collection: insuranceCompanys
2022-06-17 16:13:42.967 DEBUG 9228 --- [    Test worker] o.s.data.mongodb.core.MongoTemplate      : findOne using query: { "id" : "62ac8c16f60e2e3421bfda48"} fields: Document{{}} for class: class se.magnus.microservices.core.insurancecompany.persistence.InsuranceCompanyEntity in collection: insuranceCompanys
2022-06-17 16:13:42.967 DEBUG 9228 --- [    Test worker] o.s.data.mongodb.core.MongoTemplate      : findOne using query: { "_id" : { "$oid" : "62ac8c16f60e2e3421bfda48"}} fields: {} in db.collection: insurance-company-db.insuranceCompanys
2022-06-17 16:13:42.973 DEBUG 9228 --- [    Test worker] o.s.data.mongodb.core.MongoTemplate      : Remove using query: {} in collection: insuranceCompanys.
2022-06-17 16:13:42.975 DEBUG 9228 --- [    Test worker] o.s.data.mongodb.core.MongoTemplate      : Inserting Document containing fields: [version, insuranceCompanyId, name, city, address, phoneNumber, _class] in collection: insuranceCompanys
2022-06-17 16:13:42.977 DEBUG 9228 --- [    Test worker] o.s.data.mongodb.core.MongoTemplate      : Remove using query: {} in collection: insuranceCompanys.
2022-06-17 16:13:42.982 DEBUG 9228 --- [    Test worker] o.s.data.mongodb.core.MongoTemplate      : Inserting list of Documents containing 10 items
2022-06-17 16:13:42.996 DEBUG 9228 --- [    Test worker] o.s.data.mongodb.core.MongoTemplate      : Executing count: {} in collection: insuranceCompanys
2022-06-17 16:13:43.010 DEBUG 9228 --- [    Test worker] o.s.data.mongodb.core.MongoTemplate      : find using query: {} fields: Document{{}} for class: class se.magnus.microservices.core.insurancecompany.persistence.InsuranceCompanyEntity in collection: insuranceCompanys
2022-06-17 16:13:43.016 DEBUG 9228 --- [    Test worker] o.s.data.mongodb.core.MongoTemplate      : Executing count: {} in collection: insuranceCompanys
2022-06-17 16:13:43.017 DEBUG 9228 --- [    Test worker] o.s.data.mongodb.core.MongoTemplate      : find using query: {} fields: Document{{}} for class: class se.magnus.microservices.core.insurancecompany.persistence.InsuranceCompanyEntity in collection: insuranceCompanys
2022-06-17 16:13:43.020 DEBUG 9228 --- [    Test worker] o.s.data.mongodb.core.MongoTemplate      : Executing count: {} in collection: insuranceCompanys
2022-06-17 16:13:43.022 DEBUG 9228 --- [    Test worker] o.s.data.mongodb.core.MongoTemplate      : find using query: {} fields: Document{{}} for class: class se.magnus.microservices.core.insurancecompany.persistence.InsuranceCompanyEntity in collection: insuranceCompanys
2022-06-17 16:13:43.031 DEBUG 9228 --- [    Test worker] o.s.data.mongodb.core.MongoTemplate      : Remove using query: {} in collection: insuranceCompanys.
2022-06-17 16:13:43.032 DEBUG 9228 --- [    Test worker] o.s.data.mongodb.core.MongoTemplate      : Inserting Document containing fields: [version, insuranceCompanyId, name, city, address, phoneNumber, _class] in collection: insuranceCompanys
2022-06-17 16:13:43.034 DEBUG 9228 --- [    Test worker] o.s.data.mongodb.core.MongoTemplate      : Inserting Document containing fields: [version, insuranceCompanyId, name, city, address, phoneNumber, _class] in collection: insuranceCompanys
2022-06-17 16:13:43.037 DEBUG 9228 --- [    Test worker] o.s.data.mongodb.core.MongoTemplate      : findOne using query: { "id" : "62ac8c17f60e2e3421bfda55"} fields: Document{{}} for class: class se.magnus.microservices.core.insurancecompany.persistence.InsuranceCompanyEntity in collection: insuranceCompanys
2022-06-17 16:13:43.037 DEBUG 9228 --- [    Test worker] o.s.data.mongodb.core.MongoTemplate      : findOne using query: { "_id" : { "$oid" : "62ac8c17f60e2e3421bfda55"}} fields: {} in db.collection: insurance-company-db.insuranceCompanys
2022-06-17 16:13:43.039 DEBUG 9228 --- [    Test worker] o.s.data.mongodb.core.MongoTemplate      : Executing count: {} in collection: insuranceCompanys
2022-06-17 16:13:43.045 DEBUG 9228 --- [    Test worker] o.s.data.mongodb.core.MongoTemplate      : Remove using query: {} in collection: insuranceCompanys.
2022-06-17 16:13:43.047 DEBUG 9228 --- [    Test worker] o.s.data.mongodb.core.MongoTemplate      : Inserting Document containing fields: [version, insuranceCompanyId, name, city, address, phoneNumber, _class] in collection: insuranceCompanys
2022-06-17 16:13:43.049 DEBUG 9228 --- [    Test worker] o.s.data.mongodb.core.MongoTemplate      : find using query: { "insuranceCompanyId" : 1} fields: Document{{}} for class: class se.magnus.microservices.core.insurancecompany.persistence.InsuranceCompanyEntity in collection: insuranceCompanys
2022-06-17 16:13:43.054 DEBUG 9228 --- [    Test worker] o.s.data.mongodb.core.MongoTemplate      : Remove using query: {} in collection: insuranceCompanys.
2022-06-17 16:13:43.056 DEBUG 9228 --- [    Test worker] o.s.data.mongodb.core.MongoTemplate      : Inserting Document containing fields: [version, insuranceCompanyId, name, city, address, phoneNumber, _class] in collection: insuranceCompanys
2022-06-17 16:13:43.058 DEBUG 9228 --- [    Test worker] o.s.data.mongodb.core.MongoTemplate      : Remove using query: { "_id" : { "$oid" : "62ac8c17f60e2e3421bfda57"}, "version" : 0} in collection: insuranceCompanys.
2022-06-17 16:13:43.062 DEBUG 9228 --- [    Test worker] o.s.data.mongodb.core.MongoTemplate      : Executing count: { "_id" : { "$oid" : "62ac8c17f60e2e3421bfda57"}} in collection: insuranceCompanys
2022-06-17 16:13:43.067 DEBUG 9228 --- [    Test worker] o.s.data.mongodb.core.MongoTemplate      : Remove using query: {} in collection: insuranceCompanys.
2022-06-17 16:13:43.068 DEBUG 9228 --- [    Test worker] o.s.data.mongodb.core.MongoTemplate      : Inserting Document containing fields: [version, insuranceCompanyId, name, city, address, phoneNumber, _class] in collection: insuranceCompanys
2022-06-17 16:13:43.071 DEBUG 9228 --- [    Test worker] o.s.data.mongodb.core.MongoTemplate      : Calling update using query: { "_id" : { "$oid" : "62ac8c17f60e2e3421bfda58"}, "version" : 0} and update: { "version" : 1, "insuranceCompanyId" : 1, "name" : "insuranceCompany 2", "city" : "city 1", "address" : "address 1", "phoneNumber" : "phone number 1", "_class" : "se.magnus.microservices.core.insurancecompany.persistence.InsuranceCompanyEntity"} in collection: insuranceCompanys
2022-06-17 16:13:43.073 DEBUG 9228 --- [    Test worker] o.s.data.mongodb.core.MongoTemplate      : findOne using query: { "id" : "62ac8c17f60e2e3421bfda58"} fields: Document{{}} for class: class se.magnus.microservices.core.insurancecompany.persistence.InsuranceCompanyEntity in collection: insuranceCompanys
2022-06-17 16:13:43.073 DEBUG 9228 --- [    Test worker] o.s.data.mongodb.core.MongoTemplate      : findOne using query: { "_id" : { "$oid" : "62ac8c17f60e2e3421bfda58"}} fields: {} in db.collection: insurance-company-db.insuranceCompanys
]]></system-out>
  <system-err><![CDATA[]]></system-err>
</testsuite>
