<?xml version="1.0" encoding="UTF-8"?>
<testsuite name="se.magnus.microservices.core.insurancecompany.PersistenceTests" tests="5" skipped="0" failures="0" errors="0" timestamp="2022-06-28T23:12:57" hostname="DESKTOP-HJGV6OB" time="0.19">
  <properties/>
  <testcase name="optimisticLockError" classname="se.magnus.microservices.core.insurancecompany.PersistenceTests" time="0.112"/>
  <testcase name="createInsuranceCompany" classname="se.magnus.microservices.core.insurancecompany.PersistenceTests" time="0.024"/>
  <testcase name="getByInsuranceCompanyId" classname="se.magnus.microservices.core.insurancecompany.PersistenceTests" time="0.014"/>
  <testcase name="deleteInsuranceCompany" classname="se.magnus.microservices.core.insurancecompany.PersistenceTests" time="0.019"/>
  <testcase name="updateInsuranceCompany" classname="se.magnus.microservices.core.insurancecompany.PersistenceTests" time="0.018"/>
  <system-out><![CDATA[
  .   ____          _            __ _ _
 /\\ / ___'_ __ _ _(_)_ __  __ _ \ \ \ \
( ( )\___ | '_ | '_| | '_ \/ _` | \ \ \ \
 \\/  ___)| |_)| | | | | || (_| |  ) ) ) )
  '  |____| .__|_| |_|_| |_\__, | / / / /
 =========|_|==============|___/=/_/_/_/
 :: Spring Boot ::        (v2.3.2.RELEASE)

2022-06-29 01:12:55.153  INFO 11780 --- [    Test worker] s.m.m.c.i.PersistenceTests               : No active profile set, falling back to default profiles: default
2022-06-29 01:12:55.279  INFO 11780 --- [    Test worker] .s.d.r.c.RepositoryConfigurationDelegate : Bootstrapping Spring Data Reactive MongoDB repositories in DEFAULT mode.
2022-06-29 01:12:55.297  INFO 11780 --- [    Test worker] .s.d.r.c.RepositoryConfigurationDelegate : Finished Spring Data repository scanning in 17ms. Found 1 Reactive MongoDB repository interfaces.
2022-06-29 01:12:55.305  INFO 11780 --- [    Test worker] faultConfiguringBeanFactoryPostProcessor : No bean named 'errorChannel' has been explicitly defined. Therefore, a default PublishSubscribeChannel will be created.
2022-06-29 01:12:55.305  INFO 11780 --- [    Test worker] faultConfiguringBeanFactoryPostProcessor : No bean named 'taskScheduler' has been explicitly defined. Therefore, a default ThreadPoolTaskScheduler will be created.
2022-06-29 01:12:55.309  INFO 11780 --- [    Test worker] faultConfiguringBeanFactoryPostProcessor : No bean named 'integrationHeaderChannelRegistry' has been explicitly defined. Therefore, a default DefaultHeaderChannelRegistry will be created.
2022-06-29 01:12:55.320  INFO 11780 --- [    Test worker] trationDelegate$BeanPostProcessorChecker : Bean 'integrationChannelResolver' of type [org.springframework.integration.support.channel.BeanFactoryChannelResolver] is not eligible for getting processed by all BeanPostProcessors (for example: not eligible for auto-proxying)
2022-06-29 01:12:55.328  INFO 11780 --- [    Test worker] trationDelegate$BeanPostProcessorChecker : Bean 'integrationDisposableAutoCreatedBeans' of type [org.springframework.integration.config.annotation.Disposables] is not eligible for getting processed by all BeanPostProcessors (for example: not eligible for auto-proxying)
2022-06-29 01:12:56.217  INFO 11780 --- [      Thread-21] o.s.b.a.mongo.embedded.EmbeddedMongo     : note: noprealloc may hurt performance in many applications
2022-06-29 01:12:56.309  INFO 11780 --- [      Thread-21] o.s.b.a.mongo.embedded.EmbeddedMongo     : 2022-06-29T01:12:56.308+0200 I CONTROL  [initandlisten] MongoDB starting : pid=16152 port=27017 dbpath=C:\Users\user\AppData\Local\Temp\embedmongo-db-2283eb6b-a367-424b-8523-e02bc0c86c95 64-bit host=DESKTOP-HJGV6OB
2022-06-29 01:12:56.309  INFO 11780 --- [      Thread-21] o.s.b.a.mongo.embedded.EmbeddedMongo     : 2022-06-29T01:12:56.309+0200 I CONTROL  [initandlisten] targetMinOS: Windows Vista/Windows Server 2008
2022-06-29 01:12:56.309  INFO 11780 --- [      Thread-21] o.s.b.a.mongo.embedded.EmbeddedMongo     : 2022-06-29T01:12:56.309+0200 I CONTROL  [initandlisten] db version v3.5.5
2022-06-29 01:12:56.309  INFO 11780 --- [      Thread-21] o.s.b.a.mongo.embedded.EmbeddedMongo     : 2022-06-29T01:12:56.309+0200 I CONTROL  [initandlisten] git version: 98515c812b6fa893613f063dae568ff8319cbfbd
2022-06-29 01:12:56.309  INFO 11780 --- [      Thread-21] o.s.b.a.mongo.embedded.EmbeddedMongo     : 2022-06-29T01:12:56.309+0200 I CONTROL  [initandlisten] allocator: tcmalloc
2022-06-29 01:12:56.310  INFO 11780 --- [      Thread-21] o.s.b.a.mongo.embedded.EmbeddedMongo     : 2022-06-29T01:12:56.309+0200 I CONTROL  [initandlisten] modules: none
2022-06-29 01:12:56.310  INFO 11780 --- [      Thread-21] o.s.b.a.mongo.embedded.EmbeddedMongo     : 2022-06-29T01:12:56.309+0200 I CONTROL  [initandlisten] build environment:
2022-06-29 01:12:56.310  INFO 11780 --- [      Thread-21] o.s.b.a.mongo.embedded.EmbeddedMongo     : 2022-06-29T01:12:56.309+0200 I CONTROL  [initandlisten]     distarch: x86_64
2022-06-29 01:12:56.310  INFO 11780 --- [      Thread-21] o.s.b.a.mongo.embedded.EmbeddedMongo     : 2022-06-29T01:12:56.309+0200 I CONTROL  [initandlisten]     target_arch: x86_64
2022-06-29 01:12:56.310  INFO 11780 --- [      Thread-21] o.s.b.a.mongo.embedded.EmbeddedMongo     : 2022-06-29T01:12:56.309+0200 I CONTROL  [initandlisten] options: { net: { bindIp: "127.0.0.1", http: { enabled: false }, port: 27017 }, security: { authorization: "disabled" }, storage: { dbPath: "C:\Users\user\AppData\Local\Temp\embedmongo-db-2283eb6b-a367-424b-8523-e02bc0c86c95", journal: { enabled: false }, mmapv1: { preallocDataFiles: false, smallFiles: true }, syncPeriodSecs: 0.0 } }
2022-06-29 01:12:56.310  INFO 11780 --- [      Thread-21] o.s.b.a.mongo.embedded.EmbeddedMongo     : 2022-06-29T01:12:56.311+0200 I STORAGE  [initandlisten] wiredtiger_open config: create,cache_size=3474M,session_max=20000,eviction=(threads_min=4,threads_max=4),config_base=false,statistics=(fast),log=(enabled=true,archive=true,path=journal,compressor=snappy),file_manager=(close_idle_time=100000),checkpoint=(wait=0,log_size=2GB),statistics_log=(wait=0),verbose=(recovery_progress),,log=(enabled=false),
2022-06-29 01:12:56.397  INFO 11780 --- [      Thread-21] o.s.b.a.mongo.embedded.EmbeddedMongo     : 2022-06-29T01:12:56.398+0200 W STORAGE  [initandlisten] Detected configuration for non-active storage engine mmapv1 when current storage engine is wiredTiger
2022-06-29 01:12:56.398  INFO 11780 --- [      Thread-21] o.s.b.a.mongo.embedded.EmbeddedMongo     : 2022-06-29T01:12:56.398+0200 I CONTROL  [initandlisten] 
2022-06-29 01:12:56.398  INFO 11780 --- [      Thread-21] o.s.b.a.mongo.embedded.EmbeddedMongo     : 2022-06-29T01:12:56.398+0200 I CONTROL  [initandlisten] ** NOTE: This is a development version (3.5.5) of MongoDB.
2022-06-29 01:12:56.398  INFO 11780 --- [      Thread-21] o.s.b.a.mongo.embedded.EmbeddedMongo     : 2022-06-29T01:12:56.398+0200 I CONTROL  [initandlisten] **       Not recommended for production.
2022-06-29 01:12:56.398  INFO 11780 --- [      Thread-21] o.s.b.a.mongo.embedded.EmbeddedMongo     : 2022-06-29T01:12:56.398+0200 I CONTROL  [initandlisten] 
2022-06-29 01:12:56.713  INFO 11780 --- [      Thread-21] o.s.b.a.mongo.embedded.EmbeddedMongo     : 2022-06-29T01:12:56.713+0200 I FTDC     [initandlisten] Initializing full-time diagnostic data capture with directory 'C:/Users/user/AppData/Local/Temp/embedmongo-db-2283eb6b-a367-424b-8523-e02bc0c86c95/diagnostic.data'
2022-06-29 01:12:56.755  INFO 11780 --- [      Thread-21] o.s.b.a.mongo.embedded.EmbeddedMongo     : 2022-06-29T01:12:56.755+0200 I INDEX    [initandlisten] build index on: admin.system.version properties: { v: 2, key: { version: 1 }, name: "incompatible_with_version_32", ns: "admin.system.version" }
2022-06-29 01:12:56.755  INFO 11780 --- [      Thread-21] o.s.b.a.mongo.embedded.EmbeddedMongo     : 2022-06-29T01:12:56.755+0200 I INDEX    [initandlisten] 	 building index using bulk method; build may temporarily use up to 500 megabytes of RAM
2022-06-29 01:12:56.759  INFO 11780 --- [      Thread-21] o.s.b.a.mongo.embedded.EmbeddedMongo     : 2022-06-29T01:12:56.759+0200 I INDEX    [initandlisten] build index done.  scanned 0 total records. 0 secs
2022-06-29 01:12:56.761  INFO 11780 --- [      Thread-21] o.s.b.a.mongo.embedded.EmbeddedMongo     : 2022-06-29T01:12:56.762+0200 I COMMAND  [initandlisten] setting featureCompatibilityVersion to 3.4
2022-06-29 01:12:56.763  INFO 11780 --- [      Thread-21] o.s.b.a.mongo.embedded.EmbeddedMongo     : 2022-06-29T01:12:56.763+0200 I NETWORK  [thread1] waiting for connections on port 27017
2022-06-29 01:12:56.763  INFO 11780 --- [    Test worker] d.f.embed.mongo.MongodExecutable         : start de.flapdoodle.embed.mongo.config.MongodConfigBuilder$ImmutableMongodConfig@463cb952
2022-06-29 01:12:56.785  INFO 11780 --- [    Test worker] org.mongodb.driver.cluster               : Cluster created with settings {hosts=[localhost:27017], mode=SINGLE, requiredClusterType=UNKNOWN, serverSelectionTimeout='30000 ms'}
2022-06-29 01:12:56.790  INFO 11780 --- [      Thread-21] o.s.b.a.mongo.embedded.EmbeddedMongo     : 2022-06-29T01:12:56.790+0200 I NETWORK  [thread1] connection accepted from 127.0.0.1:58138 #1 (1 connection now open)
2022-06-29 01:12:56.793  INFO 11780 --- [      Thread-21] o.s.b.a.mongo.embedded.EmbeddedMongo     : 2022-06-29T01:12:56.793+0200 I NETWORK  [conn1] received client metadata from 127.0.0.1:58138 conn1: { driver: { name: "mongo-java-driver|reactive-streams|spring-boot", version: "4.0.5" }, os: { type: "Windows", name: "Windows 10", architecture: "amd64", version: "10.0" }, platform: "Java/Oracle Corporation/1.8.0_271-b09" }
2022-06-29 01:12:56.797  INFO 11780 --- [localhost:27017] org.mongodb.driver.connection            : Opened connection [connectionId{localValue:3, serverValue:1}] to localhost:27017
2022-06-29 01:12:56.800  INFO 11780 --- [localhost:27017] org.mongodb.driver.cluster               : Monitor thread successfully connected to server with description ServerDescription{address=localhost:27017, type=STANDALONE, state=CONNECTED, ok=true, minWireVersion=0, maxWireVersion=5, maxDocumentSize=16777216, logicalSessionTimeoutMinutes=null, roundTripTimeNanos=2488800}
2022-06-29 01:12:56.806  WARN 11780 --- [    Test worker] o.s.data.convert.CustomConversions       : Registering converter from class java.time.LocalDateTime to class org.joda.time.LocalDateTime as reading converter although it doesn't convert from a store-supported type! You might want to check your annotation setup at the converter implementation.
2022-06-29 01:12:56.828  WARN 11780 --- [    Test worker] o.s.data.convert.CustomConversions       : Registering converter from class java.time.LocalDateTime to class org.joda.time.LocalDateTime as reading converter although it doesn't convert from a store-supported type! You might want to check your annotation setup at the converter implementation.
2022-06-29 01:12:57.167  INFO 11780 --- [    Test worker] o.s.s.c.ThreadPoolTaskScheduler          : Initializing ExecutorService 'taskScheduler'
2022-06-29 01:12:57.227  INFO 11780 --- [    Test worker] o.s.i.endpoint.EventDrivenConsumer       : Adding {logging-channel-adapter:_org.springframework.integration.errorLogger} as a subscriber to the 'errorChannel' channel
2022-06-29 01:12:57.227  INFO 11780 --- [    Test worker] o.s.i.channel.PublishSubscribeChannel    : Channel 'application-1.errorChannel' has 1 subscriber(s).
2022-06-29 01:12:57.227  INFO 11780 --- [    Test worker] o.s.i.endpoint.EventDrivenConsumer       : started bean '_org.springframework.integration.errorLogger'
2022-06-29 01:12:57.229  INFO 11780 --- [    Test worker] s.m.m.c.i.PersistenceTests               : Started PersistenceTests in 3.022 seconds (JVM running for 20.072)
2022-06-29 01:12:57.260  INFO 11780 --- [      Thread-21] o.s.b.a.mongo.embedded.EmbeddedMongo     : 2022-06-29T01:12:57.260+0200 I NETWORK  [thread1] connection accepted from 127.0.0.1:58140 #2 (2 connections now open)
2022-06-29 01:12:57.261  INFO 11780 --- [      Thread-21] o.s.b.a.mongo.embedded.EmbeddedMongo     : 2022-06-29T01:12:57.262+0200 I NETWORK  [conn2] received client metadata from 127.0.0.1:58140 conn2: { driver: { name: "mongo-java-driver|reactive-streams|spring-boot", version: "4.0.5" }, os: { type: "Windows", name: "Windows 10", architecture: "amd64", version: "10.0" }, platform: "Java/Oracle Corporation/1.8.0_271-b09" }
2022-06-29 01:12:57.263  INFO 11780 --- [ntLoopGroup-4-2] org.mongodb.driver.connection            : Opened connection [connectionId{localValue:4, serverValue:2}] to localhost:27017
]]></system-out>
  <system-err><![CDATA[]]></system-err>
</testsuite>
