<?xml version="1.0" encoding="UTF-8"?>
<testsuite name="se.magnus.microservices.core.insurancecompany.InsuranceCompanyServiceApplicationTests" tests="4" skipped="0" failures="0" errors="0" timestamp="2022-05-22T13:38:14" hostname="DESKTOP-HJGV6OB" time="1.821">
  <properties/>
  <testcase name="getInsuranceCompanyNotFound" classname="se.magnus.microservices.core.insurancecompany.InsuranceCompanyServiceApplicationTests" time="1.69"/>
  <testcase name="getInsuranceCompanyInvalidParameter" classname="se.magnus.microservices.core.insurancecompany.InsuranceCompanyServiceApplicationTests" time="0.085"/>
  <testcase name="getInsuranceCompany" classname="se.magnus.microservices.core.insurancecompany.InsuranceCompanyServiceApplicationTests" time="0.021"/>
  <testcase name="getInsuranceCompanyInvalidParameterNegativeValue" classname="se.magnus.microservices.core.insurancecompany.InsuranceCompanyServiceApplicationTests" time="0.019"/>
  <system-out><![CDATA[15:38:09.250 [Test worker] DEBUG org.springframework.test.annotation.ProfileValueUtils - Retrieved @ProfileValueSourceConfiguration [null] for test class [se.magnus.microservices.core.insurancecompany.InsuranceCompanyServiceApplicationTests]
15:38:09.250 [Test worker] DEBUG org.springframework.test.annotation.ProfileValueUtils - Retrieved ProfileValueSource type [class org.springframework.test.annotation.SystemProfileValueSource] for class [se.magnus.microservices.core.insurancecompany.InsuranceCompanyServiceApplicationTests]
15:38:09.251 [Test worker] DEBUG org.springframework.test.annotation.ProfileValueUtils - Retrieved @ProfileValueSourceConfiguration [null] for test class [se.magnus.microservices.core.insurancecompany.InsuranceCompanyServiceApplicationTests]
15:38:09.252 [Test worker] DEBUG org.springframework.test.annotation.ProfileValueUtils - Retrieved ProfileValueSource type [class org.springframework.test.annotation.SystemProfileValueSource] for class [se.magnus.microservices.core.insurancecompany.InsuranceCompanyServiceApplicationTests]
15:38:09.258 [Test worker] DEBUG org.springframework.test.context.support.AbstractDirtiesContextTestExecutionListener - Before test class: context [DefaultTestContext@7bce5495 testClass = InsuranceCompanyServiceApplicationTests, testInstance = [null], testMethod = [null], testException = [null], mergedContextConfiguration = [ReactiveWebMergedContextConfiguration@6148d5c1 testClass = InsuranceCompanyServiceApplicationTests, locations = '{}', classes = '{class se.magnus.microservices.core.insurancecompany.InsuranceCompanyServiceApplication}', contextInitializerClasses = '[]', activeProfiles = '{}', propertySourceLocations = '{}', propertySourceProperties = '{org.springframework.boot.test.context.SpringBootTestContextBootstrapper=true, server.port=0}', contextCustomizers = set[org.springframework.boot.test.autoconfigure.properties.PropertyMappingContextCustomizer@0, org.springframework.boot.test.autoconfigure.web.servlet.WebDriverContextCustomizerFactory$Customizer@4d71c612, org.springframework.boot.test.context.filter.ExcludeFilterContextCustomizer@2f825705, org.springframework.boot.test.json.DuplicateJsonObjectContextCustomizerFactory$DuplicateJsonObjectContextCustomizer@24686270, org.springframework.boot.test.mock.mockito.MockitoContextCustomizer@0, org.springframework.boot.test.web.client.TestRestTemplateContextCustomizer@6a053082, org.springframework.boot.test.web.reactive.server.WebTestClientContextCustomizer@54433191, org.springframework.boot.test.context.SpringBootTestArgs@1], contextLoader = 'org.springframework.boot.test.context.SpringBootContextLoader', parent = [null]], attributes = map['org.springframework.test.context.web.ServletTestExecutionListener.activateListener' -> false]], class annotated with @DirtiesContext [false] with mode [null].
15:38:09.260 [Test worker] DEBUG org.springframework.test.annotation.ProfileValueUtils - Retrieved @ProfileValueSourceConfiguration [null] for test class [se.magnus.microservices.core.insurancecompany.InsuranceCompanyServiceApplicationTests]
15:38:09.260 [Test worker] DEBUG org.springframework.test.annotation.ProfileValueUtils - Retrieved ProfileValueSource type [class org.springframework.test.annotation.SystemProfileValueSource] for class [se.magnus.microservices.core.insurancecompany.InsuranceCompanyServiceApplicationTests]
15:38:09.265 [Test worker] DEBUG org.springframework.test.context.support.DependencyInjectionTestExecutionListener - Performing dependency injection for test context [[DefaultTestContext@7bce5495 testClass = InsuranceCompanyServiceApplicationTests, testInstance = se.magnus.microservices.core.insurancecompany.InsuranceCompanyServiceApplicationTests@3bae9f5c, testMethod = [null], testException = [null], mergedContextConfiguration = [ReactiveWebMergedContextConfiguration@6148d5c1 testClass = InsuranceCompanyServiceApplicationTests, locations = '{}', classes = '{class se.magnus.microservices.core.insurancecompany.InsuranceCompanyServiceApplication}', contextInitializerClasses = '[]', activeProfiles = '{}', propertySourceLocations = '{}', propertySourceProperties = '{org.springframework.boot.test.context.SpringBootTestContextBootstrapper=true, server.port=0}', contextCustomizers = set[org.springframework.boot.test.autoconfigure.properties.PropertyMappingContextCustomizer@0, org.springframework.boot.test.autoconfigure.web.servlet.WebDriverContextCustomizerFactory$Customizer@4d71c612, org.springframework.boot.test.context.filter.ExcludeFilterContextCustomizer@2f825705, org.springframework.boot.test.json.DuplicateJsonObjectContextCustomizerFactory$DuplicateJsonObjectContextCustomizer@24686270, org.springframework.boot.test.mock.mockito.MockitoContextCustomizer@0, org.springframework.boot.test.web.client.TestRestTemplateContextCustomizer@6a053082, org.springframework.boot.test.web.reactive.server.WebTestClientContextCustomizer@54433191, org.springframework.boot.test.context.SpringBootTestArgs@1], contextLoader = 'org.springframework.boot.test.context.SpringBootContextLoader', parent = [null]], attributes = map['org.springframework.test.context.web.ServletTestExecutionListener.activateListener' -> false]]].
15:38:09.291 [Test worker] DEBUG org.springframework.test.context.support.TestPropertySourceUtils - Adding inlined properties to environment: {spring.jmx.enabled=false, org.springframework.boot.test.context.SpringBootTestContextBootstrapper=true, server.port=0}

  .   ____          _            __ _ _
 /\\ / ___'_ __ _ _(_)_ __  __ _ \ \ \ \
( ( )\___ | '_ | '_| | '_ \/ _` | \ \ \ \
 \\/  ___)| |_)| | | | | || (_| |  ) ) ) )
  '  |____| .__|_| |_|_| |_\__, | / / / /
 =========|_|==============|___/=/_/_/_/
 :: Spring Boot ::        (v2.3.0.RELEASE)

2022-05-22 15:38:09.771  INFO 16252 --- [    Test worker] .InsuranceCompanyServiceApplicationTests : Starting InsuranceCompanyServiceApplicationTests on DESKTOP-HJGV6OB with PID 16252 (started by user in C:\Users\user\git\InsuranceCompanyMicroservices_DIS\DIS_projekat\microservices\insurance-company-service)
2022-05-22 15:38:09.772 DEBUG 16252 --- [    Test worker] .InsuranceCompanyServiceApplicationTests : Running with Spring Boot v2.3.0.RELEASE, Spring v5.2.6.RELEASE
2022-05-22 15:38:09.773  INFO 16252 --- [    Test worker] .InsuranceCompanyServiceApplicationTests : No active profile set, falling back to default profiles: default
2022-05-22 15:38:12.750  INFO 16252 --- [    Test worker] o.s.b.a.e.web.EndpointLinksResolver      : Exposing 2 endpoint(s) beneath base path '/actuator'
2022-05-22 15:38:14.868  INFO 16252 --- [    Test worker] o.s.b.web.embedded.netty.NettyWebServer  : Netty started on port(s): 62328
2022-05-22 15:38:14.894  INFO 16252 --- [    Test worker] .InsuranceCompanyServiceApplicationTests : Started InsuranceCompanyServiceApplicationTests in 5.598 seconds (JVM running for 7.209)
2022-05-22 15:38:16.302 DEBUG 16252 --- [ctor-http-nio-3] s.m.m.c.i.s.InsuranceCompanyServiceImpl  : /insuranceCompany return the found insurance company for insuranceCompanyId=13
2022-05-22 15:38:16.323 DEBUG 16252 --- [ctor-http-nio-3] s.m.u.h.GlobalControllerExceptionHandler : Returning HTTP status: 404 NOT_FOUND for path: /insuranceCompany/13, message: No insurance company found for insuranceCompanyId: 13
2022-05-22 15:38:16.777 DEBUG 16252 --- [ctor-http-nio-3] s.m.m.c.i.s.InsuranceCompanyServiceImpl  : /insuranceCompany return the found insurance company for insuranceCompanyId=1
2022-05-22 15:38:16.801 DEBUG 16252 --- [ctor-http-nio-3] s.m.m.c.i.s.InsuranceCompanyServiceImpl  : /insuranceCompany return the found insurance company for insuranceCompanyId=-1
2022-05-22 15:38:16.802 DEBUG 16252 --- [ctor-http-nio-3] s.m.u.h.GlobalControllerExceptionHandler : Returning HTTP status: 422 UNPROCESSABLE_ENTITY for path: /insuranceCompany/-1, message: Invalid insuranceCompanyId: -1
]]></system-out>
  <system-err><![CDATA[]]></system-err>
</testsuite>
