<?xml version="1.0" encoding="UTF-8"?>
<testsuite name="se.magnus.microservices.core.insurancecompany.MapperTests" tests="1" skipped="0" failures="0" errors="0" timestamp="2022-06-28T23:12:54" hostname="DESKTOP-HJGV6OB" time="0.003">
  <properties/>
  <testcase name="mapperTests" classname="se.magnus.microservices.core.insurancecompany.MapperTests" time="0.003"/>
  <system-out><![CDATA[]]></system-out>
  <system-err><![CDATA[]]></system-err>
</testsuite>
