<?xml version="1.0" encoding="UTF-8"?>
<testsuite name="se.magnus.microservices.core.insurancecompany.PersistenceTests" tests="6" skipped="0" failures="0" errors="0" timestamp="2022-05-28T12:51:32" hostname="DESKTOP-HJGV6OB" time="0.166">
  <properties/>
  <testcase name="optimisticLockError" classname="se.magnus.microservices.core.insurancecompany.PersistenceTests" time="0.068"/>
  <testcase name="paging" classname="se.magnus.microservices.core.insurancecompany.PersistenceTests" time="0.05"/>
  <testcase name="createInsuranceCompany" classname="se.magnus.microservices.core.insurancecompany.PersistenceTests" time="0.013"/>
  <testcase name="getByInsuranceCompanyId" classname="se.magnus.microservices.core.insurancecompany.PersistenceTests" time="0.009"/>
  <testcase name="deleteInsuranceCompany" classname="se.magnus.microservices.core.insurancecompany.PersistenceTests" time="0.012"/>
  <testcase name="updateInsuranceCompany" classname="se.magnus.microservices.core.insurancecompany.PersistenceTests" time="0.01"/>
  <system-out><![CDATA[
  .   ____          _            __ _ _
 /\\ / ___'_ __ _ _(_)_ __  __ _ \ \ \ \
( ( )\___ | '_ | '_| | '_ \/ _` | \ \ \ \
 \\/  ___)| |_)| | | | | || (_| |  ) ) ) )
  '  |____| .__|_| |_|_| |_\__, | / / / /
 =========|_|==============|___/=/_/_/_/
 :: Spring Boot ::        (v2.3.2.RELEASE)

2022-05-28 14:51:31.490  INFO 19420 --- [    Test worker] s.m.m.c.i.PersistenceTests               : Starting PersistenceTests on DESKTOP-HJGV6OB with PID 19420 (started by user in C:\Users\user\git\InsuranceCompanyMicroservices_DIS\DIS_projekat\microservices\insurance-company-service)
2022-05-28 14:51:31.490 DEBUG 19420 --- [    Test worker] s.m.m.c.i.PersistenceTests               : Running with Spring Boot v2.3.2.RELEASE, Spring v5.2.8.RELEASE
2022-05-28 14:51:31.491  INFO 19420 --- [    Test worker] s.m.m.c.i.PersistenceTests               : No active profile set, falling back to default profiles: default
2022-05-28 14:51:31.607  INFO 19420 --- [    Test worker] .s.d.r.c.RepositoryConfigurationDelegate : Bootstrapping Spring Data MongoDB repositories in DEFAULT mode.
2022-05-28 14:51:31.623  INFO 19420 --- [    Test worker] .s.d.r.c.RepositoryConfigurationDelegate : Finished Spring Data repository scanning in 16ms. Found 1 MongoDB repository interfaces.
2022-05-28 14:51:32.261  INFO 19420 --- [      Thread-15] o.s.b.a.mongo.embedded.EmbeddedMongo     : note: noprealloc may hurt performance in many applications
2022-05-28 14:51:32.312  INFO 19420 --- [      Thread-15] o.s.b.a.mongo.embedded.EmbeddedMongo     : 2022-05-28T14:51:32.311+0200 I CONTROL  [initandlisten] MongoDB starting : pid=16824 port=27017 dbpath=C:\Users\user\AppData\Local\Temp\embedmongo-db-81d08ebd-4f5a-477f-b60c-ee769d02a15b 64-bit host=DESKTOP-HJGV6OB
2022-05-28 14:51:32.313  INFO 19420 --- [      Thread-15] o.s.b.a.mongo.embedded.EmbeddedMongo     : 2022-05-28T14:51:32.312+0200 I CONTROL  [initandlisten] targetMinOS: Windows Vista/Windows Server 2008
2022-05-28 14:51:32.313  INFO 19420 --- [      Thread-15] o.s.b.a.mongo.embedded.EmbeddedMongo     : 2022-05-28T14:51:32.312+0200 I CONTROL  [initandlisten] db version v3.5.5
2022-05-28 14:51:32.313  INFO 19420 --- [      Thread-15] o.s.b.a.mongo.embedded.EmbeddedMongo     : 2022-05-28T14:51:32.312+0200 I CONTROL  [initandlisten] git version: 98515c812b6fa893613f063dae568ff8319cbfbd
2022-05-28 14:51:32.313  INFO 19420 --- [      Thread-15] o.s.b.a.mongo.embedded.EmbeddedMongo     : 2022-05-28T14:51:32.312+0200 I CONTROL  [initandlisten] allocator: tcmalloc
2022-05-28 14:51:32.313  INFO 19420 --- [      Thread-15] o.s.b.a.mongo.embedded.EmbeddedMongo     : 2022-05-28T14:51:32.312+0200 I CONTROL  [initandlisten] modules: none
2022-05-28 14:51:32.313  INFO 19420 --- [      Thread-15] o.s.b.a.mongo.embedded.EmbeddedMongo     : 2022-05-28T14:51:32.312+0200 I CONTROL  [initandlisten] build environment:
2022-05-28 14:51:32.313  INFO 19420 --- [      Thread-15] o.s.b.a.mongo.embedded.EmbeddedMongo     : 2022-05-28T14:51:32.312+0200 I CONTROL  [initandlisten]     distarch: x86_64
2022-05-28 14:51:32.313  INFO 19420 --- [      Thread-15] o.s.b.a.mongo.embedded.EmbeddedMongo     : 2022-05-28T14:51:32.312+0200 I CONTROL  [initandlisten]     target_arch: x86_64
2022-05-28 14:51:32.314  INFO 19420 --- [      Thread-15] o.s.b.a.mongo.embedded.EmbeddedMongo     : 2022-05-28T14:51:32.312+0200 I CONTROL  [initandlisten] options: { net: { bindIp: "127.0.0.1", http: { enabled: false }, port: 27017 }, security: { authorization: "disabled" }, storage: { dbPath: "C:\Users\user\AppData\Local\Temp\embedmongo-db-81d08ebd-4f5a-477f-b60c-ee769d02a15b", journal: { enabled: false }, mmapv1: { preallocDataFiles: false, smallFiles: true }, syncPeriodSecs: 0.0 } }
2022-05-28 14:51:32.314  INFO 19420 --- [      Thread-15] o.s.b.a.mongo.embedded.EmbeddedMongo     : 2022-05-28T14:51:32.313+0200 I STORAGE  [initandlisten] wiredtiger_open config: create,cache_size=3474M,session_max=20000,eviction=(threads_min=4,threads_max=4),config_base=false,statistics=(fast),log=(enabled=true,archive=true,path=journal,compressor=snappy),file_manager=(close_idle_time=100000),checkpoint=(wait=0,log_size=2GB),statistics_log=(wait=0),verbose=(recovery_progress),,log=(enabled=false),
2022-05-28 14:51:32.396  INFO 19420 --- [      Thread-15] o.s.b.a.mongo.embedded.EmbeddedMongo     : 2022-05-28T14:51:32.396+0200 W STORAGE  [initandlisten] Detected configuration for non-active storage engine mmapv1 when current storage engine is wiredTiger
2022-05-28 14:51:32.396  INFO 19420 --- [      Thread-15] o.s.b.a.mongo.embedded.EmbeddedMongo     : 2022-05-28T14:51:32.396+0200 I CONTROL  [initandlisten] 
2022-05-28 14:51:32.396  INFO 19420 --- [      Thread-15] o.s.b.a.mongo.embedded.EmbeddedMongo     : 2022-05-28T14:51:32.396+0200 I CONTROL  [initandlisten] ** NOTE: This is a development version (3.5.5) of MongoDB.
2022-05-28 14:51:32.396  INFO 19420 --- [      Thread-15] o.s.b.a.mongo.embedded.EmbeddedMongo     : 2022-05-28T14:51:32.396+0200 I CONTROL  [initandlisten] **       Not recommended for production.
2022-05-28 14:51:32.397  INFO 19420 --- [      Thread-15] o.s.b.a.mongo.embedded.EmbeddedMongo     : 2022-05-28T14:51:32.396+0200 I CONTROL  [initandlisten] 
2022-05-28 14:51:32.659  INFO 19420 --- [      Thread-15] o.s.b.a.mongo.embedded.EmbeddedMongo     : 2022-05-28T14:51:32.659+0200 I FTDC     [initandlisten] Initializing full-time diagnostic data capture with directory 'C:/Users/user/AppData/Local/Temp/embedmongo-db-81d08ebd-4f5a-477f-b60c-ee769d02a15b/diagnostic.data'
2022-05-28 14:51:32.697  INFO 19420 --- [      Thread-15] o.s.b.a.mongo.embedded.EmbeddedMongo     : 2022-05-28T14:51:32.697+0200 I INDEX    [initandlisten] build index on: admin.system.version properties: { v: 2, key: { version: 1 }, name: "incompatible_with_version_32", ns: "admin.system.version" }
2022-05-28 14:51:32.697  INFO 19420 --- [      Thread-15] o.s.b.a.mongo.embedded.EmbeddedMongo     : 2022-05-28T14:51:32.697+0200 I INDEX    [initandlisten] 	 building index using bulk method; build may temporarily use up to 500 megabytes of RAM
2022-05-28 14:51:32.701  INFO 19420 --- [      Thread-15] o.s.b.a.mongo.embedded.EmbeddedMongo     : 2022-05-28T14:51:32.701+0200 I INDEX    [initandlisten] build index done.  scanned 0 total records. 0 secs
2022-05-28 14:51:32.704  INFO 19420 --- [      Thread-15] o.s.b.a.mongo.embedded.EmbeddedMongo     : 2022-05-28T14:51:32.704+0200 I COMMAND  [initandlisten] setting featureCompatibilityVersion to 3.4
2022-05-28 14:51:32.706  INFO 19420 --- [      Thread-15] o.s.b.a.mongo.embedded.EmbeddedMongo     : 2022-05-28T14:51:32.706+0200 I NETWORK  [thread1] waiting for connections on port 27017
2022-05-28 14:51:32.706  INFO 19420 --- [    Test worker] d.f.embed.mongo.MongodExecutable         : start de.flapdoodle.embed.mongo.config.MongodConfigBuilder$ImmutableMongodConfig@82064f5
2022-05-28 14:51:32.710  INFO 19420 --- [    Test worker] org.mongodb.driver.cluster               : Cluster created with settings {hosts=[localhost:27017], mode=SINGLE, requiredClusterType=UNKNOWN, serverSelectionTimeout='30000 ms'}
2022-05-28 14:51:32.713  INFO 19420 --- [      Thread-15] o.s.b.a.mongo.embedded.EmbeddedMongo     : 2022-05-28T14:51:32.712+0200 I NETWORK  [thread1] connection accepted from 127.0.0.1:55452 #1 (1 connection now open)
2022-05-28 14:51:32.713  INFO 19420 --- [      Thread-15] o.s.b.a.mongo.embedded.EmbeddedMongo     : 2022-05-28T14:51:32.713+0200 I NETWORK  [conn1] received client metadata from 127.0.0.1:55452 conn1: { driver: { name: "mongo-java-driver|sync|spring-boot", version: "4.0.5" }, os: { type: "Windows", name: "Windows 10", architecture: "amd64", version: "10.0" }, platform: "Java/Oracle Corporation/11.0.9+7-LTS" }
2022-05-28 14:51:32.715  INFO 19420 --- [localhost:27017] org.mongodb.driver.connection            : Opened connection [connectionId{localValue:3, serverValue:1}] to localhost:27017
2022-05-28 14:51:32.716  INFO 19420 --- [localhost:27017] org.mongodb.driver.cluster               : Monitor thread successfully connected to server with description ServerDescription{address=localhost:27017, type=STANDALONE, state=CONNECTED, ok=true, minWireVersion=0, maxWireVersion=5, maxDocumentSize=16777216, logicalSessionTimeoutMinutes=null, roundTripTimeNanos=743400}
2022-05-28 14:51:32.803  INFO 19420 --- [      Thread-15] o.s.b.a.mongo.embedded.EmbeddedMongo     : 2022-05-28T14:51:32.803+0200 I NETWORK  [thread1] connection accepted from 127.0.0.1:55453 #2 (2 connections now open)
2022-05-28 14:51:32.803  INFO 19420 --- [      Thread-15] o.s.b.a.mongo.embedded.EmbeddedMongo     : 2022-05-28T14:51:32.803+0200 I NETWORK  [conn2] received client metadata from 127.0.0.1:55453 conn2: { driver: { name: "mongo-java-driver|sync|spring-boot", version: "4.0.5" }, os: { type: "Windows", name: "Windows 10", architecture: "amd64", version: "10.0" }, platform: "Java/Oracle Corporation/11.0.9+7-LTS" }
2022-05-28 14:51:32.805  INFO 19420 --- [    Test worker] org.mongodb.driver.connection            : Opened connection [connectionId{localValue:4, serverValue:2}] to localhost:27017
2022-05-28 14:51:32.843  INFO 19420 --- [      Thread-15] o.s.b.a.mongo.embedded.EmbeddedMongo     : 2022-05-28T14:51:32.843+0200 I INDEX    [conn2] build index on: insurance-company-db.insuranceCompanys properties: { v: 2, unique: true, key: { insuranceCompanyId: 1 }, name: "insuranceCompanyId", ns: "insurance-company-db.insuranceCompanys" }
2022-05-28 14:51:32.844  INFO 19420 --- [      Thread-15] o.s.b.a.mongo.embedded.EmbeddedMongo     : 2022-05-28T14:51:32.843+0200 I INDEX    [conn2] 	 building index using bulk method; build may temporarily use up to 500 megabytes of RAM
2022-05-28 14:51:32.847  INFO 19420 --- [      Thread-15] o.s.b.a.mongo.embedded.EmbeddedMongo     : 2022-05-28T14:51:32.848+0200 I INDEX    [conn2] build index done.  scanned 0 total records. 0 secs
2022-05-28 14:51:32.849  INFO 19420 --- [    Test worker] s.m.m.c.i.PersistenceTests               : Started PersistenceTests in 1.404 seconds (JVM running for 10.201)
2022-05-28 14:51:32.856 DEBUG 19420 --- [    Test worker] o.s.data.mongodb.core.MongoTemplate      : Remove using query: {} in collection: insuranceCompanys.
2022-05-28 14:51:32.870 DEBUG 19420 --- [    Test worker] o.s.data.mongodb.core.MongoTemplate      : Inserting Document containing fields: [version, insuranceCompanyId, name, city, address, phoneNumber, _class] in collection: insuranceCompanys
2022-05-28 14:51:32.875 DEBUG 19420 --- [    Test worker] o.s.data.mongodb.core.MongoTemplate      : findOne using query: { "id" : "62921ad4c302337edbc5b0fd"} fields: Document{{}} for class: class se.magnus.microservices.core.insurancecompany.persistence.InsuranceCompanyEntity in collection: insuranceCompanys
2022-05-28 14:51:32.879 DEBUG 19420 --- [    Test worker] o.s.data.mongodb.core.MongoTemplate      : findOne using query: { "_id" : { "$oid" : "62921ad4c302337edbc5b0fd"}} fields: {} in db.collection: insurance-company-db.insuranceCompanys
2022-05-28 14:51:32.886 DEBUG 19420 --- [    Test worker] o.s.data.mongodb.core.MongoTemplate      : findOne using query: { "id" : "62921ad4c302337edbc5b0fd"} fields: Document{{}} for class: class se.magnus.microservices.core.insurancecompany.persistence.InsuranceCompanyEntity in collection: insuranceCompanys
2022-05-28 14:51:32.887 DEBUG 19420 --- [    Test worker] o.s.data.mongodb.core.MongoTemplate      : findOne using query: { "_id" : { "$oid" : "62921ad4c302337edbc5b0fd"}} fields: {} in db.collection: insurance-company-db.insuranceCompanys
2022-05-28 14:51:32.903 DEBUG 19420 --- [    Test worker] o.s.data.mongodb.core.MongoTemplate      : Calling update using query: { "_id" : { "$oid" : "62921ad4c302337edbc5b0fd"}, "version" : 0} and update: { "version" : 1, "insuranceCompanyId" : 1, "name" : "n1", "city" : "city 1", "address" : "address 1", "phoneNumber" : "phone number 1", "_class" : "se.magnus.microservices.core.insurancecompany.persistence.InsuranceCompanyEntity"} in collection: insuranceCompanys
2022-05-28 14:51:32.913 DEBUG 19420 --- [    Test worker] o.s.data.mongodb.core.MongoTemplate      : Calling update using query: { "_id" : { "$oid" : "62921ad4c302337edbc5b0fd"}, "version" : 0} and update: { "version" : 1, "insuranceCompanyId" : 1, "name" : "n2", "city" : "city 1", "address" : "address 1", "phoneNumber" : "phone number 1", "_class" : "se.magnus.microservices.core.insurancecompany.persistence.InsuranceCompanyEntity"} in collection: insuranceCompanys
2022-05-28 14:51:32.916 DEBUG 19420 --- [    Test worker] o.s.data.mongodb.core.MongoTemplate      : findOne using query: { "id" : "62921ad4c302337edbc5b0fd"} fields: Document{{}} for class: class se.magnus.microservices.core.insurancecompany.persistence.InsuranceCompanyEntity in collection: insuranceCompanys
2022-05-28 14:51:32.917 DEBUG 19420 --- [    Test worker] o.s.data.mongodb.core.MongoTemplate      : findOne using query: { "_id" : { "$oid" : "62921ad4c302337edbc5b0fd"}} fields: {} in db.collection: insurance-company-db.insuranceCompanys
2022-05-28 14:51:32.924 DEBUG 19420 --- [    Test worker] o.s.data.mongodb.core.MongoTemplate      : Remove using query: {} in collection: insuranceCompanys.
2022-05-28 14:51:32.925 DEBUG 19420 --- [    Test worker] o.s.data.mongodb.core.MongoTemplate      : Inserting Document containing fields: [version, insuranceCompanyId, name, city, address, phoneNumber, _class] in collection: insuranceCompanys
2022-05-28 14:51:32.928 DEBUG 19420 --- [    Test worker] o.s.data.mongodb.core.MongoTemplate      : Remove using query: {} in collection: insuranceCompanys.
2022-05-28 14:51:32.933 DEBUG 19420 --- [    Test worker] o.s.data.mongodb.core.MongoTemplate      : Inserting list of Documents containing 10 items
2022-05-28 14:51:32.946 DEBUG 19420 --- [    Test worker] o.s.data.mongodb.core.MongoTemplate      : Executing count: {} in collection: insuranceCompanys
2022-05-28 14:51:32.957 DEBUG 19420 --- [    Test worker] o.s.data.mongodb.core.MongoTemplate      : find using query: {} fields: Document{{}} for class: class se.magnus.microservices.core.insurancecompany.persistence.InsuranceCompanyEntity in collection: insuranceCompanys
2022-05-28 14:51:32.962 DEBUG 19420 --- [    Test worker] o.s.data.mongodb.core.MongoTemplate      : Executing count: {} in collection: insuranceCompanys
2022-05-28 14:51:32.963 DEBUG 19420 --- [    Test worker] o.s.data.mongodb.core.MongoTemplate      : find using query: {} fields: Document{{}} for class: class se.magnus.microservices.core.insurancecompany.persistence.InsuranceCompanyEntity in collection: insuranceCompanys
2022-05-28 14:51:32.965 DEBUG 19420 --- [    Test worker] o.s.data.mongodb.core.MongoTemplate      : Executing count: {} in collection: insuranceCompanys
2022-05-28 14:51:32.967 DEBUG 19420 --- [    Test worker] o.s.data.mongodb.core.MongoTemplate      : find using query: {} fields: Document{{}} for class: class se.magnus.microservices.core.insurancecompany.persistence.InsuranceCompanyEntity in collection: insuranceCompanys
2022-05-28 14:51:32.973 DEBUG 19420 --- [    Test worker] o.s.data.mongodb.core.MongoTemplate      : Remove using query: {} in collection: insuranceCompanys.
2022-05-28 14:51:32.975 DEBUG 19420 --- [    Test worker] o.s.data.mongodb.core.MongoTemplate      : Inserting Document containing fields: [version, insuranceCompanyId, name, city, address, phoneNumber, _class] in collection: insuranceCompanys
2022-05-28 14:51:32.977 DEBUG 19420 --- [    Test worker] o.s.data.mongodb.core.MongoTemplate      : Inserting Document containing fields: [version, insuranceCompanyId, name, city, address, phoneNumber, _class] in collection: insuranceCompanys
2022-05-28 14:51:32.978 DEBUG 19420 --- [    Test worker] o.s.data.mongodb.core.MongoTemplate      : findOne using query: { "id" : "62921ad4c302337edbc5b10a"} fields: Document{{}} for class: class se.magnus.microservices.core.insurancecompany.persistence.InsuranceCompanyEntity in collection: insuranceCompanys
2022-05-28 14:51:32.979 DEBUG 19420 --- [    Test worker] o.s.data.mongodb.core.MongoTemplate      : findOne using query: { "_id" : { "$oid" : "62921ad4c302337edbc5b10a"}} fields: {} in db.collection: insurance-company-db.insuranceCompanys
2022-05-28 14:51:32.981 DEBUG 19420 --- [    Test worker] o.s.data.mongodb.core.MongoTemplate      : Executing count: {} in collection: insuranceCompanys
2022-05-28 14:51:32.987 DEBUG 19420 --- [    Test worker] o.s.data.mongodb.core.MongoTemplate      : Remove using query: {} in collection: insuranceCompanys.
2022-05-28 14:51:32.988 DEBUG 19420 --- [    Test worker] o.s.data.mongodb.core.MongoTemplate      : Inserting Document containing fields: [version, insuranceCompanyId, name, city, address, phoneNumber, _class] in collection: insuranceCompanys
2022-05-28 14:51:32.990 DEBUG 19420 --- [    Test worker] o.s.data.mongodb.core.MongoTemplate      : find using query: { "insuranceCompanyId" : 1} fields: Document{{}} for class: class se.magnus.microservices.core.insurancecompany.persistence.InsuranceCompanyEntity in collection: insuranceCompanys
2022-05-28 14:51:32.998 DEBUG 19420 --- [    Test worker] o.s.data.mongodb.core.MongoTemplate      : Remove using query: {} in collection: insuranceCompanys.
2022-05-28 14:51:32.999 DEBUG 19420 --- [    Test worker] o.s.data.mongodb.core.MongoTemplate      : Inserting Document containing fields: [version, insuranceCompanyId, name, city, address, phoneNumber, _class] in collection: insuranceCompanys
2022-05-28 14:51:33.002 DEBUG 19420 --- [    Test worker] o.s.data.mongodb.core.MongoTemplate      : Remove using query: { "_id" : { "$oid" : "62921ad4c302337edbc5b10c"}, "version" : 0} in collection: insuranceCompanys.
2022-05-28 14:51:33.005 DEBUG 19420 --- [    Test worker] o.s.data.mongodb.core.MongoTemplate      : Executing count: { "_id" : { "$oid" : "62921ad4c302337edbc5b10c"}} in collection: insuranceCompanys
2022-05-28 14:51:33.011 DEBUG 19420 --- [    Test worker] o.s.data.mongodb.core.MongoTemplate      : Remove using query: {} in collection: insuranceCompanys.
2022-05-28 14:51:33.012 DEBUG 19420 --- [    Test worker] o.s.data.mongodb.core.MongoTemplate      : Inserting Document containing fields: [version, insuranceCompanyId, name, city, address, phoneNumber, _class] in collection: insuranceCompanys
2022-05-28 14:51:33.014 DEBUG 19420 --- [    Test worker] o.s.data.mongodb.core.MongoTemplate      : Calling update using query: { "_id" : { "$oid" : "62921ad5c302337edbc5b10d"}, "version" : 0} and update: { "version" : 1, "insuranceCompanyId" : 1, "name" : "insuranceCompany 2", "city" : "city 1", "address" : "address 1", "phoneNumber" : "phone number 1", "_class" : "se.magnus.microservices.core.insurancecompany.persistence.InsuranceCompanyEntity"} in collection: insuranceCompanys
2022-05-28 14:51:33.016 DEBUG 19420 --- [    Test worker] o.s.data.mongodb.core.MongoTemplate      : findOne using query: { "id" : "62921ad5c302337edbc5b10d"} fields: Document{{}} for class: class se.magnus.microservices.core.insurancecompany.persistence.InsuranceCompanyEntity in collection: insuranceCompanys
2022-05-28 14:51:33.016 DEBUG 19420 --- [    Test worker] o.s.data.mongodb.core.MongoTemplate      : findOne using query: { "_id" : { "$oid" : "62921ad5c302337edbc5b10d"}} fields: {} in db.collection: insurance-company-db.insuranceCompanys
]]></system-out>
  <system-err><![CDATA[]]></system-err>
</testsuite>
