<?xml version="1.0" encoding="UTF-8"?>
<testsuite name="se.magnus.microservices.core.insurancecompany.PersistenceTests" tests="5" skipped="0" failures="0" errors="0" timestamp="2022-06-23T15:42:33" hostname="DESKTOP-HJGV6OB" time="0.194">
  <properties/>
  <testcase name="optimisticLockError" classname="se.magnus.microservices.core.insurancecompany.PersistenceTests" time="0.114"/>
  <testcase name="createInsuranceCompany" classname="se.magnus.microservices.core.insurancecompany.PersistenceTests" time="0.026"/>
  <testcase name="getByInsuranceCompanyId" classname="se.magnus.microservices.core.insurancecompany.PersistenceTests" time="0.014"/>
  <testcase name="deleteInsuranceCompany" classname="se.magnus.microservices.core.insurancecompany.PersistenceTests" time="0.018"/>
  <testcase name="updateInsuranceCompany" classname="se.magnus.microservices.core.insurancecompany.PersistenceTests" time="0.018"/>
  <system-out><![CDATA[
  .   ____          _            __ _ _
 /\\ / ___'_ __ _ _(_)_ __  __ _ \ \ \ \
( ( )\___ | '_ | '_| | '_ \/ _` | \ \ \ \
 \\/  ___)| |_)| | | | | || (_| |  ) ) ) )
  '  |____| .__|_| |_|_| |_\__, | / / / /
 =========|_|==============|___/=/_/_/_/
 :: Spring Boot ::        (v2.3.2.RELEASE)

2022-06-23 17:42:31.585  INFO 4952 --- [    Test worker] s.m.m.c.i.PersistenceTests               : Starting PersistenceTests on DESKTOP-HJGV6OB with PID 4952 (started by user in C:\Users\user\git\InsuranceCompanyMicroservices_DIS\DIS_projekat\microservices\insurance-company-service)
2022-06-23 17:42:31.586 DEBUG 4952 --- [    Test worker] s.m.m.c.i.PersistenceTests               : Running with Spring Boot v2.3.2.RELEASE, Spring v5.2.8.RELEASE
2022-06-23 17:42:31.586  INFO 4952 --- [    Test worker] s.m.m.c.i.PersistenceTests               : No active profile set, falling back to default profiles: default
2022-06-23 17:42:31.727  INFO 4952 --- [    Test worker] .s.d.r.c.RepositoryConfigurationDelegate : Bootstrapping Spring Data Reactive MongoDB repositories in DEFAULT mode.
2022-06-23 17:42:31.745  INFO 4952 --- [    Test worker] .s.d.r.c.RepositoryConfigurationDelegate : Finished Spring Data repository scanning in 17ms. Found 1 Reactive MongoDB repository interfaces.
2022-06-23 17:42:31.753  INFO 4952 --- [    Test worker] faultConfiguringBeanFactoryPostProcessor : No bean named 'errorChannel' has been explicitly defined. Therefore, a default PublishSubscribeChannel will be created.
2022-06-23 17:42:31.753  INFO 4952 --- [    Test worker] faultConfiguringBeanFactoryPostProcessor : No bean named 'taskScheduler' has been explicitly defined. Therefore, a default ThreadPoolTaskScheduler will be created.
2022-06-23 17:42:31.756  INFO 4952 --- [    Test worker] faultConfiguringBeanFactoryPostProcessor : No bean named 'integrationHeaderChannelRegistry' has been explicitly defined. Therefore, a default DefaultHeaderChannelRegistry will be created.
2022-06-23 17:42:31.767  INFO 4952 --- [    Test worker] trationDelegate$BeanPostProcessorChecker : Bean 'integrationChannelResolver' of type [org.springframework.integration.support.channel.BeanFactoryChannelResolver] is not eligible for getting processed by all BeanPostProcessors (for example: not eligible for auto-proxying)
2022-06-23 17:42:31.773  INFO 4952 --- [    Test worker] trationDelegate$BeanPostProcessorChecker : Bean 'integrationDisposableAutoCreatedBeans' of type [org.springframework.integration.config.annotation.Disposables] is not eligible for getting processed by all BeanPostProcessors (for example: not eligible for auto-proxying)
2022-06-23 17:42:32.487  INFO 4952 --- [      Thread-15] o.s.b.a.mongo.embedded.EmbeddedMongo     : note: noprealloc may hurt performance in many applications
2022-06-23 17:42:32.569  INFO 4952 --- [      Thread-15] o.s.b.a.mongo.embedded.EmbeddedMongo     : 2022-06-23T17:42:32.568+0200 I CONTROL  [initandlisten] MongoDB starting : pid=12580 port=27017 dbpath=C:\Users\user\AppData\Local\Temp\embedmongo-db-66a8a9ad-88f2-4c1c-bbd0-a54a2d6a0d3a 64-bit host=DESKTOP-HJGV6OB
2022-06-23 17:42:32.569  INFO 4952 --- [      Thread-15] o.s.b.a.mongo.embedded.EmbeddedMongo     : 2022-06-23T17:42:32.570+0200 I CONTROL  [initandlisten] targetMinOS: Windows Vista/Windows Server 2008
2022-06-23 17:42:32.569  INFO 4952 --- [      Thread-15] o.s.b.a.mongo.embedded.EmbeddedMongo     : 2022-06-23T17:42:32.570+0200 I CONTROL  [initandlisten] db version v3.5.5
2022-06-23 17:42:32.570  INFO 4952 --- [      Thread-15] o.s.b.a.mongo.embedded.EmbeddedMongo     : 2022-06-23T17:42:32.570+0200 I CONTROL  [initandlisten] git version: 98515c812b6fa893613f063dae568ff8319cbfbd
2022-06-23 17:42:32.570  INFO 4952 --- [      Thread-15] o.s.b.a.mongo.embedded.EmbeddedMongo     : 2022-06-23T17:42:32.570+0200 I CONTROL  [initandlisten] allocator: tcmalloc
2022-06-23 17:42:32.570  INFO 4952 --- [      Thread-15] o.s.b.a.mongo.embedded.EmbeddedMongo     : 2022-06-23T17:42:32.570+0200 I CONTROL  [initandlisten] modules: none
2022-06-23 17:42:32.570  INFO 4952 --- [      Thread-15] o.s.b.a.mongo.embedded.EmbeddedMongo     : 2022-06-23T17:42:32.570+0200 I CONTROL  [initandlisten] build environment:
2022-06-23 17:42:32.570  INFO 4952 --- [      Thread-15] o.s.b.a.mongo.embedded.EmbeddedMongo     : 2022-06-23T17:42:32.570+0200 I CONTROL  [initandlisten]     distarch: x86_64
2022-06-23 17:42:32.570  INFO 4952 --- [      Thread-15] o.s.b.a.mongo.embedded.EmbeddedMongo     : 2022-06-23T17:42:32.570+0200 I CONTROL  [initandlisten]     target_arch: x86_64
2022-06-23 17:42:32.570  INFO 4952 --- [      Thread-15] o.s.b.a.mongo.embedded.EmbeddedMongo     : 2022-06-23T17:42:32.570+0200 I CONTROL  [initandlisten] options: { net: { bindIp: "127.0.0.1", http: { enabled: false }, port: 27017 }, security: { authorization: "disabled" }, storage: { dbPath: "C:\Users\user\AppData\Local\Temp\embedmongo-db-66a8a9ad-88f2-4c1c-bbd0-a54a2d6a0d3a", journal: { enabled: false }, mmapv1: { preallocDataFiles: false, smallFiles: true }, syncPeriodSecs: 0.0 } }
2022-06-23 17:42:32.572  INFO 4952 --- [      Thread-15] o.s.b.a.mongo.embedded.EmbeddedMongo     : 2022-06-23T17:42:32.573+0200 I STORAGE  [initandlisten] wiredtiger_open config: create,cache_size=3474M,session_max=20000,eviction=(threads_min=4,threads_max=4),config_base=false,statistics=(fast),log=(enabled=true,archive=true,path=journal,compressor=snappy),file_manager=(close_idle_time=100000),checkpoint=(wait=0,log_size=2GB),statistics_log=(wait=0),verbose=(recovery_progress),,log=(enabled=false),
2022-06-23 17:42:32.654  INFO 4952 --- [      Thread-15] o.s.b.a.mongo.embedded.EmbeddedMongo     : 2022-06-23T17:42:32.655+0200 W STORAGE  [initandlisten] Detected configuration for non-active storage engine mmapv1 when current storage engine is wiredTiger
2022-06-23 17:42:32.655  INFO 4952 --- [      Thread-15] o.s.b.a.mongo.embedded.EmbeddedMongo     : 2022-06-23T17:42:32.655+0200 I CONTROL  [initandlisten] 
2022-06-23 17:42:32.655  INFO 4952 --- [      Thread-15] o.s.b.a.mongo.embedded.EmbeddedMongo     : 2022-06-23T17:42:32.655+0200 I CONTROL  [initandlisten] ** NOTE: This is a development version (3.5.5) of MongoDB.
2022-06-23 17:42:32.655  INFO 4952 --- [      Thread-15] o.s.b.a.mongo.embedded.EmbeddedMongo     : 2022-06-23T17:42:32.655+0200 I CONTROL  [initandlisten] **       Not recommended for production.
2022-06-23 17:42:32.655  INFO 4952 --- [      Thread-15] o.s.b.a.mongo.embedded.EmbeddedMongo     : 2022-06-23T17:42:32.655+0200 I CONTROL  [initandlisten] 
2022-06-23 17:42:32.987  INFO 4952 --- [      Thread-15] o.s.b.a.mongo.embedded.EmbeddedMongo     : 2022-06-23T17:42:32.988+0200 I FTDC     [initandlisten] Initializing full-time diagnostic data capture with directory 'C:/Users/user/AppData/Local/Temp/embedmongo-db-66a8a9ad-88f2-4c1c-bbd0-a54a2d6a0d3a/diagnostic.data'
2022-06-23 17:42:33.024  INFO 4952 --- [      Thread-15] o.s.b.a.mongo.embedded.EmbeddedMongo     : 2022-06-23T17:42:33.024+0200 I INDEX    [initandlisten] build index on: admin.system.version properties: { v: 2, key: { version: 1 }, name: "incompatible_with_version_32", ns: "admin.system.version" }
2022-06-23 17:42:33.024  INFO 4952 --- [      Thread-15] o.s.b.a.mongo.embedded.EmbeddedMongo     : 2022-06-23T17:42:33.024+0200 I INDEX    [initandlisten] 	 building index using bulk method; build may temporarily use up to 500 megabytes of RAM
2022-06-23 17:42:33.028  INFO 4952 --- [      Thread-15] o.s.b.a.mongo.embedded.EmbeddedMongo     : 2022-06-23T17:42:33.028+0200 I INDEX    [initandlisten] build index done.  scanned 0 total records. 0 secs
2022-06-23 17:42:33.030  INFO 4952 --- [      Thread-15] o.s.b.a.mongo.embedded.EmbeddedMongo     : 2022-06-23T17:42:33.030+0200 I COMMAND  [initandlisten] setting featureCompatibilityVersion to 3.4
2022-06-23 17:42:33.032  INFO 4952 --- [      Thread-15] o.s.b.a.mongo.embedded.EmbeddedMongo     : 2022-06-23T17:42:33.032+0200 I NETWORK  [thread1] waiting for connections on port 27017
2022-06-23 17:42:33.033  INFO 4952 --- [    Test worker] d.f.embed.mongo.MongodExecutable         : start de.flapdoodle.embed.mongo.config.MongodConfigBuilder$ImmutableMongodConfig@619b2b7a
2022-06-23 17:42:33.049  INFO 4952 --- [    Test worker] org.mongodb.driver.cluster               : Cluster created with settings {hosts=[localhost:27017], mode=SINGLE, requiredClusterType=UNKNOWN, serverSelectionTimeout='30000 ms'}
2022-06-23 17:42:33.054  INFO 4952 --- [      Thread-15] o.s.b.a.mongo.embedded.EmbeddedMongo     : 2022-06-23T17:42:33.054+0200 I NETWORK  [thread1] connection accepted from 127.0.0.1:64797 #1 (1 connection now open)
2022-06-23 17:42:33.057  INFO 4952 --- [      Thread-15] o.s.b.a.mongo.embedded.EmbeddedMongo     : 2022-06-23T17:42:33.057+0200 I NETWORK  [conn1] received client metadata from 127.0.0.1:64797 conn1: { driver: { name: "mongo-java-driver|reactive-streams|spring-boot", version: "4.0.5" }, os: { type: "Windows", name: "Windows 10", architecture: "amd64", version: "10.0" }, platform: "Java/Oracle Corporation/11.0.9+7-LTS" }
2022-06-23 17:42:33.062  INFO 4952 --- [localhost:27017] org.mongodb.driver.connection            : Opened connection [connectionId{localValue:3, serverValue:1}] to localhost:27017
2022-06-23 17:42:33.066  INFO 4952 --- [localhost:27017] org.mongodb.driver.cluster               : Monitor thread successfully connected to server with description ServerDescription{address=localhost:27017, type=STANDALONE, state=CONNECTED, ok=true, minWireVersion=0, maxWireVersion=5, maxDocumentSize=16777216, logicalSessionTimeoutMinutes=null, roundTripTimeNanos=2938100}
2022-06-23 17:42:33.315  INFO 4952 --- [    Test worker] o.s.s.c.ThreadPoolTaskScheduler          : Initializing ExecutorService 'taskScheduler'
2022-06-23 17:42:33.359  INFO 4952 --- [    Test worker] o.s.i.endpoint.EventDrivenConsumer       : Adding {logging-channel-adapter:_org.springframework.integration.errorLogger} as a subscriber to the 'errorChannel' channel
2022-06-23 17:42:33.359  INFO 4952 --- [    Test worker] o.s.i.channel.PublishSubscribeChannel    : Channel 'application.errorChannel' has 1 subscriber(s).
2022-06-23 17:42:33.359  INFO 4952 --- [    Test worker] o.s.i.endpoint.EventDrivenConsumer       : started bean '_org.springframework.integration.errorLogger'
2022-06-23 17:42:33.360  INFO 4952 --- [    Test worker] s.m.m.c.i.PersistenceTests               : Started PersistenceTests in 1.834 seconds (JVM running for 14.121)
2022-06-23 17:42:33.386  INFO 4952 --- [      Thread-15] o.s.b.a.mongo.embedded.EmbeddedMongo     : 2022-06-23T17:42:33.386+0200 I NETWORK  [thread1] connection accepted from 127.0.0.1:64798 #2 (2 connections now open)
2022-06-23 17:42:33.388  INFO 4952 --- [      Thread-15] o.s.b.a.mongo.embedded.EmbeddedMongo     : 2022-06-23T17:42:33.388+0200 I NETWORK  [conn2] received client metadata from 127.0.0.1:64798 conn2: { driver: { name: "mongo-java-driver|reactive-streams|spring-boot", version: "4.0.5" }, os: { type: "Windows", name: "Windows 10", architecture: "amd64", version: "10.0" }, platform: "Java/Oracle Corporation/11.0.9+7-LTS" }
2022-06-23 17:42:33.390  INFO 4952 --- [ntLoopGroup-4-2] org.mongodb.driver.connection            : Opened connection [connectionId{localValue:4, serverValue:2}] to localhost:27017
]]></system-out>
  <system-err><![CDATA[]]></system-err>
</testsuite>
