<?xml version="1.0" encoding="UTF-8"?>
<testsuite name="se.magnus.microservices.core.insurancecompany.InsuranceCompanyServiceApplicationTests" tests="6" skipped="0" failures="0" errors="0" timestamp="2022-05-28T12:51:30" hostname="DESKTOP-HJGV6OB" time="1.183">
  <properties/>
  <testcase name="postInsuranceCompany" classname="se.magnus.microservices.core.insurancecompany.InsuranceCompanyServiceApplicationTests" time="0.995"/>
  <testcase name="getInsuranceCompanyNotFound" classname="se.magnus.microservices.core.insurancecompany.InsuranceCompanyServiceApplicationTests" time="0.078"/>
  <testcase name="getInsuranceCompanyInvalidParameter" classname="se.magnus.microservices.core.insurancecompany.InsuranceCompanyServiceApplicationTests" time="0.037"/>
  <testcase name="getInsuranceCompanyById" classname="se.magnus.microservices.core.insurancecompany.InsuranceCompanyServiceApplicationTests" time="0.019"/>
  <testcase name="deleteInsuranceCompany" classname="se.magnus.microservices.core.insurancecompany.InsuranceCompanyServiceApplicationTests" time="0.039"/>
  <testcase name="getInsuranceCompanyInvalidParameterNegativeValue" classname="se.magnus.microservices.core.insurancecompany.InsuranceCompanyServiceApplicationTests" time="0.012"/>
  <system-out><![CDATA[14:51:24.353 [Test worker] DEBUG org.springframework.test.annotation.ProfileValueUtils - Retrieved @ProfileValueSourceConfiguration [null] for test class [se.magnus.microservices.core.insurancecompany.InsuranceCompanyServiceApplicationTests]
14:51:24.354 [Test worker] DEBUG org.springframework.test.annotation.ProfileValueUtils - Retrieved ProfileValueSource type [class org.springframework.test.annotation.SystemProfileValueSource] for class [se.magnus.microservices.core.insurancecompany.InsuranceCompanyServiceApplicationTests]
14:51:24.355 [Test worker] DEBUG org.springframework.test.annotation.ProfileValueUtils - Retrieved @ProfileValueSourceConfiguration [null] for test class [se.magnus.microservices.core.insurancecompany.InsuranceCompanyServiceApplicationTests]
14:51:24.355 [Test worker] DEBUG org.springframework.test.annotation.ProfileValueUtils - Retrieved ProfileValueSource type [class org.springframework.test.annotation.SystemProfileValueSource] for class [se.magnus.microservices.core.insurancecompany.InsuranceCompanyServiceApplicationTests]
14:51:24.360 [Test worker] DEBUG org.springframework.test.context.support.AbstractDirtiesContextTestExecutionListener - Before test class: context [DefaultTestContext@c7555f4 testClass = InsuranceCompanyServiceApplicationTests, testInstance = [null], testMethod = [null], testException = [null], mergedContextConfiguration = [ReactiveWebMergedContextConfiguration@23959f31 testClass = InsuranceCompanyServiceApplicationTests, locations = '{}', classes = '{class se.magnus.microservices.core.insurancecompany.InsuranceCompanyServiceApplication}', contextInitializerClasses = '[]', activeProfiles = '{}', propertySourceLocations = '{}', propertySourceProperties = '{spring.data.mongodb.port: 0, org.springframework.boot.test.context.SpringBootTestContextBootstrapper=true, server.port=0}', contextCustomizers = set[org.springframework.boot.test.autoconfigure.properties.PropertyMappingContextCustomizer@0, org.springframework.boot.test.autoconfigure.web.servlet.WebDriverContextCustomizerFactory$Customizer@49da1495, org.springframework.boot.test.context.filter.ExcludeFilterContextCustomizer@55ed8297, org.springframework.boot.test.json.DuplicateJsonObjectContextCustomizerFactory$DuplicateJsonObjectContextCustomizer@26410f0f, org.springframework.boot.test.mock.mockito.MockitoContextCustomizer@0, org.springframework.boot.test.web.client.TestRestTemplateContextCustomizer@5699e543, org.springframework.boot.test.web.reactive.server.WebTestClientContextCustomizer@1f8e6ea6, org.springframework.boot.test.context.SpringBootTestArgs@1], contextLoader = 'org.springframework.boot.test.context.SpringBootContextLoader', parent = [null]], attributes = map['org.springframework.test.context.web.ServletTestExecutionListener.activateListener' -> false]], class annotated with @DirtiesContext [false] with mode [null].
14:51:24.361 [Test worker] DEBUG org.springframework.test.annotation.ProfileValueUtils - Retrieved @ProfileValueSourceConfiguration [null] for test class [se.magnus.microservices.core.insurancecompany.InsuranceCompanyServiceApplicationTests]
14:51:24.362 [Test worker] DEBUG org.springframework.test.annotation.ProfileValueUtils - Retrieved ProfileValueSource type [class org.springframework.test.annotation.SystemProfileValueSource] for class [se.magnus.microservices.core.insurancecompany.InsuranceCompanyServiceApplicationTests]
14:51:24.366 [Test worker] DEBUG org.springframework.test.context.support.DependencyInjectionTestExecutionListener - Performing dependency injection for test context [[DefaultTestContext@c7555f4 testClass = InsuranceCompanyServiceApplicationTests, testInstance = se.magnus.microservices.core.insurancecompany.InsuranceCompanyServiceApplicationTests@5c9daec7, testMethod = [null], testException = [null], mergedContextConfiguration = [ReactiveWebMergedContextConfiguration@23959f31 testClass = InsuranceCompanyServiceApplicationTests, locations = '{}', classes = '{class se.magnus.microservices.core.insurancecompany.InsuranceCompanyServiceApplication}', contextInitializerClasses = '[]', activeProfiles = '{}', propertySourceLocations = '{}', propertySourceProperties = '{spring.data.mongodb.port: 0, org.springframework.boot.test.context.SpringBootTestContextBootstrapper=true, server.port=0}', contextCustomizers = set[org.springframework.boot.test.autoconfigure.properties.PropertyMappingContextCustomizer@0, org.springframework.boot.test.autoconfigure.web.servlet.WebDriverContextCustomizerFactory$Customizer@49da1495, org.springframework.boot.test.context.filter.ExcludeFilterContextCustomizer@55ed8297, org.springframework.boot.test.json.DuplicateJsonObjectContextCustomizerFactory$DuplicateJsonObjectContextCustomizer@26410f0f, org.springframework.boot.test.mock.mockito.MockitoContextCustomizer@0, org.springframework.boot.test.web.client.TestRestTemplateContextCustomizer@5699e543, org.springframework.boot.test.web.reactive.server.WebTestClientContextCustomizer@1f8e6ea6, org.springframework.boot.test.context.SpringBootTestArgs@1], contextLoader = 'org.springframework.boot.test.context.SpringBootContextLoader', parent = [null]], attributes = map['org.springframework.test.context.web.ServletTestExecutionListener.activateListener' -> false]]].
14:51:24.387 [Test worker] DEBUG org.springframework.test.context.support.TestPropertySourceUtils - Adding inlined properties to environment: {spring.jmx.enabled=false, spring.data.mongodb.port: 0, org.springframework.boot.test.context.SpringBootTestContextBootstrapper=true, server.port=0}

  .   ____          _            __ _ _
 /\\ / ___'_ __ _ _(_)_ __  __ _ \ \ \ \
( ( )\___ | '_ | '_| | '_ \/ _` | \ \ \ \
 \\/  ___)| |_)| | | | | || (_| |  ) ) ) )
  '  |____| .__|_| |_|_| |_\__, | / / / /
 =========|_|==============|___/=/_/_/_/
 :: Spring Boot ::        (v2.3.2.RELEASE)

2022-05-28 14:51:24.838  INFO 19420 --- [    Test worker] .InsuranceCompanyServiceApplicationTests : Starting InsuranceCompanyServiceApplicationTests on DESKTOP-HJGV6OB with PID 19420 (started by user in C:\Users\user\git\InsuranceCompanyMicroservices_DIS\DIS_projekat\microservices\insurance-company-service)
2022-05-28 14:51:24.840 DEBUG 19420 --- [    Test worker] .InsuranceCompanyServiceApplicationTests : Running with Spring Boot v2.3.2.RELEASE, Spring v5.2.8.RELEASE
2022-05-28 14:51:24.842  INFO 19420 --- [    Test worker] .InsuranceCompanyServiceApplicationTests : No active profile set, falling back to default profiles: default
2022-05-28 14:51:25.806  INFO 19420 --- [    Test worker] .s.d.r.c.RepositoryConfigurationDelegate : Bootstrapping Spring Data MongoDB repositories in DEFAULT mode.
2022-05-28 14:51:26.029  INFO 19420 --- [    Test worker] .s.d.r.c.RepositoryConfigurationDelegate : Finished Spring Data repository scanning in 217ms. Found 1 MongoDB repository interfaces.
2022-05-28 14:51:27.267  INFO 19420 --- [       Thread-4] o.s.b.a.mongo.embedded.EmbeddedMongo     : note: noprealloc may hurt performance in many applications
2022-05-28 14:51:27.319  INFO 19420 --- [       Thread-4] o.s.b.a.mongo.embedded.EmbeddedMongo     : 2022-05-28T14:51:27.318+0200 I CONTROL  [initandlisten] MongoDB starting : pid=15248 port=55415 dbpath=C:\Users\user\AppData\Local\Temp\embedmongo-db-5ed4e1eb-efa4-4b50-9afc-9cfa437c3a7b 64-bit host=DESKTOP-HJGV6OB
2022-05-28 14:51:27.319  INFO 19420 --- [       Thread-4] o.s.b.a.mongo.embedded.EmbeddedMongo     : 2022-05-28T14:51:27.319+0200 I CONTROL  [initandlisten] targetMinOS: Windows Vista/Windows Server 2008
2022-05-28 14:51:27.320  INFO 19420 --- [       Thread-4] o.s.b.a.mongo.embedded.EmbeddedMongo     : 2022-05-28T14:51:27.319+0200 I CONTROL  [initandlisten] db version v3.5.5
2022-05-28 14:51:27.320  INFO 19420 --- [       Thread-4] o.s.b.a.mongo.embedded.EmbeddedMongo     : 2022-05-28T14:51:27.319+0200 I CONTROL  [initandlisten] git version: 98515c812b6fa893613f063dae568ff8319cbfbd
2022-05-28 14:51:27.320  INFO 19420 --- [       Thread-4] o.s.b.a.mongo.embedded.EmbeddedMongo     : 2022-05-28T14:51:27.319+0200 I CONTROL  [initandlisten] allocator: tcmalloc
2022-05-28 14:51:27.320  INFO 19420 --- [       Thread-4] o.s.b.a.mongo.embedded.EmbeddedMongo     : 2022-05-28T14:51:27.319+0200 I CONTROL  [initandlisten] modules: none
2022-05-28 14:51:27.320  INFO 19420 --- [       Thread-4] o.s.b.a.mongo.embedded.EmbeddedMongo     : 2022-05-28T14:51:27.319+0200 I CONTROL  [initandlisten] build environment:
2022-05-28 14:51:27.320  INFO 19420 --- [       Thread-4] o.s.b.a.mongo.embedded.EmbeddedMongo     : 2022-05-28T14:51:27.319+0200 I CONTROL  [initandlisten]     distarch: x86_64
2022-05-28 14:51:27.321  INFO 19420 --- [       Thread-4] o.s.b.a.mongo.embedded.EmbeddedMongo     : 2022-05-28T14:51:27.319+0200 I CONTROL  [initandlisten]     target_arch: x86_64
2022-05-28 14:51:27.321  INFO 19420 --- [       Thread-4] o.s.b.a.mongo.embedded.EmbeddedMongo     : 2022-05-28T14:51:27.319+0200 I CONTROL  [initandlisten] options: { net: { bindIp: "127.0.0.1", http: { enabled: false }, port: 55415 }, security: { authorization: "disabled" }, storage: { dbPath: "C:\Users\user\AppData\Local\Temp\embedmongo-db-5ed4e1eb-efa4-4b50-9afc-9cfa437c3a7b", journal: { enabled: false }, mmapv1: { preallocDataFiles: false, smallFiles: true }, syncPeriodSecs: 0.0 } }
2022-05-28 14:51:27.322  INFO 19420 --- [       Thread-4] o.s.b.a.mongo.embedded.EmbeddedMongo     : 2022-05-28T14:51:27.320+0200 I STORAGE  [initandlisten] wiredtiger_open config: create,cache_size=3474M,session_max=20000,eviction=(threads_min=4,threads_max=4),config_base=false,statistics=(fast),log=(enabled=true,archive=true,path=journal,compressor=snappy),file_manager=(close_idle_time=100000),checkpoint=(wait=0,log_size=2GB),statistics_log=(wait=0),verbose=(recovery_progress),,log=(enabled=false),
2022-05-28 14:51:27.397  INFO 19420 --- [       Thread-4] o.s.b.a.mongo.embedded.EmbeddedMongo     : 2022-05-28T14:51:27.397+0200 W STORAGE  [initandlisten] Detected configuration for non-active storage engine mmapv1 when current storage engine is wiredTiger
2022-05-28 14:51:27.397  INFO 19420 --- [       Thread-4] o.s.b.a.mongo.embedded.EmbeddedMongo     : 2022-05-28T14:51:27.397+0200 I CONTROL  [initandlisten] 
2022-05-28 14:51:27.398  INFO 19420 --- [       Thread-4] o.s.b.a.mongo.embedded.EmbeddedMongo     : 2022-05-28T14:51:27.397+0200 I CONTROL  [initandlisten] ** NOTE: This is a development version (3.5.5) of MongoDB.
2022-05-28 14:51:27.398  INFO 19420 --- [       Thread-4] o.s.b.a.mongo.embedded.EmbeddedMongo     : 2022-05-28T14:51:27.397+0200 I CONTROL  [initandlisten] **       Not recommended for production.
2022-05-28 14:51:27.398  INFO 19420 --- [       Thread-4] o.s.b.a.mongo.embedded.EmbeddedMongo     : 2022-05-28T14:51:27.397+0200 I CONTROL  [initandlisten] 
2022-05-28 14:51:27.676  INFO 19420 --- [       Thread-4] o.s.b.a.mongo.embedded.EmbeddedMongo     : 2022-05-28T14:51:27.676+0200 I FTDC     [initandlisten] Initializing full-time diagnostic data capture with directory 'C:/Users/user/AppData/Local/Temp/embedmongo-db-5ed4e1eb-efa4-4b50-9afc-9cfa437c3a7b/diagnostic.data'
2022-05-28 14:51:27.710  INFO 19420 --- [       Thread-4] o.s.b.a.mongo.embedded.EmbeddedMongo     : 2022-05-28T14:51:27.710+0200 I INDEX    [initandlisten] build index on: admin.system.version properties: { v: 2, key: { version: 1 }, name: "incompatible_with_version_32", ns: "admin.system.version" }
2022-05-28 14:51:27.711  INFO 19420 --- [       Thread-4] o.s.b.a.mongo.embedded.EmbeddedMongo     : 2022-05-28T14:51:27.710+0200 I INDEX    [initandlisten] 	 building index using bulk method; build may temporarily use up to 500 megabytes of RAM
2022-05-28 14:51:27.715  INFO 19420 --- [       Thread-4] o.s.b.a.mongo.embedded.EmbeddedMongo     : 2022-05-28T14:51:27.715+0200 I INDEX    [initandlisten] build index done.  scanned 0 total records. 0 secs
2022-05-28 14:51:27.718  INFO 19420 --- [       Thread-4] o.s.b.a.mongo.embedded.EmbeddedMongo     : 2022-05-28T14:51:27.718+0200 I COMMAND  [initandlisten] setting featureCompatibilityVersion to 3.4
2022-05-28 14:51:27.719  INFO 19420 --- [       Thread-4] o.s.b.a.mongo.embedded.EmbeddedMongo     : 2022-05-28T14:51:27.719+0200 I NETWORK  [thread1] waiting for connections on port 55415
2022-05-28 14:51:27.720  INFO 19420 --- [    Test worker] d.f.embed.mongo.MongodExecutable         : start de.flapdoodle.embed.mongo.config.MongodConfigBuilder$ImmutableMongodConfig@1e37d770
2022-05-28 14:51:27.796  INFO 19420 --- [    Test worker] org.mongodb.driver.cluster               : Cluster created with settings {hosts=[localhost:55415], mode=SINGLE, requiredClusterType=UNKNOWN, serverSelectionTimeout='30000 ms'}
2022-05-28 14:51:27.847  INFO 19420 --- [       Thread-4] o.s.b.a.mongo.embedded.EmbeddedMongo     : 2022-05-28T14:51:27.847+0200 I NETWORK  [thread1] connection accepted from 127.0.0.1:55420 #1 (1 connection now open)
2022-05-28 14:51:27.865  INFO 19420 --- [       Thread-4] o.s.b.a.mongo.embedded.EmbeddedMongo     : 2022-05-28T14:51:27.865+0200 I NETWORK  [conn1] received client metadata from 127.0.0.1:55420 conn1: { driver: { name: "mongo-java-driver|sync|spring-boot", version: "4.0.5" }, os: { type: "Windows", name: "Windows 10", architecture: "amd64", version: "10.0" }, platform: "Java/Oracle Corporation/11.0.9+7-LTS" }
2022-05-28 14:51:27.882  INFO 19420 --- [localhost:55415] org.mongodb.driver.connection            : Opened connection [connectionId{localValue:1, serverValue:1}] to localhost:55415
2022-05-28 14:51:27.886  INFO 19420 --- [localhost:55415] org.mongodb.driver.cluster               : Monitor thread successfully connected to server with description ServerDescription{address=localhost:55415, type=STANDALONE, state=CONNECTED, ok=true, minWireVersion=0, maxWireVersion=5, maxDocumentSize=16777216, logicalSessionTimeoutMinutes=null, roundTripTimeNanos=1551400}
2022-05-28 14:51:28.810  INFO 19420 --- [    Test worker] o.s.b.a.e.web.EndpointLinksResolver      : Exposing 2 endpoint(s) beneath base path '/actuator'
2022-05-28 14:51:30.094  INFO 19420 --- [    Test worker] o.s.b.web.embedded.netty.NettyWebServer  : Netty started on port(s): 55439
2022-05-28 14:51:30.134  INFO 19420 --- [       Thread-4] o.s.b.a.mongo.embedded.EmbeddedMongo     : 2022-05-28T14:51:30.135+0200 I NETWORK  [thread1] connection accepted from 127.0.0.1:55440 #2 (2 connections now open)
2022-05-28 14:51:30.135  INFO 19420 --- [       Thread-4] o.s.b.a.mongo.embedded.EmbeddedMongo     : 2022-05-28T14:51:30.136+0200 I NETWORK  [conn2] received client metadata from 127.0.0.1:55440 conn2: { driver: { name: "mongo-java-driver|sync|spring-boot", version: "4.0.5" }, os: { type: "Windows", name: "Windows 10", architecture: "amd64", version: "10.0" }, platform: "Java/Oracle Corporation/11.0.9+7-LTS" }
2022-05-28 14:51:30.137  INFO 19420 --- [    Test worker] org.mongodb.driver.connection            : Opened connection [connectionId{localValue:2, serverValue:2}] to localhost:55415
2022-05-28 14:51:30.182  INFO 19420 --- [       Thread-4] o.s.b.a.mongo.embedded.EmbeddedMongo     : 2022-05-28T14:51:30.182+0200 I INDEX    [conn2] build index on: insurance-company-db.insuranceCompanys properties: { v: 2, unique: true, key: { insuranceCompanyId: 1 }, name: "insuranceCompanyId", ns: "insurance-company-db.insuranceCompanys" }
2022-05-28 14:51:30.182  INFO 19420 --- [       Thread-4] o.s.b.a.mongo.embedded.EmbeddedMongo     : 2022-05-28T14:51:30.182+0200 I INDEX    [conn2] 	 building index using bulk method; build may temporarily use up to 500 megabytes of RAM
2022-05-28 14:51:30.186  INFO 19420 --- [       Thread-4] o.s.b.a.mongo.embedded.EmbeddedMongo     : 2022-05-28T14:51:30.186+0200 I INDEX    [conn2] build index done.  scanned 0 total records. 0 secs
2022-05-28 14:51:30.199  INFO 19420 --- [    Test worker] .InsuranceCompanyServiceApplicationTests : Started InsuranceCompanyServiceApplicationTests in 5.809 seconds (JVM running for 7.552)
2022-05-28 14:51:30.687 DEBUG 19420 --- [    Test worker] o.s.data.mongodb.core.MongoTemplate      : Remove using query: {} in collection: insuranceCompanys.
2022-05-28 14:51:31.158 DEBUG 19420 --- [ctor-http-nio-3] o.s.data.mongodb.core.MongoTemplate      : Inserting Document containing fields: [version, insuranceCompanyId, name, city, address, phoneNumber, _class] in collection: insuranceCompanys
2022-05-28 14:51:31.169 DEBUG 19420 --- [ctor-http-nio-3] s.m.m.c.i.s.InsuranceCompanyServiceImpl  : createInsuranceCompany: entity created for insuranceCompanyId: 1
2022-05-28 14:51:31.212 DEBUG 19420 --- [    Test worker] o.s.data.mongodb.core.MongoTemplate      : find using query: { "insuranceCompanyId" : 1} fields: Document{{}} for class: class se.magnus.microservices.core.insurancecompany.persistence.InsuranceCompanyEntity in collection: insuranceCompanys
2022-05-28 14:51:31.254 DEBUG 19420 --- [    Test worker] o.s.data.mongodb.core.MongoTemplate      : Remove using query: {} in collection: insuranceCompanys.
2022-05-28 14:51:31.267 DEBUG 19420 --- [ctor-http-nio-3] o.s.data.mongodb.core.MongoTemplate      : find using query: { "insuranceCompanyId" : 13} fields: Document{{}} for class: class se.magnus.microservices.core.insurancecompany.persistence.InsuranceCompanyEntity in collection: insuranceCompanys
2022-05-28 14:51:31.276 DEBUG 19420 --- [ctor-http-nio-3] s.m.u.h.GlobalControllerExceptionHandler : Returning HTTP status: 404 NOT_FOUND for path: /insuranceCompany/13, message: No insurance company found for insuranceCompanyId: 13
2022-05-28 14:51:31.332 DEBUG 19420 --- [    Test worker] o.s.data.mongodb.core.MongoTemplate      : Remove using query: {} in collection: insuranceCompanys.
2022-05-28 14:51:31.369 DEBUG 19420 --- [    Test worker] o.s.data.mongodb.core.MongoTemplate      : Remove using query: {} in collection: insuranceCompanys.
2022-05-28 14:51:31.376 DEBUG 19420 --- [ctor-http-nio-3] o.s.data.mongodb.core.MongoTemplate      : Inserting Document containing fields: [version, insuranceCompanyId, name, city, address, phoneNumber, _class] in collection: insuranceCompanys
2022-05-28 14:51:31.377 DEBUG 19420 --- [ctor-http-nio-3] s.m.m.c.i.s.InsuranceCompanyServiceImpl  : createInsuranceCompany: entity created for insuranceCompanyId: 1
2022-05-28 14:51:31.382 DEBUG 19420 --- [    Test worker] o.s.data.mongodb.core.MongoTemplate      : find using query: { "insuranceCompanyId" : 1} fields: Document{{}} for class: class se.magnus.microservices.core.insurancecompany.persistence.InsuranceCompanyEntity in collection: insuranceCompanys
2022-05-28 14:51:31.388 DEBUG 19420 --- [    Test worker] o.s.data.mongodb.core.MongoTemplate      : Remove using query: {} in collection: insuranceCompanys.
2022-05-28 14:51:31.394 DEBUG 19420 --- [ctor-http-nio-3] o.s.data.mongodb.core.MongoTemplate      : Inserting Document containing fields: [version, insuranceCompanyId, name, city, address, phoneNumber, _class] in collection: insuranceCompanys
2022-05-28 14:51:31.397 DEBUG 19420 --- [ctor-http-nio-3] s.m.m.c.i.s.InsuranceCompanyServiceImpl  : createInsuranceCompany: entity created for insuranceCompanyId: 1
2022-05-28 14:51:31.400 DEBUG 19420 --- [    Test worker] o.s.data.mongodb.core.MongoTemplate      : find using query: { "insuranceCompanyId" : 1} fields: Document{{}} for class: class se.magnus.microservices.core.insurancecompany.persistence.InsuranceCompanyEntity in collection: insuranceCompanys
2022-05-28 14:51:31.405 DEBUG 19420 --- [ctor-http-nio-3] s.m.m.c.i.s.InsuranceCompanyServiceImpl  : deleteInsuranceCompany: tries to delete an entity with insuranceCompanyId: 1
2022-05-28 14:51:31.406 DEBUG 19420 --- [ctor-http-nio-3] o.s.data.mongodb.core.MongoTemplate      : find using query: { "insuranceCompanyId" : 1} fields: Document{{}} for class: class se.magnus.microservices.core.insurancecompany.persistence.InsuranceCompanyEntity in collection: insuranceCompanys
2022-05-28 14:51:31.409 DEBUG 19420 --- [ctor-http-nio-3] o.s.data.mongodb.core.MongoTemplate      : Remove using query: { "_id" : { "$oid" : "62921ad3c302337edbc5b0fb"}, "version" : 0} in collection: insuranceCompanys.
2022-05-28 14:51:31.414 DEBUG 19420 --- [    Test worker] o.s.data.mongodb.core.MongoTemplate      : find using query: { "insuranceCompanyId" : 1} fields: Document{{}} for class: class se.magnus.microservices.core.insurancecompany.persistence.InsuranceCompanyEntity in collection: insuranceCompanys
2022-05-28 14:51:31.419 DEBUG 19420 --- [ctor-http-nio-3] s.m.m.c.i.s.InsuranceCompanyServiceImpl  : deleteInsuranceCompany: tries to delete an entity with insuranceCompanyId: 1
2022-05-28 14:51:31.420 DEBUG 19420 --- [ctor-http-nio-3] o.s.data.mongodb.core.MongoTemplate      : find using query: { "insuranceCompanyId" : 1} fields: Document{{}} for class: class se.magnus.microservices.core.insurancecompany.persistence.InsuranceCompanyEntity in collection: insuranceCompanys
2022-05-28 14:51:31.429 DEBUG 19420 --- [    Test worker] o.s.data.mongodb.core.MongoTemplate      : Remove using query: {} in collection: insuranceCompanys.
2022-05-28 14:51:31.435 DEBUG 19420 --- [ctor-http-nio-3] s.m.u.h.GlobalControllerExceptionHandler : Returning HTTP status: 422 UNPROCESSABLE_ENTITY for path: /insuranceCompany/-1, message: Invalid insuranceCompanyId: -1
]]></system-out>
  <system-err><![CDATA[]]></system-err>
</testsuite>
