<?xml version="1.0" encoding="UTF-8"?>
<testsuite name="se.magnus.microservices.core.insurancecompany.PersistenceTests" tests="5" skipped="0" failures="0" errors="0" timestamp="2022-07-05T22:15:16" hostname="DESKTOP-HJGV6OB" time="0.279">
  <properties/>
  <testcase name="optimisticLockError" classname="se.magnus.microservices.core.insurancecompany.PersistenceTests" time="0.162"/>
  <testcase name="createInsuranceCompany" classname="se.magnus.microservices.core.insurancecompany.PersistenceTests" time="0.035"/>
  <testcase name="getByInsuranceCompanyId" classname="se.magnus.microservices.core.insurancecompany.PersistenceTests" time="0.022"/>
  <testcase name="deleteInsuranceCompany" classname="se.magnus.microservices.core.insurancecompany.PersistenceTests" time="0.028"/>
  <testcase name="updateInsuranceCompany" classname="se.magnus.microservices.core.insurancecompany.PersistenceTests" time="0.028"/>
  <system-out><![CDATA[2022-07-06 00:15:12.258  INFO 9568 --- [    Test worker] t.a.d.m.DataMongoTestContextBootstrapper : Neither @ContextConfiguration nor @ContextHierarchy found for test class [se.magnus.microservices.core.insurancecompany.PersistenceTests], using SpringBootContextLoader
2022-07-06 00:15:12.260  INFO 9568 --- [    Test worker] o.s.t.c.support.AbstractContextLoader    : Could not detect default resource locations for test class [se.magnus.microservices.core.insurancecompany.PersistenceTests]: no resource found for suffixes {-context.xml, Context.groovy}.
2022-07-06 00:15:12.260  INFO 9568 --- [    Test worker] t.c.s.AnnotationConfigContextLoaderUtils : Could not detect default configuration classes for test class [se.magnus.microservices.core.insurancecompany.PersistenceTests]: PersistenceTests does not declare any static, non-private, non-final, nested classes annotated with @Configuration.
2022-07-06 00:15:12.285  INFO 9568 --- [    Test worker] .b.t.c.SpringBootTestContextBootstrapper : Found @SpringBootConfiguration se.magnus.microservices.core.insurancecompany.InsuranceCompanyServiceApplication for test class se.magnus.microservices.core.insurancecompany.PersistenceTests
2022-07-06 00:15:12.286  INFO 9568 --- [    Test worker] t.a.d.m.DataMongoTestContextBootstrapper : Loaded default TestExecutionListener class names from location [META-INF/spring.factories]: [org.springframework.boot.test.autoconfigure.restdocs.RestDocsTestExecutionListener, org.springframework.boot.test.autoconfigure.web.client.MockRestServiceServerResetTestExecutionListener, org.springframework.boot.test.autoconfigure.web.servlet.MockMvcPrintOnlyOnFailureTestExecutionListener, org.springframework.boot.test.autoconfigure.web.servlet.WebDriverTestExecutionListener, org.springframework.boot.test.autoconfigure.webservices.client.MockWebServiceServerTestExecutionListener, org.springframework.boot.test.mock.mockito.MockitoTestExecutionListener, org.springframework.boot.test.mock.mockito.ResetMocksTestExecutionListener, org.springframework.test.context.web.ServletTestExecutionListener, org.springframework.test.context.support.DirtiesContextBeforeModesTestExecutionListener, org.springframework.test.context.support.DependencyInjectionTestExecutionListener, org.springframework.test.context.support.DirtiesContextTestExecutionListener, org.springframework.test.context.transaction.TransactionalTestExecutionListener, org.springframework.test.context.jdbc.SqlScriptsTestExecutionListener, org.springframework.test.context.event.EventPublishingTestExecutionListener]
2022-07-06 00:15:12.288  INFO 9568 --- [    Test worker] t.a.d.m.DataMongoTestContextBootstrapper : Using TestExecutionListeners: [org.springframework.test.context.support.DirtiesContextBeforeModesTestExecutionListener@4c692b77, org.springframework.boot.test.mock.mockito.MockitoTestExecutionListener@313c58ef, org.springframework.boot.test.autoconfigure.SpringBootDependencyInjectionTestExecutionListener@21babd59, org.springframework.test.context.support.DirtiesContextTestExecutionListener@1662358f, org.springframework.test.context.transaction.TransactionalTestExecutionListener@13d586a7, org.springframework.test.context.jdbc.SqlScriptsTestExecutionListener@407d5f12, org.springframework.test.context.event.EventPublishingTestExecutionListener@34597231, org.springframework.boot.test.autoconfigure.restdocs.RestDocsTestExecutionListener@3310f778, org.springframework.boot.test.autoconfigure.web.client.MockRestServiceServerResetTestExecutionListener@c4fbf03, org.springframework.boot.test.autoconfigure.web.servlet.MockMvcPrintOnlyOnFailureTestExecutionListener@2660f457, org.springframework.boot.test.autoconfigure.web.servlet.WebDriverTestExecutionListener@5957d250, org.springframework.boot.test.autoconfigure.webservices.client.MockWebServiceServerTestExecutionListener@6dc84535, org.springframework.boot.test.mock.mockito.ResetMocksTestExecutionListener@1c0e5828]

  .   ____          _            __ _ _
 /\\ / ___'_ __ _ _(_)_ __  __ _ \ \ \ \
( ( )\___ | '_ | '_| | '_ \/ _` | \ \ \ \
 \\/  ___)| |_)| | | | | || (_| |  ) ) ) )
  '  |____| .__|_| |_|_| |_\__, | / / / /
 =========|_|==============|___/=/_/_/_/
 :: Spring Boot ::        (v2.3.2.RELEASE)

2022-07-06 00:15:14.245  INFO 9568 --- [    Test worker] s.m.m.c.i.PersistenceTests               : No active profile set, falling back to default profiles: default
2022-07-06 00:15:14.509  INFO 9568 --- [    Test worker] .s.d.r.c.RepositoryConfigurationDelegate : Bootstrapping Spring Data Reactive MongoDB repositories in DEFAULT mode.
2022-07-06 00:15:14.542  INFO 9568 --- [    Test worker] .s.d.r.c.RepositoryConfigurationDelegate : Finished Spring Data repository scanning in 32ms. Found 1 Reactive MongoDB repository interfaces.
2022-07-06 00:15:14.563  INFO 9568 --- [    Test worker] faultConfiguringBeanFactoryPostProcessor : No bean named 'errorChannel' has been explicitly defined. Therefore, a default PublishSubscribeChannel will be created.
2022-07-06 00:15:14.563  INFO 9568 --- [    Test worker] faultConfiguringBeanFactoryPostProcessor : No bean named 'taskScheduler' has been explicitly defined. Therefore, a default ThreadPoolTaskScheduler will be created.
2022-07-06 00:15:14.567  INFO 9568 --- [    Test worker] faultConfiguringBeanFactoryPostProcessor : No bean named 'integrationHeaderChannelRegistry' has been explicitly defined. Therefore, a default DefaultHeaderChannelRegistry will be created.
2022-07-06 00:15:14.590  INFO 9568 --- [    Test worker] trationDelegate$BeanPostProcessorChecker : Bean 'integrationChannelResolver' of type [org.springframework.integration.support.channel.BeanFactoryChannelResolver] is not eligible for getting processed by all BeanPostProcessors (for example: not eligible for auto-proxying)
2022-07-06 00:15:14.600  INFO 9568 --- [    Test worker] trationDelegate$BeanPostProcessorChecker : Bean 'integrationDisposableAutoCreatedBeans' of type [org.springframework.integration.config.annotation.Disposables] is not eligible for getting processed by all BeanPostProcessors (for example: not eligible for auto-proxying)
2022-07-06 00:15:15.407  INFO 9568 --- [      Thread-21] o.s.b.a.mongo.embedded.EmbeddedMongo     : note: noprealloc may hurt performance in many applications
2022-07-06 00:15:15.472  INFO 9568 --- [      Thread-21] o.s.b.a.mongo.embedded.EmbeddedMongo     : 2022-07-06T00:15:15.471+0200 I CONTROL  [initandlisten] MongoDB starting : pid=16000 port=27017 dbpath=C:\Users\user\AppData\Local\Temp\embedmongo-db-17cf833b-cd13-4ec3-b222-f5e59c3648a4 64-bit host=DESKTOP-HJGV6OB
2022-07-06 00:15:15.473  INFO 9568 --- [      Thread-21] o.s.b.a.mongo.embedded.EmbeddedMongo     : 2022-07-06T00:15:15.472+0200 I CONTROL  [initandlisten] targetMinOS: Windows Vista/Windows Server 2008
2022-07-06 00:15:15.473  INFO 9568 --- [      Thread-21] o.s.b.a.mongo.embedded.EmbeddedMongo     : 2022-07-06T00:15:15.472+0200 I CONTROL  [initandlisten] db version v3.5.5
2022-07-06 00:15:15.473  INFO 9568 --- [      Thread-21] o.s.b.a.mongo.embedded.EmbeddedMongo     : 2022-07-06T00:15:15.472+0200 I CONTROL  [initandlisten] git version: 98515c812b6fa893613f063dae568ff8319cbfbd
2022-07-06 00:15:15.473  INFO 9568 --- [      Thread-21] o.s.b.a.mongo.embedded.EmbeddedMongo     : 2022-07-06T00:15:15.472+0200 I CONTROL  [initandlisten] allocator: tcmalloc
2022-07-06 00:15:15.474  INFO 9568 --- [      Thread-21] o.s.b.a.mongo.embedded.EmbeddedMongo     : 2022-07-06T00:15:15.472+0200 I CONTROL  [initandlisten] modules: none
2022-07-06 00:15:15.474  INFO 9568 --- [      Thread-21] o.s.b.a.mongo.embedded.EmbeddedMongo     : 2022-07-06T00:15:15.472+0200 I CONTROL  [initandlisten] build environment:
2022-07-06 00:15:15.474  INFO 9568 --- [      Thread-21] o.s.b.a.mongo.embedded.EmbeddedMongo     : 2022-07-06T00:15:15.472+0200 I CONTROL  [initandlisten]     distarch: x86_64
2022-07-06 00:15:15.474  INFO 9568 --- [      Thread-21] o.s.b.a.mongo.embedded.EmbeddedMongo     : 2022-07-06T00:15:15.472+0200 I CONTROL  [initandlisten]     target_arch: x86_64
2022-07-06 00:15:15.474  INFO 9568 --- [      Thread-21] o.s.b.a.mongo.embedded.EmbeddedMongo     : 2022-07-06T00:15:15.472+0200 I CONTROL  [initandlisten] options: { net: { bindIp: "127.0.0.1", http: { enabled: false }, port: 27017 }, security: { authorization: "disabled" }, storage: { dbPath: "C:\Users\user\AppData\Local\Temp\embedmongo-db-17cf833b-cd13-4ec3-b222-f5e59c3648a4", journal: { enabled: false }, mmapv1: { preallocDataFiles: false, smallFiles: true }, syncPeriodSecs: 0.0 } }
2022-07-06 00:15:15.475  INFO 9568 --- [      Thread-21] o.s.b.a.mongo.embedded.EmbeddedMongo     : 2022-07-06T00:15:15.475+0200 I STORAGE  [initandlisten] wiredtiger_open config: create,cache_size=3474M,session_max=20000,eviction=(threads_min=4,threads_max=4),config_base=false,statistics=(fast),log=(enabled=true,archive=true,path=journal,compressor=snappy),file_manager=(close_idle_time=100000),checkpoint=(wait=0,log_size=2GB),statistics_log=(wait=0),verbose=(recovery_progress),,log=(enabled=false),
2022-07-06 00:15:15.545  INFO 9568 --- [      Thread-21] o.s.b.a.mongo.embedded.EmbeddedMongo     : 2022-07-06T00:15:15.545+0200 W STORAGE  [initandlisten] Detected configuration for non-active storage engine mmapv1 when current storage engine is wiredTiger
2022-07-06 00:15:15.546  INFO 9568 --- [      Thread-21] o.s.b.a.mongo.embedded.EmbeddedMongo     : 2022-07-06T00:15:15.545+0200 I CONTROL  [initandlisten] 
2022-07-06 00:15:15.547  INFO 9568 --- [      Thread-21] o.s.b.a.mongo.embedded.EmbeddedMongo     : 2022-07-06T00:15:15.545+0200 I CONTROL  [initandlisten] ** NOTE: This is a development version (3.5.5) of MongoDB.
2022-07-06 00:15:15.547  INFO 9568 --- [      Thread-21] o.s.b.a.mongo.embedded.EmbeddedMongo     : 2022-07-06T00:15:15.546+0200 I CONTROL  [initandlisten] **       Not recommended for production.
2022-07-06 00:15:15.547  INFO 9568 --- [      Thread-21] o.s.b.a.mongo.embedded.EmbeddedMongo     : 2022-07-06T00:15:15.546+0200 I CONTROL  [initandlisten] 
2022-07-06 00:15:15.879  INFO 9568 --- [      Thread-21] o.s.b.a.mongo.embedded.EmbeddedMongo     : 2022-07-06T00:15:15.879+0200 I FTDC     [initandlisten] Initializing full-time diagnostic data capture with directory 'C:/Users/user/AppData/Local/Temp/embedmongo-db-17cf833b-cd13-4ec3-b222-f5e59c3648a4/diagnostic.data'
2022-07-06 00:15:15.921  INFO 9568 --- [      Thread-21] o.s.b.a.mongo.embedded.EmbeddedMongo     : 2022-07-06T00:15:15.921+0200 I INDEX    [initandlisten] build index on: admin.system.version properties: { v: 2, key: { version: 1 }, name: "incompatible_with_version_32", ns: "admin.system.version" }
2022-07-06 00:15:15.921  INFO 9568 --- [      Thread-21] o.s.b.a.mongo.embedded.EmbeddedMongo     : 2022-07-06T00:15:15.921+0200 I INDEX    [initandlisten] 	 building index using bulk method; build may temporarily use up to 500 megabytes of RAM
2022-07-06 00:15:15.925  INFO 9568 --- [      Thread-21] o.s.b.a.mongo.embedded.EmbeddedMongo     : 2022-07-06T00:15:15.925+0200 I INDEX    [initandlisten] build index done.  scanned 0 total records. 0 secs
2022-07-06 00:15:15.927  INFO 9568 --- [      Thread-21] o.s.b.a.mongo.embedded.EmbeddedMongo     : 2022-07-06T00:15:15.927+0200 I COMMAND  [initandlisten] setting featureCompatibilityVersion to 3.4
2022-07-06 00:15:15.927  INFO 9568 --- [      Thread-21] o.s.b.a.mongo.embedded.EmbeddedMongo     : 2022-07-06T00:15:15.928+0200 I NETWORK  [thread1] waiting for connections on port 27017
2022-07-06 00:15:15.929  INFO 9568 --- [    Test worker] d.f.embed.mongo.MongodExecutable         : start de.flapdoodle.embed.mongo.config.MongodConfigBuilder$ImmutableMongodConfig@17e5f5fd
2022-07-06 00:15:15.969  INFO 9568 --- [    Test worker] org.mongodb.driver.cluster               : Cluster created with settings {hosts=[localhost:27017], mode=SINGLE, requiredClusterType=UNKNOWN, serverSelectionTimeout='30000 ms'}
2022-07-06 00:15:15.976  INFO 9568 --- [      Thread-21] o.s.b.a.mongo.embedded.EmbeddedMongo     : 2022-07-06T00:15:15.976+0200 I NETWORK  [thread1] connection accepted from 127.0.0.1:52796 #1 (1 connection now open)
2022-07-06 00:15:15.979  INFO 9568 --- [      Thread-21] o.s.b.a.mongo.embedded.EmbeddedMongo     : 2022-07-06T00:15:15.979+0200 I NETWORK  [conn1] received client metadata from 127.0.0.1:52796 conn1: { driver: { name: "mongo-java-driver|reactive-streams|spring-boot", version: "4.0.5" }, os: { type: "Windows", name: "Windows 10", architecture: "amd64", version: "10.0" }, platform: "Java/Oracle Corporation/1.8.0_271-b09" }
2022-07-06 00:15:15.984  INFO 9568 --- [localhost:27017] org.mongodb.driver.connection            : Opened connection [connectionId{localValue:3, serverValue:1}] to localhost:27017
2022-07-06 00:15:15.989  INFO 9568 --- [localhost:27017] org.mongodb.driver.cluster               : Monitor thread successfully connected to server with description ServerDescription{address=localhost:27017, type=STANDALONE, state=CONNECTED, ok=true, minWireVersion=0, maxWireVersion=5, maxDocumentSize=16777216, logicalSessionTimeoutMinutes=null, roundTripTimeNanos=4600900}
2022-07-06 00:15:16.005  WARN 9568 --- [    Test worker] o.s.data.convert.CustomConversions       : Registering converter from class java.time.LocalDateTime to class org.joda.time.LocalDateTime as reading converter although it doesn't convert from a store-supported type! You might want to check your annotation setup at the converter implementation.
2022-07-06 00:15:16.053  WARN 9568 --- [    Test worker] o.s.data.convert.CustomConversions       : Registering converter from class java.time.LocalDateTime to class org.joda.time.LocalDateTime as reading converter although it doesn't convert from a store-supported type! You might want to check your annotation setup at the converter implementation.
2022-07-06 00:15:16.699  INFO 9568 --- [    Test worker] o.s.s.c.ThreadPoolTaskScheduler          : Initializing ExecutorService 'taskScheduler'
2022-07-06 00:15:16.815  INFO 9568 --- [    Test worker] o.s.i.endpoint.EventDrivenConsumer       : Adding {logging-channel-adapter:_org.springframework.integration.errorLogger} as a subscriber to the 'errorChannel' channel
2022-07-06 00:15:16.816  INFO 9568 --- [    Test worker] o.s.i.channel.PublishSubscribeChannel    : Channel 'application-1.errorChannel' has 1 subscriber(s).
2022-07-06 00:15:16.816  INFO 9568 --- [    Test worker] o.s.i.endpoint.EventDrivenConsumer       : started bean '_org.springframework.integration.errorLogger'
2022-07-06 00:15:16.818  INFO 9568 --- [    Test worker] s.m.m.c.i.PersistenceTests               : Started PersistenceTests in 4.525 seconds (JVM running for 31.264)
2022-07-06 00:15:16.874  INFO 9568 --- [      Thread-21] o.s.b.a.mongo.embedded.EmbeddedMongo     : 2022-07-06T00:15:16.874+0200 I NETWORK  [thread1] connection accepted from 127.0.0.1:52797 #2 (2 connections now open)
2022-07-06 00:15:16.876  INFO 9568 --- [      Thread-21] o.s.b.a.mongo.embedded.EmbeddedMongo     : 2022-07-06T00:15:16.876+0200 I NETWORK  [conn2] received client metadata from 127.0.0.1:52797 conn2: { driver: { name: "mongo-java-driver|reactive-streams|spring-boot", version: "4.0.5" }, os: { type: "Windows", name: "Windows 10", architecture: "amd64", version: "10.0" }, platform: "Java/Oracle Corporation/1.8.0_271-b09" }
2022-07-06 00:15:16.878  INFO 9568 --- [ntLoopGroup-4-2] org.mongodb.driver.connection            : Opened connection [connectionId{localValue:4, serverValue:2}] to localhost:27017
]]></system-out>
  <system-err><![CDATA[]]></system-err>
</testsuite>
