<?xml version="1.0" encoding="UTF-8"?>
<testsuite name="se.magnus.microservices.core.insurancecompany.PersistenceTests" tests="5" skipped="0" failures="0" errors="0" timestamp="2022-07-04T14:29:39" hostname="DESKTOP-HJGV6OB" time="0.235">
  <properties/>
  <testcase name="optimisticLockError" classname="se.magnus.microservices.core.insurancecompany.PersistenceTests" time="0.145"/>
  <testcase name="createInsuranceCompany" classname="se.magnus.microservices.core.insurancecompany.PersistenceTests" time="0.029"/>
  <testcase name="getByInsuranceCompanyId" classname="se.magnus.microservices.core.insurancecompany.PersistenceTests" time="0.017"/>
  <testcase name="deleteInsuranceCompany" classname="se.magnus.microservices.core.insurancecompany.PersistenceTests" time="0.021"/>
  <testcase name="updateInsuranceCompany" classname="se.magnus.microservices.core.insurancecompany.PersistenceTests" time="0.018"/>
  <system-out><![CDATA[2022-07-04 16:29:35.850  INFO 16972 --- [    Test worker] t.a.d.m.DataMongoTestContextBootstrapper : Neither @ContextConfiguration nor @ContextHierarchy found for test class [se.magnus.microservices.core.insurancecompany.PersistenceTests], using SpringBootContextLoader
2022-07-04 16:29:35.853  INFO 16972 --- [    Test worker] o.s.t.c.support.AbstractContextLoader    : Could not detect default resource locations for test class [se.magnus.microservices.core.insurancecompany.PersistenceTests]: no resource found for suffixes {-context.xml, Context.groovy}.
2022-07-04 16:29:35.853  INFO 16972 --- [    Test worker] t.c.s.AnnotationConfigContextLoaderUtils : Could not detect default configuration classes for test class [se.magnus.microservices.core.insurancecompany.PersistenceTests]: PersistenceTests does not declare any static, non-private, non-final, nested classes annotated with @Configuration.
2022-07-04 16:29:35.875  INFO 16972 --- [    Test worker] .b.t.c.SpringBootTestContextBootstrapper : Found @SpringBootConfiguration se.magnus.microservices.core.insurancecompany.InsuranceCompanyServiceApplication for test class se.magnus.microservices.core.insurancecompany.PersistenceTests
2022-07-04 16:29:35.875  INFO 16972 --- [    Test worker] t.a.d.m.DataMongoTestContextBootstrapper : Loaded default TestExecutionListener class names from location [META-INF/spring.factories]: [org.springframework.boot.test.autoconfigure.restdocs.RestDocsTestExecutionListener, org.springframework.boot.test.autoconfigure.web.client.MockRestServiceServerResetTestExecutionListener, org.springframework.boot.test.autoconfigure.web.servlet.MockMvcPrintOnlyOnFailureTestExecutionListener, org.springframework.boot.test.autoconfigure.web.servlet.WebDriverTestExecutionListener, org.springframework.boot.test.autoconfigure.webservices.client.MockWebServiceServerTestExecutionListener, org.springframework.boot.test.mock.mockito.MockitoTestExecutionListener, org.springframework.boot.test.mock.mockito.ResetMocksTestExecutionListener, org.springframework.test.context.web.ServletTestExecutionListener, org.springframework.test.context.support.DirtiesContextBeforeModesTestExecutionListener, org.springframework.test.context.support.DependencyInjectionTestExecutionListener, org.springframework.test.context.support.DirtiesContextTestExecutionListener, org.springframework.test.context.transaction.TransactionalTestExecutionListener, org.springframework.test.context.jdbc.SqlScriptsTestExecutionListener, org.springframework.test.context.event.EventPublishingTestExecutionListener]
2022-07-04 16:29:35.877  INFO 16972 --- [    Test worker] t.a.d.m.DataMongoTestContextBootstrapper : Using TestExecutionListeners: [org.springframework.test.context.support.DirtiesContextBeforeModesTestExecutionListener@540f9da6, org.springframework.boot.test.mock.mockito.MockitoTestExecutionListener@179c05be, org.springframework.boot.test.autoconfigure.SpringBootDependencyInjectionTestExecutionListener@409be1ee, org.springframework.test.context.support.DirtiesContextTestExecutionListener@73498523, org.springframework.test.context.transaction.TransactionalTestExecutionListener@5b03c441, org.springframework.test.context.jdbc.SqlScriptsTestExecutionListener@2cc59b6a, org.springframework.test.context.event.EventPublishingTestExecutionListener@334e8b8d, org.springframework.boot.test.autoconfigure.restdocs.RestDocsTestExecutionListener@c11605a, org.springframework.boot.test.autoconfigure.web.client.MockRestServiceServerResetTestExecutionListener@49f59c55, org.springframework.boot.test.autoconfigure.web.servlet.MockMvcPrintOnlyOnFailureTestExecutionListener@496b40ca, org.springframework.boot.test.autoconfigure.web.servlet.WebDriverTestExecutionListener@ebea889, org.springframework.boot.test.autoconfigure.webservices.client.MockWebServiceServerTestExecutionListener@9aa0ab4, org.springframework.boot.test.mock.mockito.ResetMocksTestExecutionListener@6c5828e0]

  .   ____          _            __ _ _
 /\\ / ___'_ __ _ _(_)_ __  __ _ \ \ \ \
( ( )\___ | '_ | '_| | '_ \/ _` | \ \ \ \
 \\/  ___)| |_)| | | | | || (_| |  ) ) ) )
  '  |____| .__|_| |_|_| |_\__, | / / / /
 =========|_|==============|___/=/_/_/_/
 :: Spring Boot ::        (v2.3.2.RELEASE)

2022-07-04 16:29:37.123  INFO 16972 --- [    Test worker] s.m.m.c.i.PersistenceTests               : No active profile set, falling back to default profiles: default
2022-07-04 16:29:37.288  INFO 16972 --- [    Test worker] .s.d.r.c.RepositoryConfigurationDelegate : Bootstrapping Spring Data Reactive MongoDB repositories in DEFAULT mode.
2022-07-04 16:29:37.307  INFO 16972 --- [    Test worker] .s.d.r.c.RepositoryConfigurationDelegate : Finished Spring Data repository scanning in 19ms. Found 1 Reactive MongoDB repository interfaces.
2022-07-04 16:29:37.320  INFO 16972 --- [    Test worker] faultConfiguringBeanFactoryPostProcessor : No bean named 'errorChannel' has been explicitly defined. Therefore, a default PublishSubscribeChannel will be created.
2022-07-04 16:29:37.321  INFO 16972 --- [    Test worker] faultConfiguringBeanFactoryPostProcessor : No bean named 'taskScheduler' has been explicitly defined. Therefore, a default ThreadPoolTaskScheduler will be created.
2022-07-04 16:29:37.325  INFO 16972 --- [    Test worker] faultConfiguringBeanFactoryPostProcessor : No bean named 'integrationHeaderChannelRegistry' has been explicitly defined. Therefore, a default DefaultHeaderChannelRegistry will be created.
2022-07-04 16:29:37.339  INFO 16972 --- [    Test worker] trationDelegate$BeanPostProcessorChecker : Bean 'integrationChannelResolver' of type [org.springframework.integration.support.channel.BeanFactoryChannelResolver] is not eligible for getting processed by all BeanPostProcessors (for example: not eligible for auto-proxying)
2022-07-04 16:29:37.350  INFO 16972 --- [    Test worker] trationDelegate$BeanPostProcessorChecker : Bean 'integrationDisposableAutoCreatedBeans' of type [org.springframework.integration.config.annotation.Disposables] is not eligible for getting processed by all BeanPostProcessors (for example: not eligible for auto-proxying)
2022-07-04 16:29:38.121  INFO 16972 --- [      Thread-21] o.s.b.a.mongo.embedded.EmbeddedMongo     : note: noprealloc may hurt performance in many applications
2022-07-04 16:29:38.183  INFO 16972 --- [      Thread-21] o.s.b.a.mongo.embedded.EmbeddedMongo     : 2022-07-04T16:29:38.183+0200 I CONTROL  [initandlisten] MongoDB starting : pid=3132 port=27017 dbpath=C:\Users\user\AppData\Local\Temp\embedmongo-db-4ee5f919-27bd-4a77-82a9-d40b3428f1b5 64-bit host=DESKTOP-HJGV6OB
2022-07-04 16:29:38.183  INFO 16972 --- [      Thread-21] o.s.b.a.mongo.embedded.EmbeddedMongo     : 2022-07-04T16:29:38.183+0200 I CONTROL  [initandlisten] targetMinOS: Windows Vista/Windows Server 2008
2022-07-04 16:29:38.184  INFO 16972 --- [      Thread-21] o.s.b.a.mongo.embedded.EmbeddedMongo     : 2022-07-04T16:29:38.183+0200 I CONTROL  [initandlisten] db version v3.5.5
2022-07-04 16:29:38.184  INFO 16972 --- [      Thread-21] o.s.b.a.mongo.embedded.EmbeddedMongo     : 2022-07-04T16:29:38.183+0200 I CONTROL  [initandlisten] git version: 98515c812b6fa893613f063dae568ff8319cbfbd
2022-07-04 16:29:38.184  INFO 16972 --- [      Thread-21] o.s.b.a.mongo.embedded.EmbeddedMongo     : 2022-07-04T16:29:38.183+0200 I CONTROL  [initandlisten] allocator: tcmalloc
2022-07-04 16:29:38.184  INFO 16972 --- [      Thread-21] o.s.b.a.mongo.embedded.EmbeddedMongo     : 2022-07-04T16:29:38.183+0200 I CONTROL  [initandlisten] modules: none
2022-07-04 16:29:38.184  INFO 16972 --- [      Thread-21] o.s.b.a.mongo.embedded.EmbeddedMongo     : 2022-07-04T16:29:38.183+0200 I CONTROL  [initandlisten] build environment:
2022-07-04 16:29:38.184  INFO 16972 --- [      Thread-21] o.s.b.a.mongo.embedded.EmbeddedMongo     : 2022-07-04T16:29:38.183+0200 I CONTROL  [initandlisten]     distarch: x86_64
2022-07-04 16:29:38.185  INFO 16972 --- [      Thread-21] o.s.b.a.mongo.embedded.EmbeddedMongo     : 2022-07-04T16:29:38.183+0200 I CONTROL  [initandlisten]     target_arch: x86_64
2022-07-04 16:29:38.185  INFO 16972 --- [      Thread-21] o.s.b.a.mongo.embedded.EmbeddedMongo     : 2022-07-04T16:29:38.183+0200 I CONTROL  [initandlisten] options: { net: { bindIp: "127.0.0.1", http: { enabled: false }, port: 27017 }, security: { authorization: "disabled" }, storage: { dbPath: "C:\Users\user\AppData\Local\Temp\embedmongo-db-4ee5f919-27bd-4a77-82a9-d40b3428f1b5", journal: { enabled: false }, mmapv1: { preallocDataFiles: false, smallFiles: true }, syncPeriodSecs: 0.0 } }
2022-07-04 16:29:38.185  INFO 16972 --- [      Thread-21] o.s.b.a.mongo.embedded.EmbeddedMongo     : 2022-07-04T16:29:38.185+0200 I STORAGE  [initandlisten] wiredtiger_open config: create,cache_size=3474M,session_max=20000,eviction=(threads_min=4,threads_max=4),config_base=false,statistics=(fast),log=(enabled=true,archive=true,path=journal,compressor=snappy),file_manager=(close_idle_time=100000),checkpoint=(wait=0,log_size=2GB),statistics_log=(wait=0),verbose=(recovery_progress),,log=(enabled=false),
2022-07-04 16:29:38.259  INFO 16972 --- [      Thread-21] o.s.b.a.mongo.embedded.EmbeddedMongo     : 2022-07-04T16:29:38.259+0200 W STORAGE  [initandlisten] Detected configuration for non-active storage engine mmapv1 when current storage engine is wiredTiger
2022-07-04 16:29:38.259  INFO 16972 --- [      Thread-21] o.s.b.a.mongo.embedded.EmbeddedMongo     : 2022-07-04T16:29:38.259+0200 I CONTROL  [initandlisten] 
2022-07-04 16:29:38.260  INFO 16972 --- [      Thread-21] o.s.b.a.mongo.embedded.EmbeddedMongo     : 2022-07-04T16:29:38.259+0200 I CONTROL  [initandlisten] ** NOTE: This is a development version (3.5.5) of MongoDB.
2022-07-04 16:29:38.260  INFO 16972 --- [      Thread-21] o.s.b.a.mongo.embedded.EmbeddedMongo     : 2022-07-04T16:29:38.260+0200 I CONTROL  [initandlisten] **       Not recommended for production.
2022-07-04 16:29:38.260  INFO 16972 --- [      Thread-21] o.s.b.a.mongo.embedded.EmbeddedMongo     : 2022-07-04T16:29:38.260+0200 I CONTROL  [initandlisten] 
2022-07-04 16:29:38.644  INFO 16972 --- [      Thread-21] o.s.b.a.mongo.embedded.EmbeddedMongo     : 2022-07-04T16:29:38.644+0200 I FTDC     [initandlisten] Initializing full-time diagnostic data capture with directory 'C:/Users/user/AppData/Local/Temp/embedmongo-db-4ee5f919-27bd-4a77-82a9-d40b3428f1b5/diagnostic.data'
2022-07-04 16:29:38.687  INFO 16972 --- [      Thread-21] o.s.b.a.mongo.embedded.EmbeddedMongo     : 2022-07-04T16:29:38.687+0200 I INDEX    [initandlisten] build index on: admin.system.version properties: { v: 2, key: { version: 1 }, name: "incompatible_with_version_32", ns: "admin.system.version" }
2022-07-04 16:29:38.687  INFO 16972 --- [      Thread-21] o.s.b.a.mongo.embedded.EmbeddedMongo     : 2022-07-04T16:29:38.687+0200 I INDEX    [initandlisten] 	 building index using bulk method; build may temporarily use up to 500 megabytes of RAM
2022-07-04 16:29:38.694  INFO 16972 --- [      Thread-21] o.s.b.a.mongo.embedded.EmbeddedMongo     : 2022-07-04T16:29:38.693+0200 I INDEX    [initandlisten] build index done.  scanned 0 total records. 0 secs
2022-07-04 16:29:38.697  INFO 16972 --- [      Thread-21] o.s.b.a.mongo.embedded.EmbeddedMongo     : 2022-07-04T16:29:38.697+0200 I COMMAND  [initandlisten] setting featureCompatibilityVersion to 3.4
2022-07-04 16:29:38.699  INFO 16972 --- [      Thread-21] o.s.b.a.mongo.embedded.EmbeddedMongo     : 2022-07-04T16:29:38.699+0200 I NETWORK  [thread1] waiting for connections on port 27017
2022-07-04 16:29:38.699  INFO 16972 --- [    Test worker] d.f.embed.mongo.MongodExecutable         : start de.flapdoodle.embed.mongo.config.MongodConfigBuilder$ImmutableMongodConfig@1bee1aa6
2022-07-04 16:29:38.726  INFO 16972 --- [    Test worker] org.mongodb.driver.cluster               : Cluster created with settings {hosts=[localhost:27017], mode=SINGLE, requiredClusterType=UNKNOWN, serverSelectionTimeout='30000 ms'}
2022-07-04 16:29:38.730  INFO 16972 --- [      Thread-21] o.s.b.a.mongo.embedded.EmbeddedMongo     : 2022-07-04T16:29:38.730+0200 I NETWORK  [thread1] connection accepted from 127.0.0.1:53362 #1 (1 connection now open)
2022-07-04 16:29:38.733  INFO 16972 --- [      Thread-21] o.s.b.a.mongo.embedded.EmbeddedMongo     : 2022-07-04T16:29:38.734+0200 I NETWORK  [conn1] received client metadata from 127.0.0.1:53362 conn1: { driver: { name: "mongo-java-driver|reactive-streams|spring-boot", version: "4.0.5" }, os: { type: "Windows", name: "Windows 10", architecture: "amd64", version: "10.0" }, platform: "Java/Oracle Corporation/1.8.0_271-b09" }
2022-07-04 16:29:38.738  INFO 16972 --- [localhost:27017] org.mongodb.driver.connection            : Opened connection [connectionId{localValue:3, serverValue:1}] to localhost:27017
2022-07-04 16:29:38.741  INFO 16972 --- [localhost:27017] org.mongodb.driver.cluster               : Monitor thread successfully connected to server with description ServerDescription{address=localhost:27017, type=STANDALONE, state=CONNECTED, ok=true, minWireVersion=0, maxWireVersion=5, maxDocumentSize=16777216, logicalSessionTimeoutMinutes=null, roundTripTimeNanos=2724900}
2022-07-04 16:29:38.750  WARN 16972 --- [    Test worker] o.s.data.convert.CustomConversions       : Registering converter from class java.time.LocalDateTime to class org.joda.time.LocalDateTime as reading converter although it doesn't convert from a store-supported type! You might want to check your annotation setup at the converter implementation.
2022-07-04 16:29:38.779  WARN 16972 --- [    Test worker] o.s.data.convert.CustomConversions       : Registering converter from class java.time.LocalDateTime to class org.joda.time.LocalDateTime as reading converter although it doesn't convert from a store-supported type! You might want to check your annotation setup at the converter implementation.
2022-07-04 16:29:39.240  INFO 16972 --- [    Test worker] o.s.s.c.ThreadPoolTaskScheduler          : Initializing ExecutorService 'taskScheduler'
2022-07-04 16:29:39.320  INFO 16972 --- [    Test worker] o.s.i.endpoint.EventDrivenConsumer       : Adding {logging-channel-adapter:_org.springframework.integration.errorLogger} as a subscriber to the 'errorChannel' channel
2022-07-04 16:29:39.321  INFO 16972 --- [    Test worker] o.s.i.channel.PublishSubscribeChannel    : Channel 'application-1.errorChannel' has 1 subscriber(s).
2022-07-04 16:29:39.321  INFO 16972 --- [    Test worker] o.s.i.endpoint.EventDrivenConsumer       : started bean '_org.springframework.integration.errorLogger'
2022-07-04 16:29:39.325  INFO 16972 --- [    Test worker] s.m.m.c.i.PersistenceTests               : Started PersistenceTests in 3.441 seconds (JVM running for 23.536)
2022-07-04 16:29:39.362  INFO 16972 --- [      Thread-21] o.s.b.a.mongo.embedded.EmbeddedMongo     : 2022-07-04T16:29:39.363+0200 I NETWORK  [thread1] connection accepted from 127.0.0.1:53363 #2 (2 connections now open)
2022-07-04 16:29:39.364  INFO 16972 --- [      Thread-21] o.s.b.a.mongo.embedded.EmbeddedMongo     : 2022-07-04T16:29:39.364+0200 I NETWORK  [conn2] received client metadata from 127.0.0.1:53363 conn2: { driver: { name: "mongo-java-driver|reactive-streams|spring-boot", version: "4.0.5" }, os: { type: "Windows", name: "Windows 10", architecture: "amd64", version: "10.0" }, platform: "Java/Oracle Corporation/1.8.0_271-b09" }
2022-07-04 16:29:39.366  INFO 16972 --- [ntLoopGroup-4-2] org.mongodb.driver.connection            : Opened connection [connectionId{localValue:4, serverValue:2}] to localhost:27017
]]></system-out>
  <system-err><![CDATA[]]></system-err>
</testsuite>
