<?xml version="1.0" encoding="UTF-8"?>
<testsuite name="se.magnus.microservices.core.insurancecompany.InsuranceCompanyServiceApplicationTests" tests="6" skipped="0" failures="0" errors="0" timestamp="2022-06-17T14:13:40" hostname="DESKTOP-HJGV6OB" time="1.086">
  <properties/>
  <testcase name="postInsuranceCompany" classname="se.magnus.microservices.core.insurancecompany.InsuranceCompanyServiceApplicationTests" time="0.894"/>
  <testcase name="getInsuranceCompanyNotFound" classname="se.magnus.microservices.core.insurancecompany.InsuranceCompanyServiceApplicationTests" time="0.081"/>
  <testcase name="getInsuranceCompanyInvalidParameter" classname="se.magnus.microservices.core.insurancecompany.InsuranceCompanyServiceApplicationTests" time="0.037"/>
  <testcase name="getInsuranceCompanyById" classname="se.magnus.microservices.core.insurancecompany.InsuranceCompanyServiceApplicationTests" time="0.019"/>
  <testcase name="deleteInsuranceCompany" classname="se.magnus.microservices.core.insurancecompany.InsuranceCompanyServiceApplicationTests" time="0.042"/>
  <testcase name="getInsuranceCompanyInvalidParameterNegativeValue" classname="se.magnus.microservices.core.insurancecompany.InsuranceCompanyServiceApplicationTests" time="0.011"/>
  <system-out><![CDATA[16:13:34.194 [Test worker] DEBUG org.springframework.test.annotation.ProfileValueUtils - Retrieved @ProfileValueSourceConfiguration [null] for test class [se.magnus.microservices.core.insurancecompany.InsuranceCompanyServiceApplicationTests]
16:13:34.194 [Test worker] DEBUG org.springframework.test.annotation.ProfileValueUtils - Retrieved ProfileValueSource type [class org.springframework.test.annotation.SystemProfileValueSource] for class [se.magnus.microservices.core.insurancecompany.InsuranceCompanyServiceApplicationTests]
16:13:34.194 [Test worker] DEBUG org.springframework.test.annotation.ProfileValueUtils - Retrieved @ProfileValueSourceConfiguration [null] for test class [se.magnus.microservices.core.insurancecompany.InsuranceCompanyServiceApplicationTests]
16:13:34.194 [Test worker] DEBUG org.springframework.test.annotation.ProfileValueUtils - Retrieved ProfileValueSource type [class org.springframework.test.annotation.SystemProfileValueSource] for class [se.magnus.microservices.core.insurancecompany.InsuranceCompanyServiceApplicationTests]
16:13:34.194 [Test worker] DEBUG org.springframework.test.context.support.AbstractDirtiesContextTestExecutionListener - Before test class: context [DefaultTestContext@3920dc35 testClass = InsuranceCompanyServiceApplicationTests, testInstance = [null], testMethod = [null], testException = [null], mergedContextConfiguration = [ReactiveWebMergedContextConfiguration@66c76686 testClass = InsuranceCompanyServiceApplicationTests, locations = '{}', classes = '{class se.magnus.microservices.core.insurancecompany.InsuranceCompanyServiceApplication}', contextInitializerClasses = '[]', activeProfiles = '{}', propertySourceLocations = '{}', propertySourceProperties = '{spring.data.mongodb.port: 0, org.springframework.boot.test.context.SpringBootTestContextBootstrapper=true, server.port=0}', contextCustomizers = set[org.springframework.boot.test.autoconfigure.properties.PropertyMappingContextCustomizer@0, org.springframework.boot.test.autoconfigure.web.servlet.WebDriverContextCustomizerFactory$Customizer@67544107, org.springframework.boot.test.context.filter.ExcludeFilterContextCustomizer@cd28637, org.springframework.boot.test.json.DuplicateJsonObjectContextCustomizerFactory$DuplicateJsonObjectContextCustomizer@78aa6d45, org.springframework.boot.test.mock.mockito.MockitoContextCustomizer@0, org.springframework.boot.test.web.client.TestRestTemplateContextCustomizer@5adeaa38, org.springframework.boot.test.web.reactive.server.WebTestClientContextCustomizer@2fe2d283, org.springframework.boot.test.context.SpringBootTestArgs@1], contextLoader = 'org.springframework.boot.test.context.SpringBootContextLoader', parent = [null]], attributes = map['org.springframework.test.context.web.ServletTestExecutionListener.activateListener' -> false]], class annotated with @DirtiesContext [false] with mode [null].
16:13:34.210 [Test worker] DEBUG org.springframework.test.annotation.ProfileValueUtils - Retrieved @ProfileValueSourceConfiguration [null] for test class [se.magnus.microservices.core.insurancecompany.InsuranceCompanyServiceApplicationTests]
16:13:34.210 [Test worker] DEBUG org.springframework.test.annotation.ProfileValueUtils - Retrieved ProfileValueSource type [class org.springframework.test.annotation.SystemProfileValueSource] for class [se.magnus.microservices.core.insurancecompany.InsuranceCompanyServiceApplicationTests]
16:13:34.210 [Test worker] DEBUG org.springframework.test.context.support.DependencyInjectionTestExecutionListener - Performing dependency injection for test context [[DefaultTestContext@3920dc35 testClass = InsuranceCompanyServiceApplicationTests, testInstance = se.magnus.microservices.core.insurancecompany.InsuranceCompanyServiceApplicationTests@259442ad, testMethod = [null], testException = [null], mergedContextConfiguration = [ReactiveWebMergedContextConfiguration@66c76686 testClass = InsuranceCompanyServiceApplicationTests, locations = '{}', classes = '{class se.magnus.microservices.core.insurancecompany.InsuranceCompanyServiceApplication}', contextInitializerClasses = '[]', activeProfiles = '{}', propertySourceLocations = '{}', propertySourceProperties = '{spring.data.mongodb.port: 0, org.springframework.boot.test.context.SpringBootTestContextBootstrapper=true, server.port=0}', contextCustomizers = set[org.springframework.boot.test.autoconfigure.properties.PropertyMappingContextCustomizer@0, org.springframework.boot.test.autoconfigure.web.servlet.WebDriverContextCustomizerFactory$Customizer@67544107, org.springframework.boot.test.context.filter.ExcludeFilterContextCustomizer@cd28637, org.springframework.boot.test.json.DuplicateJsonObjectContextCustomizerFactory$DuplicateJsonObjectContextCustomizer@78aa6d45, org.springframework.boot.test.mock.mockito.MockitoContextCustomizer@0, org.springframework.boot.test.web.client.TestRestTemplateContextCustomizer@5adeaa38, org.springframework.boot.test.web.reactive.server.WebTestClientContextCustomizer@2fe2d283, org.springframework.boot.test.context.SpringBootTestArgs@1], contextLoader = 'org.springframework.boot.test.context.SpringBootContextLoader', parent = [null]], attributes = map['org.springframework.test.context.web.ServletTestExecutionListener.activateListener' -> false]]].
16:13:34.242 [Test worker] DEBUG org.springframework.test.context.support.TestPropertySourceUtils - Adding inlined properties to environment: {spring.jmx.enabled=false, spring.data.mongodb.port: 0, org.springframework.boot.test.context.SpringBootTestContextBootstrapper=true, server.port=0}

  .   ____          _            __ _ _
 /\\ / ___'_ __ _ _(_)_ __  __ _ \ \ \ \
( ( )\___ | '_ | '_| | '_ \/ _` | \ \ \ \
 \\/  ___)| |_)| | | | | || (_| |  ) ) ) )
  '  |____| .__|_| |_|_| |_\__, | / / / /
 =========|_|==============|___/=/_/_/_/
 :: Spring Boot ::        (v2.3.2.RELEASE)

2022-06-17 16:13:34.701  INFO 9228 --- [    Test worker] .InsuranceCompanyServiceApplicationTests : Starting InsuranceCompanyServiceApplicationTests on DESKTOP-HJGV6OB with PID 9228 (started by user in C:\Users\user\git\InsuranceCompanyMicroservices_DIS\DIS_projekat\microservices\insurance-company-service)
2022-06-17 16:13:34.701 DEBUG 9228 --- [    Test worker] .InsuranceCompanyServiceApplicationTests : Running with Spring Boot v2.3.2.RELEASE, Spring v5.2.8.RELEASE
2022-06-17 16:13:34.701  INFO 9228 --- [    Test worker] .InsuranceCompanyServiceApplicationTests : No active profile set, falling back to default profiles: default
2022-06-17 16:13:35.687  INFO 9228 --- [    Test worker] .s.d.r.c.RepositoryConfigurationDelegate : Bootstrapping Spring Data MongoDB repositories in DEFAULT mode.
2022-06-17 16:13:35.874  INFO 9228 --- [    Test worker] .s.d.r.c.RepositoryConfigurationDelegate : Finished Spring Data repository scanning in 187ms. Found 1 MongoDB repository interfaces.
2022-06-17 16:13:37.325  INFO 9228 --- [       Thread-4] o.s.b.a.mongo.embedded.EmbeddedMongo     : note: noprealloc may hurt performance in many applications
2022-06-17 16:13:37.384  INFO 9228 --- [       Thread-4] o.s.b.a.mongo.embedded.EmbeddedMongo     : 2022-06-17T16:13:37.385+0200 I CONTROL  [initandlisten] MongoDB starting : pid=15344 port=53973 dbpath=C:\Users\user\AppData\Local\Temp\embedmongo-db-7700b2b8-afcc-4cf2-94b0-b0adf63222c9 64-bit host=DESKTOP-HJGV6OB
2022-06-17 16:13:37.385  INFO 9228 --- [       Thread-4] o.s.b.a.mongo.embedded.EmbeddedMongo     : 2022-06-17T16:13:37.385+0200 I CONTROL  [initandlisten] targetMinOS: Windows Vista/Windows Server 2008
2022-06-17 16:13:37.385  INFO 9228 --- [       Thread-4] o.s.b.a.mongo.embedded.EmbeddedMongo     : 2022-06-17T16:13:37.385+0200 I CONTROL  [initandlisten] db version v3.5.5
2022-06-17 16:13:37.385  INFO 9228 --- [       Thread-4] o.s.b.a.mongo.embedded.EmbeddedMongo     : 2022-06-17T16:13:37.385+0200 I CONTROL  [initandlisten] git version: 98515c812b6fa893613f063dae568ff8319cbfbd
2022-06-17 16:13:37.385  INFO 9228 --- [       Thread-4] o.s.b.a.mongo.embedded.EmbeddedMongo     : 2022-06-17T16:13:37.385+0200 I CONTROL  [initandlisten] allocator: tcmalloc
2022-06-17 16:13:37.385  INFO 9228 --- [       Thread-4] o.s.b.a.mongo.embedded.EmbeddedMongo     : 2022-06-17T16:13:37.385+0200 I CONTROL  [initandlisten] modules: none
2022-06-17 16:13:37.385  INFO 9228 --- [       Thread-4] o.s.b.a.mongo.embedded.EmbeddedMongo     : 2022-06-17T16:13:37.385+0200 I CONTROL  [initandlisten] build environment:
2022-06-17 16:13:37.385  INFO 9228 --- [       Thread-4] o.s.b.a.mongo.embedded.EmbeddedMongo     : 2022-06-17T16:13:37.385+0200 I CONTROL  [initandlisten]     distarch: x86_64
2022-06-17 16:13:37.385  INFO 9228 --- [       Thread-4] o.s.b.a.mongo.embedded.EmbeddedMongo     : 2022-06-17T16:13:37.385+0200 I CONTROL  [initandlisten]     target_arch: x86_64
2022-06-17 16:13:37.386  INFO 9228 --- [       Thread-4] o.s.b.a.mongo.embedded.EmbeddedMongo     : 2022-06-17T16:13:37.385+0200 I CONTROL  [initandlisten] options: { net: { bindIp: "127.0.0.1", http: { enabled: false }, port: 53973 }, security: { authorization: "disabled" }, storage: { dbPath: "C:\Users\user\AppData\Local\Temp\embedmongo-db-7700b2b8-afcc-4cf2-94b0-b0adf63222c9", journal: { enabled: false }, mmapv1: { preallocDataFiles: false, smallFiles: true }, syncPeriodSecs: 0.0 } }
2022-06-17 16:13:37.387  INFO 9228 --- [       Thread-4] o.s.b.a.mongo.embedded.EmbeddedMongo     : 2022-06-17T16:13:37.386+0200 I STORAGE  [initandlisten] wiredtiger_open config: create,cache_size=3474M,session_max=20000,eviction=(threads_min=4,threads_max=4),config_base=false,statistics=(fast),log=(enabled=true,archive=true,path=journal,compressor=snappy),file_manager=(close_idle_time=100000),checkpoint=(wait=0,log_size=2GB),statistics_log=(wait=0),verbose=(recovery_progress),,log=(enabled=false),
2022-06-17 16:13:37.461  INFO 9228 --- [       Thread-4] o.s.b.a.mongo.embedded.EmbeddedMongo     : 2022-06-17T16:13:37.461+0200 W STORAGE  [initandlisten] Detected configuration for non-active storage engine mmapv1 when current storage engine is wiredTiger
2022-06-17 16:13:37.461  INFO 9228 --- [       Thread-4] o.s.b.a.mongo.embedded.EmbeddedMongo     : 2022-06-17T16:13:37.461+0200 I CONTROL  [initandlisten] 
2022-06-17 16:13:37.461  INFO 9228 --- [       Thread-4] o.s.b.a.mongo.embedded.EmbeddedMongo     : 2022-06-17T16:13:37.461+0200 I CONTROL  [initandlisten] ** NOTE: This is a development version (3.5.5) of MongoDB.
2022-06-17 16:13:37.461  INFO 9228 --- [       Thread-4] o.s.b.a.mongo.embedded.EmbeddedMongo     : 2022-06-17T16:13:37.461+0200 I CONTROL  [initandlisten] **       Not recommended for production.
2022-06-17 16:13:37.462  INFO 9228 --- [       Thread-4] o.s.b.a.mongo.embedded.EmbeddedMongo     : 2022-06-17T16:13:37.461+0200 I CONTROL  [initandlisten] 
2022-06-17 16:13:37.733  INFO 9228 --- [       Thread-4] o.s.b.a.mongo.embedded.EmbeddedMongo     : 2022-06-17T16:13:37.733+0200 I FTDC     [initandlisten] Initializing full-time diagnostic data capture with directory 'C:/Users/user/AppData/Local/Temp/embedmongo-db-7700b2b8-afcc-4cf2-94b0-b0adf63222c9/diagnostic.data'
2022-06-17 16:13:37.767  INFO 9228 --- [       Thread-4] o.s.b.a.mongo.embedded.EmbeddedMongo     : 2022-06-17T16:13:37.767+0200 I INDEX    [initandlisten] build index on: admin.system.version properties: { v: 2, key: { version: 1 }, name: "incompatible_with_version_32", ns: "admin.system.version" }
2022-06-17 16:13:37.767  INFO 9228 --- [       Thread-4] o.s.b.a.mongo.embedded.EmbeddedMongo     : 2022-06-17T16:13:37.767+0200 I INDEX    [initandlisten] 	 building index using bulk method; build may temporarily use up to 500 megabytes of RAM
2022-06-17 16:13:37.770  INFO 9228 --- [       Thread-4] o.s.b.a.mongo.embedded.EmbeddedMongo     : 2022-06-17T16:13:37.770+0200 I INDEX    [initandlisten] build index done.  scanned 0 total records. 0 secs
2022-06-17 16:13:37.772  INFO 9228 --- [       Thread-4] o.s.b.a.mongo.embedded.EmbeddedMongo     : 2022-06-17T16:13:37.772+0200 I COMMAND  [initandlisten] setting featureCompatibilityVersion to 3.4
2022-06-17 16:13:37.772  INFO 9228 --- [       Thread-4] o.s.b.a.mongo.embedded.EmbeddedMongo     : 2022-06-17T16:13:37.773+0200 I NETWORK  [thread1] waiting for connections on port 53973
2022-06-17 16:13:37.773  INFO 9228 --- [    Test worker] d.f.embed.mongo.MongodExecutable         : start de.flapdoodle.embed.mongo.config.MongodConfigBuilder$ImmutableMongodConfig@78ff3a5b
2022-06-17 16:13:37.845  INFO 9228 --- [    Test worker] org.mongodb.driver.cluster               : Cluster created with settings {hosts=[localhost:53973], mode=SINGLE, requiredClusterType=UNKNOWN, serverSelectionTimeout='30000 ms'}
2022-06-17 16:13:37.891  INFO 9228 --- [       Thread-4] o.s.b.a.mongo.embedded.EmbeddedMongo     : 2022-06-17T16:13:37.891+0200 I NETWORK  [thread1] connection accepted from 127.0.0.1:53983 #1 (1 connection now open)
2022-06-17 16:13:37.905  INFO 9228 --- [       Thread-4] o.s.b.a.mongo.embedded.EmbeddedMongo     : 2022-06-17T16:13:37.905+0200 I NETWORK  [conn1] received client metadata from 127.0.0.1:53983 conn1: { driver: { name: "mongo-java-driver|sync|spring-boot", version: "4.0.5" }, os: { type: "Windows", name: "Windows 10", architecture: "amd64", version: "10.0" }, platform: "Java/Oracle Corporation/11.0.9+7-LTS" }
2022-06-17 16:13:37.922  INFO 9228 --- [localhost:53973] org.mongodb.driver.connection            : Opened connection [connectionId{localValue:1, serverValue:1}] to localhost:53973
2022-06-17 16:13:37.926  INFO 9228 --- [localhost:53973] org.mongodb.driver.cluster               : Monitor thread successfully connected to server with description ServerDescription{address=localhost:53973, type=STANDALONE, state=CONNECTED, ok=true, minWireVersion=0, maxWireVersion=5, maxDocumentSize=16777216, logicalSessionTimeoutMinutes=null, roundTripTimeNanos=1656100}
2022-06-17 16:13:38.876  INFO 9228 --- [    Test worker] o.s.b.a.e.web.EndpointLinksResolver      : Exposing 2 endpoint(s) beneath base path '/actuator'
2022-06-17 16:13:40.046  INFO 9228 --- [    Test worker] o.s.b.web.embedded.netty.NettyWebServer  : Netty started on port(s): 54002
2022-06-17 16:13:40.089  INFO 9228 --- [       Thread-4] o.s.b.a.mongo.embedded.EmbeddedMongo     : 2022-06-17T16:13:40.089+0200 I NETWORK  [thread1] connection accepted from 127.0.0.1:54003 #2 (2 connections now open)
2022-06-17 16:13:40.089  INFO 9228 --- [       Thread-4] o.s.b.a.mongo.embedded.EmbeddedMongo     : 2022-06-17T16:13:40.089+0200 I NETWORK  [conn2] received client metadata from 127.0.0.1:54003 conn2: { driver: { name: "mongo-java-driver|sync|spring-boot", version: "4.0.5" }, os: { type: "Windows", name: "Windows 10", architecture: "amd64", version: "10.0" }, platform: "Java/Oracle Corporation/11.0.9+7-LTS" }
2022-06-17 16:13:40.091  INFO 9228 --- [    Test worker] org.mongodb.driver.connection            : Opened connection [connectionId{localValue:2, serverValue:2}] to localhost:53973
2022-06-17 16:13:40.129  INFO 9228 --- [       Thread-4] o.s.b.a.mongo.embedded.EmbeddedMongo     : 2022-06-17T16:13:40.129+0200 I INDEX    [conn2] build index on: insurance-company-db.insuranceCompanys properties: { v: 2, unique: true, key: { insuranceCompanyId: 1 }, name: "insuranceCompanyId", ns: "insurance-company-db.insuranceCompanys" }
2022-06-17 16:13:40.129  INFO 9228 --- [       Thread-4] o.s.b.a.mongo.embedded.EmbeddedMongo     : 2022-06-17T16:13:40.129+0200 I INDEX    [conn2] 	 building index using bulk method; build may temporarily use up to 500 megabytes of RAM
2022-06-17 16:13:40.132  INFO 9228 --- [       Thread-4] o.s.b.a.mongo.embedded.EmbeddedMongo     : 2022-06-17T16:13:40.132+0200 I INDEX    [conn2] build index done.  scanned 0 total records. 0 secs
2022-06-17 16:13:40.148  INFO 9228 --- [    Test worker] .InsuranceCompanyServiceApplicationTests : Started InsuranceCompanyServiceApplicationTests in 5.902 seconds (JVM running for 7.793)
2022-06-17 16:13:40.597 DEBUG 9228 --- [    Test worker] o.s.data.mongodb.core.MongoTemplate      : Remove using query: {} in collection: insuranceCompanys.
2022-06-17 16:13:40.995 DEBUG 9228 --- [ctor-http-nio-3] o.s.data.mongodb.core.MongoTemplate      : Inserting Document containing fields: [version, insuranceCompanyId, name, city, address, phoneNumber, _class] in collection: insuranceCompanys
2022-06-17 16:13:41.006 DEBUG 9228 --- [ctor-http-nio-3] s.m.m.c.i.s.InsuranceCompanyServiceImpl  : createInsuranceCompany: entity created for insuranceCompanyId: 1
2022-06-17 16:13:41.049 DEBUG 9228 --- [    Test worker] o.s.data.mongodb.core.MongoTemplate      : find using query: { "insuranceCompanyId" : 1} fields: Document{{}} for class: class se.magnus.microservices.core.insurancecompany.persistence.InsuranceCompanyEntity in collection: insuranceCompanys
2022-06-17 16:13:41.095 DEBUG 9228 --- [    Test worker] o.s.data.mongodb.core.MongoTemplate      : Remove using query: {} in collection: insuranceCompanys.
2022-06-17 16:13:41.110 DEBUG 9228 --- [ctor-http-nio-3] o.s.data.mongodb.core.MongoTemplate      : find using query: { "insuranceCompanyId" : 13} fields: Document{{}} for class: class se.magnus.microservices.core.insurancecompany.persistence.InsuranceCompanyEntity in collection: insuranceCompanys
2022-06-17 16:13:41.119 DEBUG 9228 --- [ctor-http-nio-3] s.m.u.h.GlobalControllerExceptionHandler : Returning HTTP status: 404 NOT_FOUND for path: /insuranceCompany/13, message: No insurance company found for insuranceCompanyId: 13
2022-06-17 16:13:41.176 DEBUG 9228 --- [    Test worker] o.s.data.mongodb.core.MongoTemplate      : Remove using query: {} in collection: insuranceCompanys.
2022-06-17 16:13:41.214 DEBUG 9228 --- [    Test worker] o.s.data.mongodb.core.MongoTemplate      : Remove using query: {} in collection: insuranceCompanys.
2022-06-17 16:13:41.220 DEBUG 9228 --- [ctor-http-nio-3] o.s.data.mongodb.core.MongoTemplate      : Inserting Document containing fields: [version, insuranceCompanyId, name, city, address, phoneNumber, _class] in collection: insuranceCompanys
2022-06-17 16:13:41.222 DEBUG 9228 --- [ctor-http-nio-3] s.m.m.c.i.s.InsuranceCompanyServiceImpl  : createInsuranceCompany: entity created for insuranceCompanyId: 1
2022-06-17 16:13:41.226 DEBUG 9228 --- [    Test worker] o.s.data.mongodb.core.MongoTemplate      : find using query: { "insuranceCompanyId" : 1} fields: Document{{}} for class: class se.magnus.microservices.core.insurancecompany.persistence.InsuranceCompanyEntity in collection: insuranceCompanys
2022-06-17 16:13:41.233 DEBUG 9228 --- [    Test worker] o.s.data.mongodb.core.MongoTemplate      : Remove using query: {} in collection: insuranceCompanys.
2022-06-17 16:13:41.241 DEBUG 9228 --- [ctor-http-nio-3] o.s.data.mongodb.core.MongoTemplate      : Inserting Document containing fields: [version, insuranceCompanyId, name, city, address, phoneNumber, _class] in collection: insuranceCompanys
2022-06-17 16:13:41.243 DEBUG 9228 --- [ctor-http-nio-3] s.m.m.c.i.s.InsuranceCompanyServiceImpl  : createInsuranceCompany: entity created for insuranceCompanyId: 1
2022-06-17 16:13:41.247 DEBUG 9228 --- [    Test worker] o.s.data.mongodb.core.MongoTemplate      : find using query: { "insuranceCompanyId" : 1} fields: Document{{}} for class: class se.magnus.microservices.core.insurancecompany.persistence.InsuranceCompanyEntity in collection: insuranceCompanys
2022-06-17 16:13:41.253 DEBUG 9228 --- [ctor-http-nio-3] s.m.m.c.i.s.InsuranceCompanyServiceImpl  : deleteInsuranceCompany: tries to delete an entity with insuranceCompanyId: 1
2022-06-17 16:13:41.254 DEBUG 9228 --- [ctor-http-nio-3] o.s.data.mongodb.core.MongoTemplate      : find using query: { "insuranceCompanyId" : 1} fields: Document{{}} for class: class se.magnus.microservices.core.insurancecompany.persistence.InsuranceCompanyEntity in collection: insuranceCompanys
2022-06-17 16:13:41.259 DEBUG 9228 --- [ctor-http-nio-3] o.s.data.mongodb.core.MongoTemplate      : Remove using query: { "_id" : { "$oid" : "62ac8c15f60e2e3421bfda46"}, "version" : 0} in collection: insuranceCompanys.
2022-06-17 16:13:41.263 DEBUG 9228 --- [    Test worker] o.s.data.mongodb.core.MongoTemplate      : find using query: { "insuranceCompanyId" : 1} fields: Document{{}} for class: class se.magnus.microservices.core.insurancecompany.persistence.InsuranceCompanyEntity in collection: insuranceCompanys
2022-06-17 16:13:41.266 DEBUG 9228 --- [ctor-http-nio-3] s.m.m.c.i.s.InsuranceCompanyServiceImpl  : deleteInsuranceCompany: tries to delete an entity with insuranceCompanyId: 1
2022-06-17 16:13:41.267 DEBUG 9228 --- [ctor-http-nio-3] o.s.data.mongodb.core.MongoTemplate      : find using query: { "insuranceCompanyId" : 1} fields: Document{{}} for class: class se.magnus.microservices.core.insurancecompany.persistence.InsuranceCompanyEntity in collection: insuranceCompanys
2022-06-17 16:13:41.276 DEBUG 9228 --- [    Test worker] o.s.data.mongodb.core.MongoTemplate      : Remove using query: {} in collection: insuranceCompanys.
2022-06-17 16:13:41.280 DEBUG 9228 --- [ctor-http-nio-3] s.m.u.h.GlobalControllerExceptionHandler : Returning HTTP status: 422 UNPROCESSABLE_ENTITY for path: /insuranceCompany/-1, message: Invalid insuranceCompanyId: -1
]]></system-out>
  <system-err><![CDATA[]]></system-err>
</testsuite>
