<?xml version="1.0" encoding="UTF-8"?>
<testsuite name="se.magnus.microservices.core.insurancecompany.InsuranceCompanyServiceApplicationTests" tests="4" skipped="0" failures="0" errors="0" timestamp="2022-05-19T22:10:50" hostname="DESKTOP-HJGV6OB" time="0.818">
  <properties/>
  <testcase name="getInsuranceCompanyNotFound" classname="se.magnus.microservices.core.insurancecompany.InsuranceCompanyServiceApplicationTests" time="0.76"/>
  <testcase name="getInsuranceCompanyInvalidParameter" classname="se.magnus.microservices.core.insurancecompany.InsuranceCompanyServiceApplicationTests" time="0.038"/>
  <testcase name="getInsuranceCompany" classname="se.magnus.microservices.core.insurancecompany.InsuranceCompanyServiceApplicationTests" time="0.01"/>
  <testcase name="getInsuranceCompanyInvalidParameterNegativeValue" classname="se.magnus.microservices.core.insurancecompany.InsuranceCompanyServiceApplicationTests" time="0.008"/>
  <system-out><![CDATA[00:10:47.678 [Test worker] DEBUG org.springframework.test.annotation.ProfileValueUtils - Retrieved @ProfileValueSourceConfiguration [null] for test class [se.magnus.microservices.core.insurancecompany.InsuranceCompanyServiceApplicationTests]
00:10:47.678 [Test worker] DEBUG org.springframework.test.annotation.ProfileValueUtils - Retrieved ProfileValueSource type [class org.springframework.test.annotation.SystemProfileValueSource] for class [se.magnus.microservices.core.insurancecompany.InsuranceCompanyServiceApplicationTests]
00:10:47.680 [Test worker] DEBUG org.springframework.test.annotation.ProfileValueUtils - Retrieved @ProfileValueSourceConfiguration [null] for test class [se.magnus.microservices.core.insurancecompany.InsuranceCompanyServiceApplicationTests]
00:10:47.680 [Test worker] DEBUG org.springframework.test.annotation.ProfileValueUtils - Retrieved ProfileValueSource type [class org.springframework.test.annotation.SystemProfileValueSource] for class [se.magnus.microservices.core.insurancecompany.InsuranceCompanyServiceApplicationTests]
00:10:47.687 [Test worker] DEBUG org.springframework.test.context.support.AbstractDirtiesContextTestExecutionListener - Before test class: context [DefaultTestContext@584e7018 testClass = InsuranceCompanyServiceApplicationTests, testInstance = [null], testMethod = [null], testException = [null], mergedContextConfiguration = [ReactiveWebMergedContextConfiguration@16f367a6 testClass = InsuranceCompanyServiceApplicationTests, locations = '{}', classes = '{class se.magnus.microservices.core.insurancecompany.InsuranceCompanyServiceApplication}', contextInitializerClasses = '[]', activeProfiles = '{}', propertySourceLocations = '{}', propertySourceProperties = '{org.springframework.boot.test.context.SpringBootTestContextBootstrapper=true, server.port=0}', contextCustomizers = set[org.springframework.boot.test.autoconfigure.properties.PropertyMappingContextCustomizer@0, org.springframework.boot.test.autoconfigure.web.servlet.WebDriverContextCustomizerFactory$Customizer@7c985fb2, org.springframework.boot.test.context.filter.ExcludeFilterContextCustomizer@52149323, org.springframework.boot.test.json.DuplicateJsonObjectContextCustomizerFactory$DuplicateJsonObjectContextCustomizer@7d2778dd, org.springframework.boot.test.mock.mockito.MockitoContextCustomizer@0, org.springframework.boot.test.web.client.TestRestTemplateContextCustomizer@32897358, org.springframework.boot.test.web.reactive.server.WebTestClientContextCustomizer@73d61921, org.springframework.boot.test.context.SpringBootTestArgs@1], contextLoader = 'org.springframework.boot.test.context.SpringBootContextLoader', parent = [null]], attributes = map['org.springframework.test.context.web.ServletTestExecutionListener.activateListener' -> false]], class annotated with @DirtiesContext [false] with mode [null].
00:10:47.690 [Test worker] DEBUG org.springframework.test.annotation.ProfileValueUtils - Retrieved @ProfileValueSourceConfiguration [null] for test class [se.magnus.microservices.core.insurancecompany.InsuranceCompanyServiceApplicationTests]
00:10:47.690 [Test worker] DEBUG org.springframework.test.annotation.ProfileValueUtils - Retrieved ProfileValueSource type [class org.springframework.test.annotation.SystemProfileValueSource] for class [se.magnus.microservices.core.insurancecompany.InsuranceCompanyServiceApplicationTests]
00:10:47.695 [Test worker] DEBUG org.springframework.test.context.support.DependencyInjectionTestExecutionListener - Performing dependency injection for test context [[DefaultTestContext@584e7018 testClass = InsuranceCompanyServiceApplicationTests, testInstance = se.magnus.microservices.core.insurancecompany.InsuranceCompanyServiceApplicationTests@4d4688c0, testMethod = [null], testException = [null], mergedContextConfiguration = [ReactiveWebMergedContextConfiguration@16f367a6 testClass = InsuranceCompanyServiceApplicationTests, locations = '{}', classes = '{class se.magnus.microservices.core.insurancecompany.InsuranceCompanyServiceApplication}', contextInitializerClasses = '[]', activeProfiles = '{}', propertySourceLocations = '{}', propertySourceProperties = '{org.springframework.boot.test.context.SpringBootTestContextBootstrapper=true, server.port=0}', contextCustomizers = set[org.springframework.boot.test.autoconfigure.properties.PropertyMappingContextCustomizer@0, org.springframework.boot.test.autoconfigure.web.servlet.WebDriverContextCustomizerFactory$Customizer@7c985fb2, org.springframework.boot.test.context.filter.ExcludeFilterContextCustomizer@52149323, org.springframework.boot.test.json.DuplicateJsonObjectContextCustomizerFactory$DuplicateJsonObjectContextCustomizer@7d2778dd, org.springframework.boot.test.mock.mockito.MockitoContextCustomizer@0, org.springframework.boot.test.web.client.TestRestTemplateContextCustomizer@32897358, org.springframework.boot.test.web.reactive.server.WebTestClientContextCustomizer@73d61921, org.springframework.boot.test.context.SpringBootTestArgs@1], contextLoader = 'org.springframework.boot.test.context.SpringBootContextLoader', parent = [null]], attributes = map['org.springframework.test.context.web.ServletTestExecutionListener.activateListener' -> false]]].
00:10:47.715 [Test worker] DEBUG org.springframework.test.context.support.TestPropertySourceUtils - Adding inlined properties to environment: {spring.jmx.enabled=false, org.springframework.boot.test.context.SpringBootTestContextBootstrapper=true, server.port=0}

  .   ____          _            __ _ _
 /\\ / ___'_ __ _ _(_)_ __  __ _ \ \ \ \
( ( )\___ | '_ | '_| | '_ \/ _` | \ \ \ \
 \\/  ___)| |_)| | | | | || (_| |  ) ) ) )
  '  |____| .__|_| |_|_| |_\__, | / / / /
 =========|_|==============|___/=/_/_/_/
 :: Spring Boot ::        (v2.3.0.RELEASE)

2022-05-20 00:10:48.099  INFO 10712 --- [    Test worker] .InsuranceCompanyServiceApplicationTests : Starting InsuranceCompanyServiceApplicationTests on DESKTOP-HJGV6OB with PID 10712 (started by user in C:\Users\user\git\InsuranceCompanyMicroservices_DIS\DIS_projekat\microservices\insurance-company-service)
2022-05-20 00:10:48.101 DEBUG 10712 --- [    Test worker] .InsuranceCompanyServiceApplicationTests : Running with Spring Boot v2.3.0.RELEASE, Spring v5.2.6.RELEASE
2022-05-20 00:10:48.101  INFO 10712 --- [    Test worker] .InsuranceCompanyServiceApplicationTests : No active profile set, falling back to default profiles: default
2022-05-20 00:10:49.881  INFO 10712 --- [    Test worker] o.s.b.a.e.web.EndpointLinksResolver      : Exposing 2 endpoint(s) beneath base path '/actuator'
2022-05-20 00:10:50.849  INFO 10712 --- [    Test worker] o.s.b.web.embedded.netty.NettyWebServer  : Netty started on port(s): 53644
2022-05-20 00:10:50.863  INFO 10712 --- [    Test worker] .InsuranceCompanyServiceApplicationTests : Started InsuranceCompanyServiceApplicationTests in 3.145 seconds (JVM running for 4.479)
2022-05-20 00:10:51.500 DEBUG 10712 --- [ctor-http-nio-3] s.m.m.c.i.s.InsuranceCompanyServiceImpl  : /insuranceCompany return the found insurance company for insuranceCompanyId=13
2022-05-20 00:10:51.521 DEBUG 10712 --- [ctor-http-nio-3] s.m.u.h.GlobalControllerExceptionHandler : Returning HTTP status: 404 NOT_FOUND for path: /insuranceCompany/13, message: No insurance company found for insuranceCompanyId: 13
2022-05-20 00:10:51.708 DEBUG 10712 --- [ctor-http-nio-3] s.m.m.c.i.s.InsuranceCompanyServiceImpl  : /insuranceCompany return the found insurance company for insuranceCompanyId=1
2022-05-20 00:10:51.719 DEBUG 10712 --- [ctor-http-nio-3] s.m.m.c.i.s.InsuranceCompanyServiceImpl  : /insuranceCompany return the found insurance company for insuranceCompanyId=-1
2022-05-20 00:10:51.719 DEBUG 10712 --- [ctor-http-nio-3] s.m.u.h.GlobalControllerExceptionHandler : Returning HTTP status: 422 UNPROCESSABLE_ENTITY for path: /insuranceCompany/-1, message: Invalid insuranceCompanyId: -1
]]></system-out>
  <system-err><![CDATA[]]></system-err>
</testsuite>
